Memory:
0000: 20010003 20020006 00221820 00222022 00222824 00223025 00223826 200800fc 
0020: 45000003 44200001 20080104 45000003 44400001 200800ff 45000003 44600001 
0040: 200800fc 45000003 200800fc 45000003 44200001 2008010b 45000003 44400001 
0060: 200800ff 45000003 44800001 200800fc 45000003 200800fc 45000003 44200001 
0080: 20080113 45000003 44400001 200800ff 45000003 44a00001 200800fc 45000003 
00a0: 200800fc 45000003 44200001 20080119 45000003 44400001 200800ff 45000003 
00c0: 44c00001 200800fc 45000003 200800fc 45000003 44200001 2008011e 45000003 
00e0: 44400001 200800ff 45000003 44e00001 200800fc 45000003 44000000 0a000020 
0100: 69732000 20706c75 73200020 6d696e75 73200020 616e6420 00206f72 20002078 
0120: 6f722000 00000000 00000000 00000000 00000000 00000000 00000000 00000000 
0140: 00000000 00000000 00000000 00000000 00000000 00000000 00000000 00000000 *

General Purpose Registers:
R0-R7:   00000000 00000000 00000000 00000000 00000000 00000000 00000000 00000000 
R8-R15:  11112222 00000000 00000000 00000000 00000000 00000000 00000000 00000000 
R16-R23: 00000000 00000000 00000000 00000000 00000000 00000000 00000000 00000000 
R24-R31: 00000000 00000000 00000000 23232323 00000000 00000000 00000000 00000000 

Floating Point Registers:
F0-F7:   00000000 00000000 00000000 00000000 00000000 00000000 00000000 00000000 
F8-F15:  00000000 00000000 11112222 00000000 00000000 00000000 00000000 00000000 
F16-R23: 00000000 00000000 00000000 23232323 00000000 00000000 00000000 00000000 
F24-F31: 00000000 00000000 00000000 00000000 00000000 00000000 00000000 00000000 

