Memory:
0000: 2001007c 8c210000 20020080 8c420000 20030084 8c630000 20040088 8c840000 
0020: 2003007c 8c630000 200600e4 2005008c 44a00003 44200001 44c00003 200600e4 
0040: 200500a2 44a00003 44400001 44c00003 200600e4 200500b8 44a00003 44600001 
0060: 44c00003 200600e4 200500ce 44a00003 44800001 44c00003 44000000 00000003 
0080: 00000004 00000005 ffffffff 0a546865 2076616c 7565206f 66207231 20697320 
00a0: 00000a54 68652076 616c7565 206f6620 72322069 73200000 0a546865 2076616c 
00c0: 7565206f 66207233 20697320 00000a54 68652076 616c7565 206f6620 72342069 
00e0: 73200000 0a000000 00000000 00000000 00000000 00000000 00000000 00000000 
0100: 00000000 00000000 00000000 00000000 00000000 00000000 00000000 00000000 *

General Purpose Registers:
R0-R7:   00000000 00000000 00000000 00000000 00000000 00000000 00000000 00000000 
R8-R15:  11112222 00000000 00000000 00000000 00000000 00000000 00000000 00000000 
R16-R23: 00000000 00000000 00000000 00000000 00000000 00000000 00000000 00000000 
R24-R31: 00000000 00000000 00000000 23232323 00000000 00000000 00000000 00000000 

Floating Point Registers:
F0-F7:   00000000 00000000 00000000 00000000 00000000 00000000 00000000 00000000 
F8-F15:  00000000 00000000 11112222 00000000 00000000 00000000 00000000 00000000 
F16-R23: 00000000 00000000 00000000 23232323 00000000 00000000 00000000 00000000 
F24-F31: 00000000 00000000 00000000 00000000 00000000 00000000 00000000 00000000 

