Memory:
0000: 98010084 b8010088 9802008c b8020090 200600f4 20050094 44a00003 20050084 
0020: 98a50000 44a00002 44c00003 200600f4 200500ac 44a00003 20050088 98a50000 
0040: 44a00002 44c00003 200600f4 200500c4 44a00003 2005008c 98a50000 44a00002 
0060: 44c00003 200600f4 200500dc 44a00003 20050090 98a50000 44a00002 44c00003 
0080: 44000000 c1bb3333 3fb33333 41440000 4101999a 0a546865 2076616c 75652069 
00a0: 6e206e75 6d312069 73200000 0a546865 2076616c 75652069 6e206e75 6d322069 
00c0: 73200000 0a546865 2076616c 75652069 6e206e75 6d332069 73200000 0a546865 
00e0: 2076616c 75652069 6e206e75 6d342069 73200000 0a000000 00000000 00000000 
0100: 00000000 00000000 00000000 00000000 00000000 00000000 00000000 00000000 *

General Purpose Registers:
R0-R7:   00000000 00000000 00000000 00000000 00000000 00000000 00000000 00000000 
R8-R15:  11112222 00000000 00000000 00000000 00000000 00000000 00000000 00000000 
R16-R23: 00000000 00000000 00000000 00000000 00000000 00000000 00000000 00000000 
R24-R31: 00000000 00000000 00000000 23232323 00000000 00000000 00000000 00000000 

Floating Point Registers:
F0-F7:   00000000 00000000 00000000 00000000 00000000 00000000 00000000 00000000 
F8-F15:  00000000 00000000 11112222 00000000 00000000 00000000 00000000 00000000 
F16-R23: 00000000 00000000 00000000 23232323 00000000 00000000 00000000 00000000 
F24-F31: 00000000 00000000 00000000 00000000 00000000 00000000 00000000 00000000 

