End of clock cycle   0
----------------------
Integer Unit:
     Name     Busy       Op       Vj       Vk        Qj        Qk        A   Result  X-Start    X-End
 IntUnit0        1     addi 00000000 00000000                     00000088       --       --      --

General Purpose Registers:
R0-R7:   00000000 IntUnit0 00000000 00000000 00000000 00000000 00000000 00000000 
R8-R15:  00000000 00000000 00000000 00000000 00000000 00000000 00000000 00000000 
R16-R23: 00000000 00000000 00000000 00000000 00000000 00000000 00000000 00000000 
R24-R31: 00000000 00000000 00000000 00000000 00000000 00000000 00000000 00000000 

Floating Point Registers:
F0-F7:   00000000 00000000 00000000 00000000 00000000 00000000 00000000 00000000 
F8-F15:  00000000 00000000 00000000 00000000 00000000 00000000 00000000 00000000 
F16-F23: 00000000 00000000 00000000 00000000 00000000 00000000 00000000 00000000 
F24-F31: 00000000 00000000 00000000 00000000 00000000 00000000 00000000 00000000 

Memory:
0000: 20010088 8c210000 2002008c 8c420000 00221822 20040084 8c840000 00832024 
0020: 10800008 00022820 08000008 00000000 00012820 20060090 acc50000 20040094 
0040: 44800003 20010088 8c210000 44200001 200400a2 44800003 2001008c 8c210000 
0060: 44200001 200400a8 44800003 20040090 8c840000 44800001 200400ad 44800003 
0080: 44000000 80000000 00000003 00000006 00000000 0a546865 206d6178 206f6620 
00a0: 00002061 6e642000 20697320 002e0a00 00000000 00000000 00000000 00000000 
00c0: 00000000 00000000 00000000 00000000 00000000 00000000 00000000 00000000 *

End of clock cycle   1
----------------------
Integer Unit:
     Name     Busy       Op       Vj       Vk        Qj        Qk        A   Result  X-Start    X-End
 IntUnit0        1     addi 00000000 00000000                     00000088 00000088        1        1 

Memory Unit:
     Name     Busy       Op       Vj       Vk        Qj        Qk        A   Result  X-Start    X-End
 MemUnit0        1       lw 00000000 00000000  IntUnit0           00000000       --       --      --

General Purpose Registers:
R0-R7:   00000000 MemUnit0 00000000 00000000 00000000 00000000 00000000 00000000 
R8-R15:  00000000 00000000 00000000 00000000 00000000 00000000 00000000 00000000 
R16-R23: 00000000 00000000 00000000 00000000 00000000 00000000 00000000 00000000 
R24-R31: 00000000 00000000 00000000 00000000 00000000 00000000 00000000 00000000 

Floating Point Registers:
F0-F7:   00000000 00000000 00000000 00000000 00000000 00000000 00000000 00000000 
F8-F15:  00000000 00000000 00000000 00000000 00000000 00000000 00000000 00000000 
F16-F23: 00000000 00000000 00000000 00000000 00000000 00000000 00000000 00000000 
F24-F31: 00000000 00000000 00000000 00000000 00000000 00000000 00000000 00000000 

Memory:
0000: 20010088 8c210000 2002008c 8c420000 00221822 20040084 8c840000 00832024 
0020: 10800008 00022820 08000008 00000000 00012820 20060090 acc50000 20040094 
0040: 44800003 20010088 8c210000 44200001 200400a2 44800003 2001008c 8c210000 
0060: 44200001 200400a8 44800003 20040090 8c840000 44800001 200400ad 44800003 
0080: 44000000 80000000 00000003 00000006 00000000 0a546865 206d6178 206f6620 
00a0: 00002061 6e642000 20697320 002e0a00 00000000 00000000 00000000 00000000 
00c0: 00000000 00000000 00000000 00000000 00000000 00000000 00000000 00000000 *

End of clock cycle   2
----------------------
Integer Unit:
     Name     Busy       Op       Vj       Vk        Qj        Qk        A   Result  X-Start    X-End
 IntUnit1        1     addi 00000000 00000000                     0000008c       --       --      --

Memory Unit:
     Name     Busy       Op       Vj       Vk        Qj        Qk        A   Result  X-Start    X-End
 MemUnit0        1       lw 00000088 00000000                     00000000       --       --      --

General Purpose Registers:
R0-R7:   00000000 MemUnit0 IntUnit1 00000000 00000000 00000000 00000000 00000000 
R8-R15:  00000000 00000000 00000000 00000000 00000000 00000000 00000000 00000000 
R16-R23: 00000000 00000000 00000000 00000000 00000000 00000000 00000000 00000000 
R24-R31: 00000000 00000000 00000000 00000000 00000000 00000000 00000000 00000000 

Floating Point Registers:
F0-F7:   00000000 00000000 00000000 00000000 00000000 00000000 00000000 00000000 
F8-F15:  00000000 00000000 00000000 00000000 00000000 00000000 00000000 00000000 
F16-F23: 00000000 00000000 00000000 00000000 00000000 00000000 00000000 00000000 
F24-F31: 00000000 00000000 00000000 00000000 00000000 00000000 00000000 00000000 

Memory:
0000: 20010088 8c210000 2002008c 8c420000 00221822 20040084 8c840000 00832024 
0020: 10800008 00022820 08000008 00000000 00012820 20060090 acc50000 20040094 
0040: 44800003 20010088 8c210000 44200001 200400a2 44800003 2001008c 8c210000 
0060: 44200001 200400a8 44800003 20040090 8c840000 44800001 200400ad 44800003 
0080: 44000000 80000000 00000003 00000006 00000000 0a546865 206d6178 206f6620 
00a0: 00002061 6e642000 20697320 002e0a00 00000000 00000000 00000000 00000000 
00c0: 00000000 00000000 00000000 00000000 00000000 00000000 00000000 00000000 *

End of clock cycle   3
----------------------
Integer Unit:
     Name     Busy       Op       Vj       Vk        Qj        Qk        A   Result  X-Start    X-End
 IntUnit1        1     addi 00000000 00000000                     0000008c 0000008c        3        3 

Memory Unit:
     Name     Busy       Op       Vj       Vk        Qj        Qk        A   Result  X-Start    X-End
 MemUnit0        1       lw 00000088 00000000                     00000000       --        3       --
 MemUnit1        1       lw 00000000 00000000  IntUnit1           00000000       --       --      --

General Purpose Registers:
R0-R7:   00000000 MemUnit0 MemUnit1 00000000 00000000 00000000 00000000 00000000 
R8-R15:  00000000 00000000 00000000 00000000 00000000 00000000 00000000 00000000 
R16-R23: 00000000 00000000 00000000 00000000 00000000 00000000 00000000 00000000 
R24-R31: 00000000 00000000 00000000 00000000 00000000 00000000 00000000 00000000 

Floating Point Registers:
F0-F7:   00000000 00000000 00000000 00000000 00000000 00000000 00000000 00000000 
F8-F15:  00000000 00000000 00000000 00000000 00000000 00000000 00000000 00000000 
F16-F23: 00000000 00000000 00000000 00000000 00000000 00000000 00000000 00000000 
F24-F31: 00000000 00000000 00000000 00000000 00000000 00000000 00000000 00000000 

Memory:
0000: 20010088 8c210000 2002008c 8c420000 00221822 20040084 8c840000 00832024 
0020: 10800008 00022820 08000008 00000000 00012820 20060090 acc50000 20040094 
0040: 44800003 20010088 8c210000 44200001 200400a2 44800003 2001008c 8c210000 
0060: 44200001 200400a8 44800003 20040090 8c840000 44800001 200400ad 44800003 
0080: 44000000 80000000 00000003 00000006 00000000 0a546865 206d6178 206f6620 
00a0: 00002061 6e642000 20697320 002e0a00 00000000 00000000 00000000 00000000 
00c0: 00000000 00000000 00000000 00000000 00000000 00000000 00000000 00000000 *

End of clock cycle   4
----------------------
Integer Unit:
     Name     Busy       Op       Vj       Vk        Qj        Qk        A   Result  X-Start    X-End
 IntUnit0        1      sub 00000000 00000000  MemUnit0  MemUnit1 00000000       --       --      --

Memory Unit:
     Name     Busy       Op       Vj       Vk        Qj        Qk        A   Result  X-Start    X-End
 MemUnit0        1       lw 00000088 00000000                     00000088 00000003        3        4 
 MemUnit1        1       lw 0000008c 00000000                     00000000       --       --      --

General Purpose Registers:
R0-R7:   00000000 MemUnit0 MemUnit1 IntUnit0 00000000 00000000 00000000 00000000 
R8-R15:  00000000 00000000 00000000 00000000 00000000 00000000 00000000 00000000 
R16-R23: 00000000 00000000 00000000 00000000 00000000 00000000 00000000 00000000 
R24-R31: 00000000 00000000 00000000 00000000 00000000 00000000 00000000 00000000 

Floating Point Registers:
F0-F7:   00000000 00000000 00000000 00000000 00000000 00000000 00000000 00000000 
F8-F15:  00000000 00000000 00000000 00000000 00000000 00000000 00000000 00000000 
F16-F23: 00000000 00000000 00000000 00000000 00000000 00000000 00000000 00000000 
F24-F31: 00000000 00000000 00000000 00000000 00000000 00000000 00000000 00000000 

Memory:
0000: 20010088 8c210000 2002008c 8c420000 00221822 20040084 8c840000 00832024 
0020: 10800008 00022820 08000008 00000000 00012820 20060090 acc50000 20040094 
0040: 44800003 20010088 8c210000 44200001 200400a2 44800003 2001008c 8c210000 
0060: 44200001 200400a8 44800003 20040090 8c840000 44800001 200400ad 44800003 
0080: 44000000 80000000 00000003 00000006 00000000 0a546865 206d6178 206f6620 
00a0: 00002061 6e642000 20697320 002e0a00 00000000 00000000 00000000 00000000 
00c0: 00000000 00000000 00000000 00000000 00000000 00000000 00000000 00000000 *

End of clock cycle   5
----------------------
Integer Unit:
     Name     Busy       Op       Vj       Vk        Qj        Qk        A   Result  X-Start    X-End
 IntUnit0        1      sub 00000003 00000000            MemUnit1 00000000       --       --      --
 IntUnit1        1     addi 00000000 00000000                     00000084       --       --      --

Memory Unit:
     Name     Busy       Op       Vj       Vk        Qj        Qk        A   Result  X-Start    X-End
 MemUnit1        1       lw 0000008c 00000000                     00000000       --        5       --

General Purpose Registers:
R0-R7:   00000000 00000003 MemUnit1 IntUnit0 IntUnit1 00000000 00000000 00000000 
R8-R15:  00000000 00000000 00000000 00000000 00000000 00000000 00000000 00000000 
R16-R23: 00000000 00000000 00000000 00000000 00000000 00000000 00000000 00000000 
R24-R31: 00000000 00000000 00000000 00000000 00000000 00000000 00000000 00000000 

Floating Point Registers:
F0-F7:   00000000 00000000 00000000 00000000 00000000 00000000 00000000 00000000 
F8-F15:  00000000 00000000 00000000 00000000 00000000 00000000 00000000 00000000 
F16-F23: 00000000 00000000 00000000 00000000 00000000 00000000 00000000 00000000 
F24-F31: 00000000 00000000 00000000 00000000 00000000 00000000 00000000 00000000 

Memory:
0000: 20010088 8c210000 2002008c 8c420000 00221822 20040084 8c840000 00832024 
0020: 10800008 00022820 08000008 00000000 00012820 20060090 acc50000 20040094 
0040: 44800003 20010088 8c210000 44200001 200400a2 44800003 2001008c 8c210000 
0060: 44200001 200400a8 44800003 20040090 8c840000 44800001 200400ad 44800003 
0080: 44000000 80000000 00000003 00000006 00000000 0a546865 206d6178 206f6620 
00a0: 00002061 6e642000 20697320 002e0a00 00000000 00000000 00000000 00000000 
00c0: 00000000 00000000 00000000 00000000 00000000 00000000 00000000 00000000 *

End of clock cycle   6
----------------------
Integer Unit:
     Name     Busy       Op       Vj       Vk        Qj        Qk        A   Result  X-Start    X-End
 IntUnit0        1      sub 00000003 00000000            MemUnit1 00000000       --       --      --
 IntUnit1        1     addi 00000000 00000000                     00000084 00000084        6        6 

Memory Unit:
     Name     Busy       Op       Vj       Vk        Qj        Qk        A   Result  X-Start    X-End
 MemUnit1        1       lw 0000008c 00000000                     0000008c 00000006        5        6 
 MemUnit2        1       lw 00000000 00000000  IntUnit1           00000000       --       --      --

General Purpose Registers:
R0-R7:   00000000 00000003 MemUnit1 IntUnit0 MemUnit2 00000000 00000000 00000000 
R8-R15:  00000000 00000000 00000000 00000000 00000000 00000000 00000000 00000000 
R16-R23: 00000000 00000000 00000000 00000000 00000000 00000000 00000000 00000000 
R24-R31: 00000000 00000000 00000000 00000000 00000000 00000000 00000000 00000000 

Floating Point Registers:
F0-F7:   00000000 00000000 00000000 00000000 00000000 00000000 00000000 00000000 
F8-F15:  00000000 00000000 00000000 00000000 00000000 00000000 00000000 00000000 
F16-F23: 00000000 00000000 00000000 00000000 00000000 00000000 00000000 00000000 
F24-F31: 00000000 00000000 00000000 00000000 00000000 00000000 00000000 00000000 

Memory:
0000: 20010088 8c210000 2002008c 8c420000 00221822 20040084 8c840000 00832024 
0020: 10800008 00022820 08000008 00000000 00012820 20060090 acc50000 20040094 
0040: 44800003 20010088 8c210000 44200001 200400a2 44800003 2001008c 8c210000 
0060: 44200001 200400a8 44800003 20040090 8c840000 44800001 200400ad 44800003 
0080: 44000000 80000000 00000003 00000006 00000000 0a546865 206d6178 206f6620 
00a0: 00002061 6e642000 20697320 002e0a00 00000000 00000000 00000000 00000000 
00c0: 00000000 00000000 00000000 00000000 00000000 00000000 00000000 00000000 *

End of clock cycle   7
----------------------
Integer Unit:
     Name     Busy       Op       Vj       Vk        Qj        Qk        A   Result  X-Start    X-End
 IntUnit0        1      sub 00000003 00000006                     00000000       --       --      --
 IntUnit1        1     addi 00000000 00000000                     00000084 00000084        6        6 
 IntUnit2        1      and 00000000 00000000  MemUnit2  IntUnit0 00000000       --       --      --

Memory Unit:
     Name     Busy       Op       Vj       Vk        Qj        Qk        A   Result  X-Start    X-End
 MemUnit2        1       lw 00000000 00000000  IntUnit1           00000000       --       --      --

General Purpose Registers:
R0-R7:   00000000 00000003 00000006 IntUnit0 IntUnit2 00000000 00000000 00000000 
R8-R15:  00000000 00000000 00000000 00000000 00000000 00000000 00000000 00000000 
R16-R23: 00000000 00000000 00000000 00000000 00000000 00000000 00000000 00000000 
R24-R31: 00000000 00000000 00000000 00000000 00000000 00000000 00000000 00000000 

Floating Point Registers:
F0-F7:   00000000 00000000 00000000 00000000 00000000 00000000 00000000 00000000 
F8-F15:  00000000 00000000 00000000 00000000 00000000 00000000 00000000 00000000 
F16-F23: 00000000 00000000 00000000 00000000 00000000 00000000 00000000 00000000 
F24-F31: 00000000 00000000 00000000 00000000 00000000 00000000 00000000 00000000 

Memory:
0000: 20010088 8c210000 2002008c 8c420000 00221822 20040084 8c840000 00832024 
0020: 10800008 00022820 08000008 00000000 00012820 20060090 acc50000 20040094 
0040: 44800003 20010088 8c210000 44200001 200400a2 44800003 2001008c 8c210000 
0060: 44200001 200400a8 44800003 20040090 8c840000 44800001 200400ad 44800003 
0080: 44000000 80000000 00000003 00000006 00000000 0a546865 206d6178 206f6620 
00a0: 00002061 6e642000 20697320 002e0a00 00000000 00000000 00000000 00000000 
00c0: 00000000 00000000 00000000 00000000 00000000 00000000 00000000 00000000 *

End of clock cycle   8
----------------------
Integer Unit:
     Name     Busy       Op       Vj       Vk        Qj        Qk        A   Result  X-Start    X-End
 IntUnit0        1      sub 00000003 00000006                     00000000 fffffffd        8        8 
 IntUnit2        1      and 00000000 00000000  MemUnit2  IntUnit0 00000000       --       --      --

Memory Unit:
     Name     Busy       Op       Vj       Vk        Qj        Qk        A   Result  X-Start    X-End
 MemUnit2        1       lw 00000084 00000000                     00000000       --       --      --

Branch Unit:
     Name     Busy       Op       Vj       Vk        Qj        Qk        A   Result  X-Start    X-End
  BrUnit0        1     beqz 00000000 00000000  IntUnit2           00000008       --       --      --

General Purpose Registers:
R0-R7:   00000000 00000003 00000006 IntUnit0 IntUnit2 00000000 00000000 00000000 
R8-R15:  00000000 00000000 00000000 00000000 00000000 00000000 00000000 00000000 
R16-R23: 00000000 00000000 00000000 00000000 00000000 00000000 00000000 00000000 
R24-R31: 00000000 00000000 00000000 00000000 00000000 00000000 00000000 00000000 

Floating Point Registers:
F0-F7:   00000000 00000000 00000000 00000000 00000000 00000000 00000000 00000000 
F8-F15:  00000000 00000000 00000000 00000000 00000000 00000000 00000000 00000000 
F16-F23: 00000000 00000000 00000000 00000000 00000000 00000000 00000000 00000000 
F24-F31: 00000000 00000000 00000000 00000000 00000000 00000000 00000000 00000000 

Memory:
0000: 20010088 8c210000 2002008c 8c420000 00221822 20040084 8c840000 00832024 
0020: 10800008 00022820 08000008 00000000 00012820 20060090 acc50000 20040094 
0040: 44800003 20010088 8c210000 44200001 200400a2 44800003 2001008c 8c210000 
0060: 44200001 200400a8 44800003 20040090 8c840000 44800001 200400ad 44800003 
0080: 44000000 80000000 00000003 00000006 00000000 0a546865 206d6178 206f6620 
00a0: 00002061 6e642000 20697320 002e0a00 00000000 00000000 00000000 00000000 
00c0: 00000000 00000000 00000000 00000000 00000000 00000000 00000000 00000000 *

End of clock cycle   9
----------------------
Integer Unit:
     Name     Busy       Op       Vj       Vk        Qj        Qk        A   Result  X-Start    X-End
 IntUnit2        1      and 00000000 fffffffd  MemUnit2           00000000       --       --      --

Memory Unit:
     Name     Busy       Op       Vj       Vk        Qj        Qk        A   Result  X-Start    X-End
 MemUnit2        1       lw 00000084 00000000                     00000000       --        9       --

Branch Unit:
     Name     Busy       Op       Vj       Vk        Qj        Qk        A   Result  X-Start    X-End
  BrUnit0        1     beqz 00000000 00000000  IntUnit2           00000008       --       --      --

General Purpose Registers:
R0-R7:   00000000 00000003 00000006 fffffffd IntUnit2 00000000 00000000 00000000 
R8-R15:  00000000 00000000 00000000 00000000 00000000 00000000 00000000 00000000 
R16-R23: 00000000 00000000 00000000 00000000 00000000 00000000 00000000 00000000 
R24-R31: 00000000 00000000 00000000 00000000 00000000 00000000 00000000 00000000 

Floating Point Registers:
F0-F7:   00000000 00000000 00000000 00000000 00000000 00000000 00000000 00000000 
F8-F15:  00000000 00000000 00000000 00000000 00000000 00000000 00000000 00000000 
F16-F23: 00000000 00000000 00000000 00000000 00000000 00000000 00000000 00000000 
F24-F31: 00000000 00000000 00000000 00000000 00000000 00000000 00000000 00000000 

Memory:
0000: 20010088 8c210000 2002008c 8c420000 00221822 20040084 8c840000 00832024 
0020: 10800008 00022820 08000008 00000000 00012820 20060090 acc50000 20040094 
0040: 44800003 20010088 8c210000 44200001 200400a2 44800003 2001008c 8c210000 
0060: 44200001 200400a8 44800003 20040090 8c840000 44800001 200400ad 44800003 
0080: 44000000 80000000 00000003 00000006 00000000 0a546865 206d6178 206f6620 
00a0: 00002061 6e642000 20697320 002e0a00 00000000 00000000 00000000 00000000 
00c0: 00000000 00000000 00000000 00000000 00000000 00000000 00000000 00000000 *

End of clock cycle  10
----------------------
Integer Unit:
     Name     Busy       Op       Vj       Vk        Qj        Qk        A   Result  X-Start    X-End
 IntUnit2        1      and 00000000 fffffffd  MemUnit2           00000000       --       --      --

Memory Unit:
     Name     Busy       Op       Vj       Vk        Qj        Qk        A   Result  X-Start    X-End
 MemUnit2        1       lw 00000084 00000000                     00000084 80000000        9       10 

Branch Unit:
     Name     Busy       Op       Vj       Vk        Qj        Qk        A   Result  X-Start    X-End
  BrUnit0        1     beqz 00000000 00000000  IntUnit2           00000008       --       --      --

General Purpose Registers:
R0-R7:   00000000 00000003 00000006 fffffffd IntUnit2 00000000 00000000 00000000 
R8-R15:  00000000 00000000 00000000 00000000 00000000 00000000 00000000 00000000 
R16-R23: 00000000 00000000 00000000 00000000 00000000 00000000 00000000 00000000 
R24-R31: 00000000 00000000 00000000 00000000 00000000 00000000 00000000 00000000 

Floating Point Registers:
F0-F7:   00000000 00000000 00000000 00000000 00000000 00000000 00000000 00000000 
F8-F15:  00000000 00000000 00000000 00000000 00000000 00000000 00000000 00000000 
F16-F23: 00000000 00000000 00000000 00000000 00000000 00000000 00000000 00000000 
F24-F31: 00000000 00000000 00000000 00000000 00000000 00000000 00000000 00000000 

Memory:
0000: 20010088 8c210000 2002008c 8c420000 00221822 20040084 8c840000 00832024 
0020: 10800008 00022820 08000008 00000000 00012820 20060090 acc50000 20040094 
0040: 44800003 20010088 8c210000 44200001 200400a2 44800003 2001008c 8c210000 
0060: 44200001 200400a8 44800003 20040090 8c840000 44800001 200400ad 44800003 
0080: 44000000 80000000 00000003 00000006 00000000 0a546865 206d6178 206f6620 
00a0: 00002061 6e642000 20697320 002e0a00 00000000 00000000 00000000 00000000 
00c0: 00000000 00000000 00000000 00000000 00000000 00000000 00000000 00000000 *

End of clock cycle  11
----------------------
Integer Unit:
     Name     Busy       Op       Vj       Vk        Qj        Qk        A   Result  X-Start    X-End
 IntUnit2        1      and 80000000 fffffffd                     00000000       --       --      --

Branch Unit:
     Name     Busy       Op       Vj       Vk        Qj        Qk        A   Result  X-Start    X-End
  BrUnit0        1     beqz 00000000 00000000  IntUnit2           00000008       --       --      --

General Purpose Registers:
R0-R7:   00000000 00000003 00000006 fffffffd IntUnit2 00000000 00000000 00000000 
R8-R15:  00000000 00000000 00000000 00000000 00000000 00000000 00000000 00000000 
R16-R23: 00000000 00000000 00000000 00000000 00000000 00000000 00000000 00000000 
R24-R31: 00000000 00000000 00000000 00000000 00000000 00000000 00000000 00000000 

Floating Point Registers:
F0-F7:   00000000 00000000 00000000 00000000 00000000 00000000 00000000 00000000 
F8-F15:  00000000 00000000 00000000 00000000 00000000 00000000 00000000 00000000 
F16-F23: 00000000 00000000 00000000 00000000 00000000 00000000 00000000 00000000 
F24-F31: 00000000 00000000 00000000 00000000 00000000 00000000 00000000 00000000 

Memory:
0000: 20010088 8c210000 2002008c 8c420000 00221822 20040084 8c840000 00832024 
0020: 10800008 00022820 08000008 00000000 00012820 20060090 acc50000 20040094 
0040: 44800003 20010088 8c210000 44200001 200400a2 44800003 2001008c 8c210000 
0060: 44200001 200400a8 44800003 20040090 8c840000 44800001 200400ad 44800003 
0080: 44000000 80000000 00000003 00000006 00000000 0a546865 206d6178 206f6620 
00a0: 00002061 6e642000 20697320 002e0a00 00000000 00000000 00000000 00000000 
00c0: 00000000 00000000 00000000 00000000 00000000 00000000 00000000 00000000 *

End of clock cycle  12
----------------------
Integer Unit:
     Name     Busy       Op       Vj       Vk        Qj        Qk        A   Result  X-Start    X-End
 IntUnit2        1      and 80000000 fffffffd                     00000000 80000000       12       12 

Branch Unit:
     Name     Busy       Op       Vj       Vk        Qj        Qk        A   Result  X-Start    X-End
  BrUnit0        1     beqz 00000000 00000000  IntUnit2           00000008       --       --      --

General Purpose Registers:
R0-R7:   00000000 00000003 00000006 fffffffd IntUnit2 00000000 00000000 00000000 
R8-R15:  00000000 00000000 00000000 00000000 00000000 00000000 00000000 00000000 
R16-R23: 00000000 00000000 00000000 00000000 00000000 00000000 00000000 00000000 
R24-R31: 00000000 00000000 00000000 00000000 00000000 00000000 00000000 00000000 

Floating Point Registers:
F0-F7:   00000000 00000000 00000000 00000000 00000000 00000000 00000000 00000000 
F8-F15:  00000000 00000000 00000000 00000000 00000000 00000000 00000000 00000000 
F16-F23: 00000000 00000000 00000000 00000000 00000000 00000000 00000000 00000000 
F24-F31: 00000000 00000000 00000000 00000000 00000000 00000000 00000000 00000000 

Memory:
0000: 20010088 8c210000 2002008c 8c420000 00221822 20040084 8c840000 00832024 
0020: 10800008 00022820 08000008 00000000 00012820 20060090 acc50000 20040094 
0040: 44800003 20010088 8c210000 44200001 200400a2 44800003 2001008c 8c210000 
0060: 44200001 200400a8 44800003 20040090 8c840000 44800001 200400ad 44800003 
0080: 44000000 80000000 00000003 00000006 00000000 0a546865 206d6178 206f6620 
00a0: 00002061 6e642000 20697320 002e0a00 00000000 00000000 00000000 00000000 
00c0: 00000000 00000000 00000000 00000000 00000000 00000000 00000000 00000000 *

End of clock cycle  13
----------------------
Branch Unit:
     Name     Busy       Op       Vj       Vk        Qj        Qk        A   Result  X-Start    X-End
  BrUnit0        1     beqz 80000000 00000000                     00000008       --       --      --

General Purpose Registers:
R0-R7:   00000000 00000003 00000006 fffffffd 80000000 00000000 00000000 00000000 
R8-R15:  00000000 00000000 00000000 00000000 00000000 00000000 00000000 00000000 
R16-R23: 00000000 00000000 00000000 00000000 00000000 00000000 00000000 00000000 
R24-R31: 00000000 00000000 00000000 00000000 00000000 00000000 00000000 00000000 

Floating Point Registers:
F0-F7:   00000000 00000000 00000000 00000000 00000000 00000000 00000000 00000000 
F8-F15:  00000000 00000000 00000000 00000000 00000000 00000000 00000000 00000000 
F16-F23: 00000000 00000000 00000000 00000000 00000000 00000000 00000000 00000000 
F24-F31: 00000000 00000000 00000000 00000000 00000000 00000000 00000000 00000000 

Memory:
0000: 20010088 8c210000 2002008c 8c420000 00221822 20040084 8c840000 00832024 
0020: 10800008 00022820 08000008 00000000 00012820 20060090 acc50000 20040094 
0040: 44800003 20010088 8c210000 44200001 200400a2 44800003 2001008c 8c210000 
0060: 44200001 200400a8 44800003 20040090 8c840000 44800001 200400ad 44800003 
0080: 44000000 80000000 00000003 00000006 00000000 0a546865 206d6178 206f6620 
00a0: 00002061 6e642000 20697320 002e0a00 00000000 00000000 00000000 00000000 
00c0: 00000000 00000000 00000000 00000000 00000000 00000000 00000000 00000000 *

End of clock cycle  14
----------------------
Branch Unit:
     Name     Busy       Op       Vj       Vk        Qj        Qk        A   Result  X-Start    X-End
  BrUnit0        1     beqz 80000000 00000000                     00000008 00000000       14       14 

General Purpose Registers:
R0-R7:   00000000 00000003 00000006 fffffffd 80000000 00000000 00000000 00000000 
R8-R15:  00000000 00000000 00000000 00000000 00000000 00000000 00000000 00000000 
R16-R23: 00000000 00000000 00000000 00000000 00000000 00000000 00000000 00000000 
R24-R31: 00000000 00000000 00000000 00000000 00000000 00000000 00000000 00000000 

Floating Point Registers:
F0-F7:   00000000 00000000 00000000 00000000 00000000 00000000 00000000 00000000 
F8-F15:  00000000 00000000 00000000 00000000 00000000 00000000 00000000 00000000 
F16-F23: 00000000 00000000 00000000 00000000 00000000 00000000 00000000 00000000 
F24-F31: 00000000 00000000 00000000 00000000 00000000 00000000 00000000 00000000 

Memory:
0000: 20010088 8c210000 2002008c 8c420000 00221822 20040084 8c840000 00832024 
0020: 10800008 00022820 08000008 00000000 00012820 20060090 acc50000 20040094 
0040: 44800003 20010088 8c210000 44200001 200400a2 44800003 2001008c 8c210000 
0060: 44200001 200400a8 44800003 20040090 8c840000 44800001 200400ad 44800003 
0080: 44000000 80000000 00000003 00000006 00000000 0a546865 206d6178 206f6620 
00a0: 00002061 6e642000 20697320 002e0a00 00000000 00000000 00000000 00000000 
00c0: 00000000 00000000 00000000 00000000 00000000 00000000 00000000 00000000 *

End of clock cycle  15
----------------------
General Purpose Registers:
R0-R7:   00000000 00000003 00000006 fffffffd 80000000 00000000 00000000 00000000 
R8-R15:  00000000 00000000 00000000 00000000 00000000 00000000 00000000 00000000 
R16-R23: 00000000 00000000 00000000 00000000 00000000 00000000 00000000 00000000 
R24-R31: 00000000 00000000 00000000 00000000 00000000 00000000 00000000 00000000 

Floating Point Registers:
F0-F7:   00000000 00000000 00000000 00000000 00000000 00000000 00000000 00000000 
F8-F15:  00000000 00000000 00000000 00000000 00000000 00000000 00000000 00000000 
F16-F23: 00000000 00000000 00000000 00000000 00000000 00000000 00000000 00000000 
F24-F31: 00000000 00000000 00000000 00000000 00000000 00000000 00000000 00000000 

Memory:
0000: 20010088 8c210000 2002008c 8c420000 00221822 20040084 8c840000 00832024 
0020: 10800008 00022820 08000008 00000000 00012820 20060090 acc50000 20040094 
0040: 44800003 20010088 8c210000 44200001 200400a2 44800003 2001008c 8c210000 
0060: 44200001 200400a8 44800003 20040090 8c840000 44800001 200400ad 44800003 
0080: 44000000 80000000 00000003 00000006 00000000 0a546865 206d6178 206f6620 
00a0: 00002061 6e642000 20697320 002e0a00 00000000 00000000 00000000 00000000 
00c0: 00000000 00000000 00000000 00000000 00000000 00000000 00000000 00000000 *

End of clock cycle  16
----------------------
Integer Unit:
     Name     Busy       Op       Vj       Vk        Qj        Qk        A   Result  X-Start    X-End
 IntUnit0        1      add 00000000 00000006                     00000000       --       --      --

General Purpose Registers:
R0-R7:   00000000 00000003 00000006 fffffffd 80000000 IntUnit0 00000000 00000000 
R8-R15:  00000000 00000000 00000000 00000000 00000000 00000000 00000000 00000000 
R16-R23: 00000000 00000000 00000000 00000000 00000000 00000000 00000000 00000000 
R24-R31: 00000000 00000000 00000000 00000000 00000000 00000000 00000000 00000000 

Floating Point Registers:
F0-F7:   00000000 00000000 00000000 00000000 00000000 00000000 00000000 00000000 
F8-F15:  00000000 00000000 00000000 00000000 00000000 00000000 00000000 00000000 
F16-F23: 00000000 00000000 00000000 00000000 00000000 00000000 00000000 00000000 
F24-F31: 00000000 00000000 00000000 00000000 00000000 00000000 00000000 00000000 

Memory:
0000: 20010088 8c210000 2002008c 8c420000 00221822 20040084 8c840000 00832024 
0020: 10800008 00022820 08000008 00000000 00012820 20060090 acc50000 20040094 
0040: 44800003 20010088 8c210000 44200001 200400a2 44800003 2001008c 8c210000 
0060: 44200001 200400a8 44800003 20040090 8c840000 44800001 200400ad 44800003 
0080: 44000000 80000000 00000003 00000006 00000000 0a546865 206d6178 206f6620 
00a0: 00002061 6e642000 20697320 002e0a00 00000000 00000000 00000000 00000000 
00c0: 00000000 00000000 00000000 00000000 00000000 00000000 00000000 00000000 *

End of clock cycle  17
----------------------
Integer Unit:
     Name     Busy       Op       Vj       Vk        Qj        Qk        A   Result  X-Start    X-End
 IntUnit0        1      add 00000000 00000006                     00000000 00000006       17       17 

Branch Unit:
     Name     Busy       Op       Vj       Vk        Qj        Qk        A   Result  X-Start    X-End
  BrUnit0        1        j 00000000 00000000                     00000008       --       --      --

General Purpose Registers:
R0-R7:   00000000 00000003 00000006 fffffffd 80000000 IntUnit0 00000000 00000000 
R8-R15:  00000000 00000000 00000000 00000000 00000000 00000000 00000000 00000000 
R16-R23: 00000000 00000000 00000000 00000000 00000000 00000000 00000000 00000000 
R24-R31: 00000000 00000000 00000000 00000000 00000000 00000000 00000000 00000000 

Floating Point Registers:
F0-F7:   00000000 00000000 00000000 00000000 00000000 00000000 00000000 00000000 
F8-F15:  00000000 00000000 00000000 00000000 00000000 00000000 00000000 00000000 
F16-F23: 00000000 00000000 00000000 00000000 00000000 00000000 00000000 00000000 
F24-F31: 00000000 00000000 00000000 00000000 00000000 00000000 00000000 00000000 

Memory:
0000: 20010088 8c210000 2002008c 8c420000 00221822 20040084 8c840000 00832024 
0020: 10800008 00022820 08000008 00000000 00012820 20060090 acc50000 20040094 
0040: 44800003 20010088 8c210000 44200001 200400a2 44800003 2001008c 8c210000 
0060: 44200001 200400a8 44800003 20040090 8c840000 44800001 200400ad 44800003 
0080: 44000000 80000000 00000003 00000006 00000000 0a546865 206d6178 206f6620 
00a0: 00002061 6e642000 20697320 002e0a00 00000000 00000000 00000000 00000000 
00c0: 00000000 00000000 00000000 00000000 00000000 00000000 00000000 00000000 *

End of clock cycle  18
----------------------
Branch Unit:
     Name     Busy       Op       Vj       Vk        Qj        Qk        A   Result  X-Start    X-End
  BrUnit0        1        j 00000000 00000000                     00000008 00000001       18       18 

General Purpose Registers:
R0-R7:   00000000 00000003 00000006 fffffffd 80000000 00000006 00000000 00000000 
R8-R15:  00000000 00000000 00000000 00000000 00000000 00000000 00000000 00000000 
R16-R23: 00000000 00000000 00000000 00000000 00000000 00000000 00000000 00000000 
R24-R31: 00000000 00000000 00000000 00000000 00000000 00000000 00000000 00000000 

Floating Point Registers:
F0-F7:   00000000 00000000 00000000 00000000 00000000 00000000 00000000 00000000 
F8-F15:  00000000 00000000 00000000 00000000 00000000 00000000 00000000 00000000 
F16-F23: 00000000 00000000 00000000 00000000 00000000 00000000 00000000 00000000 
F24-F31: 00000000 00000000 00000000 00000000 00000000 00000000 00000000 00000000 

Memory:
0000: 20010088 8c210000 2002008c 8c420000 00221822 20040084 8c840000 00832024 
0020: 10800008 00022820 08000008 00000000 00012820 20060090 acc50000 20040094 
0040: 44800003 20010088 8c210000 44200001 200400a2 44800003 2001008c 8c210000 
0060: 44200001 200400a8 44800003 20040090 8c840000 44800001 200400ad 44800003 
0080: 44000000 80000000 00000003 00000006 00000000 0a546865 206d6178 206f6620 
00a0: 00002061 6e642000 20697320 002e0a00 00000000 00000000 00000000 00000000 
00c0: 00000000 00000000 00000000 00000000 00000000 00000000 00000000 00000000 *

End of clock cycle  19
----------------------
General Purpose Registers:
R0-R7:   00000000 00000003 00000006 fffffffd 80000000 00000006 00000000 00000000 
R8-R15:  00000000 00000000 00000000 00000000 00000000 00000000 00000000 00000000 
R16-R23: 00000000 00000000 00000000 00000000 00000000 00000000 00000000 00000000 
R24-R31: 00000000 00000000 00000000 00000000 00000000 00000000 00000000 00000000 

Floating Point Registers:
F0-F7:   00000000 00000000 00000000 00000000 00000000 00000000 00000000 00000000 
F8-F15:  00000000 00000000 00000000 00000000 00000000 00000000 00000000 00000000 
F16-F23: 00000000 00000000 00000000 00000000 00000000 00000000 00000000 00000000 
F24-F31: 00000000 00000000 00000000 00000000 00000000 00000000 00000000 00000000 

Memory:
0000: 20010088 8c210000 2002008c 8c420000 00221822 20040084 8c840000 00832024 
0020: 10800008 00022820 08000008 00000000 00012820 20060090 acc50000 20040094 
0040: 44800003 20010088 8c210000 44200001 200400a2 44800003 2001008c 8c210000 
0060: 44200001 200400a8 44800003 20040090 8c840000 44800001 200400ad 44800003 
0080: 44000000 80000000 00000003 00000006 00000000 0a546865 206d6178 206f6620 
00a0: 00002061 6e642000 20697320 002e0a00 00000000 00000000 00000000 00000000 
00c0: 00000000 00000000 00000000 00000000 00000000 00000000 00000000 00000000 *

End of clock cycle  20
----------------------
Integer Unit:
     Name     Busy       Op       Vj       Vk        Qj        Qk        A   Result  X-Start    X-End
 IntUnit0        1     addi 00000000 00000000                     00000090       --       --      --

General Purpose Registers:
R0-R7:   00000000 00000003 00000006 fffffffd 80000000 00000006 IntUnit0 00000000 
R8-R15:  00000000 00000000 00000000 00000000 00000000 00000000 00000000 00000000 
R16-R23: 00000000 00000000 00000000 00000000 00000000 00000000 00000000 00000000 
R24-R31: 00000000 00000000 00000000 00000000 00000000 00000000 00000000 00000000 

Floating Point Registers:
F0-F7:   00000000 00000000 00000000 00000000 00000000 00000000 00000000 00000000 
F8-F15:  00000000 00000000 00000000 00000000 00000000 00000000 00000000 00000000 
F16-F23: 00000000 00000000 00000000 00000000 00000000 00000000 00000000 00000000 
F24-F31: 00000000 00000000 00000000 00000000 00000000 00000000 00000000 00000000 

Memory:
0000: 20010088 8c210000 2002008c 8c420000 00221822 20040084 8c840000 00832024 
0020: 10800008 00022820 08000008 00000000 00012820 20060090 acc50000 20040094 
0040: 44800003 20010088 8c210000 44200001 200400a2 44800003 2001008c 8c210000 
0060: 44200001 200400a8 44800003 20040090 8c840000 44800001 200400ad 44800003 
0080: 44000000 80000000 00000003 00000006 00000000 0a546865 206d6178 206f6620 
00a0: 00002061 6e642000 20697320 002e0a00 00000000 00000000 00000000 00000000 
00c0: 00000000 00000000 00000000 00000000 00000000 00000000 00000000 00000000 *

End of clock cycle  21
----------------------
Integer Unit:
     Name     Busy       Op       Vj       Vk        Qj        Qk        A   Result  X-Start    X-End
 IntUnit0        1     addi 00000000 00000000                     00000090 00000090       21       21 

Memory Unit:
     Name     Busy       Op       Vj       Vk        Qj        Qk        A   Result  X-Start    X-End
 MemUnit3        1       sw 00000000 00000006  IntUnit0           00000000       --       --      --

General Purpose Registers:
R0-R7:   00000000 00000003 00000006 fffffffd 80000000 00000006 IntUnit0 00000000 
R8-R15:  00000000 00000000 00000000 00000000 00000000 00000000 00000000 00000000 
R16-R23: 00000000 00000000 00000000 00000000 00000000 00000000 00000000 00000000 
R24-R31: 00000000 00000000 00000000 00000000 00000000 00000000 00000000 00000000 

Floating Point Registers:
F0-F7:   00000000 00000000 00000000 00000000 00000000 00000000 00000000 00000000 
F8-F15:  00000000 00000000 00000000 00000000 00000000 00000000 00000000 00000000 
F16-F23: 00000000 00000000 00000000 00000000 00000000 00000000 00000000 00000000 
F24-F31: 00000000 00000000 00000000 00000000 00000000 00000000 00000000 00000000 

Memory:
0000: 20010088 8c210000 2002008c 8c420000 00221822 20040084 8c840000 00832024 
0020: 10800008 00022820 08000008 00000000 00012820 20060090 acc50000 20040094 
0040: 44800003 20010088 8c210000 44200001 200400a2 44800003 2001008c 8c210000 
0060: 44200001 200400a8 44800003 20040090 8c840000 44800001 200400ad 44800003 
0080: 44000000 80000000 00000003 00000006 00000000 0a546865 206d6178 206f6620 
00a0: 00002061 6e642000 20697320 002e0a00 00000000 00000000 00000000 00000000 
00c0: 00000000 00000000 00000000 00000000 00000000 00000000 00000000 00000000 *

End of clock cycle  22
----------------------
Integer Unit:
     Name     Busy       Op       Vj       Vk        Qj        Qk        A   Result  X-Start    X-End
 IntUnit1        1     addi 00000000 00000000                     00000094       --       --      --

Memory Unit:
     Name     Busy       Op       Vj       Vk        Qj        Qk        A   Result  X-Start    X-End
 MemUnit3        1       sw 00000090 00000006                     00000000       --       --      --

General Purpose Registers:
R0-R7:   00000000 00000003 00000006 fffffffd IntUnit1 00000006 00000090 00000000 
R8-R15:  00000000 00000000 00000000 00000000 00000000 00000000 00000000 00000000 
R16-R23: 00000000 00000000 00000000 00000000 00000000 00000000 00000000 00000000 
R24-R31: 00000000 00000000 00000000 00000000 00000000 00000000 00000000 00000000 

Floating Point Registers:
F0-F7:   00000000 00000000 00000000 00000000 00000000 00000000 00000000 00000000 
F8-F15:  00000000 00000000 00000000 00000000 00000000 00000000 00000000 00000000 
F16-F23: 00000000 00000000 00000000 00000000 00000000 00000000 00000000 00000000 
F24-F31: 00000000 00000000 00000000 00000000 00000000 00000000 00000000 00000000 

Memory:
0000: 20010088 8c210000 2002008c 8c420000 00221822 20040084 8c840000 00832024 
0020: 10800008 00022820 08000008 00000000 00012820 20060090 acc50000 20040094 
0040: 44800003 20010088 8c210000 44200001 200400a2 44800003 2001008c 8c210000 
0060: 44200001 200400a8 44800003 20040090 8c840000 44800001 200400ad 44800003 
0080: 44000000 80000000 00000003 00000006 00000000 0a546865 206d6178 206f6620 
00a0: 00002061 6e642000 20697320 002e0a00 00000000 00000000 00000000 00000000 
00c0: 00000000 00000000 00000000 00000000 00000000 00000000 00000000 00000000 *

End of clock cycle  23
----------------------
Integer Unit:
     Name     Busy       Op       Vj       Vk        Qj        Qk        A   Result  X-Start    X-End
 IntUnit1        1     addi 00000000 00000000                     00000094 00000094       23       23 

Trap Unit:
     Name     Busy       Op       Vj       Vk        Qj        Qk        A   Result  X-Start    X-End
TrapUnit0        1  dumpstr 00000000 00000000  IntUnit1           00000000       --       --      --

Memory Unit:
     Name     Busy       Op       Vj       Vk        Qj        Qk        A   Result  X-Start    X-End
 MemUnit3        1       sw 00000090 00000006                     00000000       --       23       --

General Purpose Registers:
R0-R7:   00000000 00000003 00000006 fffffffd IntUnit1 00000006 00000090 00000000 
R8-R15:  00000000 00000000 00000000 00000000 00000000 00000000 00000000 00000000 
R16-R23: 00000000 00000000 00000000 00000000 00000000 00000000 00000000 00000000 
R24-R31: 00000000 00000000 00000000 00000000 00000000 00000000 00000000 00000000 

Floating Point Registers:
F0-F7:   00000000 00000000 00000000 00000000 00000000 00000000 00000000 00000000 
F8-F15:  00000000 00000000 00000000 00000000 00000000 00000000 00000000 00000000 
F16-F23: 00000000 00000000 00000000 00000000 00000000 00000000 00000000 00000000 
F24-F31: 00000000 00000000 00000000 00000000 00000000 00000000 00000000 00000000 

Memory:
0000: 20010088 8c210000 2002008c 8c420000 00221822 20040084 8c840000 00832024 
0020: 10800008 00022820 08000008 00000000 00012820 20060090 acc50000 20040094 
0040: 44800003 20010088 8c210000 44200001 200400a2 44800003 2001008c 8c210000 
0060: 44200001 200400a8 44800003 20040090 8c840000 44800001 200400ad 44800003 
0080: 44000000 80000000 00000003 00000006 00000000 0a546865 206d6178 206f6620 
00a0: 00002061 6e642000 20697320 002e0a00 00000000 00000000 00000000 00000000 
00c0: 00000000 00000000 00000000 00000000 00000000 00000000 00000000 00000000 *

End of clock cycle  24
----------------------
Integer Unit:
     Name     Busy       Op       Vj       Vk        Qj        Qk        A   Result  X-Start    X-End
 IntUnit0        1     addi 00000000 00000000                     00000088       --       --      --

Trap Unit:
     Name     Busy       Op       Vj       Vk        Qj        Qk        A   Result  X-Start    X-End
TrapUnit0        1  dumpstr 00000094 00000000                     00000000       --       --      --

Memory Unit:
     Name     Busy       Op       Vj       Vk        Qj        Qk        A   Result  X-Start    X-End
 MemUnit3        1       sw 00000090 00000006                     00000090 00000000       23       24 

General Purpose Registers:
R0-R7:   00000000 IntUnit0 00000006 fffffffd 00000094 00000006 00000090 00000000 
R8-R15:  00000000 00000000 00000000 00000000 00000000 00000000 00000000 00000000 
R16-R23: 00000000 00000000 00000000 00000000 00000000 00000000 00000000 00000000 
R24-R31: 00000000 00000000 00000000 00000000 00000000 00000000 00000000 00000000 

Floating Point Registers:
F0-F7:   00000000 00000000 00000000 00000000 00000000 00000000 00000000 00000000 
F8-F15:  00000000 00000000 00000000 00000000 00000000 00000000 00000000 00000000 
F16-F23: 00000000 00000000 00000000 00000000 00000000 00000000 00000000 00000000 
F24-F31: 00000000 00000000 00000000 00000000 00000000 00000000 00000000 00000000 

Memory:
0000: 20010088 8c210000 2002008c 8c420000 00221822 20040084 8c840000 00832024 
0020: 10800008 00022820 08000008 00000000 00012820 20060090 acc50000 20040094 
0040: 44800003 20010088 8c210000 44200001 200400a2 44800003 2001008c 8c210000 
0060: 44200001 200400a8 44800003 20040090 8c840000 44800001 200400ad 44800003 
0080: 44000000 80000000 00000003 00000006 00000000 0a546865 206d6178 206f6620 
00a0: 00002061 6e642000 20697320 002e0a00 00000000 00000000 00000000 00000000 
00c0: 00000000 00000000 00000000 00000000 00000000 00000000 00000000 00000000 *

End of clock cycle  25
----------------------
Integer Unit:
     Name     Busy       Op       Vj       Vk        Qj        Qk        A   Result  X-Start    X-End
 IntUnit0        1     addi 00000000 00000000                     00000088 00000088       25       25 

Trap Unit:
     Name     Busy       Op       Vj       Vk        Qj        Qk        A   Result  X-Start    X-End
TrapUnit0        1  dumpstr 00000094 00000000                     00000000 00000000       25       25 

Memory Unit:
     Name     Busy       Op       Vj       Vk        Qj        Qk        A   Result  X-Start    X-End
 MemUnit4        1       lw 00000000 00000000  IntUnit0           00000000       --       --      --

General Purpose Registers:
R0-R7:   00000000 MemUnit4 00000006 fffffffd 00000094 00000006 00000090 00000000 
R8-R15:  00000000 00000000 00000000 00000000 00000000 00000000 00000000 00000000 
R16-R23: 00000000 00000000 00000000 00000000 00000000 00000000 00000000 00000000 
R24-R31: 00000000 00000000 00000000 00000000 00000000 00000000 00000000 00000000 

Floating Point Registers:
F0-F7:   00000000 00000000 00000000 00000000 00000000 00000000 00000000 00000000 
F8-F15:  00000000 00000000 00000000 00000000 00000000 00000000 00000000 00000000 
F16-F23: 00000000 00000000 00000000 00000000 00000000 00000000 00000000 00000000 
F24-F31: 00000000 00000000 00000000 00000000 00000000 00000000 00000000 00000000 

Memory:
0000: 20010088 8c210000 2002008c 8c420000 00221822 20040084 8c840000 00832024 
0020: 10800008 00022820 08000008 00000000 00012820 20060090 acc50000 20040094 
0040: 44800003 20010088 8c210000 44200001 200400a2 44800003 2001008c 8c210000 
0060: 44200001 200400a8 44800003 20040090 8c840000 44800001 200400ad 44800003 
0080: 44000000 80000000 00000003 00000006 00000006 0a546865 206d6178 206f6620 
00a0: 00002061 6e642000 20697320 002e0a00 00000000 00000000 00000000 00000000 
00c0: 00000000 00000000 00000000 00000000 00000000 00000000 00000000 00000000 *


The max of End of clock cycle  26
----------------------
Trap Unit:
     Name     Busy       Op       Vj       Vk        Qj        Qk        A   Result  X-Start    X-End
TrapUnit1        1  dumpgpr 00000000 00000000  MemUnit4           00000000       --       --      --

Memory Unit:
     Name     Busy       Op       Vj       Vk        Qj        Qk        A   Result  X-Start    X-End
 MemUnit4        1       lw 00000088 00000000                     00000000       --       --      --

General Purpose Registers:
R0-R7:   00000000 MemUnit4 00000006 fffffffd 00000094 00000006 00000090 00000000 
R8-R15:  00000000 00000000 00000000 00000000 00000000 00000000 00000000 00000000 
R16-R23: 00000000 00000000 00000000 00000000 00000000 00000000 00000000 00000000 
R24-R31: 00000000 00000000 00000000 00000000 00000000 00000000 00000000 00000000 

Floating Point Registers:
F0-F7:   00000000 00000000 00000000 00000000 00000000 00000000 00000000 00000000 
F8-F15:  00000000 00000000 00000000 00000000 00000000 00000000 00000000 00000000 
F16-F23: 00000000 00000000 00000000 00000000 00000000 00000000 00000000 00000000 
F24-F31: 00000000 00000000 00000000 00000000 00000000 00000000 00000000 00000000 

Memory:
0000: 20010088 8c210000 2002008c 8c420000 00221822 20040084 8c840000 00832024 
0020: 10800008 00022820 08000008 00000000 00012820 20060090 acc50000 20040094 
0040: 44800003 20010088 8c210000 44200001 200400a2 44800003 2001008c 8c210000 
0060: 44200001 200400a8 44800003 20040090 8c840000 44800001 200400ad 44800003 
0080: 44000000 80000000 00000003 00000006 00000006 0a546865 206d6178 206f6620 
00a0: 00002061 6e642000 20697320 002e0a00 00000000 00000000 00000000 00000000 
00c0: 00000000 00000000 00000000 00000000 00000000 00000000 00000000 00000000 *

End of clock cycle  27
----------------------
Integer Unit:
     Name     Busy       Op       Vj       Vk        Qj        Qk        A   Result  X-Start    X-End
 IntUnit0        1     addi 00000000 00000000                     000000a2       --       --      --

Trap Unit:
     Name     Busy       Op       Vj       Vk        Qj        Qk        A   Result  X-Start    X-End
TrapUnit1        1  dumpgpr 00000000 00000000  MemUnit4           00000000       --       --      --

Memory Unit:
     Name     Busy       Op       Vj       Vk        Qj        Qk        A   Result  X-Start    X-End
 MemUnit4        1       lw 00000088 00000000                     00000000       --       27       --

General Purpose Registers:
R0-R7:   00000000 MemUnit4 00000006 fffffffd IntUnit0 00000006 00000090 00000000 
R8-R15:  00000000 00000000 00000000 00000000 00000000 00000000 00000000 00000000 
R16-R23: 00000000 00000000 00000000 00000000 00000000 00000000 00000000 00000000 
R24-R31: 00000000 00000000 00000000 00000000 00000000 00000000 00000000 00000000 

Floating Point Registers:
F0-F7:   00000000 00000000 00000000 00000000 00000000 00000000 00000000 00000000 
F8-F15:  00000000 00000000 00000000 00000000 00000000 00000000 00000000 00000000 
F16-F23: 00000000 00000000 00000000 00000000 00000000 00000000 00000000 00000000 
F24-F31: 00000000 00000000 00000000 00000000 00000000 00000000 00000000 00000000 

Memory:
0000: 20010088 8c210000 2002008c 8c420000 00221822 20040084 8c840000 00832024 
0020: 10800008 00022820 08000008 00000000 00012820 20060090 acc50000 20040094 
0040: 44800003 20010088 8c210000 44200001 200400a2 44800003 2001008c 8c210000 
0060: 44200001 200400a8 44800003 20040090 8c840000 44800001 200400ad 44800003 
0080: 44000000 80000000 00000003 00000006 00000006 0a546865 206d6178 206f6620 
00a0: 00002061 6e642000 20697320 002e0a00 00000000 00000000 00000000 00000000 
00c0: 00000000 00000000 00000000 00000000 00000000 00000000 00000000 00000000 *

End of clock cycle  28
----------------------
Integer Unit:
     Name     Busy       Op       Vj       Vk        Qj        Qk        A   Result  X-Start    X-End
 IntUnit0        1     addi 00000000 00000000                     000000a2 000000a2       28       28 

Trap Unit:
     Name     Busy       Op       Vj       Vk        Qj        Qk        A   Result  X-Start    X-End
TrapUnit1        1  dumpgpr 00000000 00000000  MemUnit4           00000000       --       --      --
TrapUnit2        1  dumpstr 00000000 00000000  IntUnit0           00000000       --       --      --

Memory Unit:
     Name     Busy       Op       Vj       Vk        Qj        Qk        A   Result  X-Start    X-End
 MemUnit4        1       lw 00000088 00000000                     00000088 00000003       27       28 

General Purpose Registers:
R0-R7:   00000000 MemUnit4 00000006 fffffffd IntUnit0 00000006 00000090 00000000 
R8-R15:  00000000 00000000 00000000 00000000 00000000 00000000 00000000 00000000 
R16-R23: 00000000 00000000 00000000 00000000 00000000 00000000 00000000 00000000 
R24-R31: 00000000 00000000 00000000 00000000 00000000 00000000 00000000 00000000 

Floating Point Registers:
F0-F7:   00000000 00000000 00000000 00000000 00000000 00000000 00000000 00000000 
F8-F15:  00000000 00000000 00000000 00000000 00000000 00000000 00000000 00000000 
F16-F23: 00000000 00000000 00000000 00000000 00000000 00000000 00000000 00000000 
F24-F31: 00000000 00000000 00000000 00000000 00000000 00000000 00000000 00000000 

Memory:
0000: 20010088 8c210000 2002008c 8c420000 00221822 20040084 8c840000 00832024 
0020: 10800008 00022820 08000008 00000000 00012820 20060090 acc50000 20040094 
0040: 44800003 20010088 8c210000 44200001 200400a2 44800003 2001008c 8c210000 
0060: 44200001 200400a8 44800003 20040090 8c840000 44800001 200400ad 44800003 
0080: 44000000 80000000 00000003 00000006 00000006 0a546865 206d6178 206f6620 
00a0: 00002061 6e642000 20697320 002e0a00 00000000 00000000 00000000 00000000 
00c0: 00000000 00000000 00000000 00000000 00000000 00000000 00000000 00000000 *

End of clock cycle  29
----------------------
Integer Unit:
     Name     Busy       Op       Vj       Vk        Qj        Qk        A   Result  X-Start    X-End
 IntUnit0        1     addi 00000000 00000000                     000000a2 000000a2       28       28 
 IntUnit1        1     addi 00000000 00000000                     0000008c       --       --      --

Trap Unit:
     Name     Busy       Op       Vj       Vk        Qj        Qk        A   Result  X-Start    X-End
TrapUnit1        1  dumpgpr 00000003 00000000                     00000000       --       --      --
TrapUnit2        1  dumpstr 00000000 00000000  IntUnit0           00000000       --       --      --

General Purpose Registers:
R0-R7:   00000000 IntUnit1 00000006 fffffffd IntUnit0 00000006 00000090 00000000 
R8-R15:  00000000 00000000 00000000 00000000 00000000 00000000 00000000 00000000 
R16-R23: 00000000 00000000 00000000 00000000 00000000 00000000 00000000 00000000 
R24-R31: 00000000 00000000 00000000 00000000 00000000 00000000 00000000 00000000 

Floating Point Registers:
F0-F7:   00000000 00000000 00000000 00000000 00000000 00000000 00000000 00000000 
F8-F15:  00000000 00000000 00000000 00000000 00000000 00000000 00000000 00000000 
F16-F23: 00000000 00000000 00000000 00000000 00000000 00000000 00000000 00000000 
F24-F31: 00000000 00000000 00000000 00000000 00000000 00000000 00000000 00000000 

Memory:
0000: 20010088 8c210000 2002008c 8c420000 00221822 20040084 8c840000 00832024 
0020: 10800008 00022820 08000008 00000000 00012820 20060090 acc50000 20040094 
0040: 44800003 20010088 8c210000 44200001 200400a2 44800003 2001008c 8c210000 
0060: 44200001 200400a8 44800003 20040090 8c840000 44800001 200400ad 44800003 
0080: 44000000 80000000 00000003 00000006 00000006 0a546865 206d6178 206f6620 
00a0: 00002061 6e642000 20697320 002e0a00 00000000 00000000 00000000 00000000 
00c0: 00000000 00000000 00000000 00000000 00000000 00000000 00000000 00000000 *

End of clock cycle  30
----------------------
Integer Unit:
     Name     Busy       Op       Vj       Vk        Qj        Qk        A   Result  X-Start    X-End
 IntUnit1        1     addi 00000000 00000000                     0000008c 0000008c       30       30 

Trap Unit:
     Name     Busy       Op       Vj       Vk        Qj        Qk        A   Result  X-Start    X-End
TrapUnit1        1  dumpgpr 00000003 00000000                     00000000 00000000       30       30 
TrapUnit2        1  dumpstr 000000a2 00000000                     00000000       --       --      --

Memory Unit:
     Name     Busy       Op       Vj       Vk        Qj        Qk        A   Result  X-Start    X-End
 MemUnit5        1       lw 00000000 00000000  IntUnit1           00000000       --       --      --

General Purpose Registers:
R0-R7:   00000000 MemUnit5 00000006 fffffffd 000000a2 00000006 00000090 00000000 
R8-R15:  00000000 00000000 00000000 00000000 00000000 00000000 00000000 00000000 
R16-R23: 00000000 00000000 00000000 00000000 00000000 00000000 00000000 00000000 
R24-R31: 00000000 00000000 00000000 00000000 00000000 00000000 00000000 00000000 

Floating Point Registers:
F0-F7:   00000000 00000000 00000000 00000000 00000000 00000000 00000000 00000000 
F8-F15:  00000000 00000000 00000000 00000000 00000000 00000000 00000000 00000000 
F16-F23: 00000000 00000000 00000000 00000000 00000000 00000000 00000000 00000000 
F24-F31: 00000000 00000000 00000000 00000000 00000000 00000000 00000000 00000000 

Memory:
0000: 20010088 8c210000 2002008c 8c420000 00221822 20040084 8c840000 00832024 
0020: 10800008 00022820 08000008 00000000 00012820 20060090 acc50000 20040094 
0040: 44800003 20010088 8c210000 44200001 200400a2 44800003 2001008c 8c210000 
0060: 44200001 200400a8 44800003 20040090 8c840000 44800001 200400ad 44800003 
0080: 44000000 80000000 00000003 00000006 00000006 0a546865 206d6178 206f6620 
00a0: 00002061 6e642000 20697320 002e0a00 00000000 00000000 00000000 00000000 
00c0: 00000000 00000000 00000000 00000000 00000000 00000000 00000000 00000000 *

3End of clock cycle  31
----------------------
Trap Unit:
     Name     Busy       Op       Vj       Vk        Qj        Qk        A   Result  X-Start    X-End
TrapUnit2        1  dumpstr 000000a2 00000000                     00000000 00000000       31       31 
TrapUnit3        1  dumpgpr 00000000 00000000  MemUnit5           00000000       --       --      --

Memory Unit:
     Name     Busy       Op       Vj       Vk        Qj        Qk        A   Result  X-Start    X-End
 MemUnit5        1       lw 0000008c 00000000                     00000000       --       --      --

General Purpose Registers:
R0-R7:   00000000 MemUnit5 00000006 fffffffd 000000a2 00000006 00000090 00000000 
R8-R15:  00000000 00000000 00000000 00000000 00000000 00000000 00000000 00000000 
R16-R23: 00000000 00000000 00000000 00000000 00000000 00000000 00000000 00000000 
R24-R31: 00000000 00000000 00000000 00000000 00000000 00000000 00000000 00000000 

Floating Point Registers:
F0-F7:   00000000 00000000 00000000 00000000 00000000 00000000 00000000 00000000 
F8-F15:  00000000 00000000 00000000 00000000 00000000 00000000 00000000 00000000 
F16-F23: 00000000 00000000 00000000 00000000 00000000 00000000 00000000 00000000 
F24-F31: 00000000 00000000 00000000 00000000 00000000 00000000 00000000 00000000 

Memory:
0000: 20010088 8c210000 2002008c 8c420000 00221822 20040084 8c840000 00832024 
0020: 10800008 00022820 08000008 00000000 00012820 20060090 acc50000 20040094 
0040: 44800003 20010088 8c210000 44200001 200400a2 44800003 2001008c 8c210000 
0060: 44200001 200400a8 44800003 20040090 8c840000 44800001 200400ad 44800003 
0080: 44000000 80000000 00000003 00000006 00000006 0a546865 206d6178 206f6620 
00a0: 00002061 6e642000 20697320 002e0a00 00000000 00000000 00000000 00000000 
00c0: 00000000 00000000 00000000 00000000 00000000 00000000 00000000 00000000 *

 and End of clock cycle  32
----------------------
Integer Unit:
     Name     Busy       Op       Vj       Vk        Qj        Qk        A   Result  X-Start    X-End
 IntUnit0        1     addi 00000000 00000000                     000000a8       --       --      --

Trap Unit:
     Name     Busy       Op       Vj       Vk        Qj        Qk        A   Result  X-Start    X-End
TrapUnit3        1  dumpgpr 00000000 00000000  MemUnit5           00000000       --       --      --

Memory Unit:
     Name     Busy       Op       Vj       Vk        Qj        Qk        A   Result  X-Start    X-End
 MemUnit5        1       lw 0000008c 00000000                     00000000       --       32       --

General Purpose Registers:
R0-R7:   00000000 MemUnit5 00000006 fffffffd IntUnit0 00000006 00000090 00000000 
R8-R15:  00000000 00000000 00000000 00000000 00000000 00000000 00000000 00000000 
R16-R23: 00000000 00000000 00000000 00000000 00000000 00000000 00000000 00000000 
R24-R31: 00000000 00000000 00000000 00000000 00000000 00000000 00000000 00000000 

Floating Point Registers:
F0-F7:   00000000 00000000 00000000 00000000 00000000 00000000 00000000 00000000 
F8-F15:  00000000 00000000 00000000 00000000 00000000 00000000 00000000 00000000 
F16-F23: 00000000 00000000 00000000 00000000 00000000 00000000 00000000 00000000 
F24-F31: 00000000 00000000 00000000 00000000 00000000 00000000 00000000 00000000 

Memory:
0000: 20010088 8c210000 2002008c 8c420000 00221822 20040084 8c840000 00832024 
0020: 10800008 00022820 08000008 00000000 00012820 20060090 acc50000 20040094 
0040: 44800003 20010088 8c210000 44200001 200400a2 44800003 2001008c 8c210000 
0060: 44200001 200400a8 44800003 20040090 8c840000 44800001 200400ad 44800003 
0080: 44000000 80000000 00000003 00000006 00000006 0a546865 206d6178 206f6620 
00a0: 00002061 6e642000 20697320 002e0a00 00000000 00000000 00000000 00000000 
00c0: 00000000 00000000 00000000 00000000 00000000 00000000 00000000 00000000 *

End of clock cycle  33
----------------------
Integer Unit:
     Name     Busy       Op       Vj       Vk        Qj        Qk        A   Result  X-Start    X-End
 IntUnit0        1     addi 00000000 00000000                     000000a8 000000a8       33       33 

Trap Unit:
     Name     Busy       Op       Vj       Vk        Qj        Qk        A   Result  X-Start    X-End
TrapUnit0        1  dumpstr 00000000 00000000  IntUnit0           00000000       --       --      --
TrapUnit3        1  dumpgpr 00000000 00000000  MemUnit5           00000000       --       --      --

Memory Unit:
     Name     Busy       Op       Vj       Vk        Qj        Qk        A   Result  X-Start    X-End
 MemUnit5        1       lw 0000008c 00000000                     0000008c 00000006       32       33 

General Purpose Registers:
R0-R7:   00000000 MemUnit5 00000006 fffffffd IntUnit0 00000006 00000090 00000000 
R8-R15:  00000000 00000000 00000000 00000000 00000000 00000000 00000000 00000000 
R16-R23: 00000000 00000000 00000000 00000000 00000000 00000000 00000000 00000000 
R24-R31: 00000000 00000000 00000000 00000000 00000000 00000000 00000000 00000000 

Floating Point Registers:
F0-F7:   00000000 00000000 00000000 00000000 00000000 00000000 00000000 00000000 
F8-F15:  00000000 00000000 00000000 00000000 00000000 00000000 00000000 00000000 
F16-F23: 00000000 00000000 00000000 00000000 00000000 00000000 00000000 00000000 
F24-F31: 00000000 00000000 00000000 00000000 00000000 00000000 00000000 00000000 

Memory:
0000: 20010088 8c210000 2002008c 8c420000 00221822 20040084 8c840000 00832024 
0020: 10800008 00022820 08000008 00000000 00012820 20060090 acc50000 20040094 
0040: 44800003 20010088 8c210000 44200001 200400a2 44800003 2001008c 8c210000 
0060: 44200001 200400a8 44800003 20040090 8c840000 44800001 200400ad 44800003 
0080: 44000000 80000000 00000003 00000006 00000006 0a546865 206d6178 206f6620 
00a0: 00002061 6e642000 20697320 002e0a00 00000000 00000000 00000000 00000000 
00c0: 00000000 00000000 00000000 00000000 00000000 00000000 00000000 00000000 *

End of clock cycle  34
----------------------
Integer Unit:
     Name     Busy       Op       Vj       Vk        Qj        Qk        A   Result  X-Start    X-End
 IntUnit0        1     addi 00000000 00000000                     000000a8 000000a8       33       33 
 IntUnit1        1     addi 00000000 00000000                     00000090       --       --      --

Trap Unit:
     Name     Busy       Op       Vj       Vk        Qj        Qk        A   Result  X-Start    X-End
TrapUnit0        1  dumpstr 00000000 00000000  IntUnit0           00000000       --       --      --
TrapUnit3        1  dumpgpr 00000006 00000000                     00000000       --       --      --

General Purpose Registers:
R0-R7:   00000000 00000006 00000006 fffffffd IntUnit1 00000006 00000090 00000000 
R8-R15:  00000000 00000000 00000000 00000000 00000000 00000000 00000000 00000000 
R16-R23: 00000000 00000000 00000000 00000000 00000000 00000000 00000000 00000000 
R24-R31: 00000000 00000000 00000000 00000000 00000000 00000000 00000000 00000000 

Floating Point Registers:
F0-F7:   00000000 00000000 00000000 00000000 00000000 00000000 00000000 00000000 
F8-F15:  00000000 00000000 00000000 00000000 00000000 00000000 00000000 00000000 
F16-F23: 00000000 00000000 00000000 00000000 00000000 00000000 00000000 00000000 
F24-F31: 00000000 00000000 00000000 00000000 00000000 00000000 00000000 00000000 

Memory:
0000: 20010088 8c210000 2002008c 8c420000 00221822 20040084 8c840000 00832024 
0020: 10800008 00022820 08000008 00000000 00012820 20060090 acc50000 20040094 
0040: 44800003 20010088 8c210000 44200001 200400a2 44800003 2001008c 8c210000 
0060: 44200001 200400a8 44800003 20040090 8c840000 44800001 200400ad 44800003 
0080: 44000000 80000000 00000003 00000006 00000006 0a546865 206d6178 206f6620 
00a0: 00002061 6e642000 20697320 002e0a00 00000000 00000000 00000000 00000000 
00c0: 00000000 00000000 00000000 00000000 00000000 00000000 00000000 00000000 *

End of clock cycle  35
----------------------
Integer Unit:
     Name     Busy       Op       Vj       Vk        Qj        Qk        A   Result  X-Start    X-End
 IntUnit1        1     addi 00000000 00000000                     00000090 00000090       35       35 

Trap Unit:
     Name     Busy       Op       Vj       Vk        Qj        Qk        A   Result  X-Start    X-End
TrapUnit0        1  dumpstr 000000a8 00000000                     00000000       --       --      --
TrapUnit3        1  dumpgpr 00000006 00000000                     00000000 00000000       35       35 

Memory Unit:
     Name     Busy       Op       Vj       Vk        Qj        Qk        A   Result  X-Start    X-End
 MemUnit6        1       lw 00000000 00000000  IntUnit1           00000000       --       --      --

General Purpose Registers:
R0-R7:   00000000 00000006 00000006 fffffffd MemUnit6 00000006 00000090 00000000 
R8-R15:  00000000 00000000 00000000 00000000 00000000 00000000 00000000 00000000 
R16-R23: 00000000 00000000 00000000 00000000 00000000 00000000 00000000 00000000 
R24-R31: 00000000 00000000 00000000 00000000 00000000 00000000 00000000 00000000 

Floating Point Registers:
F0-F7:   00000000 00000000 00000000 00000000 00000000 00000000 00000000 00000000 
F8-F15:  00000000 00000000 00000000 00000000 00000000 00000000 00000000 00000000 
F16-F23: 00000000 00000000 00000000 00000000 00000000 00000000 00000000 00000000 
F24-F31: 00000000 00000000 00000000 00000000 00000000 00000000 00000000 00000000 

Memory:
0000: 20010088 8c210000 2002008c 8c420000 00221822 20040084 8c840000 00832024 
0020: 10800008 00022820 08000008 00000000 00012820 20060090 acc50000 20040094 
0040: 44800003 20010088 8c210000 44200001 200400a2 44800003 2001008c 8c210000 
0060: 44200001 200400a8 44800003 20040090 8c840000 44800001 200400ad 44800003 
0080: 44000000 80000000 00000003 00000006 00000006 0a546865 206d6178 206f6620 
00a0: 00002061 6e642000 20697320 002e0a00 00000000 00000000 00000000 00000000 
00c0: 00000000 00000000 00000000 00000000 00000000 00000000 00000000 00000000 *

6End of clock cycle  36
----------------------
Trap Unit:
     Name     Busy       Op       Vj       Vk        Qj        Qk        A   Result  X-Start    X-End
TrapUnit0        1  dumpstr 000000a8 00000000                     00000000 00000000       36       36 
TrapUnit1        1  dumpgpr 00000000 00000000  MemUnit6           00000000       --       --      --

Memory Unit:
     Name     Busy       Op       Vj       Vk        Qj        Qk        A   Result  X-Start    X-End
 MemUnit6        1       lw 00000090 00000000                     00000000       --       --      --

General Purpose Registers:
R0-R7:   00000000 00000006 00000006 fffffffd MemUnit6 00000006 00000090 00000000 
R8-R15:  00000000 00000000 00000000 00000000 00000000 00000000 00000000 00000000 
R16-R23: 00000000 00000000 00000000 00000000 00000000 00000000 00000000 00000000 
R24-R31: 00000000 00000000 00000000 00000000 00000000 00000000 00000000 00000000 

Floating Point Registers:
F0-F7:   00000000 00000000 00000000 00000000 00000000 00000000 00000000 00000000 
F8-F15:  00000000 00000000 00000000 00000000 00000000 00000000 00000000 00000000 
F16-F23: 00000000 00000000 00000000 00000000 00000000 00000000 00000000 00000000 
F24-F31: 00000000 00000000 00000000 00000000 00000000 00000000 00000000 00000000 

Memory:
0000: 20010088 8c210000 2002008c 8c420000 00221822 20040084 8c840000 00832024 
0020: 10800008 00022820 08000008 00000000 00012820 20060090 acc50000 20040094 
0040: 44800003 20010088 8c210000 44200001 200400a2 44800003 2001008c 8c210000 
0060: 44200001 200400a8 44800003 20040090 8c840000 44800001 200400ad 44800003 
0080: 44000000 80000000 00000003 00000006 00000006 0a546865 206d6178 206f6620 
00a0: 00002061 6e642000 20697320 002e0a00 00000000 00000000 00000000 00000000 
00c0: 00000000 00000000 00000000 00000000 00000000 00000000 00000000 00000000 *

 is End of clock cycle  37
----------------------
Integer Unit:
     Name     Busy       Op       Vj       Vk        Qj        Qk        A   Result  X-Start    X-End
 IntUnit0        1     addi 00000000 00000000                     000000ad       --       --      --

Trap Unit:
     Name     Busy       Op       Vj       Vk        Qj        Qk        A   Result  X-Start    X-End
TrapUnit1        1  dumpgpr 00000000 00000000  MemUnit6           00000000       --       --      --

Memory Unit:
     Name     Busy       Op       Vj       Vk        Qj        Qk        A   Result  X-Start    X-End
 MemUnit6        1       lw 00000090 00000000                     00000000       --       37       --

General Purpose Registers:
R0-R7:   00000000 00000006 00000006 fffffffd IntUnit0 00000006 00000090 00000000 
R8-R15:  00000000 00000000 00000000 00000000 00000000 00000000 00000000 00000000 
R16-R23: 00000000 00000000 00000000 00000000 00000000 00000000 00000000 00000000 
R24-R31: 00000000 00000000 00000000 00000000 00000000 00000000 00000000 00000000 

Floating Point Registers:
F0-F7:   00000000 00000000 00000000 00000000 00000000 00000000 00000000 00000000 
F8-F15:  00000000 00000000 00000000 00000000 00000000 00000000 00000000 00000000 
F16-F23: 00000000 00000000 00000000 00000000 00000000 00000000 00000000 00000000 
F24-F31: 00000000 00000000 00000000 00000000 00000000 00000000 00000000 00000000 

Memory:
0000: 20010088 8c210000 2002008c 8c420000 00221822 20040084 8c840000 00832024 
0020: 10800008 00022820 08000008 00000000 00012820 20060090 acc50000 20040094 
0040: 44800003 20010088 8c210000 44200001 200400a2 44800003 2001008c 8c210000 
0060: 44200001 200400a8 44800003 20040090 8c840000 44800001 200400ad 44800003 
0080: 44000000 80000000 00000003 00000006 00000006 0a546865 206d6178 206f6620 
00a0: 00002061 6e642000 20697320 002e0a00 00000000 00000000 00000000 00000000 
00c0: 00000000 00000000 00000000 00000000 00000000 00000000 00000000 00000000 *

End of clock cycle  38
----------------------
Integer Unit:
     Name     Busy       Op       Vj       Vk        Qj        Qk        A   Result  X-Start    X-End
 IntUnit0        1     addi 00000000 00000000                     000000ad 000000ad       38       38 

Trap Unit:
     Name     Busy       Op       Vj       Vk        Qj        Qk        A   Result  X-Start    X-End
TrapUnit1        1  dumpgpr 00000000 00000000  MemUnit6           00000000       --       --      --
TrapUnit2        1  dumpstr 00000000 00000000  IntUnit0           00000000       --       --      --

Memory Unit:
     Name     Busy       Op       Vj       Vk        Qj        Qk        A   Result  X-Start    X-End
 MemUnit6        1       lw 00000090 00000000                     00000090 00000006       37       38 

General Purpose Registers:
R0-R7:   00000000 00000006 00000006 fffffffd IntUnit0 00000006 00000090 00000000 
R8-R15:  00000000 00000000 00000000 00000000 00000000 00000000 00000000 00000000 
R16-R23: 00000000 00000000 00000000 00000000 00000000 00000000 00000000 00000000 
R24-R31: 00000000 00000000 00000000 00000000 00000000 00000000 00000000 00000000 

Floating Point Registers:
F0-F7:   00000000 00000000 00000000 00000000 00000000 00000000 00000000 00000000 
F8-F15:  00000000 00000000 00000000 00000000 00000000 00000000 00000000 00000000 
F16-F23: 00000000 00000000 00000000 00000000 00000000 00000000 00000000 00000000 
F24-F31: 00000000 00000000 00000000 00000000 00000000 00000000 00000000 00000000 

Memory:
0000: 20010088 8c210000 2002008c 8c420000 00221822 20040084 8c840000 00832024 
0020: 10800008 00022820 08000008 00000000 00012820 20060090 acc50000 20040094 
0040: 44800003 20010088 8c210000 44200001 200400a2 44800003 2001008c 8c210000 
0060: 44200001 200400a8 44800003 20040090 8c840000 44800001 200400ad 44800003 
0080: 44000000 80000000 00000003 00000006 00000006 0a546865 206d6178 206f6620 
00a0: 00002061 6e642000 20697320 002e0a00 00000000 00000000 00000000 00000000 
00c0: 00000000 00000000 00000000 00000000 00000000 00000000 00000000 00000000 *

End of clock cycle  39
----------------------
Integer Unit:
     Name     Busy       Op       Vj       Vk        Qj        Qk        A   Result  X-Start    X-End
 IntUnit0        1     addi 00000000 00000000                     000000ad 000000ad       38       38 

Trap Unit:
     Name     Busy       Op       Vj       Vk        Qj        Qk        A   Result  X-Start    X-End
TrapUnit1        1  dumpgpr 00000006 00000000                     00000000       --       --      --
TrapUnit2        1  dumpstr 00000000 00000000  IntUnit0           00000000       --       --      --
TrapUnit3        1     halt 00000000 00000000                     00000000       --       --      --

General Purpose Registers:
R0-R7:   00000000 00000006 00000006 fffffffd IntUnit0 00000006 00000090 00000000 
R8-R15:  00000000 00000000 00000000 00000000 00000000 00000000 00000000 00000000 
R16-R23: 00000000 00000000 00000000 00000000 00000000 00000000 00000000 00000000 
R24-R31: 00000000 00000000 00000000 00000000 00000000 00000000 00000000 00000000 

Floating Point Registers:
F0-F7:   00000000 00000000 00000000 00000000 00000000 00000000 00000000 00000000 
F8-F15:  00000000 00000000 00000000 00000000 00000000 00000000 00000000 00000000 
F16-F23: 00000000 00000000 00000000 00000000 00000000 00000000 00000000 00000000 
F24-F31: 00000000 00000000 00000000 00000000 00000000 00000000 00000000 00000000 

Memory:
0000: 20010088 8c210000 2002008c 8c420000 00221822 20040084 8c840000 00832024 
0020: 10800008 00022820 08000008 00000000 00012820 20060090 acc50000 20040094 
0040: 44800003 20010088 8c210000 44200001 200400a2 44800003 2001008c 8c210000 
0060: 44200001 200400a8 44800003 20040090 8c840000 44800001 200400ad 44800003 
0080: 44000000 80000000 00000003 00000006 00000006 0a546865 206d6178 206f6620 
00a0: 00002061 6e642000 20697320 002e0a00 00000000 00000000 00000000 00000000 
00c0: 00000000 00000000 00000000 00000000 00000000 00000000 00000000 00000000 *

End of clock cycle  40
----------------------
Trap Unit:
     Name     Busy       Op       Vj       Vk        Qj        Qk        A   Result  X-Start    X-End
TrapUnit1        1  dumpgpr 00000006 00000000                     00000000 00000000       40       40 
TrapUnit2        1  dumpstr 000000ad 00000000                     00000000       --       --      --
TrapUnit3        1     halt 00000000 00000000                     00000000       --       --      --

General Purpose Registers:
R0-R7:   00000000 00000006 00000006 fffffffd 000000ad 00000006 00000090 00000000 
R8-R15:  00000000 00000000 00000000 00000000 00000000 00000000 00000000 00000000 
R16-R23: 00000000 00000000 00000000 00000000 00000000 00000000 00000000 00000000 
R24-R31: 00000000 00000000 00000000 00000000 00000000 00000000 00000000 00000000 

Floating Point Registers:
F0-F7:   00000000 00000000 00000000 00000000 00000000 00000000 00000000 00000000 
F8-F15:  00000000 00000000 00000000 00000000 00000000 00000000 00000000 00000000 
F16-F23: 00000000 00000000 00000000 00000000 00000000 00000000 00000000 00000000 
F24-F31: 00000000 00000000 00000000 00000000 00000000 00000000 00000000 00000000 

Memory:
0000: 20010088 8c210000 2002008c 8c420000 00221822 20040084 8c840000 00832024 
0020: 10800008 00022820 08000008 00000000 00012820 20060090 acc50000 20040094 
0040: 44800003 20010088 8c210000 44200001 200400a2 44800003 2001008c 8c210000 
0060: 44200001 200400a8 44800003 20040090 8c840000 44800001 200400ad 44800003 
0080: 44000000 80000000 00000003 00000006 00000006 0a546865 206d6178 206f6620 
00a0: 00002061 6e642000 20697320 002e0a00 00000000 00000000 00000000 00000000 
00c0: 00000000 00000000 00000000 00000000 00000000 00000000 00000000 00000000 *

6End of clock cycle  41
----------------------
Trap Unit:
     Name     Busy       Op       Vj       Vk        Qj        Qk        A   Result  X-Start    X-End
TrapUnit2        1  dumpstr 000000ad 00000000                     00000000 00000000       41       41 
TrapUnit3        1     halt 00000000 00000000                     00000000       --       --      --

General Purpose Registers:
R0-R7:   00000000 00000006 00000006 fffffffd 000000ad 00000006 00000090 00000000 
R8-R15:  00000000 00000000 00000000 00000000 00000000 00000000 00000000 00000000 
R16-R23: 00000000 00000000 00000000 00000000 00000000 00000000 00000000 00000000 
R24-R31: 00000000 00000000 00000000 00000000 00000000 00000000 00000000 00000000 

Floating Point Registers:
F0-F7:   00000000 00000000 00000000 00000000 00000000 00000000 00000000 00000000 
F8-F15:  00000000 00000000 00000000 00000000 00000000 00000000 00000000 00000000 
F16-F23: 00000000 00000000 00000000 00000000 00000000 00000000 00000000 00000000 
F24-F31: 00000000 00000000 00000000 00000000 00000000 00000000 00000000 00000000 

Memory:
0000: 20010088 8c210000 2002008c 8c420000 00221822 20040084 8c840000 00832024 
0020: 10800008 00022820 08000008 00000000 00012820 20060090 acc50000 20040094 
0040: 44800003 20010088 8c210000 44200001 200400a2 44800003 2001008c 8c210000 
0060: 44200001 200400a8 44800003 20040090 8c840000 44800001 200400ad 44800003 
0080: 44000000 80000000 00000003 00000006 00000006 0a546865 206d6178 206f6620 
00a0: 00002061 6e642000 20697320 002e0a00 00000000 00000000 00000000 00000000 
00c0: 00000000 00000000 00000000 00000000 00000000 00000000 00000000 00000000 *

.
End of clock cycle  42
----------------------
Trap Unit:
     Name     Busy       Op       Vj       Vk        Qj        Qk        A   Result  X-Start    X-End
TrapUnit3        1     halt 00000000 00000000                     00000000 00000000       42       42 

General Purpose Registers:
R0-R7:   00000000 00000006 00000006 fffffffd 000000ad 00000006 00000090 00000000 
R8-R15:  00000000 00000000 00000000 00000000 00000000 00000000 00000000 00000000 
R16-R23: 00000000 00000000 00000000 00000000 00000000 00000000 00000000 00000000 
R24-R31: 00000000 00000000 00000000 00000000 00000000 00000000 00000000 00000000 

Floating Point Registers:
F0-F7:   00000000 00000000 00000000 00000000 00000000 00000000 00000000 00000000 
F8-F15:  00000000 00000000 00000000 00000000 00000000 00000000 00000000 00000000 
F16-F23: 00000000 00000000 00000000 00000000 00000000 00000000 00000000 00000000 
F24-F31: 00000000 00000000 00000000 00000000 00000000 00000000 00000000 00000000 

Memory:
0000: 20010088 8c210000 2002008c 8c420000 00221822 20040084 8c840000 00832024 
0020: 10800008 00022820 08000008 00000000 00012820 20060090 acc50000 20040094 
0040: 44800003 20010088 8c210000 44200001 200400a2 44800003 2001008c 8c210000 
0060: 44200001 200400a8 44800003 20040090 8c840000 44800001 200400ad 44800003 
0080: 44000000 80000000 00000003 00000006 00000006 0a546865 206d6178 206f6620 
00a0: 00002061 6e642000 20697320 002e0a00 00000000 00000000 00000000 00000000 
00c0: 00000000 00000000 00000000 00000000 00000000 00000000 00000000 00000000 *

End of clock cycle  43
----------------------
General Purpose Registers:
R0-R7:   00000000 00000006 00000006 fffffffd 000000ad 00000006 00000090 00000000 
R8-R15:  00000000 00000000 00000000 00000000 00000000 00000000 00000000 00000000 
R16-R23: 00000000 00000000 00000000 00000000 00000000 00000000 00000000 00000000 
R24-R31: 00000000 00000000 00000000 00000000 00000000 00000000 00000000 00000000 

Floating Point Registers:
F0-F7:   00000000 00000000 00000000 00000000 00000000 00000000 00000000 00000000 
F8-F15:  00000000 00000000 00000000 00000000 00000000 00000000 00000000 00000000 
F16-F23: 00000000 00000000 00000000 00000000 00000000 00000000 00000000 00000000 
F24-F31: 00000000 00000000 00000000 00000000 00000000 00000000 00000000 00000000 

Memory:
0000: 20010088 8c210000 2002008c 8c420000 00221822 20040084 8c840000 00832024 
0020: 10800008 00022820 08000008 00000000 00012820 20060090 acc50000 20040094 
0040: 44800003 20010088 8c210000 44200001 200400a2 44800003 2001008c 8c210000 
0060: 44200001 200400a8 44800003 20040090 8c840000 44800001 200400ad 44800003 
0080: 44000000 80000000 00000003 00000006 00000006 0a546865 206d6178 206f6620 
00a0: 00002061 6e642000 20697320 002e0a00 00000000 00000000 00000000 00000000 
00c0: 00000000 00000000 00000000 00000000 00000000 00000000 00000000 00000000 *

