End of clock cycle   0
----------------------
Integer Unit:
     Name     Busy       Op       Vj       Vk        Qj        Qk        A   Result  X-Start    X-End
 IntUnit0        1     addi 00000000 00000000                     00000400       --       --      --

General Purpose Registers:
R0-R7:   00000000 00000000 00000000 00000000 00000000 00000000 00000000 00000000 
R8-R15:  00000000 00000000 00000000 00000000 00000000 00000000 00000000 00000000 
R16-R23: 00000000 00000000 00000000 00000000 00000000 00000000 00000000 00000000 
R24-R31: 00000000 00000000 00000000 00000000 00000000 00000000 IntUnit0 00000000 

Floating Point Registers:
F0-F7:   00000000 00000000 00000000 00000000 00000000 00000000 00000000 00000000 
F8-F15:  00000000 00000000 00000000 00000000 00000000 00000000 00000000 00000000 
F16-F23: 00000000 00000000 00000000 00000000 00000000 00000000 00000000 00000000 
F24-F31: 00000000 00000000 00000000 00000000 00000000 00000000 00000000 00000000 

Memory:
0000: 201e0400 23dd0000 20010068 8c210000 2002006c 44400003 44200001 2002007a 
0020: 44400003 afc1fffc 23defff4 20020044 4c400000 44200001 20020085 44400003 
0040: 44000000 afdf0004 afdd0000 23dd0000 8fa10008 20210001 23be0000 8fdd0000 
0060: 8fdf0004 4be00000 0000006f 0a546865 2073756d 206f6620 00002061 6e642031 
0080: 20697320 000a0000 00000000 00000000 00000000 00000000 00000000 00000000 
00a0: 00000000 00000000 00000000 00000000 00000000 00000000 00000000 00000000 *

End of clock cycle   1
----------------------
Integer Unit:
     Name     Busy       Op       Vj       Vk        Qj        Qk        A   Result  X-Start    X-End
 IntUnit0        1     addi 00000000 00000000                     00000400 00000400        1        1 
 IntUnit1        1     addi 00000000 00000000  IntUnit0           00000000       --       --      --

General Purpose Registers:
R0-R7:   00000000 00000000 00000000 00000000 00000000 00000000 00000000 00000000 
R8-R15:  00000000 00000000 00000000 00000000 00000000 00000000 00000000 00000000 
R16-R23: 00000000 00000000 00000000 00000000 00000000 00000000 00000000 00000000 
R24-R31: 00000000 00000000 00000000 00000000 00000000 IntUnit1 IntUnit0 00000000 

Floating Point Registers:
F0-F7:   00000000 00000000 00000000 00000000 00000000 00000000 00000000 00000000 
F8-F15:  00000000 00000000 00000000 00000000 00000000 00000000 00000000 00000000 
F16-F23: 00000000 00000000 00000000 00000000 00000000 00000000 00000000 00000000 
F24-F31: 00000000 00000000 00000000 00000000 00000000 00000000 00000000 00000000 

Memory:
0000: 201e0400 23dd0000 20010068 8c210000 2002006c 44400003 44200001 2002007a 
0020: 44400003 afc1fffc 23defff4 20020044 4c400000 44200001 20020085 44400003 
0040: 44000000 afdf0004 afdd0000 23dd0000 8fa10008 20210001 23be0000 8fdd0000 
0060: 8fdf0004 4be00000 0000006f 0a546865 2073756d 206f6620 00002061 6e642031 
0080: 20697320 000a0000 00000000 00000000 00000000 00000000 00000000 00000000 
00a0: 00000000 00000000 00000000 00000000 00000000 00000000 00000000 00000000 *

End of clock cycle   2
----------------------
Integer Unit:
     Name     Busy       Op       Vj       Vk        Qj        Qk        A   Result  X-Start    X-End
 IntUnit1        1     addi 00000400 00000000                     00000000       --       --      --
 IntUnit2        1     addi 00000000 00000000                     00000068       --       --      --

General Purpose Registers:
R0-R7:   00000000 IntUnit2 00000000 00000000 00000000 00000000 00000000 00000000 
R8-R15:  00000000 00000000 00000000 00000000 00000000 00000000 00000000 00000000 
R16-R23: 00000000 00000000 00000000 00000000 00000000 00000000 00000000 00000000 
R24-R31: 00000000 00000000 00000000 00000000 00000000 IntUnit1 00000400 00000000 

Floating Point Registers:
F0-F7:   00000000 00000000 00000000 00000000 00000000 00000000 00000000 00000000 
F8-F15:  00000000 00000000 00000000 00000000 00000000 00000000 00000000 00000000 
F16-F23: 00000000 00000000 00000000 00000000 00000000 00000000 00000000 00000000 
F24-F31: 00000000 00000000 00000000 00000000 00000000 00000000 00000000 00000000 

Memory:
0000: 201e0400 23dd0000 20010068 8c210000 2002006c 44400003 44200001 2002007a 
0020: 44400003 afc1fffc 23defff4 20020044 4c400000 44200001 20020085 44400003 
0040: 44000000 afdf0004 afdd0000 23dd0000 8fa10008 20210001 23be0000 8fdd0000 
0060: 8fdf0004 4be00000 0000006f 0a546865 2073756d 206f6620 00002061 6e642031 
0080: 20697320 000a0000 00000000 00000000 00000000 00000000 00000000 00000000 
00a0: 00000000 00000000 00000000 00000000 00000000 00000000 00000000 00000000 *

End of clock cycle   3
----------------------
Integer Unit:
     Name     Busy       Op       Vj       Vk        Qj        Qk        A   Result  X-Start    X-End
 IntUnit1        1     addi 00000400 00000000                     00000000 00000400        3        3 
 IntUnit2        1     addi 00000000 00000000                     00000068 00000068        3        3 

Memory Unit:
     Name     Busy       Op       Vj       Vk        Qj        Qk        A   Result  X-Start    X-End
 MemUnit0        1       lw 00000000 00000000  IntUnit2           00000000       --       --      --

General Purpose Registers:
R0-R7:   00000000 MemUnit0 00000000 00000000 00000000 00000000 00000000 00000000 
R8-R15:  00000000 00000000 00000000 00000000 00000000 00000000 00000000 00000000 
R16-R23: 00000000 00000000 00000000 00000000 00000000 00000000 00000000 00000000 
R24-R31: 00000000 00000000 00000000 00000000 00000000 IntUnit1 00000400 00000000 

Floating Point Registers:
F0-F7:   00000000 00000000 00000000 00000000 00000000 00000000 00000000 00000000 
F8-F15:  00000000 00000000 00000000 00000000 00000000 00000000 00000000 00000000 
F16-F23: 00000000 00000000 00000000 00000000 00000000 00000000 00000000 00000000 
F24-F31: 00000000 00000000 00000000 00000000 00000000 00000000 00000000 00000000 

Memory:
0000: 201e0400 23dd0000 20010068 8c210000 2002006c 44400003 44200001 2002007a 
0020: 44400003 afc1fffc 23defff4 20020044 4c400000 44200001 20020085 44400003 
0040: 44000000 afdf0004 afdd0000 23dd0000 8fa10008 20210001 23be0000 8fdd0000 
0060: 8fdf0004 4be00000 0000006f 0a546865 2073756d 206f6620 00002061 6e642031 
0080: 20697320 000a0000 00000000 00000000 00000000 00000000 00000000 00000000 
00a0: 00000000 00000000 00000000 00000000 00000000 00000000 00000000 00000000 *

End of clock cycle   4
----------------------
Integer Unit:
     Name     Busy       Op       Vj       Vk        Qj        Qk        A   Result  X-Start    X-End
 IntUnit0        1     addi 00000000 00000000                     0000006c       --       --      --
 IntUnit2        1     addi 00000000 00000000                     00000068 00000068        3        3 

Memory Unit:
     Name     Busy       Op       Vj       Vk        Qj        Qk        A   Result  X-Start    X-End
 MemUnit0        1       lw 00000000 00000000  IntUnit2           00000000       --       --      --

General Purpose Registers:
R0-R7:   00000000 MemUnit0 IntUnit0 00000000 00000000 00000000 00000000 00000000 
R8-R15:  00000000 00000000 00000000 00000000 00000000 00000000 00000000 00000000 
R16-R23: 00000000 00000000 00000000 00000000 00000000 00000000 00000000 00000000 
R24-R31: 00000000 00000000 00000000 00000000 00000000 00000400 00000400 00000000 

Floating Point Registers:
F0-F7:   00000000 00000000 00000000 00000000 00000000 00000000 00000000 00000000 
F8-F15:  00000000 00000000 00000000 00000000 00000000 00000000 00000000 00000000 
F16-F23: 00000000 00000000 00000000 00000000 00000000 00000000 00000000 00000000 
F24-F31: 00000000 00000000 00000000 00000000 00000000 00000000 00000000 00000000 

Memory:
0000: 201e0400 23dd0000 20010068 8c210000 2002006c 44400003 44200001 2002007a 
0020: 44400003 afc1fffc 23defff4 20020044 4c400000 44200001 20020085 44400003 
0040: 44000000 afdf0004 afdd0000 23dd0000 8fa10008 20210001 23be0000 8fdd0000 
0060: 8fdf0004 4be00000 0000006f 0a546865 2073756d 206f6620 00002061 6e642031 
0080: 20697320 000a0000 00000000 00000000 00000000 00000000 00000000 00000000 
00a0: 00000000 00000000 00000000 00000000 00000000 00000000 00000000 00000000 *

End of clock cycle   5
----------------------
Integer Unit:
     Name     Busy       Op       Vj       Vk        Qj        Qk        A   Result  X-Start    X-End
 IntUnit0        1     addi 00000000 00000000                     0000006c 0000006c        5        5 

Trap Unit:
     Name     Busy       Op       Vj       Vk        Qj        Qk        A   Result  X-Start    X-End
TrapUnit0        1  dumpstr 00000000 00000000  IntUnit0           00000000       --       --      --

Memory Unit:
     Name     Busy       Op       Vj       Vk        Qj        Qk        A   Result  X-Start    X-End
 MemUnit0        1       lw 00000068 00000000                     00000000       --       --      --

General Purpose Registers:
R0-R7:   00000000 MemUnit0 IntUnit0 00000000 00000000 00000000 00000000 00000000 
R8-R15:  00000000 00000000 00000000 00000000 00000000 00000000 00000000 00000000 
R16-R23: 00000000 00000000 00000000 00000000 00000000 00000000 00000000 00000000 
R24-R31: 00000000 00000000 00000000 00000000 00000000 00000400 00000400 00000000 

Floating Point Registers:
F0-F7:   00000000 00000000 00000000 00000000 00000000 00000000 00000000 00000000 
F8-F15:  00000000 00000000 00000000 00000000 00000000 00000000 00000000 00000000 
F16-F23: 00000000 00000000 00000000 00000000 00000000 00000000 00000000 00000000 
F24-F31: 00000000 00000000 00000000 00000000 00000000 00000000 00000000 00000000 

Memory:
0000: 201e0400 23dd0000 20010068 8c210000 2002006c 44400003 44200001 2002007a 
0020: 44400003 afc1fffc 23defff4 20020044 4c400000 44200001 20020085 44400003 
0040: 44000000 afdf0004 afdd0000 23dd0000 8fa10008 20210001 23be0000 8fdd0000 
0060: 8fdf0004 4be00000 0000006f 0a546865 2073756d 206f6620 00002061 6e642031 
0080: 20697320 000a0000 00000000 00000000 00000000 00000000 00000000 00000000 
00a0: 00000000 00000000 00000000 00000000 00000000 00000000 00000000 00000000 *

End of clock cycle   6
----------------------
Trap Unit:
     Name     Busy       Op       Vj       Vk        Qj        Qk        A   Result  X-Start    X-End
TrapUnit0        1  dumpstr 0000006c 00000000                     00000000       --       --      --
TrapUnit1        1  dumpgpr 00000000 00000000  MemUnit0           00000000       --       --      --

Memory Unit:
     Name     Busy       Op       Vj       Vk        Qj        Qk        A   Result  X-Start    X-End
 MemUnit0        1       lw 00000068 00000000                     00000000       --        6       --

General Purpose Registers:
R0-R7:   00000000 MemUnit0 0000006c 00000000 00000000 00000000 00000000 00000000 
R8-R15:  00000000 00000000 00000000 00000000 00000000 00000000 00000000 00000000 
R16-R23: 00000000 00000000 00000000 00000000 00000000 00000000 00000000 00000000 
R24-R31: 00000000 00000000 00000000 00000000 00000000 00000400 00000400 00000000 

Floating Point Registers:
F0-F7:   00000000 00000000 00000000 00000000 00000000 00000000 00000000 00000000 
F8-F15:  00000000 00000000 00000000 00000000 00000000 00000000 00000000 00000000 
F16-F23: 00000000 00000000 00000000 00000000 00000000 00000000 00000000 00000000 
F24-F31: 00000000 00000000 00000000 00000000 00000000 00000000 00000000 00000000 

Memory:
0000: 201e0400 23dd0000 20010068 8c210000 2002006c 44400003 44200001 2002007a 
0020: 44400003 afc1fffc 23defff4 20020044 4c400000 44200001 20020085 44400003 
0040: 44000000 afdf0004 afdd0000 23dd0000 8fa10008 20210001 23be0000 8fdd0000 
0060: 8fdf0004 4be00000 0000006f 0a546865 2073756d 206f6620 00002061 6e642031 
0080: 20697320 000a0000 00000000 00000000 00000000 00000000 00000000 00000000 
00a0: 00000000 00000000 00000000 00000000 00000000 00000000 00000000 00000000 *

End of clock cycle   7
----------------------
Integer Unit:
     Name     Busy       Op       Vj       Vk        Qj        Qk        A   Result  X-Start    X-End
 IntUnit0        1     addi 00000000 00000000                     0000007a       --       --      --

Trap Unit:
     Name     Busy       Op       Vj       Vk        Qj        Qk        A   Result  X-Start    X-End
TrapUnit0        1  dumpstr 0000006c 00000000                     00000000 00000000        7        7 
TrapUnit1        1  dumpgpr 00000000 00000000  MemUnit0           00000000       --       --      --

Memory Unit:
     Name     Busy       Op       Vj       Vk        Qj        Qk        A   Result  X-Start    X-End
 MemUnit0        1       lw 00000068 00000000                     00000068 0000006f        6        7 

General Purpose Registers:
R0-R7:   00000000 MemUnit0 IntUnit0 00000000 00000000 00000000 00000000 00000000 
R8-R15:  00000000 00000000 00000000 00000000 00000000 00000000 00000000 00000000 
R16-R23: 00000000 00000000 00000000 00000000 00000000 00000000 00000000 00000000 
R24-R31: 00000000 00000000 00000000 00000000 00000000 00000400 00000400 00000000 

Floating Point Registers:
F0-F7:   00000000 00000000 00000000 00000000 00000000 00000000 00000000 00000000 
F8-F15:  00000000 00000000 00000000 00000000 00000000 00000000 00000000 00000000 
F16-F23: 00000000 00000000 00000000 00000000 00000000 00000000 00000000 00000000 
F24-F31: 00000000 00000000 00000000 00000000 00000000 00000000 00000000 00000000 

Memory:
0000: 201e0400 23dd0000 20010068 8c210000 2002006c 44400003 44200001 2002007a 
0020: 44400003 afc1fffc 23defff4 20020044 4c400000 44200001 20020085 44400003 
0040: 44000000 afdf0004 afdd0000 23dd0000 8fa10008 20210001 23be0000 8fdd0000 
0060: 8fdf0004 4be00000 0000006f 0a546865 2073756d 206f6620 00002061 6e642031 
0080: 20697320 000a0000 00000000 00000000 00000000 00000000 00000000 00000000 
00a0: 00000000 00000000 00000000 00000000 00000000 00000000 00000000 00000000 *


The sum of End of clock cycle   8
----------------------
Integer Unit:
     Name     Busy       Op       Vj       Vk        Qj        Qk        A   Result  X-Start    X-End
 IntUnit0        1     addi 00000000 00000000                     0000007a 0000007a        8        8 

Trap Unit:
     Name     Busy       Op       Vj       Vk        Qj        Qk        A   Result  X-Start    X-End
TrapUnit1        1  dumpgpr 0000006f 00000000                     00000000       --       --      --
TrapUnit2        1  dumpstr 00000000 00000000  IntUnit0           00000000       --       --      --

General Purpose Registers:
R0-R7:   00000000 0000006f IntUnit0 00000000 00000000 00000000 00000000 00000000 
R8-R15:  00000000 00000000 00000000 00000000 00000000 00000000 00000000 00000000 
R16-R23: 00000000 00000000 00000000 00000000 00000000 00000000 00000000 00000000 
R24-R31: 00000000 00000000 00000000 00000000 00000000 00000400 00000400 00000000 

Floating Point Registers:
F0-F7:   00000000 00000000 00000000 00000000 00000000 00000000 00000000 00000000 
F8-F15:  00000000 00000000 00000000 00000000 00000000 00000000 00000000 00000000 
F16-F23: 00000000 00000000 00000000 00000000 00000000 00000000 00000000 00000000 
F24-F31: 00000000 00000000 00000000 00000000 00000000 00000000 00000000 00000000 

Memory:
0000: 201e0400 23dd0000 20010068 8c210000 2002006c 44400003 44200001 2002007a 
0020: 44400003 afc1fffc 23defff4 20020044 4c400000 44200001 20020085 44400003 
0040: 44000000 afdf0004 afdd0000 23dd0000 8fa10008 20210001 23be0000 8fdd0000 
0060: 8fdf0004 4be00000 0000006f 0a546865 2073756d 206f6620 00002061 6e642031 
0080: 20697320 000a0000 00000000 00000000 00000000 00000000 00000000 00000000 
00a0: 00000000 00000000 00000000 00000000 00000000 00000000 00000000 00000000 *

End of clock cycle   9
----------------------
Trap Unit:
     Name     Busy       Op       Vj       Vk        Qj        Qk        A   Result  X-Start    X-End
TrapUnit1        1  dumpgpr 0000006f 00000000                     00000000 00000000        9        9 
TrapUnit2        1  dumpstr 0000007a 00000000                     00000000       --       --      --

Memory Unit:
     Name     Busy       Op       Vj       Vk        Qj        Qk        A   Result  X-Start    X-End
 MemUnit1        1       sw 00000400 0000006f                     fffffffc       --       --      --

General Purpose Registers:
R0-R7:   00000000 0000006f 0000007a 00000000 00000000 00000000 00000000 00000000 
R8-R15:  00000000 00000000 00000000 00000000 00000000 00000000 00000000 00000000 
R16-R23: 00000000 00000000 00000000 00000000 00000000 00000000 00000000 00000000 
R24-R31: 00000000 00000000 00000000 00000000 00000000 00000400 00000400 00000000 

Floating Point Registers:
F0-F7:   00000000 00000000 00000000 00000000 00000000 00000000 00000000 00000000 
F8-F15:  00000000 00000000 00000000 00000000 00000000 00000000 00000000 00000000 
F16-F23: 00000000 00000000 00000000 00000000 00000000 00000000 00000000 00000000 
F24-F31: 00000000 00000000 00000000 00000000 00000000 00000000 00000000 00000000 

Memory:
0000: 201e0400 23dd0000 20010068 8c210000 2002006c 44400003 44200001 2002007a 
0020: 44400003 afc1fffc 23defff4 20020044 4c400000 44200001 20020085 44400003 
0040: 44000000 afdf0004 afdd0000 23dd0000 8fa10008 20210001 23be0000 8fdd0000 
0060: 8fdf0004 4be00000 0000006f 0a546865 2073756d 206f6620 00002061 6e642031 
0080: 20697320 000a0000 00000000 00000000 00000000 00000000 00000000 00000000 
00a0: 00000000 00000000 00000000 00000000 00000000 00000000 00000000 00000000 *

111End of clock cycle  10
----------------------
Integer Unit:
     Name     Busy       Op       Vj       Vk        Qj        Qk        A   Result  X-Start    X-End
 IntUnit0        1     addi 00000400 00000000                     fffffff4       --       --      --

Trap Unit:
     Name     Busy       Op       Vj       Vk        Qj        Qk        A   Result  X-Start    X-End
TrapUnit2        1  dumpstr 0000007a 00000000                     00000000 00000000       10       10 

Memory Unit:
     Name     Busy       Op       Vj       Vk        Qj        Qk        A   Result  X-Start    X-End
 MemUnit1        1       sw 00000400 0000006f                     fffffffc       --       10       --

General Purpose Registers:
R0-R7:   00000000 0000006f 0000007a 00000000 00000000 00000000 00000000 00000000 
R8-R15:  00000000 00000000 00000000 00000000 00000000 00000000 00000000 00000000 
R16-R23: 00000000 00000000 00000000 00000000 00000000 00000000 00000000 00000000 
R24-R31: 00000000 00000000 00000000 00000000 00000000 00000400 IntUnit0 00000000 

Floating Point Registers:
F0-F7:   00000000 00000000 00000000 00000000 00000000 00000000 00000000 00000000 
F8-F15:  00000000 00000000 00000000 00000000 00000000 00000000 00000000 00000000 
F16-F23: 00000000 00000000 00000000 00000000 00000000 00000000 00000000 00000000 
F24-F31: 00000000 00000000 00000000 00000000 00000000 00000000 00000000 00000000 

Memory:
0000: 201e0400 23dd0000 20010068 8c210000 2002006c 44400003 44200001 2002007a 
0020: 44400003 afc1fffc 23defff4 20020044 4c400000 44200001 20020085 44400003 
0040: 44000000 afdf0004 afdd0000 23dd0000 8fa10008 20210001 23be0000 8fdd0000 
0060: 8fdf0004 4be00000 0000006f 0a546865 2073756d 206f6620 00002061 6e642031 
0080: 20697320 000a0000 00000000 00000000 00000000 00000000 00000000 00000000 
00a0: 00000000 00000000 00000000 00000000 00000000 00000000 00000000 00000000 *

 and 1 is End of clock cycle  11
----------------------
Integer Unit:
     Name     Busy       Op       Vj       Vk        Qj        Qk        A   Result  X-Start    X-End
 IntUnit0        1     addi 00000400 00000000                     fffffff4 000003f4       11       11 
 IntUnit1        1     addi 00000000 00000000                     00000044       --       --      --

Memory Unit:
     Name     Busy       Op       Vj       Vk        Qj        Qk        A   Result  X-Start    X-End
 MemUnit1        1       sw 00000400 0000006f                     000003fc 00000000       10       11 

General Purpose Registers:
R0-R7:   00000000 0000006f IntUnit1 00000000 00000000 00000000 00000000 00000000 
R8-R15:  00000000 00000000 00000000 00000000 00000000 00000000 00000000 00000000 
R16-R23: 00000000 00000000 00000000 00000000 00000000 00000000 00000000 00000000 
R24-R31: 00000000 00000000 00000000 00000000 00000000 00000400 IntUnit0 00000000 

Floating Point Registers:
F0-F7:   00000000 00000000 00000000 00000000 00000000 00000000 00000000 00000000 
F8-F15:  00000000 00000000 00000000 00000000 00000000 00000000 00000000 00000000 
F16-F23: 00000000 00000000 00000000 00000000 00000000 00000000 00000000 00000000 
F24-F31: 00000000 00000000 00000000 00000000 00000000 00000000 00000000 00000000 

Memory:
0000: 201e0400 23dd0000 20010068 8c210000 2002006c 44400003 44200001 2002007a 
0020: 44400003 afc1fffc 23defff4 20020044 4c400000 44200001 20020085 44400003 
0040: 44000000 afdf0004 afdd0000 23dd0000 8fa10008 20210001 23be0000 8fdd0000 
0060: 8fdf0004 4be00000 0000006f 0a546865 2073756d 206f6620 00002061 6e642031 
0080: 20697320 000a0000 00000000 00000000 00000000 00000000 00000000 00000000 
00a0: 00000000 00000000 00000000 00000000 00000000 00000000 00000000 00000000 *

End of clock cycle  12
----------------------
Integer Unit:
     Name     Busy       Op       Vj       Vk        Qj        Qk        A   Result  X-Start    X-End
 IntUnit1        1     addi 00000000 00000000                     00000044 00000044       12       12 

Branch Unit:
     Name     Busy       Op       Vj       Vk        Qj        Qk        A   Result  X-Start    X-End
  BrUnit0        1     jalr 00000000 00000000  IntUnit1           00000000       --       --      --

General Purpose Registers:
R0-R7:   00000000 0000006f IntUnit1 00000000 00000000 00000000 00000000 00000000 
R8-R15:  00000000 00000000 00000000 00000000 00000000 00000000 00000000 00000000 
R16-R23: 00000000 00000000 00000000 00000000 00000000 00000000 00000000 00000000 
R24-R31: 00000000 00000000 00000000 00000000 00000000 00000400 000003f4  BrUnit0 

Floating Point Registers:
F0-F7:   00000000 00000000 00000000 00000000 00000000 00000000 00000000 00000000 
F8-F15:  00000000 00000000 00000000 00000000 00000000 00000000 00000000 00000000 
F16-F23: 00000000 00000000 00000000 00000000 00000000 00000000 00000000 00000000 
F24-F31: 00000000 00000000 00000000 00000000 00000000 00000000 00000000 00000000 

Memory:
0000: 201e0400 23dd0000 20010068 8c210000 2002006c 44400003 44200001 2002007a 
0020: 44400003 afc1fffc 23defff4 20020044 4c400000 44200001 20020085 44400003 
0040: 44000000 afdf0004 afdd0000 23dd0000 8fa10008 20210001 23be0000 8fdd0000 
0060: 8fdf0004 4be00000 0000006f 0a546865 2073756d 206f6620 00002061 6e642031 
0080: 20697320 000a0000 00000000 00000000 00000000 00000000 00000000 00000000 
00a0: 00000000 00000000 00000000 00000000 00000000 00000000 00000000 00000000 *
03e0: 00000000 00000000 00000000 00000000 00000000 00000000 00000000 0000006f 
0400: 00000000 00000000 00000000 00000000 00000000 00000000 00000000 00000000 *

End of clock cycle  13
----------------------
Branch Unit:
     Name     Busy       Op       Vj       Vk        Qj        Qk        A   Result  X-Start    X-End
  BrUnit0        1     jalr 00000044 00000000                     00000000       --       --      --

General Purpose Registers:
R0-R7:   00000000 0000006f 00000044 00000000 00000000 00000000 00000000 00000000 
R8-R15:  00000000 00000000 00000000 00000000 00000000 00000000 00000000 00000000 
R16-R23: 00000000 00000000 00000000 00000000 00000000 00000000 00000000 00000000 
R24-R31: 00000000 00000000 00000000 00000000 00000000 00000400 000003f4  BrUnit0 

Floating Point Registers:
F0-F7:   00000000 00000000 00000000 00000000 00000000 00000000 00000000 00000000 
F8-F15:  00000000 00000000 00000000 00000000 00000000 00000000 00000000 00000000 
F16-F23: 00000000 00000000 00000000 00000000 00000000 00000000 00000000 00000000 
F24-F31: 00000000 00000000 00000000 00000000 00000000 00000000 00000000 00000000 

Memory:
0000: 201e0400 23dd0000 20010068 8c210000 2002006c 44400003 44200001 2002007a 
0020: 44400003 afc1fffc 23defff4 20020044 4c400000 44200001 20020085 44400003 
0040: 44000000 afdf0004 afdd0000 23dd0000 8fa10008 20210001 23be0000 8fdd0000 
0060: 8fdf0004 4be00000 0000006f 0a546865 2073756d 206f6620 00002061 6e642031 
0080: 20697320 000a0000 00000000 00000000 00000000 00000000 00000000 00000000 
00a0: 00000000 00000000 00000000 00000000 00000000 00000000 00000000 00000000 *
03e0: 00000000 00000000 00000000 00000000 00000000 00000000 00000000 0000006f 
0400: 00000000 00000000 00000000 00000000 00000000 00000000 00000000 00000000 *

End of clock cycle  14
----------------------
Branch Unit:
     Name     Busy       Op       Vj       Vk        Qj        Qk        A   Result  X-Start    X-End
  BrUnit0        1     jalr 00000044 00000000                     00000000 00000001       14       14 

General Purpose Registers:
R0-R7:   00000000 0000006f 00000044 00000000 00000000 00000000 00000000 00000000 
R8-R15:  00000000 00000000 00000000 00000000 00000000 00000000 00000000 00000000 
R16-R23: 00000000 00000000 00000000 00000000 00000000 00000000 00000000 00000000 
R24-R31: 00000000 00000000 00000000 00000000 00000000 00000400 000003f4  BrUnit0 

Floating Point Registers:
F0-F7:   00000000 00000000 00000000 00000000 00000000 00000000 00000000 00000000 
F8-F15:  00000000 00000000 00000000 00000000 00000000 00000000 00000000 00000000 
F16-F23: 00000000 00000000 00000000 00000000 00000000 00000000 00000000 00000000 
F24-F31: 00000000 00000000 00000000 00000000 00000000 00000000 00000000 00000000 

Memory:
0000: 201e0400 23dd0000 20010068 8c210000 2002006c 44400003 44200001 2002007a 
0020: 44400003 afc1fffc 23defff4 20020044 4c400000 44200001 20020085 44400003 
0040: 44000000 afdf0004 afdd0000 23dd0000 8fa10008 20210001 23be0000 8fdd0000 
0060: 8fdf0004 4be00000 0000006f 0a546865 2073756d 206f6620 00002061 6e642031 
0080: 20697320 000a0000 00000000 00000000 00000000 00000000 00000000 00000000 
00a0: 00000000 00000000 00000000 00000000 00000000 00000000 00000000 00000000 *
03e0: 00000000 00000000 00000000 00000000 00000000 00000000 00000000 0000006f 
0400: 00000000 00000000 00000000 00000000 00000000 00000000 00000000 00000000 *

End of clock cycle  15
----------------------
General Purpose Registers:
R0-R7:   00000000 0000006f 00000044 00000000 00000000 00000000 00000000 00000000 
R8-R15:  00000000 00000000 00000000 00000000 00000000 00000000 00000000 00000000 
R16-R23: 00000000 00000000 00000000 00000000 00000000 00000000 00000000 00000000 
R24-R31: 00000000 00000000 00000000 00000000 00000000 00000400 000003f4 00000034 

Floating Point Registers:
F0-F7:   00000000 00000000 00000000 00000000 00000000 00000000 00000000 00000000 
F8-F15:  00000000 00000000 00000000 00000000 00000000 00000000 00000000 00000000 
F16-F23: 00000000 00000000 00000000 00000000 00000000 00000000 00000000 00000000 
F24-F31: 00000000 00000000 00000000 00000000 00000000 00000000 00000000 00000000 

Memory:
0000: 201e0400 23dd0000 20010068 8c210000 2002006c 44400003 44200001 2002007a 
0020: 44400003 afc1fffc 23defff4 20020044 4c400000 44200001 20020085 44400003 
0040: 44000000 afdf0004 afdd0000 23dd0000 8fa10008 20210001 23be0000 8fdd0000 
0060: 8fdf0004 4be00000 0000006f 0a546865 2073756d 206f6620 00002061 6e642031 
0080: 20697320 000a0000 00000000 00000000 00000000 00000000 00000000 00000000 
00a0: 00000000 00000000 00000000 00000000 00000000 00000000 00000000 00000000 *
03e0: 00000000 00000000 00000000 00000000 00000000 00000000 00000000 0000006f 
0400: 00000000 00000000 00000000 00000000 00000000 00000000 00000000 00000000 *

End of clock cycle  16
----------------------
Memory Unit:
     Name     Busy       Op       Vj       Vk        Qj        Qk        A   Result  X-Start    X-End
 MemUnit2        1       sw 000003f4 00000034                     00000004       --       --      --

General Purpose Registers:
R0-R7:   00000000 0000006f 00000044 00000000 00000000 00000000 00000000 00000000 
R8-R15:  00000000 00000000 00000000 00000000 00000000 00000000 00000000 00000000 
R16-R23: 00000000 00000000 00000000 00000000 00000000 00000000 00000000 00000000 
R24-R31: 00000000 00000000 00000000 00000000 00000000 00000400 000003f4 00000034 

Floating Point Registers:
F0-F7:   00000000 00000000 00000000 00000000 00000000 00000000 00000000 00000000 
F8-F15:  00000000 00000000 00000000 00000000 00000000 00000000 00000000 00000000 
F16-F23: 00000000 00000000 00000000 00000000 00000000 00000000 00000000 00000000 
F24-F31: 00000000 00000000 00000000 00000000 00000000 00000000 00000000 00000000 

Memory:
0000: 201e0400 23dd0000 20010068 8c210000 2002006c 44400003 44200001 2002007a 
0020: 44400003 afc1fffc 23defff4 20020044 4c400000 44200001 20020085 44400003 
0040: 44000000 afdf0004 afdd0000 23dd0000 8fa10008 20210001 23be0000 8fdd0000 
0060: 8fdf0004 4be00000 0000006f 0a546865 2073756d 206f6620 00002061 6e642031 
0080: 20697320 000a0000 00000000 00000000 00000000 00000000 00000000 00000000 
00a0: 00000000 00000000 00000000 00000000 00000000 00000000 00000000 00000000 *
03e0: 00000000 00000000 00000000 00000000 00000000 00000000 00000000 0000006f 
0400: 00000000 00000000 00000000 00000000 00000000 00000000 00000000 00000000 *

End of clock cycle  17
----------------------
Memory Unit:
     Name     Busy       Op       Vj       Vk        Qj        Qk        A   Result  X-Start    X-End
 MemUnit2        1       sw 000003f4 00000034                     00000004       --       17       --
 MemUnit3        1       sw 000003f4 00000400                     00000000       --       --      --

General Purpose Registers:
R0-R7:   00000000 0000006f 00000044 00000000 00000000 00000000 00000000 00000000 
R8-R15:  00000000 00000000 00000000 00000000 00000000 00000000 00000000 00000000 
R16-R23: 00000000 00000000 00000000 00000000 00000000 00000000 00000000 00000000 
R24-R31: 00000000 00000000 00000000 00000000 00000000 00000400 000003f4 00000034 

Floating Point Registers:
F0-F7:   00000000 00000000 00000000 00000000 00000000 00000000 00000000 00000000 
F8-F15:  00000000 00000000 00000000 00000000 00000000 00000000 00000000 00000000 
F16-F23: 00000000 00000000 00000000 00000000 00000000 00000000 00000000 00000000 
F24-F31: 00000000 00000000 00000000 00000000 00000000 00000000 00000000 00000000 

Memory:
0000: 201e0400 23dd0000 20010068 8c210000 2002006c 44400003 44200001 2002007a 
0020: 44400003 afc1fffc 23defff4 20020044 4c400000 44200001 20020085 44400003 
0040: 44000000 afdf0004 afdd0000 23dd0000 8fa10008 20210001 23be0000 8fdd0000 
0060: 8fdf0004 4be00000 0000006f 0a546865 2073756d 206f6620 00002061 6e642031 
0080: 20697320 000a0000 00000000 00000000 00000000 00000000 00000000 00000000 
00a0: 00000000 00000000 00000000 00000000 00000000 00000000 00000000 00000000 *
03e0: 00000000 00000000 00000000 00000000 00000000 00000000 00000000 0000006f 
0400: 00000000 00000000 00000000 00000000 00000000 00000000 00000000 00000000 *

End of clock cycle  18
----------------------
Integer Unit:
     Name     Busy       Op       Vj       Vk        Qj        Qk        A   Result  X-Start    X-End
 IntUnit0        1     addi 000003f4 00000000                     00000000       --       --      --

Memory Unit:
     Name     Busy       Op       Vj       Vk        Qj        Qk        A   Result  X-Start    X-End
 MemUnit2        1       sw 000003f4 00000034                     000003f8 00000000       17       18 
 MemUnit3        1       sw 000003f4 00000400                     00000000       --       --      --

General Purpose Registers:
R0-R7:   00000000 0000006f 00000044 00000000 00000000 00000000 00000000 00000000 
R8-R15:  00000000 00000000 00000000 00000000 00000000 00000000 00000000 00000000 
R16-R23: 00000000 00000000 00000000 00000000 00000000 00000000 00000000 00000000 
R24-R31: 00000000 00000000 00000000 00000000 00000000 IntUnit0 000003f4 00000034 

Floating Point Registers:
F0-F7:   00000000 00000000 00000000 00000000 00000000 00000000 00000000 00000000 
F8-F15:  00000000 00000000 00000000 00000000 00000000 00000000 00000000 00000000 
F16-F23: 00000000 00000000 00000000 00000000 00000000 00000000 00000000 00000000 
F24-F31: 00000000 00000000 00000000 00000000 00000000 00000000 00000000 00000000 

Memory:
0000: 201e0400 23dd0000 20010068 8c210000 2002006c 44400003 44200001 2002007a 
0020: 44400003 afc1fffc 23defff4 20020044 4c400000 44200001 20020085 44400003 
0040: 44000000 afdf0004 afdd0000 23dd0000 8fa10008 20210001 23be0000 8fdd0000 
0060: 8fdf0004 4be00000 0000006f 0a546865 2073756d 206f6620 00002061 6e642031 
0080: 20697320 000a0000 00000000 00000000 00000000 00000000 00000000 00000000 
00a0: 00000000 00000000 00000000 00000000 00000000 00000000 00000000 00000000 *
03e0: 00000000 00000000 00000000 00000000 00000000 00000000 00000000 0000006f 
0400: 00000000 00000000 00000000 00000000 00000000 00000000 00000000 00000000 *

End of clock cycle  19
----------------------
Integer Unit:
     Name     Busy       Op       Vj       Vk        Qj        Qk        A   Result  X-Start    X-End
 IntUnit0        1     addi 000003f4 00000000                     00000000 000003f4       19       19 

Memory Unit:
     Name     Busy       Op       Vj       Vk        Qj        Qk        A   Result  X-Start    X-End
 MemUnit3        1       sw 000003f4 00000400                     00000000       --       19       --
 MemUnit4        1       lw 00000000 00000000  IntUnit0           00000008       --       --      --

General Purpose Registers:
R0-R7:   00000000 MemUnit4 00000044 00000000 00000000 00000000 00000000 00000000 
R8-R15:  00000000 00000000 00000000 00000000 00000000 00000000 00000000 00000000 
R16-R23: 00000000 00000000 00000000 00000000 00000000 00000000 00000000 00000000 
R24-R31: 00000000 00000000 00000000 00000000 00000000 IntUnit0 000003f4 00000034 

Floating Point Registers:
F0-F7:   00000000 00000000 00000000 00000000 00000000 00000000 00000000 00000000 
F8-F15:  00000000 00000000 00000000 00000000 00000000 00000000 00000000 00000000 
F16-F23: 00000000 00000000 00000000 00000000 00000000 00000000 00000000 00000000 
F24-F31: 00000000 00000000 00000000 00000000 00000000 00000000 00000000 00000000 

Memory:
0000: 201e0400 23dd0000 20010068 8c210000 2002006c 44400003 44200001 2002007a 
0020: 44400003 afc1fffc 23defff4 20020044 4c400000 44200001 20020085 44400003 
0040: 44000000 afdf0004 afdd0000 23dd0000 8fa10008 20210001 23be0000 8fdd0000 
0060: 8fdf0004 4be00000 0000006f 0a546865 2073756d 206f6620 00002061 6e642031 
0080: 20697320 000a0000 00000000 00000000 00000000 00000000 00000000 00000000 
00a0: 00000000 00000000 00000000 00000000 00000000 00000000 00000000 00000000 *
03e0: 00000000 00000000 00000000 00000000 00000000 00000000 00000034 0000006f 
0400: 00000000 00000000 00000000 00000000 00000000 00000000 00000000 00000000 *

End of clock cycle  20
----------------------
Integer Unit:
     Name     Busy       Op       Vj       Vk        Qj        Qk        A   Result  X-Start    X-End
 IntUnit1        1     addi 00000000 00000000  MemUnit4           00000001       --       --      --

Memory Unit:
     Name     Busy       Op       Vj       Vk        Qj        Qk        A   Result  X-Start    X-End
 MemUnit3        1       sw 000003f4 00000400                     000003f4 00000000       19       20 
 MemUnit4        1       lw 000003f4 00000000                     00000008       --       --      --

General Purpose Registers:
R0-R7:   00000000 IntUnit1 00000044 00000000 00000000 00000000 00000000 00000000 
R8-R15:  00000000 00000000 00000000 00000000 00000000 00000000 00000000 00000000 
R16-R23: 00000000 00000000 00000000 00000000 00000000 00000000 00000000 00000000 
R24-R31: 00000000 00000000 00000000 00000000 00000000 000003f4 000003f4 00000034 

Floating Point Registers:
F0-F7:   00000000 00000000 00000000 00000000 00000000 00000000 00000000 00000000 
F8-F15:  00000000 00000000 00000000 00000000 00000000 00000000 00000000 00000000 
F16-F23: 00000000 00000000 00000000 00000000 00000000 00000000 00000000 00000000 
F24-F31: 00000000 00000000 00000000 00000000 00000000 00000000 00000000 00000000 

Memory:
0000: 201e0400 23dd0000 20010068 8c210000 2002006c 44400003 44200001 2002007a 
0020: 44400003 afc1fffc 23defff4 20020044 4c400000 44200001 20020085 44400003 
0040: 44000000 afdf0004 afdd0000 23dd0000 8fa10008 20210001 23be0000 8fdd0000 
0060: 8fdf0004 4be00000 0000006f 0a546865 2073756d 206f6620 00002061 6e642031 
0080: 20697320 000a0000 00000000 00000000 00000000 00000000 00000000 00000000 
00a0: 00000000 00000000 00000000 00000000 00000000 00000000 00000000 00000000 *
03e0: 00000000 00000000 00000000 00000000 00000000 00000000 00000034 0000006f 
0400: 00000000 00000000 00000000 00000000 00000000 00000000 00000000 00000000 *

End of clock cycle  21
----------------------
Integer Unit:
     Name     Busy       Op       Vj       Vk        Qj        Qk        A   Result  X-Start    X-End
 IntUnit0        1     addi 000003f4 00000000                     00000000       --       --      --
 IntUnit1        1     addi 00000000 00000000  MemUnit4           00000001       --       --      --

Memory Unit:
     Name     Busy       Op       Vj       Vk        Qj        Qk        A   Result  X-Start    X-End
 MemUnit4        1       lw 000003f4 00000000                     00000008       --       21       --

General Purpose Registers:
R0-R7:   00000000 IntUnit1 00000044 00000000 00000000 00000000 00000000 00000000 
R8-R15:  00000000 00000000 00000000 00000000 00000000 00000000 00000000 00000000 
R16-R23: 00000000 00000000 00000000 00000000 00000000 00000000 00000000 00000000 
R24-R31: 00000000 00000000 00000000 00000000 00000000 000003f4 IntUnit0 00000034 

Floating Point Registers:
F0-F7:   00000000 00000000 00000000 00000000 00000000 00000000 00000000 00000000 
F8-F15:  00000000 00000000 00000000 00000000 00000000 00000000 00000000 00000000 
F16-F23: 00000000 00000000 00000000 00000000 00000000 00000000 00000000 00000000 
F24-F31: 00000000 00000000 00000000 00000000 00000000 00000000 00000000 00000000 

Memory:
0000: 201e0400 23dd0000 20010068 8c210000 2002006c 44400003 44200001 2002007a 
0020: 44400003 afc1fffc 23defff4 20020044 4c400000 44200001 20020085 44400003 
0040: 44000000 afdf0004 afdd0000 23dd0000 8fa10008 20210001 23be0000 8fdd0000 
0060: 8fdf0004 4be00000 0000006f 0a546865 2073756d 206f6620 00002061 6e642031 
0080: 20697320 000a0000 00000000 00000000 00000000 00000000 00000000 00000000 
00a0: 00000000 00000000 00000000 00000000 00000000 00000000 00000000 00000000 *
03e0: 00000000 00000000 00000000 00000000 00000000 00000400 00000034 0000006f 
0400: 00000000 00000000 00000000 00000000 00000000 00000000 00000000 00000000 *

End of clock cycle  22
----------------------
Integer Unit:
     Name     Busy       Op       Vj       Vk        Qj        Qk        A   Result  X-Start    X-End
 IntUnit0        1     addi 000003f4 00000000                     00000000 000003f4       22       22 
 IntUnit1        1     addi 00000000 00000000  MemUnit4           00000001       --       --      --

Memory Unit:
     Name     Busy       Op       Vj       Vk        Qj        Qk        A   Result  X-Start    X-End
 MemUnit4        1       lw 000003f4 00000000                     000003fc 0000006f       21       22 
 MemUnit5        1       lw 00000000 00000000  IntUnit0           00000000       --       --      --

General Purpose Registers:
R0-R7:   00000000 IntUnit1 00000044 00000000 00000000 00000000 00000000 00000000 
R8-R15:  00000000 00000000 00000000 00000000 00000000 00000000 00000000 00000000 
R16-R23: 00000000 00000000 00000000 00000000 00000000 00000000 00000000 00000000 
R24-R31: 00000000 00000000 00000000 00000000 00000000 MemUnit5 IntUnit0 00000034 

Floating Point Registers:
F0-F7:   00000000 00000000 00000000 00000000 00000000 00000000 00000000 00000000 
F8-F15:  00000000 00000000 00000000 00000000 00000000 00000000 00000000 00000000 
F16-F23: 00000000 00000000 00000000 00000000 00000000 00000000 00000000 00000000 
F24-F31: 00000000 00000000 00000000 00000000 00000000 00000000 00000000 00000000 

Memory:
0000: 201e0400 23dd0000 20010068 8c210000 2002006c 44400003 44200001 2002007a 
0020: 44400003 afc1fffc 23defff4 20020044 4c400000 44200001 20020085 44400003 
0040: 44000000 afdf0004 afdd0000 23dd0000 8fa10008 20210001 23be0000 8fdd0000 
0060: 8fdf0004 4be00000 0000006f 0a546865 2073756d 206f6620 00002061 6e642031 
0080: 20697320 000a0000 00000000 00000000 00000000 00000000 00000000 00000000 
00a0: 00000000 00000000 00000000 00000000 00000000 00000000 00000000 00000000 *
03e0: 00000000 00000000 00000000 00000000 00000000 00000400 00000034 0000006f 
0400: 00000000 00000000 00000000 00000000 00000000 00000000 00000000 00000000 *

End of clock cycle  23
----------------------
Integer Unit:
     Name     Busy       Op       Vj       Vk        Qj        Qk        A   Result  X-Start    X-End
 IntUnit0        1     addi 000003f4 00000000                     00000000 000003f4       22       22 
 IntUnit1        1     addi 0000006f 00000000                     00000001       --       --      --

Memory Unit:
     Name     Busy       Op       Vj       Vk        Qj        Qk        A   Result  X-Start    X-End
 MemUnit5        1       lw 00000000 00000000  IntUnit0           00000000       --       --      --
 MemUnit6        1       lw 00000000 00000000  IntUnit0           00000004       --       --      --

General Purpose Registers:
R0-R7:   00000000 IntUnit1 00000044 00000000 00000000 00000000 00000000 00000000 
R8-R15:  00000000 00000000 00000000 00000000 00000000 00000000 00000000 00000000 
R16-R23: 00000000 00000000 00000000 00000000 00000000 00000000 00000000 00000000 
R24-R31: 00000000 00000000 00000000 00000000 00000000 MemUnit5 IntUnit0 MemUnit6 

Floating Point Registers:
F0-F7:   00000000 00000000 00000000 00000000 00000000 00000000 00000000 00000000 
F8-F15:  00000000 00000000 00000000 00000000 00000000 00000000 00000000 00000000 
F16-F23: 00000000 00000000 00000000 00000000 00000000 00000000 00000000 00000000 
F24-F31: 00000000 00000000 00000000 00000000 00000000 00000000 00000000 00000000 

Memory:
0000: 201e0400 23dd0000 20010068 8c210000 2002006c 44400003 44200001 2002007a 
0020: 44400003 afc1fffc 23defff4 20020044 4c400000 44200001 20020085 44400003 
0040: 44000000 afdf0004 afdd0000 23dd0000 8fa10008 20210001 23be0000 8fdd0000 
0060: 8fdf0004 4be00000 0000006f 0a546865 2073756d 206f6620 00002061 6e642031 
0080: 20697320 000a0000 00000000 00000000 00000000 00000000 00000000 00000000 
00a0: 00000000 00000000 00000000 00000000 00000000 00000000 00000000 00000000 *
03e0: 00000000 00000000 00000000 00000000 00000000 00000400 00000034 0000006f 
0400: 00000000 00000000 00000000 00000000 00000000 00000000 00000000 00000000 *

End of clock cycle  24
----------------------
Integer Unit:
     Name     Busy       Op       Vj       Vk        Qj        Qk        A   Result  X-Start    X-End
 IntUnit1        1     addi 0000006f 00000000                     00000001 00000070       24       24 

Memory Unit:
     Name     Busy       Op       Vj       Vk        Qj        Qk        A   Result  X-Start    X-End
 MemUnit5        1       lw 000003f4 00000000                     00000000       --       --      --
 MemUnit6        1       lw 000003f4 00000000                     00000004       --       --      --

Branch Unit:
     Name     Busy       Op       Vj       Vk        Qj        Qk        A   Result  X-Start    X-End
  BrUnit0        1       jr 00000000 00000000  MemUnit6           00000000       --       --      --

General Purpose Registers:
R0-R7:   00000000 IntUnit1 00000044 00000000 00000000 00000000 00000000 00000000 
R8-R15:  00000000 00000000 00000000 00000000 00000000 00000000 00000000 00000000 
R16-R23: 00000000 00000000 00000000 00000000 00000000 00000000 00000000 00000000 
R24-R31: 00000000 00000000 00000000 00000000 00000000 MemUnit5 000003f4 MemUnit6 

Floating Point Registers:
F0-F7:   00000000 00000000 00000000 00000000 00000000 00000000 00000000 00000000 
F8-F15:  00000000 00000000 00000000 00000000 00000000 00000000 00000000 00000000 
F16-F23: 00000000 00000000 00000000 00000000 00000000 00000000 00000000 00000000 
F24-F31: 00000000 00000000 00000000 00000000 00000000 00000000 00000000 00000000 

Memory:
0000: 201e0400 23dd0000 20010068 8c210000 2002006c 44400003 44200001 2002007a 
0020: 44400003 afc1fffc 23defff4 20020044 4c400000 44200001 20020085 44400003 
0040: 44000000 afdf0004 afdd0000 23dd0000 8fa10008 20210001 23be0000 8fdd0000 
0060: 8fdf0004 4be00000 0000006f 0a546865 2073756d 206f6620 00002061 6e642031 
0080: 20697320 000a0000 00000000 00000000 00000000 00000000 00000000 00000000 
00a0: 00000000 00000000 00000000 00000000 00000000 00000000 00000000 00000000 *
03e0: 00000000 00000000 00000000 00000000 00000000 00000400 00000034 0000006f 
0400: 00000000 00000000 00000000 00000000 00000000 00000000 00000000 00000000 *

End of clock cycle  25
----------------------
Memory Unit:
     Name     Busy       Op       Vj       Vk        Qj        Qk        A   Result  X-Start    X-End
 MemUnit5        1       lw 000003f4 00000000                     00000000       --       25       --
 MemUnit6        1       lw 000003f4 00000000                     00000004       --       --      --

Branch Unit:
     Name     Busy       Op       Vj       Vk        Qj        Qk        A   Result  X-Start    X-End
  BrUnit0        1       jr 00000000 00000000  MemUnit6           00000000       --       --      --

General Purpose Registers:
R0-R7:   00000000 00000070 00000044 00000000 00000000 00000000 00000000 00000000 
R8-R15:  00000000 00000000 00000000 00000000 00000000 00000000 00000000 00000000 
R16-R23: 00000000 00000000 00000000 00000000 00000000 00000000 00000000 00000000 
R24-R31: 00000000 00000000 00000000 00000000 00000000 MemUnit5 000003f4 MemUnit6 

Floating Point Registers:
F0-F7:   00000000 00000000 00000000 00000000 00000000 00000000 00000000 00000000 
F8-F15:  00000000 00000000 00000000 00000000 00000000 00000000 00000000 00000000 
F16-F23: 00000000 00000000 00000000 00000000 00000000 00000000 00000000 00000000 
F24-F31: 00000000 00000000 00000000 00000000 00000000 00000000 00000000 00000000 

Memory:
0000: 201e0400 23dd0000 20010068 8c210000 2002006c 44400003 44200001 2002007a 
0020: 44400003 afc1fffc 23defff4 20020044 4c400000 44200001 20020085 44400003 
0040: 44000000 afdf0004 afdd0000 23dd0000 8fa10008 20210001 23be0000 8fdd0000 
0060: 8fdf0004 4be00000 0000006f 0a546865 2073756d 206f6620 00002061 6e642031 
0080: 20697320 000a0000 00000000 00000000 00000000 00000000 00000000 00000000 
00a0: 00000000 00000000 00000000 00000000 00000000 00000000 00000000 00000000 *
03e0: 00000000 00000000 00000000 00000000 00000000 00000400 00000034 0000006f 
0400: 00000000 00000000 00000000 00000000 00000000 00000000 00000000 00000000 *

End of clock cycle  26
----------------------
Memory Unit:
     Name     Busy       Op       Vj       Vk        Qj        Qk        A   Result  X-Start    X-End
 MemUnit5        1       lw 000003f4 00000000                     000003f4 00000400       25       26 
 MemUnit6        1       lw 000003f4 00000000                     00000004       --       --      --

Branch Unit:
     Name     Busy       Op       Vj       Vk        Qj        Qk        A   Result  X-Start    X-End
  BrUnit0        1       jr 00000000 00000000  MemUnit6           00000000       --       --      --

General Purpose Registers:
R0-R7:   00000000 00000070 00000044 00000000 00000000 00000000 00000000 00000000 
R8-R15:  00000000 00000000 00000000 00000000 00000000 00000000 00000000 00000000 
R16-R23: 00000000 00000000 00000000 00000000 00000000 00000000 00000000 00000000 
R24-R31: 00000000 00000000 00000000 00000000 00000000 MemUnit5 000003f4 MemUnit6 

Floating Point Registers:
F0-F7:   00000000 00000000 00000000 00000000 00000000 00000000 00000000 00000000 
F8-F15:  00000000 00000000 00000000 00000000 00000000 00000000 00000000 00000000 
F16-F23: 00000000 00000000 00000000 00000000 00000000 00000000 00000000 00000000 
F24-F31: 00000000 00000000 00000000 00000000 00000000 00000000 00000000 00000000 

Memory:
0000: 201e0400 23dd0000 20010068 8c210000 2002006c 44400003 44200001 2002007a 
0020: 44400003 afc1fffc 23defff4 20020044 4c400000 44200001 20020085 44400003 
0040: 44000000 afdf0004 afdd0000 23dd0000 8fa10008 20210001 23be0000 8fdd0000 
0060: 8fdf0004 4be00000 0000006f 0a546865 2073756d 206f6620 00002061 6e642031 
0080: 20697320 000a0000 00000000 00000000 00000000 00000000 00000000 00000000 
00a0: 00000000 00000000 00000000 00000000 00000000 00000000 00000000 00000000 *
03e0: 00000000 00000000 00000000 00000000 00000000 00000400 00000034 0000006f 
0400: 00000000 00000000 00000000 00000000 00000000 00000000 00000000 00000000 *

End of clock cycle  27
----------------------
Memory Unit:
     Name     Busy       Op       Vj       Vk        Qj        Qk        A   Result  X-Start    X-End
 MemUnit6        1       lw 000003f4 00000000                     00000004       --       27       --

Branch Unit:
     Name     Busy       Op       Vj       Vk        Qj        Qk        A   Result  X-Start    X-End
  BrUnit0        1       jr 00000000 00000000  MemUnit6           00000000       --       --      --

General Purpose Registers:
R0-R7:   00000000 00000070 00000044 00000000 00000000 00000000 00000000 00000000 
R8-R15:  00000000 00000000 00000000 00000000 00000000 00000000 00000000 00000000 
R16-R23: 00000000 00000000 00000000 00000000 00000000 00000000 00000000 00000000 
R24-R31: 00000000 00000000 00000000 00000000 00000000 00000400 000003f4 MemUnit6 

Floating Point Registers:
F0-F7:   00000000 00000000 00000000 00000000 00000000 00000000 00000000 00000000 
F8-F15:  00000000 00000000 00000000 00000000 00000000 00000000 00000000 00000000 
F16-F23: 00000000 00000000 00000000 00000000 00000000 00000000 00000000 00000000 
F24-F31: 00000000 00000000 00000000 00000000 00000000 00000000 00000000 00000000 

Memory:
0000: 201e0400 23dd0000 20010068 8c210000 2002006c 44400003 44200001 2002007a 
0020: 44400003 afc1fffc 23defff4 20020044 4c400000 44200001 20020085 44400003 
0040: 44000000 afdf0004 afdd0000 23dd0000 8fa10008 20210001 23be0000 8fdd0000 
0060: 8fdf0004 4be00000 0000006f 0a546865 2073756d 206f6620 00002061 6e642031 
0080: 20697320 000a0000 00000000 00000000 00000000 00000000 00000000 00000000 
00a0: 00000000 00000000 00000000 00000000 00000000 00000000 00000000 00000000 *
03e0: 00000000 00000000 00000000 00000000 00000000 00000400 00000034 0000006f 
0400: 00000000 00000000 00000000 00000000 00000000 00000000 00000000 00000000 *

End of clock cycle  28
----------------------
Memory Unit:
     Name     Busy       Op       Vj       Vk        Qj        Qk        A   Result  X-Start    X-End
 MemUnit6        1       lw 000003f4 00000000                     000003f8 00000034       27       28 

Branch Unit:
     Name     Busy       Op       Vj       Vk        Qj        Qk        A   Result  X-Start    X-End
  BrUnit0        1       jr 00000000 00000000  MemUnit6           00000000       --       --      --

General Purpose Registers:
R0-R7:   00000000 00000070 00000044 00000000 00000000 00000000 00000000 00000000 
R8-R15:  00000000 00000000 00000000 00000000 00000000 00000000 00000000 00000000 
R16-R23: 00000000 00000000 00000000 00000000 00000000 00000000 00000000 00000000 
R24-R31: 00000000 00000000 00000000 00000000 00000000 00000400 000003f4 MemUnit6 

Floating Point Registers:
F0-F7:   00000000 00000000 00000000 00000000 00000000 00000000 00000000 00000000 
F8-F15:  00000000 00000000 00000000 00000000 00000000 00000000 00000000 00000000 
F16-F23: 00000000 00000000 00000000 00000000 00000000 00000000 00000000 00000000 
F24-F31: 00000000 00000000 00000000 00000000 00000000 00000000 00000000 00000000 

Memory:
0000: 201e0400 23dd0000 20010068 8c210000 2002006c 44400003 44200001 2002007a 
0020: 44400003 afc1fffc 23defff4 20020044 4c400000 44200001 20020085 44400003 
0040: 44000000 afdf0004 afdd0000 23dd0000 8fa10008 20210001 23be0000 8fdd0000 
0060: 8fdf0004 4be00000 0000006f 0a546865 2073756d 206f6620 00002061 6e642031 
0080: 20697320 000a0000 00000000 00000000 00000000 00000000 00000000 00000000 
00a0: 00000000 00000000 00000000 00000000 00000000 00000000 00000000 00000000 *
03e0: 00000000 00000000 00000000 00000000 00000000 00000400 00000034 0000006f 
0400: 00000000 00000000 00000000 00000000 00000000 00000000 00000000 00000000 *

End of clock cycle  29
----------------------
Branch Unit:
     Name     Busy       Op       Vj       Vk        Qj        Qk        A   Result  X-Start    X-End
  BrUnit0        1       jr 00000034 00000000                     00000000       --       --      --

General Purpose Registers:
R0-R7:   00000000 00000070 00000044 00000000 00000000 00000000 00000000 00000000 
R8-R15:  00000000 00000000 00000000 00000000 00000000 00000000 00000000 00000000 
R16-R23: 00000000 00000000 00000000 00000000 00000000 00000000 00000000 00000000 
R24-R31: 00000000 00000000 00000000 00000000 00000000 00000400 000003f4 00000034 

Floating Point Registers:
F0-F7:   00000000 00000000 00000000 00000000 00000000 00000000 00000000 00000000 
F8-F15:  00000000 00000000 00000000 00000000 00000000 00000000 00000000 00000000 
F16-F23: 00000000 00000000 00000000 00000000 00000000 00000000 00000000 00000000 
F24-F31: 00000000 00000000 00000000 00000000 00000000 00000000 00000000 00000000 

Memory:
0000: 201e0400 23dd0000 20010068 8c210000 2002006c 44400003 44200001 2002007a 
0020: 44400003 afc1fffc 23defff4 20020044 4c400000 44200001 20020085 44400003 
0040: 44000000 afdf0004 afdd0000 23dd0000 8fa10008 20210001 23be0000 8fdd0000 
0060: 8fdf0004 4be00000 0000006f 0a546865 2073756d 206f6620 00002061 6e642031 
0080: 20697320 000a0000 00000000 00000000 00000000 00000000 00000000 00000000 
00a0: 00000000 00000000 00000000 00000000 00000000 00000000 00000000 00000000 *
03e0: 00000000 00000000 00000000 00000000 00000000 00000400 00000034 0000006f 
0400: 00000000 00000000 00000000 00000000 00000000 00000000 00000000 00000000 *

End of clock cycle  30
----------------------
Branch Unit:
     Name     Busy       Op       Vj       Vk        Qj        Qk        A   Result  X-Start    X-End
  BrUnit0        1       jr 00000034 00000000                     00000000 00000001       30       30 

General Purpose Registers:
R0-R7:   00000000 00000070 00000044 00000000 00000000 00000000 00000000 00000000 
R8-R15:  00000000 00000000 00000000 00000000 00000000 00000000 00000000 00000000 
R16-R23: 00000000 00000000 00000000 00000000 00000000 00000000 00000000 00000000 
R24-R31: 00000000 00000000 00000000 00000000 00000000 00000400 000003f4 00000034 

Floating Point Registers:
F0-F7:   00000000 00000000 00000000 00000000 00000000 00000000 00000000 00000000 
F8-F15:  00000000 00000000 00000000 00000000 00000000 00000000 00000000 00000000 
F16-F23: 00000000 00000000 00000000 00000000 00000000 00000000 00000000 00000000 
F24-F31: 00000000 00000000 00000000 00000000 00000000 00000000 00000000 00000000 

Memory:
0000: 201e0400 23dd0000 20010068 8c210000 2002006c 44400003 44200001 2002007a 
0020: 44400003 afc1fffc 23defff4 20020044 4c400000 44200001 20020085 44400003 
0040: 44000000 afdf0004 afdd0000 23dd0000 8fa10008 20210001 23be0000 8fdd0000 
0060: 8fdf0004 4be00000 0000006f 0a546865 2073756d 206f6620 00002061 6e642031 
0080: 20697320 000a0000 00000000 00000000 00000000 00000000 00000000 00000000 
00a0: 00000000 00000000 00000000 00000000 00000000 00000000 00000000 00000000 *
03e0: 00000000 00000000 00000000 00000000 00000000 00000400 00000034 0000006f 
0400: 00000000 00000000 00000000 00000000 00000000 00000000 00000000 00000000 *

End of clock cycle  31
----------------------
General Purpose Registers:
R0-R7:   00000000 00000070 00000044 00000000 00000000 00000000 00000000 00000000 
R8-R15:  00000000 00000000 00000000 00000000 00000000 00000000 00000000 00000000 
R16-R23: 00000000 00000000 00000000 00000000 00000000 00000000 00000000 00000000 
R24-R31: 00000000 00000000 00000000 00000000 00000000 00000400 000003f4 00000034 

Floating Point Registers:
F0-F7:   00000000 00000000 00000000 00000000 00000000 00000000 00000000 00000000 
F8-F15:  00000000 00000000 00000000 00000000 00000000 00000000 00000000 00000000 
F16-F23: 00000000 00000000 00000000 00000000 00000000 00000000 00000000 00000000 
F24-F31: 00000000 00000000 00000000 00000000 00000000 00000000 00000000 00000000 

Memory:
0000: 201e0400 23dd0000 20010068 8c210000 2002006c 44400003 44200001 2002007a 
0020: 44400003 afc1fffc 23defff4 20020044 4c400000 44200001 20020085 44400003 
0040: 44000000 afdf0004 afdd0000 23dd0000 8fa10008 20210001 23be0000 8fdd0000 
0060: 8fdf0004 4be00000 0000006f 0a546865 2073756d 206f6620 00002061 6e642031 
0080: 20697320 000a0000 00000000 00000000 00000000 00000000 00000000 00000000 
00a0: 00000000 00000000 00000000 00000000 00000000 00000000 00000000 00000000 *
03e0: 00000000 00000000 00000000 00000000 00000000 00000400 00000034 0000006f 
0400: 00000000 00000000 00000000 00000000 00000000 00000000 00000000 00000000 *

End of clock cycle  32
----------------------
Trap Unit:
     Name     Busy       Op       Vj       Vk        Qj        Qk        A   Result  X-Start    X-End
TrapUnit3        1  dumpgpr 00000070 00000000                     00000000       --       --      --

General Purpose Registers:
R0-R7:   00000000 00000070 00000044 00000000 00000000 00000000 00000000 00000000 
R8-R15:  00000000 00000000 00000000 00000000 00000000 00000000 00000000 00000000 
R16-R23: 00000000 00000000 00000000 00000000 00000000 00000000 00000000 00000000 
R24-R31: 00000000 00000000 00000000 00000000 00000000 00000400 000003f4 00000034 

Floating Point Registers:
F0-F7:   00000000 00000000 00000000 00000000 00000000 00000000 00000000 00000000 
F8-F15:  00000000 00000000 00000000 00000000 00000000 00000000 00000000 00000000 
F16-F23: 00000000 00000000 00000000 00000000 00000000 00000000 00000000 00000000 
F24-F31: 00000000 00000000 00000000 00000000 00000000 00000000 00000000 00000000 

Memory:
0000: 201e0400 23dd0000 20010068 8c210000 2002006c 44400003 44200001 2002007a 
0020: 44400003 afc1fffc 23defff4 20020044 4c400000 44200001 20020085 44400003 
0040: 44000000 afdf0004 afdd0000 23dd0000 8fa10008 20210001 23be0000 8fdd0000 
0060: 8fdf0004 4be00000 0000006f 0a546865 2073756d 206f6620 00002061 6e642031 
0080: 20697320 000a0000 00000000 00000000 00000000 00000000 00000000 00000000 
00a0: 00000000 00000000 00000000 00000000 00000000 00000000 00000000 00000000 *
03e0: 00000000 00000000 00000000 00000000 00000000 00000400 00000034 0000006f 
0400: 00000000 00000000 00000000 00000000 00000000 00000000 00000000 00000000 *

End of clock cycle  33
----------------------
Integer Unit:
     Name     Busy       Op       Vj       Vk        Qj        Qk        A   Result  X-Start    X-End
 IntUnit0        1     addi 00000000 00000000                     00000085       --       --      --

Trap Unit:
     Name     Busy       Op       Vj       Vk        Qj        Qk        A   Result  X-Start    X-End
TrapUnit3        1  dumpgpr 00000070 00000000                     00000000 00000000       33       33 

General Purpose Registers:
R0-R7:   00000000 00000070 IntUnit0 00000000 00000000 00000000 00000000 00000000 
R8-R15:  00000000 00000000 00000000 00000000 00000000 00000000 00000000 00000000 
R16-R23: 00000000 00000000 00000000 00000000 00000000 00000000 00000000 00000000 
R24-R31: 00000000 00000000 00000000 00000000 00000000 00000400 000003f4 00000034 

Floating Point Registers:
F0-F7:   00000000 00000000 00000000 00000000 00000000 00000000 00000000 00000000 
F8-F15:  00000000 00000000 00000000 00000000 00000000 00000000 00000000 00000000 
F16-F23: 00000000 00000000 00000000 00000000 00000000 00000000 00000000 00000000 
F24-F31: 00000000 00000000 00000000 00000000 00000000 00000000 00000000 00000000 

Memory:
0000: 201e0400 23dd0000 20010068 8c210000 2002006c 44400003 44200001 2002007a 
0020: 44400003 afc1fffc 23defff4 20020044 4c400000 44200001 20020085 44400003 
0040: 44000000 afdf0004 afdd0000 23dd0000 8fa10008 20210001 23be0000 8fdd0000 
0060: 8fdf0004 4be00000 0000006f 0a546865 2073756d 206f6620 00002061 6e642031 
0080: 20697320 000a0000 00000000 00000000 00000000 00000000 00000000 00000000 
00a0: 00000000 00000000 00000000 00000000 00000000 00000000 00000000 00000000 *
03e0: 00000000 00000000 00000000 00000000 00000000 00000400 00000034 0000006f 
0400: 00000000 00000000 00000000 00000000 00000000 00000000 00000000 00000000 *

112End of clock cycle  34
----------------------
Integer Unit:
     Name     Busy       Op       Vj       Vk        Qj        Qk        A   Result  X-Start    X-End
 IntUnit0        1     addi 00000000 00000000                     00000085 00000085       34       34 

Trap Unit:
     Name     Busy       Op       Vj       Vk        Qj        Qk        A   Result  X-Start    X-End
TrapUnit0        1  dumpstr 00000000 00000000  IntUnit0           00000000       --       --      --

General Purpose Registers:
R0-R7:   00000000 00000070 IntUnit0 00000000 00000000 00000000 00000000 00000000 
R8-R15:  00000000 00000000 00000000 00000000 00000000 00000000 00000000 00000000 
R16-R23: 00000000 00000000 00000000 00000000 00000000 00000000 00000000 00000000 
R24-R31: 00000000 00000000 00000000 00000000 00000000 00000400 000003f4 00000034 

Floating Point Registers:
F0-F7:   00000000 00000000 00000000 00000000 00000000 00000000 00000000 00000000 
F8-F15:  00000000 00000000 00000000 00000000 00000000 00000000 00000000 00000000 
F16-F23: 00000000 00000000 00000000 00000000 00000000 00000000 00000000 00000000 
F24-F31: 00000000 00000000 00000000 00000000 00000000 00000000 00000000 00000000 

Memory:
0000: 201e0400 23dd0000 20010068 8c210000 2002006c 44400003 44200001 2002007a 
0020: 44400003 afc1fffc 23defff4 20020044 4c400000 44200001 20020085 44400003 
0040: 44000000 afdf0004 afdd0000 23dd0000 8fa10008 20210001 23be0000 8fdd0000 
0060: 8fdf0004 4be00000 0000006f 0a546865 2073756d 206f6620 00002061 6e642031 
0080: 20697320 000a0000 00000000 00000000 00000000 00000000 00000000 00000000 
00a0: 00000000 00000000 00000000 00000000 00000000 00000000 00000000 00000000 *
03e0: 00000000 00000000 00000000 00000000 00000000 00000400 00000034 0000006f 
0400: 00000000 00000000 00000000 00000000 00000000 00000000 00000000 00000000 *

End of clock cycle  35
----------------------
Trap Unit:
     Name     Busy       Op       Vj       Vk        Qj        Qk        A   Result  X-Start    X-End
TrapUnit0        1  dumpstr 00000085 00000000                     00000000       --       --      --
TrapUnit1        1     halt 00000000 00000000                     00000000       --       --      --

General Purpose Registers:
R0-R7:   00000000 00000070 00000085 00000000 00000000 00000000 00000000 00000000 
R8-R15:  00000000 00000000 00000000 00000000 00000000 00000000 00000000 00000000 
R16-R23: 00000000 00000000 00000000 00000000 00000000 00000000 00000000 00000000 
R24-R31: 00000000 00000000 00000000 00000000 00000000 00000400 000003f4 00000034 

Floating Point Registers:
F0-F7:   00000000 00000000 00000000 00000000 00000000 00000000 00000000 00000000 
F8-F15:  00000000 00000000 00000000 00000000 00000000 00000000 00000000 00000000 
F16-F23: 00000000 00000000 00000000 00000000 00000000 00000000 00000000 00000000 
F24-F31: 00000000 00000000 00000000 00000000 00000000 00000000 00000000 00000000 

Memory:
0000: 201e0400 23dd0000 20010068 8c210000 2002006c 44400003 44200001 2002007a 
0020: 44400003 afc1fffc 23defff4 20020044 4c400000 44200001 20020085 44400003 
0040: 44000000 afdf0004 afdd0000 23dd0000 8fa10008 20210001 23be0000 8fdd0000 
0060: 8fdf0004 4be00000 0000006f 0a546865 2073756d 206f6620 00002061 6e642031 
0080: 20697320 000a0000 00000000 00000000 00000000 00000000 00000000 00000000 
00a0: 00000000 00000000 00000000 00000000 00000000 00000000 00000000 00000000 *
03e0: 00000000 00000000 00000000 00000000 00000000 00000400 00000034 0000006f 
0400: 00000000 00000000 00000000 00000000 00000000 00000000 00000000 00000000 *

End of clock cycle  36
----------------------
Trap Unit:
     Name     Busy       Op       Vj       Vk        Qj        Qk        A   Result  X-Start    X-End
TrapUnit0        1  dumpstr 00000085 00000000                     00000000 00000000       36       36 
TrapUnit1        1     halt 00000000 00000000                     00000000       --       --      --

General Purpose Registers:
R0-R7:   00000000 00000070 00000085 00000000 00000000 00000000 00000000 00000000 
R8-R15:  00000000 00000000 00000000 00000000 00000000 00000000 00000000 00000000 
R16-R23: 00000000 00000000 00000000 00000000 00000000 00000000 00000000 00000000 
R24-R31: 00000000 00000000 00000000 00000000 00000000 00000400 000003f4 00000034 

Floating Point Registers:
F0-F7:   00000000 00000000 00000000 00000000 00000000 00000000 00000000 00000000 
F8-F15:  00000000 00000000 00000000 00000000 00000000 00000000 00000000 00000000 
F16-F23: 00000000 00000000 00000000 00000000 00000000 00000000 00000000 00000000 
F24-F31: 00000000 00000000 00000000 00000000 00000000 00000000 00000000 00000000 

Memory:
0000: 201e0400 23dd0000 20010068 8c210000 2002006c 44400003 44200001 2002007a 
0020: 44400003 afc1fffc 23defff4 20020044 4c400000 44200001 20020085 44400003 
0040: 44000000 afdf0004 afdd0000 23dd0000 8fa10008 20210001 23be0000 8fdd0000 
0060: 8fdf0004 4be00000 0000006f 0a546865 2073756d 206f6620 00002061 6e642031 
0080: 20697320 000a0000 00000000 00000000 00000000 00000000 00000000 00000000 
00a0: 00000000 00000000 00000000 00000000 00000000 00000000 00000000 00000000 *
03e0: 00000000 00000000 00000000 00000000 00000000 00000400 00000034 0000006f 
0400: 00000000 00000000 00000000 00000000 00000000 00000000 00000000 00000000 *


End of clock cycle  37
----------------------
Trap Unit:
     Name     Busy       Op       Vj       Vk        Qj        Qk        A   Result  X-Start    X-End
TrapUnit1        1     halt 00000000 00000000                     00000000 00000000       37       37 

General Purpose Registers:
R0-R7:   00000000 00000070 00000085 00000000 00000000 00000000 00000000 00000000 
R8-R15:  00000000 00000000 00000000 00000000 00000000 00000000 00000000 00000000 
R16-R23: 00000000 00000000 00000000 00000000 00000000 00000000 00000000 00000000 
R24-R31: 00000000 00000000 00000000 00000000 00000000 00000400 000003f4 00000034 

Floating Point Registers:
F0-F7:   00000000 00000000 00000000 00000000 00000000 00000000 00000000 00000000 
F8-F15:  00000000 00000000 00000000 00000000 00000000 00000000 00000000 00000000 
F16-F23: 00000000 00000000 00000000 00000000 00000000 00000000 00000000 00000000 
F24-F31: 00000000 00000000 00000000 00000000 00000000 00000000 00000000 00000000 

Memory:
0000: 201e0400 23dd0000 20010068 8c210000 2002006c 44400003 44200001 2002007a 
0020: 44400003 afc1fffc 23defff4 20020044 4c400000 44200001 20020085 44400003 
0040: 44000000 afdf0004 afdd0000 23dd0000 8fa10008 20210001 23be0000 8fdd0000 
0060: 8fdf0004 4be00000 0000006f 0a546865 2073756d 206f6620 00002061 6e642031 
0080: 20697320 000a0000 00000000 00000000 00000000 00000000 00000000 00000000 
00a0: 00000000 00000000 00000000 00000000 00000000 00000000 00000000 00000000 *
03e0: 00000000 00000000 00000000 00000000 00000000 00000400 00000034 0000006f 
0400: 00000000 00000000 00000000 00000000 00000000 00000000 00000000 00000000 *

End of clock cycle  38
----------------------
General Purpose Registers:
R0-R7:   00000000 00000070 00000085 00000000 00000000 00000000 00000000 00000000 
R8-R15:  00000000 00000000 00000000 00000000 00000000 00000000 00000000 00000000 
R16-R23: 00000000 00000000 00000000 00000000 00000000 00000000 00000000 00000000 
R24-R31: 00000000 00000000 00000000 00000000 00000000 00000400 000003f4 00000034 

Floating Point Registers:
F0-F7:   00000000 00000000 00000000 00000000 00000000 00000000 00000000 00000000 
F8-F15:  00000000 00000000 00000000 00000000 00000000 00000000 00000000 00000000 
F16-F23: 00000000 00000000 00000000 00000000 00000000 00000000 00000000 00000000 
F24-F31: 00000000 00000000 00000000 00000000 00000000 00000000 00000000 00000000 

Memory:
0000: 201e0400 23dd0000 20010068 8c210000 2002006c 44400003 44200001 2002007a 
0020: 44400003 afc1fffc 23defff4 20020044 4c400000 44200001 20020085 44400003 
0040: 44000000 afdf0004 afdd0000 23dd0000 8fa10008 20210001 23be0000 8fdd0000 
0060: 8fdf0004 4be00000 0000006f 0a546865 2073756d 206f6620 00002061 6e642031 
0080: 20697320 000a0000 00000000 00000000 00000000 00000000 00000000 00000000 
00a0: 00000000 00000000 00000000 00000000 00000000 00000000 00000000 00000000 *
03e0: 00000000 00000000 00000000 00000000 00000000 00000400 00000034 0000006f 
0400: 00000000 00000000 00000000 00000000 00000000 00000000 00000000 00000000 *

