End of clock cycle   0
----------------------
Integer Unit:
     Name     Busy       Op       Vj       Vk        Qj        Qk        A   Result  X-Start    X-End
 IntUnit0        1     addi 00000000 00000000                     0000008c       --       --      --

General Purpose Registers:
R0-R7:   00000000 IntUnit0 00000000 00000000 00000000 00000000 00000000 00000000 
R8-R15:  00000000 00000000 00000000 00000000 00000000 00000000 00000000 00000000 
R16-R23: 00000000 00000000 00000000 00000000 00000000 00000000 00000000 00000000 
R24-R31: 00000000 00000000 00000000 00000000 00000000 00000000 00000000 00000000 

Floating Point Registers:
F0-F7:   00000000 00000000 00000000 00000000 00000000 00000000 00000000 00000000 
F8-F15:  00000000 00000000 00000000 00000000 00000000 00000000 00000000 00000000 
F16-F23: 00000000 00000000 00000000 00000000 00000000 00000000 00000000 00000000 
F24-F31: 00000000 00000000 00000000 00000000 00000000 00000000 00000000 00000000 

Memory:
0000: 2001008c 8c210000 20020090 8c420000 00221822 20040088 8c840000 00832024 
0020: 1080000c 00022820 20070038 48e00000 00000000 00012820 20060094 acc50000 
0040: 20040098 44800003 2001008c 8c210000 44200001 200400a6 44800003 20010090 
0060: 8c210000 44200001 200400ac 44800003 20040094 8c840000 44800001 200400b1 
0080: 44800003 44000000 80000000 0000000c 00000016 00000000 0a546865 206d6178 
00a0: 206f6620 00002061 6e642000 20697320 002e0a00 00000000 00000000 00000000 
00c0: 00000000 00000000 00000000 00000000 00000000 00000000 00000000 00000000 *

End of clock cycle   1
----------------------
Integer Unit:
     Name     Busy       Op       Vj       Vk        Qj        Qk        A   Result  X-Start    X-End
 IntUnit0        1     addi 00000000 00000000                     0000008c 0000008c        1        1 

Memory Unit:
     Name     Busy       Op       Vj       Vk        Qj        Qk        A   Result  X-Start    X-End
 MemUnit0        1       lw 00000000 00000000  IntUnit0           00000000       --       --      --

General Purpose Registers:
R0-R7:   00000000 MemUnit0 00000000 00000000 00000000 00000000 00000000 00000000 
R8-R15:  00000000 00000000 00000000 00000000 00000000 00000000 00000000 00000000 
R16-R23: 00000000 00000000 00000000 00000000 00000000 00000000 00000000 00000000 
R24-R31: 00000000 00000000 00000000 00000000 00000000 00000000 00000000 00000000 

Floating Point Registers:
F0-F7:   00000000 00000000 00000000 00000000 00000000 00000000 00000000 00000000 
F8-F15:  00000000 00000000 00000000 00000000 00000000 00000000 00000000 00000000 
F16-F23: 00000000 00000000 00000000 00000000 00000000 00000000 00000000 00000000 
F24-F31: 00000000 00000000 00000000 00000000 00000000 00000000 00000000 00000000 

Memory:
0000: 2001008c 8c210000 20020090 8c420000 00221822 20040088 8c840000 00832024 
0020: 1080000c 00022820 20070038 48e00000 00000000 00012820 20060094 acc50000 
0040: 20040098 44800003 2001008c 8c210000 44200001 200400a6 44800003 20010090 
0060: 8c210000 44200001 200400ac 44800003 20040094 8c840000 44800001 200400b1 
0080: 44800003 44000000 80000000 0000000c 00000016 00000000 0a546865 206d6178 
00a0: 206f6620 00002061 6e642000 20697320 002e0a00 00000000 00000000 00000000 
00c0: 00000000 00000000 00000000 00000000 00000000 00000000 00000000 00000000 *

End of clock cycle   2
----------------------
Integer Unit:
     Name     Busy       Op       Vj       Vk        Qj        Qk        A   Result  X-Start    X-End
 IntUnit1        1     addi 00000000 00000000                     00000090       --       --      --

Memory Unit:
     Name     Busy       Op       Vj       Vk        Qj        Qk        A   Result  X-Start    X-End
 MemUnit0        1       lw 0000008c 00000000                     00000000       --       --      --

General Purpose Registers:
R0-R7:   00000000 MemUnit0 IntUnit1 00000000 00000000 00000000 00000000 00000000 
R8-R15:  00000000 00000000 00000000 00000000 00000000 00000000 00000000 00000000 
R16-R23: 00000000 00000000 00000000 00000000 00000000 00000000 00000000 00000000 
R24-R31: 00000000 00000000 00000000 00000000 00000000 00000000 00000000 00000000 

Floating Point Registers:
F0-F7:   00000000 00000000 00000000 00000000 00000000 00000000 00000000 00000000 
F8-F15:  00000000 00000000 00000000 00000000 00000000 00000000 00000000 00000000 
F16-F23: 00000000 00000000 00000000 00000000 00000000 00000000 00000000 00000000 
F24-F31: 00000000 00000000 00000000 00000000 00000000 00000000 00000000 00000000 

Memory:
0000: 2001008c 8c210000 20020090 8c420000 00221822 20040088 8c840000 00832024 
0020: 1080000c 00022820 20070038 48e00000 00000000 00012820 20060094 acc50000 
0040: 20040098 44800003 2001008c 8c210000 44200001 200400a6 44800003 20010090 
0060: 8c210000 44200001 200400ac 44800003 20040094 8c840000 44800001 200400b1 
0080: 44800003 44000000 80000000 0000000c 00000016 00000000 0a546865 206d6178 
00a0: 206f6620 00002061 6e642000 20697320 002e0a00 00000000 00000000 00000000 
00c0: 00000000 00000000 00000000 00000000 00000000 00000000 00000000 00000000 *

End of clock cycle   3
----------------------
Integer Unit:
     Name     Busy       Op       Vj       Vk        Qj        Qk        A   Result  X-Start    X-End
 IntUnit1        1     addi 00000000 00000000                     00000090 00000090        3        3 

Memory Unit:
     Name     Busy       Op       Vj       Vk        Qj        Qk        A   Result  X-Start    X-End
 MemUnit0        1       lw 0000008c 00000000                     00000000       --        3       --
 MemUnit1        1       lw 00000000 00000000  IntUnit1           00000000       --       --      --

General Purpose Registers:
R0-R7:   00000000 MemUnit0 MemUnit1 00000000 00000000 00000000 00000000 00000000 
R8-R15:  00000000 00000000 00000000 00000000 00000000 00000000 00000000 00000000 
R16-R23: 00000000 00000000 00000000 00000000 00000000 00000000 00000000 00000000 
R24-R31: 00000000 00000000 00000000 00000000 00000000 00000000 00000000 00000000 

Floating Point Registers:
F0-F7:   00000000 00000000 00000000 00000000 00000000 00000000 00000000 00000000 
F8-F15:  00000000 00000000 00000000 00000000 00000000 00000000 00000000 00000000 
F16-F23: 00000000 00000000 00000000 00000000 00000000 00000000 00000000 00000000 
F24-F31: 00000000 00000000 00000000 00000000 00000000 00000000 00000000 00000000 

Memory:
0000: 2001008c 8c210000 20020090 8c420000 00221822 20040088 8c840000 00832024 
0020: 1080000c 00022820 20070038 48e00000 00000000 00012820 20060094 acc50000 
0040: 20040098 44800003 2001008c 8c210000 44200001 200400a6 44800003 20010090 
0060: 8c210000 44200001 200400ac 44800003 20040094 8c840000 44800001 200400b1 
0080: 44800003 44000000 80000000 0000000c 00000016 00000000 0a546865 206d6178 
00a0: 206f6620 00002061 6e642000 20697320 002e0a00 00000000 00000000 00000000 
00c0: 00000000 00000000 00000000 00000000 00000000 00000000 00000000 00000000 *

End of clock cycle   4
----------------------
Integer Unit:
     Name     Busy       Op       Vj       Vk        Qj        Qk        A   Result  X-Start    X-End
 IntUnit0        1      sub 00000000 00000000  MemUnit0  MemUnit1 00000000       --       --      --

Memory Unit:
     Name     Busy       Op       Vj       Vk        Qj        Qk        A   Result  X-Start    X-End
 MemUnit0        1       lw 0000008c 00000000                     0000008c 0000000c        3        4 
 MemUnit1        1       lw 00000090 00000000                     00000000       --       --      --

General Purpose Registers:
R0-R7:   00000000 MemUnit0 MemUnit1 IntUnit0 00000000 00000000 00000000 00000000 
R8-R15:  00000000 00000000 00000000 00000000 00000000 00000000 00000000 00000000 
R16-R23: 00000000 00000000 00000000 00000000 00000000 00000000 00000000 00000000 
R24-R31: 00000000 00000000 00000000 00000000 00000000 00000000 00000000 00000000 

Floating Point Registers:
F0-F7:   00000000 00000000 00000000 00000000 00000000 00000000 00000000 00000000 
F8-F15:  00000000 00000000 00000000 00000000 00000000 00000000 00000000 00000000 
F16-F23: 00000000 00000000 00000000 00000000 00000000 00000000 00000000 00000000 
F24-F31: 00000000 00000000 00000000 00000000 00000000 00000000 00000000 00000000 

Memory:
0000: 2001008c 8c210000 20020090 8c420000 00221822 20040088 8c840000 00832024 
0020: 1080000c 00022820 20070038 48e00000 00000000 00012820 20060094 acc50000 
0040: 20040098 44800003 2001008c 8c210000 44200001 200400a6 44800003 20010090 
0060: 8c210000 44200001 200400ac 44800003 20040094 8c840000 44800001 200400b1 
0080: 44800003 44000000 80000000 0000000c 00000016 00000000 0a546865 206d6178 
00a0: 206f6620 00002061 6e642000 20697320 002e0a00 00000000 00000000 00000000 
00c0: 00000000 00000000 00000000 00000000 00000000 00000000 00000000 00000000 *

End of clock cycle   5
----------------------
Integer Unit:
     Name     Busy       Op       Vj       Vk        Qj        Qk        A   Result  X-Start    X-End
 IntUnit0        1      sub 0000000c 00000000            MemUnit1 00000000       --       --      --
 IntUnit1        1     addi 00000000 00000000                     00000088       --       --      --

Memory Unit:
     Name     Busy       Op       Vj       Vk        Qj        Qk        A   Result  X-Start    X-End
 MemUnit1        1       lw 00000090 00000000                     00000000       --        5       --

General Purpose Registers:
R0-R7:   00000000 0000000c MemUnit1 IntUnit0 IntUnit1 00000000 00000000 00000000 
R8-R15:  00000000 00000000 00000000 00000000 00000000 00000000 00000000 00000000 
R16-R23: 00000000 00000000 00000000 00000000 00000000 00000000 00000000 00000000 
R24-R31: 00000000 00000000 00000000 00000000 00000000 00000000 00000000 00000000 

Floating Point Registers:
F0-F7:   00000000 00000000 00000000 00000000 00000000 00000000 00000000 00000000 
F8-F15:  00000000 00000000 00000000 00000000 00000000 00000000 00000000 00000000 
F16-F23: 00000000 00000000 00000000 00000000 00000000 00000000 00000000 00000000 
F24-F31: 00000000 00000000 00000000 00000000 00000000 00000000 00000000 00000000 

Memory:
0000: 2001008c 8c210000 20020090 8c420000 00221822 20040088 8c840000 00832024 
0020: 1080000c 00022820 20070038 48e00000 00000000 00012820 20060094 acc50000 
0040: 20040098 44800003 2001008c 8c210000 44200001 200400a6 44800003 20010090 
0060: 8c210000 44200001 200400ac 44800003 20040094 8c840000 44800001 200400b1 
0080: 44800003 44000000 80000000 0000000c 00000016 00000000 0a546865 206d6178 
00a0: 206f6620 00002061 6e642000 20697320 002e0a00 00000000 00000000 00000000 
00c0: 00000000 00000000 00000000 00000000 00000000 00000000 00000000 00000000 *

End of clock cycle   6
----------------------
Integer Unit:
     Name     Busy       Op       Vj       Vk        Qj        Qk        A   Result  X-Start    X-End
 IntUnit0        1      sub 0000000c 00000000            MemUnit1 00000000       --       --      --
 IntUnit1        1     addi 00000000 00000000                     00000088 00000088        6        6 

Memory Unit:
     Name     Busy       Op       Vj       Vk        Qj        Qk        A   Result  X-Start    X-End
 MemUnit1        1       lw 00000090 00000000                     00000090 00000016        5        6 
 MemUnit2        1       lw 00000000 00000000  IntUnit1           00000000       --       --      --

General Purpose Registers:
R0-R7:   00000000 0000000c MemUnit1 IntUnit0 MemUnit2 00000000 00000000 00000000 
R8-R15:  00000000 00000000 00000000 00000000 00000000 00000000 00000000 00000000 
R16-R23: 00000000 00000000 00000000 00000000 00000000 00000000 00000000 00000000 
R24-R31: 00000000 00000000 00000000 00000000 00000000 00000000 00000000 00000000 

Floating Point Registers:
F0-F7:   00000000 00000000 00000000 00000000 00000000 00000000 00000000 00000000 
F8-F15:  00000000 00000000 00000000 00000000 00000000 00000000 00000000 00000000 
F16-F23: 00000000 00000000 00000000 00000000 00000000 00000000 00000000 00000000 
F24-F31: 00000000 00000000 00000000 00000000 00000000 00000000 00000000 00000000 

Memory:
0000: 2001008c 8c210000 20020090 8c420000 00221822 20040088 8c840000 00832024 
0020: 1080000c 00022820 20070038 48e00000 00000000 00012820 20060094 acc50000 
0040: 20040098 44800003 2001008c 8c210000 44200001 200400a6 44800003 20010090 
0060: 8c210000 44200001 200400ac 44800003 20040094 8c840000 44800001 200400b1 
0080: 44800003 44000000 80000000 0000000c 00000016 00000000 0a546865 206d6178 
00a0: 206f6620 00002061 6e642000 20697320 002e0a00 00000000 00000000 00000000 
00c0: 00000000 00000000 00000000 00000000 00000000 00000000 00000000 00000000 *

End of clock cycle   7
----------------------
Integer Unit:
     Name     Busy       Op       Vj       Vk        Qj        Qk        A   Result  X-Start    X-End
 IntUnit0        1      sub 0000000c 00000016                     00000000       --       --      --
 IntUnit1        1     addi 00000000 00000000                     00000088 00000088        6        6 
 IntUnit2        1      and 00000000 00000000  MemUnit2  IntUnit0 00000000       --       --      --

Memory Unit:
     Name     Busy       Op       Vj       Vk        Qj        Qk        A   Result  X-Start    X-End
 MemUnit2        1       lw 00000000 00000000  IntUnit1           00000000       --       --      --

General Purpose Registers:
R0-R7:   00000000 0000000c 00000016 IntUnit0 IntUnit2 00000000 00000000 00000000 
R8-R15:  00000000 00000000 00000000 00000000 00000000 00000000 00000000 00000000 
R16-R23: 00000000 00000000 00000000 00000000 00000000 00000000 00000000 00000000 
R24-R31: 00000000 00000000 00000000 00000000 00000000 00000000 00000000 00000000 

Floating Point Registers:
F0-F7:   00000000 00000000 00000000 00000000 00000000 00000000 00000000 00000000 
F8-F15:  00000000 00000000 00000000 00000000 00000000 00000000 00000000 00000000 
F16-F23: 00000000 00000000 00000000 00000000 00000000 00000000 00000000 00000000 
F24-F31: 00000000 00000000 00000000 00000000 00000000 00000000 00000000 00000000 

Memory:
0000: 2001008c 8c210000 20020090 8c420000 00221822 20040088 8c840000 00832024 
0020: 1080000c 00022820 20070038 48e00000 00000000 00012820 20060094 acc50000 
0040: 20040098 44800003 2001008c 8c210000 44200001 200400a6 44800003 20010090 
0060: 8c210000 44200001 200400ac 44800003 20040094 8c840000 44800001 200400b1 
0080: 44800003 44000000 80000000 0000000c 00000016 00000000 0a546865 206d6178 
00a0: 206f6620 00002061 6e642000 20697320 002e0a00 00000000 00000000 00000000 
00c0: 00000000 00000000 00000000 00000000 00000000 00000000 00000000 00000000 *

End of clock cycle   8
----------------------
Integer Unit:
     Name     Busy       Op       Vj       Vk        Qj        Qk        A   Result  X-Start    X-End
 IntUnit0        1      sub 0000000c 00000016                     00000000 fffffff6        8        8 
 IntUnit2        1      and 00000000 00000000  MemUnit2  IntUnit0 00000000       --       --      --

Memory Unit:
     Name     Busy       Op       Vj       Vk        Qj        Qk        A   Result  X-Start    X-End
 MemUnit2        1       lw 00000088 00000000                     00000000       --       --      --

Branch Unit:
     Name     Busy       Op       Vj       Vk        Qj        Qk        A   Result  X-Start    X-End
  BrUnit0        1     beqz 00000000 00000000  IntUnit2           0000000c       --       --      --

General Purpose Registers:
R0-R7:   00000000 0000000c 00000016 IntUnit0 IntUnit2 00000000 00000000 00000000 
R8-R15:  00000000 00000000 00000000 00000000 00000000 00000000 00000000 00000000 
R16-R23: 00000000 00000000 00000000 00000000 00000000 00000000 00000000 00000000 
R24-R31: 00000000 00000000 00000000 00000000 00000000 00000000 00000000 00000000 

Floating Point Registers:
F0-F7:   00000000 00000000 00000000 00000000 00000000 00000000 00000000 00000000 
F8-F15:  00000000 00000000 00000000 00000000 00000000 00000000 00000000 00000000 
F16-F23: 00000000 00000000 00000000 00000000 00000000 00000000 00000000 00000000 
F24-F31: 00000000 00000000 00000000 00000000 00000000 00000000 00000000 00000000 

Memory:
0000: 2001008c 8c210000 20020090 8c420000 00221822 20040088 8c840000 00832024 
0020: 1080000c 00022820 20070038 48e00000 00000000 00012820 20060094 acc50000 
0040: 20040098 44800003 2001008c 8c210000 44200001 200400a6 44800003 20010090 
0060: 8c210000 44200001 200400ac 44800003 20040094 8c840000 44800001 200400b1 
0080: 44800003 44000000 80000000 0000000c 00000016 00000000 0a546865 206d6178 
00a0: 206f6620 00002061 6e642000 20697320 002e0a00 00000000 00000000 00000000 
00c0: 00000000 00000000 00000000 00000000 00000000 00000000 00000000 00000000 *

End of clock cycle   9
----------------------
Integer Unit:
     Name     Busy       Op       Vj       Vk        Qj        Qk        A   Result  X-Start    X-End
 IntUnit2        1      and 00000000 fffffff6  MemUnit2           00000000       --       --      --

Memory Unit:
     Name     Busy       Op       Vj       Vk        Qj        Qk        A   Result  X-Start    X-End
 MemUnit2        1       lw 00000088 00000000                     00000000       --        9       --

Branch Unit:
     Name     Busy       Op       Vj       Vk        Qj        Qk        A   Result  X-Start    X-End
  BrUnit0        1     beqz 00000000 00000000  IntUnit2           0000000c       --       --      --

General Purpose Registers:
R0-R7:   00000000 0000000c 00000016 fffffff6 IntUnit2 00000000 00000000 00000000 
R8-R15:  00000000 00000000 00000000 00000000 00000000 00000000 00000000 00000000 
R16-R23: 00000000 00000000 00000000 00000000 00000000 00000000 00000000 00000000 
R24-R31: 00000000 00000000 00000000 00000000 00000000 00000000 00000000 00000000 

Floating Point Registers:
F0-F7:   00000000 00000000 00000000 00000000 00000000 00000000 00000000 00000000 
F8-F15:  00000000 00000000 00000000 00000000 00000000 00000000 00000000 00000000 
F16-F23: 00000000 00000000 00000000 00000000 00000000 00000000 00000000 00000000 
F24-F31: 00000000 00000000 00000000 00000000 00000000 00000000 00000000 00000000 

Memory:
0000: 2001008c 8c210000 20020090 8c420000 00221822 20040088 8c840000 00832024 
0020: 1080000c 00022820 20070038 48e00000 00000000 00012820 20060094 acc50000 
0040: 20040098 44800003 2001008c 8c210000 44200001 200400a6 44800003 20010090 
0060: 8c210000 44200001 200400ac 44800003 20040094 8c840000 44800001 200400b1 
0080: 44800003 44000000 80000000 0000000c 00000016 00000000 0a546865 206d6178 
00a0: 206f6620 00002061 6e642000 20697320 002e0a00 00000000 00000000 00000000 
00c0: 00000000 00000000 00000000 00000000 00000000 00000000 00000000 00000000 *

End of clock cycle  10
----------------------
Integer Unit:
     Name     Busy       Op       Vj       Vk        Qj        Qk        A   Result  X-Start    X-End
 IntUnit2        1      and 00000000 fffffff6  MemUnit2           00000000       --       --      --

Memory Unit:
     Name     Busy       Op       Vj       Vk        Qj        Qk        A   Result  X-Start    X-End
 MemUnit2        1       lw 00000088 00000000                     00000088 80000000        9       10 

Branch Unit:
     Name     Busy       Op       Vj       Vk        Qj        Qk        A   Result  X-Start    X-End
  BrUnit0        1     beqz 00000000 00000000  IntUnit2           0000000c       --       --      --

General Purpose Registers:
R0-R7:   00000000 0000000c 00000016 fffffff6 IntUnit2 00000000 00000000 00000000 
R8-R15:  00000000 00000000 00000000 00000000 00000000 00000000 00000000 00000000 
R16-R23: 00000000 00000000 00000000 00000000 00000000 00000000 00000000 00000000 
R24-R31: 00000000 00000000 00000000 00000000 00000000 00000000 00000000 00000000 

Floating Point Registers:
F0-F7:   00000000 00000000 00000000 00000000 00000000 00000000 00000000 00000000 
F8-F15:  00000000 00000000 00000000 00000000 00000000 00000000 00000000 00000000 
F16-F23: 00000000 00000000 00000000 00000000 00000000 00000000 00000000 00000000 
F24-F31: 00000000 00000000 00000000 00000000 00000000 00000000 00000000 00000000 

Memory:
0000: 2001008c 8c210000 20020090 8c420000 00221822 20040088 8c840000 00832024 
0020: 1080000c 00022820 20070038 48e00000 00000000 00012820 20060094 acc50000 
0040: 20040098 44800003 2001008c 8c210000 44200001 200400a6 44800003 20010090 
0060: 8c210000 44200001 200400ac 44800003 20040094 8c840000 44800001 200400b1 
0080: 44800003 44000000 80000000 0000000c 00000016 00000000 0a546865 206d6178 
00a0: 206f6620 00002061 6e642000 20697320 002e0a00 00000000 00000000 00000000 
00c0: 00000000 00000000 00000000 00000000 00000000 00000000 00000000 00000000 *

End of clock cycle  11
----------------------
Integer Unit:
     Name     Busy       Op       Vj       Vk        Qj        Qk        A   Result  X-Start    X-End
 IntUnit2        1      and 80000000 fffffff6                     00000000       --       --      --

Branch Unit:
     Name     Busy       Op       Vj       Vk        Qj        Qk        A   Result  X-Start    X-End
  BrUnit0        1     beqz 00000000 00000000  IntUnit2           0000000c       --       --      --

General Purpose Registers:
R0-R7:   00000000 0000000c 00000016 fffffff6 IntUnit2 00000000 00000000 00000000 
R8-R15:  00000000 00000000 00000000 00000000 00000000 00000000 00000000 00000000 
R16-R23: 00000000 00000000 00000000 00000000 00000000 00000000 00000000 00000000 
R24-R31: 00000000 00000000 00000000 00000000 00000000 00000000 00000000 00000000 

Floating Point Registers:
F0-F7:   00000000 00000000 00000000 00000000 00000000 00000000 00000000 00000000 
F8-F15:  00000000 00000000 00000000 00000000 00000000 00000000 00000000 00000000 
F16-F23: 00000000 00000000 00000000 00000000 00000000 00000000 00000000 00000000 
F24-F31: 00000000 00000000 00000000 00000000 00000000 00000000 00000000 00000000 

Memory:
0000: 2001008c 8c210000 20020090 8c420000 00221822 20040088 8c840000 00832024 
0020: 1080000c 00022820 20070038 48e00000 00000000 00012820 20060094 acc50000 
0040: 20040098 44800003 2001008c 8c210000 44200001 200400a6 44800003 20010090 
0060: 8c210000 44200001 200400ac 44800003 20040094 8c840000 44800001 200400b1 
0080: 44800003 44000000 80000000 0000000c 00000016 00000000 0a546865 206d6178 
00a0: 206f6620 00002061 6e642000 20697320 002e0a00 00000000 00000000 00000000 
00c0: 00000000 00000000 00000000 00000000 00000000 00000000 00000000 00000000 *

End of clock cycle  12
----------------------
Integer Unit:
     Name     Busy       Op       Vj       Vk        Qj        Qk        A   Result  X-Start    X-End
 IntUnit2        1      and 80000000 fffffff6                     00000000 80000000       12       12 

Branch Unit:
     Name     Busy       Op       Vj       Vk        Qj        Qk        A   Result  X-Start    X-End
  BrUnit0        1     beqz 00000000 00000000  IntUnit2           0000000c       --       --      --

General Purpose Registers:
R0-R7:   00000000 0000000c 00000016 fffffff6 IntUnit2 00000000 00000000 00000000 
R8-R15:  00000000 00000000 00000000 00000000 00000000 00000000 00000000 00000000 
R16-R23: 00000000 00000000 00000000 00000000 00000000 00000000 00000000 00000000 
R24-R31: 00000000 00000000 00000000 00000000 00000000 00000000 00000000 00000000 

Floating Point Registers:
F0-F7:   00000000 00000000 00000000 00000000 00000000 00000000 00000000 00000000 
F8-F15:  00000000 00000000 00000000 00000000 00000000 00000000 00000000 00000000 
F16-F23: 00000000 00000000 00000000 00000000 00000000 00000000 00000000 00000000 
F24-F31: 00000000 00000000 00000000 00000000 00000000 00000000 00000000 00000000 

Memory:
0000: 2001008c 8c210000 20020090 8c420000 00221822 20040088 8c840000 00832024 
0020: 1080000c 00022820 20070038 48e00000 00000000 00012820 20060094 acc50000 
0040: 20040098 44800003 2001008c 8c210000 44200001 200400a6 44800003 20010090 
0060: 8c210000 44200001 200400ac 44800003 20040094 8c840000 44800001 200400b1 
0080: 44800003 44000000 80000000 0000000c 00000016 00000000 0a546865 206d6178 
00a0: 206f6620 00002061 6e642000 20697320 002e0a00 00000000 00000000 00000000 
00c0: 00000000 00000000 00000000 00000000 00000000 00000000 00000000 00000000 *

End of clock cycle  13
----------------------
Branch Unit:
     Name     Busy       Op       Vj       Vk        Qj        Qk        A   Result  X-Start    X-End
  BrUnit0        1     beqz 80000000 00000000                     0000000c       --       --      --

General Purpose Registers:
R0-R7:   00000000 0000000c 00000016 fffffff6 80000000 00000000 00000000 00000000 
R8-R15:  00000000 00000000 00000000 00000000 00000000 00000000 00000000 00000000 
R16-R23: 00000000 00000000 00000000 00000000 00000000 00000000 00000000 00000000 
R24-R31: 00000000 00000000 00000000 00000000 00000000 00000000 00000000 00000000 

Floating Point Registers:
F0-F7:   00000000 00000000 00000000 00000000 00000000 00000000 00000000 00000000 
F8-F15:  00000000 00000000 00000000 00000000 00000000 00000000 00000000 00000000 
F16-F23: 00000000 00000000 00000000 00000000 00000000 00000000 00000000 00000000 
F24-F31: 00000000 00000000 00000000 00000000 00000000 00000000 00000000 00000000 

Memory:
0000: 2001008c 8c210000 20020090 8c420000 00221822 20040088 8c840000 00832024 
0020: 1080000c 00022820 20070038 48e00000 00000000 00012820 20060094 acc50000 
0040: 20040098 44800003 2001008c 8c210000 44200001 200400a6 44800003 20010090 
0060: 8c210000 44200001 200400ac 44800003 20040094 8c840000 44800001 200400b1 
0080: 44800003 44000000 80000000 0000000c 00000016 00000000 0a546865 206d6178 
00a0: 206f6620 00002061 6e642000 20697320 002e0a00 00000000 00000000 00000000 
00c0: 00000000 00000000 00000000 00000000 00000000 00000000 00000000 00000000 *

End of clock cycle  14
----------------------
Branch Unit:
     Name     Busy       Op       Vj       Vk        Qj        Qk        A   Result  X-Start    X-End
  BrUnit0        1     beqz 80000000 00000000                     0000000c 00000000       14       14 

General Purpose Registers:
R0-R7:   00000000 0000000c 00000016 fffffff6 80000000 00000000 00000000 00000000 
R8-R15:  00000000 00000000 00000000 00000000 00000000 00000000 00000000 00000000 
R16-R23: 00000000 00000000 00000000 00000000 00000000 00000000 00000000 00000000 
R24-R31: 00000000 00000000 00000000 00000000 00000000 00000000 00000000 00000000 

Floating Point Registers:
F0-F7:   00000000 00000000 00000000 00000000 00000000 00000000 00000000 00000000 
F8-F15:  00000000 00000000 00000000 00000000 00000000 00000000 00000000 00000000 
F16-F23: 00000000 00000000 00000000 00000000 00000000 00000000 00000000 00000000 
F24-F31: 00000000 00000000 00000000 00000000 00000000 00000000 00000000 00000000 

Memory:
0000: 2001008c 8c210000 20020090 8c420000 00221822 20040088 8c840000 00832024 
0020: 1080000c 00022820 20070038 48e00000 00000000 00012820 20060094 acc50000 
0040: 20040098 44800003 2001008c 8c210000 44200001 200400a6 44800003 20010090 
0060: 8c210000 44200001 200400ac 44800003 20040094 8c840000 44800001 200400b1 
0080: 44800003 44000000 80000000 0000000c 00000016 00000000 0a546865 206d6178 
00a0: 206f6620 00002061 6e642000 20697320 002e0a00 00000000 00000000 00000000 
00c0: 00000000 00000000 00000000 00000000 00000000 00000000 00000000 00000000 *

End of clock cycle  15
----------------------
General Purpose Registers:
R0-R7:   00000000 0000000c 00000016 fffffff6 80000000 00000000 00000000 00000000 
R8-R15:  00000000 00000000 00000000 00000000 00000000 00000000 00000000 00000000 
R16-R23: 00000000 00000000 00000000 00000000 00000000 00000000 00000000 00000000 
R24-R31: 00000000 00000000 00000000 00000000 00000000 00000000 00000000 00000000 

Floating Point Registers:
F0-F7:   00000000 00000000 00000000 00000000 00000000 00000000 00000000 00000000 
F8-F15:  00000000 00000000 00000000 00000000 00000000 00000000 00000000 00000000 
F16-F23: 00000000 00000000 00000000 00000000 00000000 00000000 00000000 00000000 
F24-F31: 00000000 00000000 00000000 00000000 00000000 00000000 00000000 00000000 

Memory:
0000: 2001008c 8c210000 20020090 8c420000 00221822 20040088 8c840000 00832024 
0020: 1080000c 00022820 20070038 48e00000 00000000 00012820 20060094 acc50000 
0040: 20040098 44800003 2001008c 8c210000 44200001 200400a6 44800003 20010090 
0060: 8c210000 44200001 200400ac 44800003 20040094 8c840000 44800001 200400b1 
0080: 44800003 44000000 80000000 0000000c 00000016 00000000 0a546865 206d6178 
00a0: 206f6620 00002061 6e642000 20697320 002e0a00 00000000 00000000 00000000 
00c0: 00000000 00000000 00000000 00000000 00000000 00000000 00000000 00000000 *

End of clock cycle  16
----------------------
Integer Unit:
     Name     Busy       Op       Vj       Vk        Qj        Qk        A   Result  X-Start    X-End
 IntUnit0        1      add 00000000 00000016                     00000000       --       --      --

General Purpose Registers:
R0-R7:   00000000 0000000c 00000016 fffffff6 80000000 IntUnit0 00000000 00000000 
R8-R15:  00000000 00000000 00000000 00000000 00000000 00000000 00000000 00000000 
R16-R23: 00000000 00000000 00000000 00000000 00000000 00000000 00000000 00000000 
R24-R31: 00000000 00000000 00000000 00000000 00000000 00000000 00000000 00000000 

Floating Point Registers:
F0-F7:   00000000 00000000 00000000 00000000 00000000 00000000 00000000 00000000 
F8-F15:  00000000 00000000 00000000 00000000 00000000 00000000 00000000 00000000 
F16-F23: 00000000 00000000 00000000 00000000 00000000 00000000 00000000 00000000 
F24-F31: 00000000 00000000 00000000 00000000 00000000 00000000 00000000 00000000 

Memory:
0000: 2001008c 8c210000 20020090 8c420000 00221822 20040088 8c840000 00832024 
0020: 1080000c 00022820 20070038 48e00000 00000000 00012820 20060094 acc50000 
0040: 20040098 44800003 2001008c 8c210000 44200001 200400a6 44800003 20010090 
0060: 8c210000 44200001 200400ac 44800003 20040094 8c840000 44800001 200400b1 
0080: 44800003 44000000 80000000 0000000c 00000016 00000000 0a546865 206d6178 
00a0: 206f6620 00002061 6e642000 20697320 002e0a00 00000000 00000000 00000000 
00c0: 00000000 00000000 00000000 00000000 00000000 00000000 00000000 00000000 *

End of clock cycle  17
----------------------
Integer Unit:
     Name     Busy       Op       Vj       Vk        Qj        Qk        A   Result  X-Start    X-End
 IntUnit0        1      add 00000000 00000016                     00000000 00000016       17       17 
 IntUnit1        1     addi 00000000 00000000                     00000038       --       --      --

General Purpose Registers:
R0-R7:   00000000 0000000c 00000016 fffffff6 80000000 IntUnit0 00000000 IntUnit1 
R8-R15:  00000000 00000000 00000000 00000000 00000000 00000000 00000000 00000000 
R16-R23: 00000000 00000000 00000000 00000000 00000000 00000000 00000000 00000000 
R24-R31: 00000000 00000000 00000000 00000000 00000000 00000000 00000000 00000000 

Floating Point Registers:
F0-F7:   00000000 00000000 00000000 00000000 00000000 00000000 00000000 00000000 
F8-F15:  00000000 00000000 00000000 00000000 00000000 00000000 00000000 00000000 
F16-F23: 00000000 00000000 00000000 00000000 00000000 00000000 00000000 00000000 
F24-F31: 00000000 00000000 00000000 00000000 00000000 00000000 00000000 00000000 

Memory:
0000: 2001008c 8c210000 20020090 8c420000 00221822 20040088 8c840000 00832024 
0020: 1080000c 00022820 20070038 48e00000 00000000 00012820 20060094 acc50000 
0040: 20040098 44800003 2001008c 8c210000 44200001 200400a6 44800003 20010090 
0060: 8c210000 44200001 200400ac 44800003 20040094 8c840000 44800001 200400b1 
0080: 44800003 44000000 80000000 0000000c 00000016 00000000 0a546865 206d6178 
00a0: 206f6620 00002061 6e642000 20697320 002e0a00 00000000 00000000 00000000 
00c0: 00000000 00000000 00000000 00000000 00000000 00000000 00000000 00000000 *

End of clock cycle  18
----------------------
Integer Unit:
     Name     Busy       Op       Vj       Vk        Qj        Qk        A   Result  X-Start    X-End
 IntUnit1        1     addi 00000000 00000000                     00000038 00000038       18       18 

Branch Unit:
     Name     Busy       Op       Vj       Vk        Qj        Qk        A   Result  X-Start    X-End
  BrUnit0        1       jr 00000000 00000000  IntUnit1           00000000       --       --      --

General Purpose Registers:
R0-R7:   00000000 0000000c 00000016 fffffff6 80000000 00000016 00000000 IntUnit1 
R8-R15:  00000000 00000000 00000000 00000000 00000000 00000000 00000000 00000000 
R16-R23: 00000000 00000000 00000000 00000000 00000000 00000000 00000000 00000000 
R24-R31: 00000000 00000000 00000000 00000000 00000000 00000000 00000000 00000000 

Floating Point Registers:
F0-F7:   00000000 00000000 00000000 00000000 00000000 00000000 00000000 00000000 
F8-F15:  00000000 00000000 00000000 00000000 00000000 00000000 00000000 00000000 
F16-F23: 00000000 00000000 00000000 00000000 00000000 00000000 00000000 00000000 
F24-F31: 00000000 00000000 00000000 00000000 00000000 00000000 00000000 00000000 

Memory:
0000: 2001008c 8c210000 20020090 8c420000 00221822 20040088 8c840000 00832024 
0020: 1080000c 00022820 20070038 48e00000 00000000 00012820 20060094 acc50000 
0040: 20040098 44800003 2001008c 8c210000 44200001 200400a6 44800003 20010090 
0060: 8c210000 44200001 200400ac 44800003 20040094 8c840000 44800001 200400b1 
0080: 44800003 44000000 80000000 0000000c 00000016 00000000 0a546865 206d6178 
00a0: 206f6620 00002061 6e642000 20697320 002e0a00 00000000 00000000 00000000 
00c0: 00000000 00000000 00000000 00000000 00000000 00000000 00000000 00000000 *

End of clock cycle  19
----------------------
Branch Unit:
     Name     Busy       Op       Vj       Vk        Qj        Qk        A   Result  X-Start    X-End
  BrUnit0        1       jr 00000038 00000000                     00000000       --       --      --

General Purpose Registers:
R0-R7:   00000000 0000000c 00000016 fffffff6 80000000 00000016 00000000 00000038 
R8-R15:  00000000 00000000 00000000 00000000 00000000 00000000 00000000 00000000 
R16-R23: 00000000 00000000 00000000 00000000 00000000 00000000 00000000 00000000 
R24-R31: 00000000 00000000 00000000 00000000 00000000 00000000 00000000 00000000 

Floating Point Registers:
F0-F7:   00000000 00000000 00000000 00000000 00000000 00000000 00000000 00000000 
F8-F15:  00000000 00000000 00000000 00000000 00000000 00000000 00000000 00000000 
F16-F23: 00000000 00000000 00000000 00000000 00000000 00000000 00000000 00000000 
F24-F31: 00000000 00000000 00000000 00000000 00000000 00000000 00000000 00000000 

Memory:
0000: 2001008c 8c210000 20020090 8c420000 00221822 20040088 8c840000 00832024 
0020: 1080000c 00022820 20070038 48e00000 00000000 00012820 20060094 acc50000 
0040: 20040098 44800003 2001008c 8c210000 44200001 200400a6 44800003 20010090 
0060: 8c210000 44200001 200400ac 44800003 20040094 8c840000 44800001 200400b1 
0080: 44800003 44000000 80000000 0000000c 00000016 00000000 0a546865 206d6178 
00a0: 206f6620 00002061 6e642000 20697320 002e0a00 00000000 00000000 00000000 
00c0: 00000000 00000000 00000000 00000000 00000000 00000000 00000000 00000000 *

End of clock cycle  20
----------------------
Branch Unit:
     Name     Busy       Op       Vj       Vk        Qj        Qk        A   Result  X-Start    X-End
  BrUnit0        1       jr 00000038 00000000                     00000000 00000001       20       20 

General Purpose Registers:
R0-R7:   00000000 0000000c 00000016 fffffff6 80000000 00000016 00000000 00000038 
R8-R15:  00000000 00000000 00000000 00000000 00000000 00000000 00000000 00000000 
R16-R23: 00000000 00000000 00000000 00000000 00000000 00000000 00000000 00000000 
R24-R31: 00000000 00000000 00000000 00000000 00000000 00000000 00000000 00000000 

Floating Point Registers:
F0-F7:   00000000 00000000 00000000 00000000 00000000 00000000 00000000 00000000 
F8-F15:  00000000 00000000 00000000 00000000 00000000 00000000 00000000 00000000 
F16-F23: 00000000 00000000 00000000 00000000 00000000 00000000 00000000 00000000 
F24-F31: 00000000 00000000 00000000 00000000 00000000 00000000 00000000 00000000 

Memory:
0000: 2001008c 8c210000 20020090 8c420000 00221822 20040088 8c840000 00832024 
0020: 1080000c 00022820 20070038 48e00000 00000000 00012820 20060094 acc50000 
0040: 20040098 44800003 2001008c 8c210000 44200001 200400a6 44800003 20010090 
0060: 8c210000 44200001 200400ac 44800003 20040094 8c840000 44800001 200400b1 
0080: 44800003 44000000 80000000 0000000c 00000016 00000000 0a546865 206d6178 
00a0: 206f6620 00002061 6e642000 20697320 002e0a00 00000000 00000000 00000000 
00c0: 00000000 00000000 00000000 00000000 00000000 00000000 00000000 00000000 *

End of clock cycle  21
----------------------
General Purpose Registers:
R0-R7:   00000000 0000000c 00000016 fffffff6 80000000 00000016 00000000 00000038 
R8-R15:  00000000 00000000 00000000 00000000 00000000 00000000 00000000 00000000 
R16-R23: 00000000 00000000 00000000 00000000 00000000 00000000 00000000 00000000 
R24-R31: 00000000 00000000 00000000 00000000 00000000 00000000 00000000 00000000 

Floating Point Registers:
F0-F7:   00000000 00000000 00000000 00000000 00000000 00000000 00000000 00000000 
F8-F15:  00000000 00000000 00000000 00000000 00000000 00000000 00000000 00000000 
F16-F23: 00000000 00000000 00000000 00000000 00000000 00000000 00000000 00000000 
F24-F31: 00000000 00000000 00000000 00000000 00000000 00000000 00000000 00000000 

Memory:
0000: 2001008c 8c210000 20020090 8c420000 00221822 20040088 8c840000 00832024 
0020: 1080000c 00022820 20070038 48e00000 00000000 00012820 20060094 acc50000 
0040: 20040098 44800003 2001008c 8c210000 44200001 200400a6 44800003 20010090 
0060: 8c210000 44200001 200400ac 44800003 20040094 8c840000 44800001 200400b1 
0080: 44800003 44000000 80000000 0000000c 00000016 00000000 0a546865 206d6178 
00a0: 206f6620 00002061 6e642000 20697320 002e0a00 00000000 00000000 00000000 
00c0: 00000000 00000000 00000000 00000000 00000000 00000000 00000000 00000000 *

End of clock cycle  22
----------------------
Integer Unit:
     Name     Busy       Op       Vj       Vk        Qj        Qk        A   Result  X-Start    X-End
 IntUnit0        1     addi 00000000 00000000                     00000094       --       --      --

General Purpose Registers:
R0-R7:   00000000 0000000c 00000016 fffffff6 80000000 00000016 IntUnit0 00000038 
R8-R15:  00000000 00000000 00000000 00000000 00000000 00000000 00000000 00000000 
R16-R23: 00000000 00000000 00000000 00000000 00000000 00000000 00000000 00000000 
R24-R31: 00000000 00000000 00000000 00000000 00000000 00000000 00000000 00000000 

Floating Point Registers:
F0-F7:   00000000 00000000 00000000 00000000 00000000 00000000 00000000 00000000 
F8-F15:  00000000 00000000 00000000 00000000 00000000 00000000 00000000 00000000 
F16-F23: 00000000 00000000 00000000 00000000 00000000 00000000 00000000 00000000 
F24-F31: 00000000 00000000 00000000 00000000 00000000 00000000 00000000 00000000 

Memory:
0000: 2001008c 8c210000 20020090 8c420000 00221822 20040088 8c840000 00832024 
0020: 1080000c 00022820 20070038 48e00000 00000000 00012820 20060094 acc50000 
0040: 20040098 44800003 2001008c 8c210000 44200001 200400a6 44800003 20010090 
0060: 8c210000 44200001 200400ac 44800003 20040094 8c840000 44800001 200400b1 
0080: 44800003 44000000 80000000 0000000c 00000016 00000000 0a546865 206d6178 
00a0: 206f6620 00002061 6e642000 20697320 002e0a00 00000000 00000000 00000000 
00c0: 00000000 00000000 00000000 00000000 00000000 00000000 00000000 00000000 *

End of clock cycle  23
----------------------
Integer Unit:
     Name     Busy       Op       Vj       Vk        Qj        Qk        A   Result  X-Start    X-End
 IntUnit0        1     addi 00000000 00000000                     00000094 00000094       23       23 

Memory Unit:
     Name     Busy       Op       Vj       Vk        Qj        Qk        A   Result  X-Start    X-End
 MemUnit3        1       sw 00000000 00000016  IntUnit0           00000000       --       --      --

General Purpose Registers:
R0-R7:   00000000 0000000c 00000016 fffffff6 80000000 00000016 IntUnit0 00000038 
R8-R15:  00000000 00000000 00000000 00000000 00000000 00000000 00000000 00000000 
R16-R23: 00000000 00000000 00000000 00000000 00000000 00000000 00000000 00000000 
R24-R31: 00000000 00000000 00000000 00000000 00000000 00000000 00000000 00000000 

Floating Point Registers:
F0-F7:   00000000 00000000 00000000 00000000 00000000 00000000 00000000 00000000 
F8-F15:  00000000 00000000 00000000 00000000 00000000 00000000 00000000 00000000 
F16-F23: 00000000 00000000 00000000 00000000 00000000 00000000 00000000 00000000 
F24-F31: 00000000 00000000 00000000 00000000 00000000 00000000 00000000 00000000 

Memory:
0000: 2001008c 8c210000 20020090 8c420000 00221822 20040088 8c840000 00832024 
0020: 1080000c 00022820 20070038 48e00000 00000000 00012820 20060094 acc50000 
0040: 20040098 44800003 2001008c 8c210000 44200001 200400a6 44800003 20010090 
0060: 8c210000 44200001 200400ac 44800003 20040094 8c840000 44800001 200400b1 
0080: 44800003 44000000 80000000 0000000c 00000016 00000000 0a546865 206d6178 
00a0: 206f6620 00002061 6e642000 20697320 002e0a00 00000000 00000000 00000000 
00c0: 00000000 00000000 00000000 00000000 00000000 00000000 00000000 00000000 *

End of clock cycle  24
----------------------
Integer Unit:
     Name     Busy       Op       Vj       Vk        Qj        Qk        A   Result  X-Start    X-End
 IntUnit1        1     addi 00000000 00000000                     00000098       --       --      --

Memory Unit:
     Name     Busy       Op       Vj       Vk        Qj        Qk        A   Result  X-Start    X-End
 MemUnit3        1       sw 00000094 00000016                     00000000       --       --      --

General Purpose Registers:
R0-R7:   00000000 0000000c 00000016 fffffff6 IntUnit1 00000016 00000094 00000038 
R8-R15:  00000000 00000000 00000000 00000000 00000000 00000000 00000000 00000000 
R16-R23: 00000000 00000000 00000000 00000000 00000000 00000000 00000000 00000000 
R24-R31: 00000000 00000000 00000000 00000000 00000000 00000000 00000000 00000000 

Floating Point Registers:
F0-F7:   00000000 00000000 00000000 00000000 00000000 00000000 00000000 00000000 
F8-F15:  00000000 00000000 00000000 00000000 00000000 00000000 00000000 00000000 
F16-F23: 00000000 00000000 00000000 00000000 00000000 00000000 00000000 00000000 
F24-F31: 00000000 00000000 00000000 00000000 00000000 00000000 00000000 00000000 

Memory:
0000: 2001008c 8c210000 20020090 8c420000 00221822 20040088 8c840000 00832024 
0020: 1080000c 00022820 20070038 48e00000 00000000 00012820 20060094 acc50000 
0040: 20040098 44800003 2001008c 8c210000 44200001 200400a6 44800003 20010090 
0060: 8c210000 44200001 200400ac 44800003 20040094 8c840000 44800001 200400b1 
0080: 44800003 44000000 80000000 0000000c 00000016 00000000 0a546865 206d6178 
00a0: 206f6620 00002061 6e642000 20697320 002e0a00 00000000 00000000 00000000 
00c0: 00000000 00000000 00000000 00000000 00000000 00000000 00000000 00000000 *

End of clock cycle  25
----------------------
Integer Unit:
     Name     Busy       Op       Vj       Vk        Qj        Qk        A   Result  X-Start    X-End
 IntUnit1        1     addi 00000000 00000000                     00000098 00000098       25       25 

Trap Unit:
     Name     Busy       Op       Vj       Vk        Qj        Qk        A   Result  X-Start    X-End
TrapUnit0        1  dumpstr 00000000 00000000  IntUnit1           00000000       --       --      --

Memory Unit:
     Name     Busy       Op       Vj       Vk        Qj        Qk        A   Result  X-Start    X-End
 MemUnit3        1       sw 00000094 00000016                     00000000       --       25       --

General Purpose Registers:
R0-R7:   00000000 0000000c 00000016 fffffff6 IntUnit1 00000016 00000094 00000038 
R8-R15:  00000000 00000000 00000000 00000000 00000000 00000000 00000000 00000000 
R16-R23: 00000000 00000000 00000000 00000000 00000000 00000000 00000000 00000000 
R24-R31: 00000000 00000000 00000000 00000000 00000000 00000000 00000000 00000000 

Floating Point Registers:
F0-F7:   00000000 00000000 00000000 00000000 00000000 00000000 00000000 00000000 
F8-F15:  00000000 00000000 00000000 00000000 00000000 00000000 00000000 00000000 
F16-F23: 00000000 00000000 00000000 00000000 00000000 00000000 00000000 00000000 
F24-F31: 00000000 00000000 00000000 00000000 00000000 00000000 00000000 00000000 

Memory:
0000: 2001008c 8c210000 20020090 8c420000 00221822 20040088 8c840000 00832024 
0020: 1080000c 00022820 20070038 48e00000 00000000 00012820 20060094 acc50000 
0040: 20040098 44800003 2001008c 8c210000 44200001 200400a6 44800003 20010090 
0060: 8c210000 44200001 200400ac 44800003 20040094 8c840000 44800001 200400b1 
0080: 44800003 44000000 80000000 0000000c 00000016 00000000 0a546865 206d6178 
00a0: 206f6620 00002061 6e642000 20697320 002e0a00 00000000 00000000 00000000 
00c0: 00000000 00000000 00000000 00000000 00000000 00000000 00000000 00000000 *

End of clock cycle  26
----------------------
Integer Unit:
     Name     Busy       Op       Vj       Vk        Qj        Qk        A   Result  X-Start    X-End
 IntUnit0        1     addi 00000000 00000000                     0000008c       --       --      --

Trap Unit:
     Name     Busy       Op       Vj       Vk        Qj        Qk        A   Result  X-Start    X-End
TrapUnit0        1  dumpstr 00000098 00000000                     00000000       --       --      --

Memory Unit:
     Name     Busy       Op       Vj       Vk        Qj        Qk        A   Result  X-Start    X-End
 MemUnit3        1       sw 00000094 00000016                     00000094 00000000       25       26 

General Purpose Registers:
R0-R7:   00000000 IntUnit0 00000016 fffffff6 00000098 00000016 00000094 00000038 
R8-R15:  00000000 00000000 00000000 00000000 00000000 00000000 00000000 00000000 
R16-R23: 00000000 00000000 00000000 00000000 00000000 00000000 00000000 00000000 
R24-R31: 00000000 00000000 00000000 00000000 00000000 00000000 00000000 00000000 

Floating Point Registers:
F0-F7:   00000000 00000000 00000000 00000000 00000000 00000000 00000000 00000000 
F8-F15:  00000000 00000000 00000000 00000000 00000000 00000000 00000000 00000000 
F16-F23: 00000000 00000000 00000000 00000000 00000000 00000000 00000000 00000000 
F24-F31: 00000000 00000000 00000000 00000000 00000000 00000000 00000000 00000000 

Memory:
0000: 2001008c 8c210000 20020090 8c420000 00221822 20040088 8c840000 00832024 
0020: 1080000c 00022820 20070038 48e00000 00000000 00012820 20060094 acc50000 
0040: 20040098 44800003 2001008c 8c210000 44200001 200400a6 44800003 20010090 
0060: 8c210000 44200001 200400ac 44800003 20040094 8c840000 44800001 200400b1 
0080: 44800003 44000000 80000000 0000000c 00000016 00000000 0a546865 206d6178 
00a0: 206f6620 00002061 6e642000 20697320 002e0a00 00000000 00000000 00000000 
00c0: 00000000 00000000 00000000 00000000 00000000 00000000 00000000 00000000 *

End of clock cycle  27
----------------------
Integer Unit:
     Name     Busy       Op       Vj       Vk        Qj        Qk        A   Result  X-Start    X-End
 IntUnit0        1     addi 00000000 00000000                     0000008c 0000008c       27       27 

Trap Unit:
     Name     Busy       Op       Vj       Vk        Qj        Qk        A   Result  X-Start    X-End
TrapUnit0        1  dumpstr 00000098 00000000                     00000000 00000000       27       27 

Memory Unit:
     Name     Busy       Op       Vj       Vk        Qj        Qk        A   Result  X-Start    X-End
 MemUnit4        1       lw 00000000 00000000  IntUnit0           00000000       --       --      --

General Purpose Registers:
R0-R7:   00000000 MemUnit4 00000016 fffffff6 00000098 00000016 00000094 00000038 
R8-R15:  00000000 00000000 00000000 00000000 00000000 00000000 00000000 00000000 
R16-R23: 00000000 00000000 00000000 00000000 00000000 00000000 00000000 00000000 
R24-R31: 00000000 00000000 00000000 00000000 00000000 00000000 00000000 00000000 

Floating Point Registers:
F0-F7:   00000000 00000000 00000000 00000000 00000000 00000000 00000000 00000000 
F8-F15:  00000000 00000000 00000000 00000000 00000000 00000000 00000000 00000000 
F16-F23: 00000000 00000000 00000000 00000000 00000000 00000000 00000000 00000000 
F24-F31: 00000000 00000000 00000000 00000000 00000000 00000000 00000000 00000000 

Memory:
0000: 2001008c 8c210000 20020090 8c420000 00221822 20040088 8c840000 00832024 
0020: 1080000c 00022820 20070038 48e00000 00000000 00012820 20060094 acc50000 
0040: 20040098 44800003 2001008c 8c210000 44200001 200400a6 44800003 20010090 
0060: 8c210000 44200001 200400ac 44800003 20040094 8c840000 44800001 200400b1 
0080: 44800003 44000000 80000000 0000000c 00000016 00000016 0a546865 206d6178 
00a0: 206f6620 00002061 6e642000 20697320 002e0a00 00000000 00000000 00000000 
00c0: 00000000 00000000 00000000 00000000 00000000 00000000 00000000 00000000 *


The max of End of clock cycle  28
----------------------
Trap Unit:
     Name     Busy       Op       Vj       Vk        Qj        Qk        A   Result  X-Start    X-End
TrapUnit1        1  dumpgpr 00000000 00000000  MemUnit4           00000000       --       --      --

Memory Unit:
     Name     Busy       Op       Vj       Vk        Qj        Qk        A   Result  X-Start    X-End
 MemUnit4        1       lw 0000008c 00000000                     00000000       --       --      --

General Purpose Registers:
R0-R7:   00000000 MemUnit4 00000016 fffffff6 00000098 00000016 00000094 00000038 
R8-R15:  00000000 00000000 00000000 00000000 00000000 00000000 00000000 00000000 
R16-R23: 00000000 00000000 00000000 00000000 00000000 00000000 00000000 00000000 
R24-R31: 00000000 00000000 00000000 00000000 00000000 00000000 00000000 00000000 

Floating Point Registers:
F0-F7:   00000000 00000000 00000000 00000000 00000000 00000000 00000000 00000000 
F8-F15:  00000000 00000000 00000000 00000000 00000000 00000000 00000000 00000000 
F16-F23: 00000000 00000000 00000000 00000000 00000000 00000000 00000000 00000000 
F24-F31: 00000000 00000000 00000000 00000000 00000000 00000000 00000000 00000000 

Memory:
0000: 2001008c 8c210000 20020090 8c420000 00221822 20040088 8c840000 00832024 
0020: 1080000c 00022820 20070038 48e00000 00000000 00012820 20060094 acc50000 
0040: 20040098 44800003 2001008c 8c210000 44200001 200400a6 44800003 20010090 
0060: 8c210000 44200001 200400ac 44800003 20040094 8c840000 44800001 200400b1 
0080: 44800003 44000000 80000000 0000000c 00000016 00000016 0a546865 206d6178 
00a0: 206f6620 00002061 6e642000 20697320 002e0a00 00000000 00000000 00000000 
00c0: 00000000 00000000 00000000 00000000 00000000 00000000 00000000 00000000 *

End of clock cycle  29
----------------------
Integer Unit:
     Name     Busy       Op       Vj       Vk        Qj        Qk        A   Result  X-Start    X-End
 IntUnit0        1     addi 00000000 00000000                     000000a6       --       --      --

Trap Unit:
     Name     Busy       Op       Vj       Vk        Qj        Qk        A   Result  X-Start    X-End
TrapUnit1        1  dumpgpr 00000000 00000000  MemUnit4           00000000       --       --      --

Memory Unit:
     Name     Busy       Op       Vj       Vk        Qj        Qk        A   Result  X-Start    X-End
 MemUnit4        1       lw 0000008c 00000000                     00000000       --       29       --

General Purpose Registers:
R0-R7:   00000000 MemUnit4 00000016 fffffff6 IntUnit0 00000016 00000094 00000038 
R8-R15:  00000000 00000000 00000000 00000000 00000000 00000000 00000000 00000000 
R16-R23: 00000000 00000000 00000000 00000000 00000000 00000000 00000000 00000000 
R24-R31: 00000000 00000000 00000000 00000000 00000000 00000000 00000000 00000000 

Floating Point Registers:
F0-F7:   00000000 00000000 00000000 00000000 00000000 00000000 00000000 00000000 
F8-F15:  00000000 00000000 00000000 00000000 00000000 00000000 00000000 00000000 
F16-F23: 00000000 00000000 00000000 00000000 00000000 00000000 00000000 00000000 
F24-F31: 00000000 00000000 00000000 00000000 00000000 00000000 00000000 00000000 

Memory:
0000: 2001008c 8c210000 20020090 8c420000 00221822 20040088 8c840000 00832024 
0020: 1080000c 00022820 20070038 48e00000 00000000 00012820 20060094 acc50000 
0040: 20040098 44800003 2001008c 8c210000 44200001 200400a6 44800003 20010090 
0060: 8c210000 44200001 200400ac 44800003 20040094 8c840000 44800001 200400b1 
0080: 44800003 44000000 80000000 0000000c 00000016 00000016 0a546865 206d6178 
00a0: 206f6620 00002061 6e642000 20697320 002e0a00 00000000 00000000 00000000 
00c0: 00000000 00000000 00000000 00000000 00000000 00000000 00000000 00000000 *

End of clock cycle  30
----------------------
Integer Unit:
     Name     Busy       Op       Vj       Vk        Qj        Qk        A   Result  X-Start    X-End
 IntUnit0        1     addi 00000000 00000000                     000000a6 000000a6       30       30 

Trap Unit:
     Name     Busy       Op       Vj       Vk        Qj        Qk        A   Result  X-Start    X-End
TrapUnit1        1  dumpgpr 00000000 00000000  MemUnit4           00000000       --       --      --
TrapUnit2        1  dumpstr 00000000 00000000  IntUnit0           00000000       --       --      --

Memory Unit:
     Name     Busy       Op       Vj       Vk        Qj        Qk        A   Result  X-Start    X-End
 MemUnit4        1       lw 0000008c 00000000                     0000008c 0000000c       29       30 

General Purpose Registers:
R0-R7:   00000000 MemUnit4 00000016 fffffff6 IntUnit0 00000016 00000094 00000038 
R8-R15:  00000000 00000000 00000000 00000000 00000000 00000000 00000000 00000000 
R16-R23: 00000000 00000000 00000000 00000000 00000000 00000000 00000000 00000000 
R24-R31: 00000000 00000000 00000000 00000000 00000000 00000000 00000000 00000000 

Floating Point Registers:
F0-F7:   00000000 00000000 00000000 00000000 00000000 00000000 00000000 00000000 
F8-F15:  00000000 00000000 00000000 00000000 00000000 00000000 00000000 00000000 
F16-F23: 00000000 00000000 00000000 00000000 00000000 00000000 00000000 00000000 
F24-F31: 00000000 00000000 00000000 00000000 00000000 00000000 00000000 00000000 

Memory:
0000: 2001008c 8c210000 20020090 8c420000 00221822 20040088 8c840000 00832024 
0020: 1080000c 00022820 20070038 48e00000 00000000 00012820 20060094 acc50000 
0040: 20040098 44800003 2001008c 8c210000 44200001 200400a6 44800003 20010090 
0060: 8c210000 44200001 200400ac 44800003 20040094 8c840000 44800001 200400b1 
0080: 44800003 44000000 80000000 0000000c 00000016 00000016 0a546865 206d6178 
00a0: 206f6620 00002061 6e642000 20697320 002e0a00 00000000 00000000 00000000 
00c0: 00000000 00000000 00000000 00000000 00000000 00000000 00000000 00000000 *

End of clock cycle  31
----------------------
Integer Unit:
     Name     Busy       Op       Vj       Vk        Qj        Qk        A   Result  X-Start    X-End
 IntUnit0        1     addi 00000000 00000000                     000000a6 000000a6       30       30 
 IntUnit1        1     addi 00000000 00000000                     00000090       --       --      --

Trap Unit:
     Name     Busy       Op       Vj       Vk        Qj        Qk        A   Result  X-Start    X-End
TrapUnit1        1  dumpgpr 0000000c 00000000                     00000000       --       --      --
TrapUnit2        1  dumpstr 00000000 00000000  IntUnit0           00000000       --       --      --

General Purpose Registers:
R0-R7:   00000000 IntUnit1 00000016 fffffff6 IntUnit0 00000016 00000094 00000038 
R8-R15:  00000000 00000000 00000000 00000000 00000000 00000000 00000000 00000000 
R16-R23: 00000000 00000000 00000000 00000000 00000000 00000000 00000000 00000000 
R24-R31: 00000000 00000000 00000000 00000000 00000000 00000000 00000000 00000000 

Floating Point Registers:
F0-F7:   00000000 00000000 00000000 00000000 00000000 00000000 00000000 00000000 
F8-F15:  00000000 00000000 00000000 00000000 00000000 00000000 00000000 00000000 
F16-F23: 00000000 00000000 00000000 00000000 00000000 00000000 00000000 00000000 
F24-F31: 00000000 00000000 00000000 00000000 00000000 00000000 00000000 00000000 

Memory:
0000: 2001008c 8c210000 20020090 8c420000 00221822 20040088 8c840000 00832024 
0020: 1080000c 00022820 20070038 48e00000 00000000 00012820 20060094 acc50000 
0040: 20040098 44800003 2001008c 8c210000 44200001 200400a6 44800003 20010090 
0060: 8c210000 44200001 200400ac 44800003 20040094 8c840000 44800001 200400b1 
0080: 44800003 44000000 80000000 0000000c 00000016 00000016 0a546865 206d6178 
00a0: 206f6620 00002061 6e642000 20697320 002e0a00 00000000 00000000 00000000 
00c0: 00000000 00000000 00000000 00000000 00000000 00000000 00000000 00000000 *

End of clock cycle  32
----------------------
Integer Unit:
     Name     Busy       Op       Vj       Vk        Qj        Qk        A   Result  X-Start    X-End
 IntUnit1        1     addi 00000000 00000000                     00000090 00000090       32       32 

Trap Unit:
     Name     Busy       Op       Vj       Vk        Qj        Qk        A   Result  X-Start    X-End
TrapUnit1        1  dumpgpr 0000000c 00000000                     00000000 00000000       32       32 
TrapUnit2        1  dumpstr 000000a6 00000000                     00000000       --       --      --

Memory Unit:
     Name     Busy       Op       Vj       Vk        Qj        Qk        A   Result  X-Start    X-End
 MemUnit5        1       lw 00000000 00000000  IntUnit1           00000000       --       --      --

General Purpose Registers:
R0-R7:   00000000 MemUnit5 00000016 fffffff6 000000a6 00000016 00000094 00000038 
R8-R15:  00000000 00000000 00000000 00000000 00000000 00000000 00000000 00000000 
R16-R23: 00000000 00000000 00000000 00000000 00000000 00000000 00000000 00000000 
R24-R31: 00000000 00000000 00000000 00000000 00000000 00000000 00000000 00000000 

Floating Point Registers:
F0-F7:   00000000 00000000 00000000 00000000 00000000 00000000 00000000 00000000 
F8-F15:  00000000 00000000 00000000 00000000 00000000 00000000 00000000 00000000 
F16-F23: 00000000 00000000 00000000 00000000 00000000 00000000 00000000 00000000 
F24-F31: 00000000 00000000 00000000 00000000 00000000 00000000 00000000 00000000 

Memory:
0000: 2001008c 8c210000 20020090 8c420000 00221822 20040088 8c840000 00832024 
0020: 1080000c 00022820 20070038 48e00000 00000000 00012820 20060094 acc50000 
0040: 20040098 44800003 2001008c 8c210000 44200001 200400a6 44800003 20010090 
0060: 8c210000 44200001 200400ac 44800003 20040094 8c840000 44800001 200400b1 
0080: 44800003 44000000 80000000 0000000c 00000016 00000016 0a546865 206d6178 
00a0: 206f6620 00002061 6e642000 20697320 002e0a00 00000000 00000000 00000000 
00c0: 00000000 00000000 00000000 00000000 00000000 00000000 00000000 00000000 *

12End of clock cycle  33
----------------------
Trap Unit:
     Name     Busy       Op       Vj       Vk        Qj        Qk        A   Result  X-Start    X-End
TrapUnit2        1  dumpstr 000000a6 00000000                     00000000 00000000       33       33 
TrapUnit3        1  dumpgpr 00000000 00000000  MemUnit5           00000000       --       --      --

Memory Unit:
     Name     Busy       Op       Vj       Vk        Qj        Qk        A   Result  X-Start    X-End
 MemUnit5        1       lw 00000090 00000000                     00000000       --       --      --

General Purpose Registers:
R0-R7:   00000000 MemUnit5 00000016 fffffff6 000000a6 00000016 00000094 00000038 
R8-R15:  00000000 00000000 00000000 00000000 00000000 00000000 00000000 00000000 
R16-R23: 00000000 00000000 00000000 00000000 00000000 00000000 00000000 00000000 
R24-R31: 00000000 00000000 00000000 00000000 00000000 00000000 00000000 00000000 

Floating Point Registers:
F0-F7:   00000000 00000000 00000000 00000000 00000000 00000000 00000000 00000000 
F8-F15:  00000000 00000000 00000000 00000000 00000000 00000000 00000000 00000000 
F16-F23: 00000000 00000000 00000000 00000000 00000000 00000000 00000000 00000000 
F24-F31: 00000000 00000000 00000000 00000000 00000000 00000000 00000000 00000000 

Memory:
0000: 2001008c 8c210000 20020090 8c420000 00221822 20040088 8c840000 00832024 
0020: 1080000c 00022820 20070038 48e00000 00000000 00012820 20060094 acc50000 
0040: 20040098 44800003 2001008c 8c210000 44200001 200400a6 44800003 20010090 
0060: 8c210000 44200001 200400ac 44800003 20040094 8c840000 44800001 200400b1 
0080: 44800003 44000000 80000000 0000000c 00000016 00000016 0a546865 206d6178 
00a0: 206f6620 00002061 6e642000 20697320 002e0a00 00000000 00000000 00000000 
00c0: 00000000 00000000 00000000 00000000 00000000 00000000 00000000 00000000 *

 and End of clock cycle  34
----------------------
Integer Unit:
     Name     Busy       Op       Vj       Vk        Qj        Qk        A   Result  X-Start    X-End
 IntUnit0        1     addi 00000000 00000000                     000000ac       --       --      --

Trap Unit:
     Name     Busy       Op       Vj       Vk        Qj        Qk        A   Result  X-Start    X-End
TrapUnit3        1  dumpgpr 00000000 00000000  MemUnit5           00000000       --       --      --

Memory Unit:
     Name     Busy       Op       Vj       Vk        Qj        Qk        A   Result  X-Start    X-End
 MemUnit5        1       lw 00000090 00000000                     00000000       --       34       --

General Purpose Registers:
R0-R7:   00000000 MemUnit5 00000016 fffffff6 IntUnit0 00000016 00000094 00000038 
R8-R15:  00000000 00000000 00000000 00000000 00000000 00000000 00000000 00000000 
R16-R23: 00000000 00000000 00000000 00000000 00000000 00000000 00000000 00000000 
R24-R31: 00000000 00000000 00000000 00000000 00000000 00000000 00000000 00000000 

Floating Point Registers:
F0-F7:   00000000 00000000 00000000 00000000 00000000 00000000 00000000 00000000 
F8-F15:  00000000 00000000 00000000 00000000 00000000 00000000 00000000 00000000 
F16-F23: 00000000 00000000 00000000 00000000 00000000 00000000 00000000 00000000 
F24-F31: 00000000 00000000 00000000 00000000 00000000 00000000 00000000 00000000 

Memory:
0000: 2001008c 8c210000 20020090 8c420000 00221822 20040088 8c840000 00832024 
0020: 1080000c 00022820 20070038 48e00000 00000000 00012820 20060094 acc50000 
0040: 20040098 44800003 2001008c 8c210000 44200001 200400a6 44800003 20010090 
0060: 8c210000 44200001 200400ac 44800003 20040094 8c840000 44800001 200400b1 
0080: 44800003 44000000 80000000 0000000c 00000016 00000016 0a546865 206d6178 
00a0: 206f6620 00002061 6e642000 20697320 002e0a00 00000000 00000000 00000000 
00c0: 00000000 00000000 00000000 00000000 00000000 00000000 00000000 00000000 *

End of clock cycle  35
----------------------
Integer Unit:
     Name     Busy       Op       Vj       Vk        Qj        Qk        A   Result  X-Start    X-End
 IntUnit0        1     addi 00000000 00000000                     000000ac 000000ac       35       35 

Trap Unit:
     Name     Busy       Op       Vj       Vk        Qj        Qk        A   Result  X-Start    X-End
TrapUnit0        1  dumpstr 00000000 00000000  IntUnit0           00000000       --       --      --
TrapUnit3        1  dumpgpr 00000000 00000000  MemUnit5           00000000       --       --      --

Memory Unit:
     Name     Busy       Op       Vj       Vk        Qj        Qk        A   Result  X-Start    X-End
 MemUnit5        1       lw 00000090 00000000                     00000090 00000016       34       35 

General Purpose Registers:
R0-R7:   00000000 MemUnit5 00000016 fffffff6 IntUnit0 00000016 00000094 00000038 
R8-R15:  00000000 00000000 00000000 00000000 00000000 00000000 00000000 00000000 
R16-R23: 00000000 00000000 00000000 00000000 00000000 00000000 00000000 00000000 
R24-R31: 00000000 00000000 00000000 00000000 00000000 00000000 00000000 00000000 

Floating Point Registers:
F0-F7:   00000000 00000000 00000000 00000000 00000000 00000000 00000000 00000000 
F8-F15:  00000000 00000000 00000000 00000000 00000000 00000000 00000000 00000000 
F16-F23: 00000000 00000000 00000000 00000000 00000000 00000000 00000000 00000000 
F24-F31: 00000000 00000000 00000000 00000000 00000000 00000000 00000000 00000000 

Memory:
0000: 2001008c 8c210000 20020090 8c420000 00221822 20040088 8c840000 00832024 
0020: 1080000c 00022820 20070038 48e00000 00000000 00012820 20060094 acc50000 
0040: 20040098 44800003 2001008c 8c210000 44200001 200400a6 44800003 20010090 
0060: 8c210000 44200001 200400ac 44800003 20040094 8c840000 44800001 200400b1 
0080: 44800003 44000000 80000000 0000000c 00000016 00000016 0a546865 206d6178 
00a0: 206f6620 00002061 6e642000 20697320 002e0a00 00000000 00000000 00000000 
00c0: 00000000 00000000 00000000 00000000 00000000 00000000 00000000 00000000 *

End of clock cycle  36
----------------------
Integer Unit:
     Name     Busy       Op       Vj       Vk        Qj        Qk        A   Result  X-Start    X-End
 IntUnit0        1     addi 00000000 00000000                     000000ac 000000ac       35       35 
 IntUnit1        1     addi 00000000 00000000                     00000094       --       --      --

Trap Unit:
     Name     Busy       Op       Vj       Vk        Qj        Qk        A   Result  X-Start    X-End
TrapUnit0        1  dumpstr 00000000 00000000  IntUnit0           00000000       --       --      --
TrapUnit3        1  dumpgpr 00000016 00000000                     00000000       --       --      --

General Purpose Registers:
R0-R7:   00000000 00000016 00000016 fffffff6 IntUnit1 00000016 00000094 00000038 
R8-R15:  00000000 00000000 00000000 00000000 00000000 00000000 00000000 00000000 
R16-R23: 00000000 00000000 00000000 00000000 00000000 00000000 00000000 00000000 
R24-R31: 00000000 00000000 00000000 00000000 00000000 00000000 00000000 00000000 

Floating Point Registers:
F0-F7:   00000000 00000000 00000000 00000000 00000000 00000000 00000000 00000000 
F8-F15:  00000000 00000000 00000000 00000000 00000000 00000000 00000000 00000000 
F16-F23: 00000000 00000000 00000000 00000000 00000000 00000000 00000000 00000000 
F24-F31: 00000000 00000000 00000000 00000000 00000000 00000000 00000000 00000000 

Memory:
0000: 2001008c 8c210000 20020090 8c420000 00221822 20040088 8c840000 00832024 
0020: 1080000c 00022820 20070038 48e00000 00000000 00012820 20060094 acc50000 
0040: 20040098 44800003 2001008c 8c210000 44200001 200400a6 44800003 20010090 
0060: 8c210000 44200001 200400ac 44800003 20040094 8c840000 44800001 200400b1 
0080: 44800003 44000000 80000000 0000000c 00000016 00000016 0a546865 206d6178 
00a0: 206f6620 00002061 6e642000 20697320 002e0a00 00000000 00000000 00000000 
00c0: 00000000 00000000 00000000 00000000 00000000 00000000 00000000 00000000 *

End of clock cycle  37
----------------------
Integer Unit:
     Name     Busy       Op       Vj       Vk        Qj        Qk        A   Result  X-Start    X-End
 IntUnit1        1     addi 00000000 00000000                     00000094 00000094       37       37 

Trap Unit:
     Name     Busy       Op       Vj       Vk        Qj        Qk        A   Result  X-Start    X-End
TrapUnit0        1  dumpstr 000000ac 00000000                     00000000       --       --      --
TrapUnit3        1  dumpgpr 00000016 00000000                     00000000 00000000       37       37 

Memory Unit:
     Name     Busy       Op       Vj       Vk        Qj        Qk        A   Result  X-Start    X-End
 MemUnit6        1       lw 00000000 00000000  IntUnit1           00000000       --       --      --

General Purpose Registers:
R0-R7:   00000000 00000016 00000016 fffffff6 MemUnit6 00000016 00000094 00000038 
R8-R15:  00000000 00000000 00000000 00000000 00000000 00000000 00000000 00000000 
R16-R23: 00000000 00000000 00000000 00000000 00000000 00000000 00000000 00000000 
R24-R31: 00000000 00000000 00000000 00000000 00000000 00000000 00000000 00000000 

Floating Point Registers:
F0-F7:   00000000 00000000 00000000 00000000 00000000 00000000 00000000 00000000 
F8-F15:  00000000 00000000 00000000 00000000 00000000 00000000 00000000 00000000 
F16-F23: 00000000 00000000 00000000 00000000 00000000 00000000 00000000 00000000 
F24-F31: 00000000 00000000 00000000 00000000 00000000 00000000 00000000 00000000 

Memory:
0000: 2001008c 8c210000 20020090 8c420000 00221822 20040088 8c840000 00832024 
0020: 1080000c 00022820 20070038 48e00000 00000000 00012820 20060094 acc50000 
0040: 20040098 44800003 2001008c 8c210000 44200001 200400a6 44800003 20010090 
0060: 8c210000 44200001 200400ac 44800003 20040094 8c840000 44800001 200400b1 
0080: 44800003 44000000 80000000 0000000c 00000016 00000016 0a546865 206d6178 
00a0: 206f6620 00002061 6e642000 20697320 002e0a00 00000000 00000000 00000000 
00c0: 00000000 00000000 00000000 00000000 00000000 00000000 00000000 00000000 *

22End of clock cycle  38
----------------------
Trap Unit:
     Name     Busy       Op       Vj       Vk        Qj        Qk        A   Result  X-Start    X-End
TrapUnit0        1  dumpstr 000000ac 00000000                     00000000 00000000       38       38 
TrapUnit1        1  dumpgpr 00000000 00000000  MemUnit6           00000000       --       --      --

Memory Unit:
     Name     Busy       Op       Vj       Vk        Qj        Qk        A   Result  X-Start    X-End
 MemUnit6        1       lw 00000094 00000000                     00000000       --       --      --

General Purpose Registers:
R0-R7:   00000000 00000016 00000016 fffffff6 MemUnit6 00000016 00000094 00000038 
R8-R15:  00000000 00000000 00000000 00000000 00000000 00000000 00000000 00000000 
R16-R23: 00000000 00000000 00000000 00000000 00000000 00000000 00000000 00000000 
R24-R31: 00000000 00000000 00000000 00000000 00000000 00000000 00000000 00000000 

Floating Point Registers:
F0-F7:   00000000 00000000 00000000 00000000 00000000 00000000 00000000 00000000 
F8-F15:  00000000 00000000 00000000 00000000 00000000 00000000 00000000 00000000 
F16-F23: 00000000 00000000 00000000 00000000 00000000 00000000 00000000 00000000 
F24-F31: 00000000 00000000 00000000 00000000 00000000 00000000 00000000 00000000 

Memory:
0000: 2001008c 8c210000 20020090 8c420000 00221822 20040088 8c840000 00832024 
0020: 1080000c 00022820 20070038 48e00000 00000000 00012820 20060094 acc50000 
0040: 20040098 44800003 2001008c 8c210000 44200001 200400a6 44800003 20010090 
0060: 8c210000 44200001 200400ac 44800003 20040094 8c840000 44800001 200400b1 
0080: 44800003 44000000 80000000 0000000c 00000016 00000016 0a546865 206d6178 
00a0: 206f6620 00002061 6e642000 20697320 002e0a00 00000000 00000000 00000000 
00c0: 00000000 00000000 00000000 00000000 00000000 00000000 00000000 00000000 *

 is End of clock cycle  39
----------------------
Integer Unit:
     Name     Busy       Op       Vj       Vk        Qj        Qk        A   Result  X-Start    X-End
 IntUnit0        1     addi 00000000 00000000                     000000b1       --       --      --

Trap Unit:
     Name     Busy       Op       Vj       Vk        Qj        Qk        A   Result  X-Start    X-End
TrapUnit1        1  dumpgpr 00000000 00000000  MemUnit6           00000000       --       --      --

Memory Unit:
     Name     Busy       Op       Vj       Vk        Qj        Qk        A   Result  X-Start    X-End
 MemUnit6        1       lw 00000094 00000000                     00000000       --       39       --

General Purpose Registers:
R0-R7:   00000000 00000016 00000016 fffffff6 IntUnit0 00000016 00000094 00000038 
R8-R15:  00000000 00000000 00000000 00000000 00000000 00000000 00000000 00000000 
R16-R23: 00000000 00000000 00000000 00000000 00000000 00000000 00000000 00000000 
R24-R31: 00000000 00000000 00000000 00000000 00000000 00000000 00000000 00000000 

Floating Point Registers:
F0-F7:   00000000 00000000 00000000 00000000 00000000 00000000 00000000 00000000 
F8-F15:  00000000 00000000 00000000 00000000 00000000 00000000 00000000 00000000 
F16-F23: 00000000 00000000 00000000 00000000 00000000 00000000 00000000 00000000 
F24-F31: 00000000 00000000 00000000 00000000 00000000 00000000 00000000 00000000 

Memory:
0000: 2001008c 8c210000 20020090 8c420000 00221822 20040088 8c840000 00832024 
0020: 1080000c 00022820 20070038 48e00000 00000000 00012820 20060094 acc50000 
0040: 20040098 44800003 2001008c 8c210000 44200001 200400a6 44800003 20010090 
0060: 8c210000 44200001 200400ac 44800003 20040094 8c840000 44800001 200400b1 
0080: 44800003 44000000 80000000 0000000c 00000016 00000016 0a546865 206d6178 
00a0: 206f6620 00002061 6e642000 20697320 002e0a00 00000000 00000000 00000000 
00c0: 00000000 00000000 00000000 00000000 00000000 00000000 00000000 00000000 *

End of clock cycle  40
----------------------
Integer Unit:
     Name     Busy       Op       Vj       Vk        Qj        Qk        A   Result  X-Start    X-End
 IntUnit0        1     addi 00000000 00000000                     000000b1 000000b1       40       40 

Trap Unit:
     Name     Busy       Op       Vj       Vk        Qj        Qk        A   Result  X-Start    X-End
TrapUnit1        1  dumpgpr 00000000 00000000  MemUnit6           00000000       --       --      --
TrapUnit2        1  dumpstr 00000000 00000000  IntUnit0           00000000       --       --      --

Memory Unit:
     Name     Busy       Op       Vj       Vk        Qj        Qk        A   Result  X-Start    X-End
 MemUnit6        1       lw 00000094 00000000                     00000094 00000016       39       40 

General Purpose Registers:
R0-R7:   00000000 00000016 00000016 fffffff6 IntUnit0 00000016 00000094 00000038 
R8-R15:  00000000 00000000 00000000 00000000 00000000 00000000 00000000 00000000 
R16-R23: 00000000 00000000 00000000 00000000 00000000 00000000 00000000 00000000 
R24-R31: 00000000 00000000 00000000 00000000 00000000 00000000 00000000 00000000 

Floating Point Registers:
F0-F7:   00000000 00000000 00000000 00000000 00000000 00000000 00000000 00000000 
F8-F15:  00000000 00000000 00000000 00000000 00000000 00000000 00000000 00000000 
F16-F23: 00000000 00000000 00000000 00000000 00000000 00000000 00000000 00000000 
F24-F31: 00000000 00000000 00000000 00000000 00000000 00000000 00000000 00000000 

Memory:
0000: 2001008c 8c210000 20020090 8c420000 00221822 20040088 8c840000 00832024 
0020: 1080000c 00022820 20070038 48e00000 00000000 00012820 20060094 acc50000 
0040: 20040098 44800003 2001008c 8c210000 44200001 200400a6 44800003 20010090 
0060: 8c210000 44200001 200400ac 44800003 20040094 8c840000 44800001 200400b1 
0080: 44800003 44000000 80000000 0000000c 00000016 00000016 0a546865 206d6178 
00a0: 206f6620 00002061 6e642000 20697320 002e0a00 00000000 00000000 00000000 
00c0: 00000000 00000000 00000000 00000000 00000000 00000000 00000000 00000000 *

End of clock cycle  41
----------------------
Integer Unit:
     Name     Busy       Op       Vj       Vk        Qj        Qk        A   Result  X-Start    X-End
 IntUnit0        1     addi 00000000 00000000                     000000b1 000000b1       40       40 

Trap Unit:
     Name     Busy       Op       Vj       Vk        Qj        Qk        A   Result  X-Start    X-End
TrapUnit1        1  dumpgpr 00000016 00000000                     00000000       --       --      --
TrapUnit2        1  dumpstr 00000000 00000000  IntUnit0           00000000       --       --      --
TrapUnit3        1     halt 00000000 00000000                     00000000       --       --      --

General Purpose Registers:
R0-R7:   00000000 00000016 00000016 fffffff6 IntUnit0 00000016 00000094 00000038 
R8-R15:  00000000 00000000 00000000 00000000 00000000 00000000 00000000 00000000 
R16-R23: 00000000 00000000 00000000 00000000 00000000 00000000 00000000 00000000 
R24-R31: 00000000 00000000 00000000 00000000 00000000 00000000 00000000 00000000 

Floating Point Registers:
F0-F7:   00000000 00000000 00000000 00000000 00000000 00000000 00000000 00000000 
F8-F15:  00000000 00000000 00000000 00000000 00000000 00000000 00000000 00000000 
F16-F23: 00000000 00000000 00000000 00000000 00000000 00000000 00000000 00000000 
F24-F31: 00000000 00000000 00000000 00000000 00000000 00000000 00000000 00000000 

Memory:
0000: 2001008c 8c210000 20020090 8c420000 00221822 20040088 8c840000 00832024 
0020: 1080000c 00022820 20070038 48e00000 00000000 00012820 20060094 acc50000 
0040: 20040098 44800003 2001008c 8c210000 44200001 200400a6 44800003 20010090 
0060: 8c210000 44200001 200400ac 44800003 20040094 8c840000 44800001 200400b1 
0080: 44800003 44000000 80000000 0000000c 00000016 00000016 0a546865 206d6178 
00a0: 206f6620 00002061 6e642000 20697320 002e0a00 00000000 00000000 00000000 
00c0: 00000000 00000000 00000000 00000000 00000000 00000000 00000000 00000000 *

End of clock cycle  42
----------------------
Trap Unit:
     Name     Busy       Op       Vj       Vk        Qj        Qk        A   Result  X-Start    X-End
TrapUnit1        1  dumpgpr 00000016 00000000                     00000000 00000000       42       42 
TrapUnit2        1  dumpstr 000000b1 00000000                     00000000       --       --      --
TrapUnit3        1     halt 00000000 00000000                     00000000       --       --      --

General Purpose Registers:
R0-R7:   00000000 00000016 00000016 fffffff6 000000b1 00000016 00000094 00000038 
R8-R15:  00000000 00000000 00000000 00000000 00000000 00000000 00000000 00000000 
R16-R23: 00000000 00000000 00000000 00000000 00000000 00000000 00000000 00000000 
R24-R31: 00000000 00000000 00000000 00000000 00000000 00000000 00000000 00000000 

Floating Point Registers:
F0-F7:   00000000 00000000 00000000 00000000 00000000 00000000 00000000 00000000 
F8-F15:  00000000 00000000 00000000 00000000 00000000 00000000 00000000 00000000 
F16-F23: 00000000 00000000 00000000 00000000 00000000 00000000 00000000 00000000 
F24-F31: 00000000 00000000 00000000 00000000 00000000 00000000 00000000 00000000 

Memory:
0000: 2001008c 8c210000 20020090 8c420000 00221822 20040088 8c840000 00832024 
0020: 1080000c 00022820 20070038 48e00000 00000000 00012820 20060094 acc50000 
0040: 20040098 44800003 2001008c 8c210000 44200001 200400a6 44800003 20010090 
0060: 8c210000 44200001 200400ac 44800003 20040094 8c840000 44800001 200400b1 
0080: 44800003 44000000 80000000 0000000c 00000016 00000016 0a546865 206d6178 
00a0: 206f6620 00002061 6e642000 20697320 002e0a00 00000000 00000000 00000000 
00c0: 00000000 00000000 00000000 00000000 00000000 00000000 00000000 00000000 *

22End of clock cycle  43
----------------------
Trap Unit:
     Name     Busy       Op       Vj       Vk        Qj        Qk        A   Result  X-Start    X-End
TrapUnit2        1  dumpstr 000000b1 00000000                     00000000 00000000       43       43 
TrapUnit3        1     halt 00000000 00000000                     00000000       --       --      --

General Purpose Registers:
R0-R7:   00000000 00000016 00000016 fffffff6 000000b1 00000016 00000094 00000038 
R8-R15:  00000000 00000000 00000000 00000000 00000000 00000000 00000000 00000000 
R16-R23: 00000000 00000000 00000000 00000000 00000000 00000000 00000000 00000000 
R24-R31: 00000000 00000000 00000000 00000000 00000000 00000000 00000000 00000000 

Floating Point Registers:
F0-F7:   00000000 00000000 00000000 00000000 00000000 00000000 00000000 00000000 
F8-F15:  00000000 00000000 00000000 00000000 00000000 00000000 00000000 00000000 
F16-F23: 00000000 00000000 00000000 00000000 00000000 00000000 00000000 00000000 
F24-F31: 00000000 00000000 00000000 00000000 00000000 00000000 00000000 00000000 

Memory:
0000: 2001008c 8c210000 20020090 8c420000 00221822 20040088 8c840000 00832024 
0020: 1080000c 00022820 20070038 48e00000 00000000 00012820 20060094 acc50000 
0040: 20040098 44800003 2001008c 8c210000 44200001 200400a6 44800003 20010090 
0060: 8c210000 44200001 200400ac 44800003 20040094 8c840000 44800001 200400b1 
0080: 44800003 44000000 80000000 0000000c 00000016 00000016 0a546865 206d6178 
00a0: 206f6620 00002061 6e642000 20697320 002e0a00 00000000 00000000 00000000 
00c0: 00000000 00000000 00000000 00000000 00000000 00000000 00000000 00000000 *

.
End of clock cycle  44
----------------------
Trap Unit:
     Name     Busy       Op       Vj       Vk        Qj        Qk        A   Result  X-Start    X-End
TrapUnit3        1     halt 00000000 00000000                     00000000 00000000       44       44 

General Purpose Registers:
R0-R7:   00000000 00000016 00000016 fffffff6 000000b1 00000016 00000094 00000038 
R8-R15:  00000000 00000000 00000000 00000000 00000000 00000000 00000000 00000000 
R16-R23: 00000000 00000000 00000000 00000000 00000000 00000000 00000000 00000000 
R24-R31: 00000000 00000000 00000000 00000000 00000000 00000000 00000000 00000000 

Floating Point Registers:
F0-F7:   00000000 00000000 00000000 00000000 00000000 00000000 00000000 00000000 
F8-F15:  00000000 00000000 00000000 00000000 00000000 00000000 00000000 00000000 
F16-F23: 00000000 00000000 00000000 00000000 00000000 00000000 00000000 00000000 
F24-F31: 00000000 00000000 00000000 00000000 00000000 00000000 00000000 00000000 

Memory:
0000: 2001008c 8c210000 20020090 8c420000 00221822 20040088 8c840000 00832024 
0020: 1080000c 00022820 20070038 48e00000 00000000 00012820 20060094 acc50000 
0040: 20040098 44800003 2001008c 8c210000 44200001 200400a6 44800003 20010090 
0060: 8c210000 44200001 200400ac 44800003 20040094 8c840000 44800001 200400b1 
0080: 44800003 44000000 80000000 0000000c 00000016 00000016 0a546865 206d6178 
00a0: 206f6620 00002061 6e642000 20697320 002e0a00 00000000 00000000 00000000 
00c0: 00000000 00000000 00000000 00000000 00000000 00000000 00000000 00000000 *

End of clock cycle  45
----------------------
General Purpose Registers:
R0-R7:   00000000 00000016 00000016 fffffff6 000000b1 00000016 00000094 00000038 
R8-R15:  00000000 00000000 00000000 00000000 00000000 00000000 00000000 00000000 
R16-R23: 00000000 00000000 00000000 00000000 00000000 00000000 00000000 00000000 
R24-R31: 00000000 00000000 00000000 00000000 00000000 00000000 00000000 00000000 

Floating Point Registers:
F0-F7:   00000000 00000000 00000000 00000000 00000000 00000000 00000000 00000000 
F8-F15:  00000000 00000000 00000000 00000000 00000000 00000000 00000000 00000000 
F16-F23: 00000000 00000000 00000000 00000000 00000000 00000000 00000000 00000000 
F24-F31: 00000000 00000000 00000000 00000000 00000000 00000000 00000000 00000000 

Memory:
0000: 2001008c 8c210000 20020090 8c420000 00221822 20040088 8c840000 00832024 
0020: 1080000c 00022820 20070038 48e00000 00000000 00012820 20060094 acc50000 
0040: 20040098 44800003 2001008c 8c210000 44200001 200400a6 44800003 20010090 
0060: 8c210000 44200001 200400ac 44800003 20040094 8c840000 44800001 200400b1 
0080: 44800003 44000000 80000000 0000000c 00000016 00000016 0a546865 206d6178 
00a0: 206f6620 00002061 6e642000 20697320 002e0a00 00000000 00000000 00000000 
00c0: 00000000 00000000 00000000 00000000 00000000 00000000 00000000 00000000 *

