End of clock cycle   0
----------------------
Integer Unit:
     Name     Busy       Op       Vj       Vk        Qj        Qk        A   Result  X-Start    X-End
 IntUnit0        1     addi 00000000 00000000                     00000003       --       --      --

General Purpose Registers:
R0-R7:   00000000 IntUnit0 00000000 00000000 00000000 00000000 00000000 00000000 
R8-R15:  00000000 00000000 00000000 00000000 00000000 00000000 00000000 00000000 
R16-R23: 00000000 00000000 00000000 00000000 00000000 00000000 00000000 00000000 
R24-R31: 00000000 00000000 00000000 00000000 00000000 00000000 00000000 00000000 

Floating Point Registers:
F0-F7:   00000000 00000000 00000000 00000000 00000000 00000000 00000000 00000000 
F8-F15:  00000000 00000000 00000000 00000000 00000000 00000000 00000000 00000000 
F16-F23: 00000000 00000000 00000000 00000000 00000000 00000000 00000000 00000000 
F24-F31: 00000000 00000000 00000000 00000000 00000000 00000000 00000000 00000000 

Memory:
0000: 20010003 00200835 20020006 00401035 0422180e 00601834 20040048 44800003 
0020: 44200001 2004005a 44800003 44400001 20040060 44800003 44600001 20040065 
0040: 44800003 44000000 0a546865 2070726f 64756374 206f6620 00002061 6e642000 
0060: 20697320 002e0a00 00000000 00000000 00000000 00000000 00000000 00000000 
0080: 00000000 00000000 00000000 00000000 00000000 00000000 00000000 00000000 *

End of clock cycle   1
----------------------
Integer Unit:
     Name     Busy       Op       Vj       Vk        Qj        Qk        A   Result  X-Start    X-End
 IntUnit0        1     addi 00000000 00000000                     00000003 00000003        1        1 
 IntUnit1        1  movi2fp 00000000 00000000  IntUnit0           00000000       --       --      --

General Purpose Registers:
R0-R7:   00000000 IntUnit0 00000000 00000000 00000000 00000000 00000000 00000000 
R8-R15:  00000000 00000000 00000000 00000000 00000000 00000000 00000000 00000000 
R16-R23: 00000000 00000000 00000000 00000000 00000000 00000000 00000000 00000000 
R24-R31: 00000000 00000000 00000000 00000000 00000000 00000000 00000000 00000000 

Floating Point Registers:
F0-F7:   00000000 IntUnit1 00000000 00000000 00000000 00000000 00000000 00000000 
F8-F15:  00000000 00000000 00000000 00000000 00000000 00000000 00000000 00000000 
F16-F23: 00000000 00000000 00000000 00000000 00000000 00000000 00000000 00000000 
F24-F31: 00000000 00000000 00000000 00000000 00000000 00000000 00000000 00000000 

Memory:
0000: 20010003 00200835 20020006 00401035 0422180e 00601834 20040048 44800003 
0020: 44200001 2004005a 44800003 44400001 20040060 44800003 44600001 20040065 
0040: 44800003 44000000 0a546865 2070726f 64756374 206f6620 00002061 6e642000 
0060: 20697320 002e0a00 00000000 00000000 00000000 00000000 00000000 00000000 
0080: 00000000 00000000 00000000 00000000 00000000 00000000 00000000 00000000 *

End of clock cycle   2
----------------------
Integer Unit:
     Name     Busy       Op       Vj       Vk        Qj        Qk        A   Result  X-Start    X-End
 IntUnit1        1  movi2fp 00000003 00000000                     00000000       --       --      --
 IntUnit2        1     addi 00000000 00000000                     00000006       --       --      --

General Purpose Registers:
R0-R7:   00000000 00000003 IntUnit2 00000000 00000000 00000000 00000000 00000000 
R8-R15:  00000000 00000000 00000000 00000000 00000000 00000000 00000000 00000000 
R16-R23: 00000000 00000000 00000000 00000000 00000000 00000000 00000000 00000000 
R24-R31: 00000000 00000000 00000000 00000000 00000000 00000000 00000000 00000000 

Floating Point Registers:
F0-F7:   00000000 IntUnit1 00000000 00000000 00000000 00000000 00000000 00000000 
F8-F15:  00000000 00000000 00000000 00000000 00000000 00000000 00000000 00000000 
F16-F23: 00000000 00000000 00000000 00000000 00000000 00000000 00000000 00000000 
F24-F31: 00000000 00000000 00000000 00000000 00000000 00000000 00000000 00000000 

Memory:
0000: 20010003 00200835 20020006 00401035 0422180e 00601834 20040048 44800003 
0020: 44200001 2004005a 44800003 44400001 20040060 44800003 44600001 20040065 
0040: 44800003 44000000 0a546865 2070726f 64756374 206f6620 00002061 6e642000 
0060: 20697320 002e0a00 00000000 00000000 00000000 00000000 00000000 00000000 
0080: 00000000 00000000 00000000 00000000 00000000 00000000 00000000 00000000 *

End of clock cycle   3
----------------------
Integer Unit:
     Name     Busy       Op       Vj       Vk        Qj        Qk        A   Result  X-Start    X-End
 IntUnit0        1  movi2fp 00000000 00000000  IntUnit2           00000000       --       --      --
 IntUnit1        1  movi2fp 00000003 00000000                     00000000 00000003        3        3 
 IntUnit2        1     addi 00000000 00000000                     00000006 00000006        3        3 

General Purpose Registers:
R0-R7:   00000000 00000003 IntUnit2 00000000 00000000 00000000 00000000 00000000 
R8-R15:  00000000 00000000 00000000 00000000 00000000 00000000 00000000 00000000 
R16-R23: 00000000 00000000 00000000 00000000 00000000 00000000 00000000 00000000 
R24-R31: 00000000 00000000 00000000 00000000 00000000 00000000 00000000 00000000 

Floating Point Registers:
F0-F7:   00000000 IntUnit1 IntUnit0 00000000 00000000 00000000 00000000 00000000 
F8-F15:  00000000 00000000 00000000 00000000 00000000 00000000 00000000 00000000 
F16-F23: 00000000 00000000 00000000 00000000 00000000 00000000 00000000 00000000 
F24-F31: 00000000 00000000 00000000 00000000 00000000 00000000 00000000 00000000 

Memory:
0000: 20010003 00200835 20020006 00401035 0422180e 00601834 20040048 44800003 
0020: 44200001 2004005a 44800003 44400001 20040060 44800003 44600001 20040065 
0040: 44800003 44000000 0a546865 2070726f 64756374 206f6620 00002061 6e642000 
0060: 20697320 002e0a00 00000000 00000000 00000000 00000000 00000000 00000000 
0080: 00000000 00000000 00000000 00000000 00000000 00000000 00000000 00000000 *

End of clock cycle   4
----------------------
Integer Unit:
     Name     Busy       Op       Vj       Vk        Qj        Qk        A   Result  X-Start    X-End
 IntUnit0        1  movi2fp 00000000 00000000  IntUnit2           00000000       --       --      --
 IntUnit2        1     addi 00000000 00000000                     00000006 00000006        3        3 

Floating Point Unit:
     Name     Busy       Op       Vj       Vk        Qj        Qk        A   Result  X-Start    X-End
  FpUnit0        1     mult 00000003 00000000            IntUnit0 00000000       --       --      --

General Purpose Registers:
R0-R7:   00000000 00000003 IntUnit2 00000000 00000000 00000000 00000000 00000000 
R8-R15:  00000000 00000000 00000000 00000000 00000000 00000000 00000000 00000000 
R16-R23: 00000000 00000000 00000000 00000000 00000000 00000000 00000000 00000000 
R24-R31: 00000000 00000000 00000000 00000000 00000000 00000000 00000000 00000000 

Floating Point Registers:
F0-F7:   00000000 00000003 IntUnit0  FpUnit0 00000000 00000000 00000000 00000000 
F8-F15:  00000000 00000000 00000000 00000000 00000000 00000000 00000000 00000000 
F16-F23: 00000000 00000000 00000000 00000000 00000000 00000000 00000000 00000000 
F24-F31: 00000000 00000000 00000000 00000000 00000000 00000000 00000000 00000000 

Memory:
0000: 20010003 00200835 20020006 00401035 0422180e 00601834 20040048 44800003 
0020: 44200001 2004005a 44800003 44400001 20040060 44800003 44600001 20040065 
0040: 44800003 44000000 0a546865 2070726f 64756374 206f6620 00002061 6e642000 
0060: 20697320 002e0a00 00000000 00000000 00000000 00000000 00000000 00000000 
0080: 00000000 00000000 00000000 00000000 00000000 00000000 00000000 00000000 *

End of clock cycle   5
----------------------
Integer Unit:
     Name     Busy       Op       Vj       Vk        Qj        Qk        A   Result  X-Start    X-End
 IntUnit0        1  movi2fp 00000006 00000000                     00000000       --       --      --
 IntUnit1        1  movfp2i 00000000 00000000   FpUnit0           00000000       --       --      --

Floating Point Unit:
     Name     Busy       Op       Vj       Vk        Qj        Qk        A   Result  X-Start    X-End
  FpUnit0        1     mult 00000003 00000000            IntUnit0 00000000       --       --      --

General Purpose Registers:
R0-R7:   00000000 00000003 00000006 IntUnit1 00000000 00000000 00000000 00000000 
R8-R15:  00000000 00000000 00000000 00000000 00000000 00000000 00000000 00000000 
R16-R23: 00000000 00000000 00000000 00000000 00000000 00000000 00000000 00000000 
R24-R31: 00000000 00000000 00000000 00000000 00000000 00000000 00000000 00000000 

Floating Point Registers:
F0-F7:   00000000 00000003 IntUnit0  FpUnit0 00000000 00000000 00000000 00000000 
F8-F15:  00000000 00000000 00000000 00000000 00000000 00000000 00000000 00000000 
F16-F23: 00000000 00000000 00000000 00000000 00000000 00000000 00000000 00000000 
F24-F31: 00000000 00000000 00000000 00000000 00000000 00000000 00000000 00000000 

Memory:
0000: 20010003 00200835 20020006 00401035 0422180e 00601834 20040048 44800003 
0020: 44200001 2004005a 44800003 44400001 20040060 44800003 44600001 20040065 
0040: 44800003 44000000 0a546865 2070726f 64756374 206f6620 00002061 6e642000 
0060: 20697320 002e0a00 00000000 00000000 00000000 00000000 00000000 00000000 
0080: 00000000 00000000 00000000 00000000 00000000 00000000 00000000 00000000 *

End of clock cycle   6
----------------------
Integer Unit:
     Name     Busy       Op       Vj       Vk        Qj        Qk        A   Result  X-Start    X-End
 IntUnit0        1  movi2fp 00000006 00000000                     00000000 00000006        6        6 
 IntUnit1        1  movfp2i 00000000 00000000   FpUnit0           00000000       --       --      --
 IntUnit2        1     addi 00000000 00000000                     00000048       --       --      --

Floating Point Unit:
     Name     Busy       Op       Vj       Vk        Qj        Qk        A   Result  X-Start    X-End
  FpUnit0        1     mult 00000003 00000000            IntUnit0 00000000       --       --      --

General Purpose Registers:
R0-R7:   00000000 00000003 00000006 IntUnit1 IntUnit2 00000000 00000000 00000000 
R8-R15:  00000000 00000000 00000000 00000000 00000000 00000000 00000000 00000000 
R16-R23: 00000000 00000000 00000000 00000000 00000000 00000000 00000000 00000000 
R24-R31: 00000000 00000000 00000000 00000000 00000000 00000000 00000000 00000000 

Floating Point Registers:
F0-F7:   00000000 00000003 IntUnit0  FpUnit0 00000000 00000000 00000000 00000000 
F8-F15:  00000000 00000000 00000000 00000000 00000000 00000000 00000000 00000000 
F16-F23: 00000000 00000000 00000000 00000000 00000000 00000000 00000000 00000000 
F24-F31: 00000000 00000000 00000000 00000000 00000000 00000000 00000000 00000000 

Memory:
0000: 20010003 00200835 20020006 00401035 0422180e 00601834 20040048 44800003 
0020: 44200001 2004005a 44800003 44400001 20040060 44800003 44600001 20040065 
0040: 44800003 44000000 0a546865 2070726f 64756374 206f6620 00002061 6e642000 
0060: 20697320 002e0a00 00000000 00000000 00000000 00000000 00000000 00000000 
0080: 00000000 00000000 00000000 00000000 00000000 00000000 00000000 00000000 *

End of clock cycle   7
----------------------
Integer Unit:
     Name     Busy       Op       Vj       Vk        Qj        Qk        A   Result  X-Start    X-End
 IntUnit1        1  movfp2i 00000000 00000000   FpUnit0           00000000       --       --      --
 IntUnit2        1     addi 00000000 00000000                     00000048 00000048        7        7 

Trap Unit:
     Name     Busy       Op       Vj       Vk        Qj        Qk        A   Result  X-Start    X-End
TrapUnit0        1  dumpstr 00000000 00000000  IntUnit2           00000000       --       --      --

Floating Point Unit:
     Name     Busy       Op       Vj       Vk        Qj        Qk        A   Result  X-Start    X-End
  FpUnit0        1     mult 00000003 00000006                     00000000       --       --      --

General Purpose Registers:
R0-R7:   00000000 00000003 00000006 IntUnit1 IntUnit2 00000000 00000000 00000000 
R8-R15:  00000000 00000000 00000000 00000000 00000000 00000000 00000000 00000000 
R16-R23: 00000000 00000000 00000000 00000000 00000000 00000000 00000000 00000000 
R24-R31: 00000000 00000000 00000000 00000000 00000000 00000000 00000000 00000000 

Floating Point Registers:
F0-F7:   00000000 00000003 00000006  FpUnit0 00000000 00000000 00000000 00000000 
F8-F15:  00000000 00000000 00000000 00000000 00000000 00000000 00000000 00000000 
F16-F23: 00000000 00000000 00000000 00000000 00000000 00000000 00000000 00000000 
F24-F31: 00000000 00000000 00000000 00000000 00000000 00000000 00000000 00000000 

Memory:
0000: 20010003 00200835 20020006 00401035 0422180e 00601834 20040048 44800003 
0020: 44200001 2004005a 44800003 44400001 20040060 44800003 44600001 20040065 
0040: 44800003 44000000 0a546865 2070726f 64756374 206f6620 00002061 6e642000 
0060: 20697320 002e0a00 00000000 00000000 00000000 00000000 00000000 00000000 
0080: 00000000 00000000 00000000 00000000 00000000 00000000 00000000 00000000 *

End of clock cycle   8
----------------------
Integer Unit:
     Name     Busy       Op       Vj       Vk        Qj        Qk        A   Result  X-Start    X-End
 IntUnit1        1  movfp2i 00000000 00000000   FpUnit0           00000000       --       --      --

Trap Unit:
     Name     Busy       Op       Vj       Vk        Qj        Qk        A   Result  X-Start    X-End
TrapUnit0        1  dumpstr 00000048 00000000                     00000000       --       --      --
TrapUnit1        1  dumpgpr 00000003 00000000                     00000000       --       --      --

Floating Point Unit:
     Name     Busy       Op       Vj       Vk        Qj        Qk        A   Result  X-Start    X-End
  FpUnit0        1     mult 00000003 00000006                     00000000       --        8       --

General Purpose Registers:
R0-R7:   00000000 00000003 00000006 IntUnit1 00000048 00000000 00000000 00000000 
R8-R15:  00000000 00000000 00000000 00000000 00000000 00000000 00000000 00000000 
R16-R23: 00000000 00000000 00000000 00000000 00000000 00000000 00000000 00000000 
R24-R31: 00000000 00000000 00000000 00000000 00000000 00000000 00000000 00000000 

Floating Point Registers:
F0-F7:   00000000 00000003 00000006  FpUnit0 00000000 00000000 00000000 00000000 
F8-F15:  00000000 00000000 00000000 00000000 00000000 00000000 00000000 00000000 
F16-F23: 00000000 00000000 00000000 00000000 00000000 00000000 00000000 00000000 
F24-F31: 00000000 00000000 00000000 00000000 00000000 00000000 00000000 00000000 

Memory:
0000: 20010003 00200835 20020006 00401035 0422180e 00601834 20040048 44800003 
0020: 44200001 2004005a 44800003 44400001 20040060 44800003 44600001 20040065 
0040: 44800003 44000000 0a546865 2070726f 64756374 206f6620 00002061 6e642000 
0060: 20697320 002e0a00 00000000 00000000 00000000 00000000 00000000 00000000 
0080: 00000000 00000000 00000000 00000000 00000000 00000000 00000000 00000000 *

End of clock cycle   9
----------------------
Integer Unit:
     Name     Busy       Op       Vj       Vk        Qj        Qk        A   Result  X-Start    X-End
 IntUnit0        1     addi 00000000 00000000                     0000005a       --       --      --
 IntUnit1        1  movfp2i 00000000 00000000   FpUnit0           00000000       --       --      --

Trap Unit:
     Name     Busy       Op       Vj       Vk        Qj        Qk        A   Result  X-Start    X-End
TrapUnit0        1  dumpstr 00000048 00000000                     00000000 00000000        9        9 
TrapUnit1        1  dumpgpr 00000003 00000000                     00000000       --       --      --

Floating Point Unit:
     Name     Busy       Op       Vj       Vk        Qj        Qk        A   Result  X-Start    X-End
  FpUnit0        1     mult 00000003 00000006                     00000000       --        8       --

General Purpose Registers:
R0-R7:   00000000 00000003 00000006 IntUnit1 IntUnit0 00000000 00000000 00000000 
R8-R15:  00000000 00000000 00000000 00000000 00000000 00000000 00000000 00000000 
R16-R23: 00000000 00000000 00000000 00000000 00000000 00000000 00000000 00000000 
R24-R31: 00000000 00000000 00000000 00000000 00000000 00000000 00000000 00000000 

Floating Point Registers:
F0-F7:   00000000 00000003 00000006  FpUnit0 00000000 00000000 00000000 00000000 
F8-F15:  00000000 00000000 00000000 00000000 00000000 00000000 00000000 00000000 
F16-F23: 00000000 00000000 00000000 00000000 00000000 00000000 00000000 00000000 
F24-F31: 00000000 00000000 00000000 00000000 00000000 00000000 00000000 00000000 

Memory:
0000: 20010003 00200835 20020006 00401035 0422180e 00601834 20040048 44800003 
0020: 44200001 2004005a 44800003 44400001 20040060 44800003 44600001 20040065 
0040: 44800003 44000000 0a546865 2070726f 64756374 206f6620 00002061 6e642000 
0060: 20697320 002e0a00 00000000 00000000 00000000 00000000 00000000 00000000 
0080: 00000000 00000000 00000000 00000000 00000000 00000000 00000000 00000000 *


The product of End of clock cycle  10
----------------------
Integer Unit:
     Name     Busy       Op       Vj       Vk        Qj        Qk        A   Result  X-Start    X-End
 IntUnit0        1     addi 00000000 00000000                     0000005a 0000005a       10       10 
 IntUnit1        1  movfp2i 00000000 00000000   FpUnit0           00000000       --       --      --

Trap Unit:
     Name     Busy       Op       Vj       Vk        Qj        Qk        A   Result  X-Start    X-End
TrapUnit1        1  dumpgpr 00000003 00000000                     00000000 00000000       10       10 
TrapUnit2        1  dumpstr 00000000 00000000  IntUnit0           00000000       --       --      --

Floating Point Unit:
     Name     Busy       Op       Vj       Vk        Qj        Qk        A   Result  X-Start    X-End
  FpUnit0        1     mult 00000003 00000006                     00000000       --        8       --

General Purpose Registers:
R0-R7:   00000000 00000003 00000006 IntUnit1 IntUnit0 00000000 00000000 00000000 
R8-R15:  00000000 00000000 00000000 00000000 00000000 00000000 00000000 00000000 
R16-R23: 00000000 00000000 00000000 00000000 00000000 00000000 00000000 00000000 
R24-R31: 00000000 00000000 00000000 00000000 00000000 00000000 00000000 00000000 

Floating Point Registers:
F0-F7:   00000000 00000003 00000006  FpUnit0 00000000 00000000 00000000 00000000 
F8-F15:  00000000 00000000 00000000 00000000 00000000 00000000 00000000 00000000 
F16-F23: 00000000 00000000 00000000 00000000 00000000 00000000 00000000 00000000 
F24-F31: 00000000 00000000 00000000 00000000 00000000 00000000 00000000 00000000 

Memory:
0000: 20010003 00200835 20020006 00401035 0422180e 00601834 20040048 44800003 
0020: 44200001 2004005a 44800003 44400001 20040060 44800003 44600001 20040065 
0040: 44800003 44000000 0a546865 2070726f 64756374 206f6620 00002061 6e642000 
0060: 20697320 002e0a00 00000000 00000000 00000000 00000000 00000000 00000000 
0080: 00000000 00000000 00000000 00000000 00000000 00000000 00000000 00000000 *

3End of clock cycle  11
----------------------
Integer Unit:
     Name     Busy       Op       Vj       Vk        Qj        Qk        A   Result  X-Start    X-End
 IntUnit1        1  movfp2i 00000000 00000000   FpUnit0           00000000       --       --      --

Trap Unit:
     Name     Busy       Op       Vj       Vk        Qj        Qk        A   Result  X-Start    X-End
TrapUnit2        1  dumpstr 0000005a 00000000                     00000000       --       --      --
TrapUnit3        1  dumpgpr 00000006 00000000                     00000000       --       --      --

Floating Point Unit:
     Name     Busy       Op       Vj       Vk        Qj        Qk        A   Result  X-Start    X-End
  FpUnit0        1     mult 00000003 00000006                     00000000 00000012        8       11 

General Purpose Registers:
R0-R7:   00000000 00000003 00000006 IntUnit1 0000005a 00000000 00000000 00000000 
R8-R15:  00000000 00000000 00000000 00000000 00000000 00000000 00000000 00000000 
R16-R23: 00000000 00000000 00000000 00000000 00000000 00000000 00000000 00000000 
R24-R31: 00000000 00000000 00000000 00000000 00000000 00000000 00000000 00000000 

Floating Point Registers:
F0-F7:   00000000 00000003 00000006  FpUnit0 00000000 00000000 00000000 00000000 
F8-F15:  00000000 00000000 00000000 00000000 00000000 00000000 00000000 00000000 
F16-F23: 00000000 00000000 00000000 00000000 00000000 00000000 00000000 00000000 
F24-F31: 00000000 00000000 00000000 00000000 00000000 00000000 00000000 00000000 

Memory:
0000: 20010003 00200835 20020006 00401035 0422180e 00601834 20040048 44800003 
0020: 44200001 2004005a 44800003 44400001 20040060 44800003 44600001 20040065 
0040: 44800003 44000000 0a546865 2070726f 64756374 206f6620 00002061 6e642000 
0060: 20697320 002e0a00 00000000 00000000 00000000 00000000 00000000 00000000 
0080: 00000000 00000000 00000000 00000000 00000000 00000000 00000000 00000000 *

End of clock cycle  12
----------------------
Integer Unit:
     Name     Busy       Op       Vj       Vk        Qj        Qk        A   Result  X-Start    X-End
 IntUnit0        1     addi 00000000 00000000                     00000060       --       --      --
 IntUnit1        1  movfp2i 00000012 00000000                     00000000       --       --      --

Trap Unit:
     Name     Busy       Op       Vj       Vk        Qj        Qk        A   Result  X-Start    X-End
TrapUnit2        1  dumpstr 0000005a 00000000                     00000000 00000000       12       12 
TrapUnit3        1  dumpgpr 00000006 00000000                     00000000       --       --      --

General Purpose Registers:
R0-R7:   00000000 00000003 00000006 IntUnit1 IntUnit0 00000000 00000000 00000000 
R8-R15:  00000000 00000000 00000000 00000000 00000000 00000000 00000000 00000000 
R16-R23: 00000000 00000000 00000000 00000000 00000000 00000000 00000000 00000000 
R24-R31: 00000000 00000000 00000000 00000000 00000000 00000000 00000000 00000000 

Floating Point Registers:
F0-F7:   00000000 00000003 00000006 00000012 00000000 00000000 00000000 00000000 
F8-F15:  00000000 00000000 00000000 00000000 00000000 00000000 00000000 00000000 
F16-F23: 00000000 00000000 00000000 00000000 00000000 00000000 00000000 00000000 
F24-F31: 00000000 00000000 00000000 00000000 00000000 00000000 00000000 00000000 

Memory:
0000: 20010003 00200835 20020006 00401035 0422180e 00601834 20040048 44800003 
0020: 44200001 2004005a 44800003 44400001 20040060 44800003 44600001 20040065 
0040: 44800003 44000000 0a546865 2070726f 64756374 206f6620 00002061 6e642000 
0060: 20697320 002e0a00 00000000 00000000 00000000 00000000 00000000 00000000 
0080: 00000000 00000000 00000000 00000000 00000000 00000000 00000000 00000000 *

 and End of clock cycle  13
----------------------
Integer Unit:
     Name     Busy       Op       Vj       Vk        Qj        Qk        A   Result  X-Start    X-End
 IntUnit0        1     addi 00000000 00000000                     00000060 00000060       13       13 
 IntUnit1        1  movfp2i 00000012 00000000                     00000000 00000012       13       13 

Trap Unit:
     Name     Busy       Op       Vj       Vk        Qj        Qk        A   Result  X-Start    X-End
TrapUnit0        1  dumpstr 00000000 00000000  IntUnit0           00000000       --       --      --
TrapUnit3        1  dumpgpr 00000006 00000000                     00000000 00000000       13       13 

General Purpose Registers:
R0-R7:   00000000 00000003 00000006 IntUnit1 IntUnit0 00000000 00000000 00000000 
R8-R15:  00000000 00000000 00000000 00000000 00000000 00000000 00000000 00000000 
R16-R23: 00000000 00000000 00000000 00000000 00000000 00000000 00000000 00000000 
R24-R31: 00000000 00000000 00000000 00000000 00000000 00000000 00000000 00000000 

Floating Point Registers:
F0-F7:   00000000 00000003 00000006 00000012 00000000 00000000 00000000 00000000 
F8-F15:  00000000 00000000 00000000 00000000 00000000 00000000 00000000 00000000 
F16-F23: 00000000 00000000 00000000 00000000 00000000 00000000 00000000 00000000 
F24-F31: 00000000 00000000 00000000 00000000 00000000 00000000 00000000 00000000 

Memory:
0000: 20010003 00200835 20020006 00401035 0422180e 00601834 20040048 44800003 
0020: 44200001 2004005a 44800003 44400001 20040060 44800003 44600001 20040065 
0040: 44800003 44000000 0a546865 2070726f 64756374 206f6620 00002061 6e642000 
0060: 20697320 002e0a00 00000000 00000000 00000000 00000000 00000000 00000000 
0080: 00000000 00000000 00000000 00000000 00000000 00000000 00000000 00000000 *

6End of clock cycle  14
----------------------
Integer Unit:
     Name     Busy       Op       Vj       Vk        Qj        Qk        A   Result  X-Start    X-End
 IntUnit1        1  movfp2i 00000012 00000000                     00000000 00000012       13       13 

Trap Unit:
     Name     Busy       Op       Vj       Vk        Qj        Qk        A   Result  X-Start    X-End
TrapUnit0        1  dumpstr 00000060 00000000                     00000000       --       --      --
TrapUnit1        1  dumpgpr 00000000 00000000  IntUnit1           00000000       --       --      --

General Purpose Registers:
R0-R7:   00000000 00000003 00000006 IntUnit1 00000060 00000000 00000000 00000000 
R8-R15:  00000000 00000000 00000000 00000000 00000000 00000000 00000000 00000000 
R16-R23: 00000000 00000000 00000000 00000000 00000000 00000000 00000000 00000000 
R24-R31: 00000000 00000000 00000000 00000000 00000000 00000000 00000000 00000000 

Floating Point Registers:
F0-F7:   00000000 00000003 00000006 00000012 00000000 00000000 00000000 00000000 
F8-F15:  00000000 00000000 00000000 00000000 00000000 00000000 00000000 00000000 
F16-F23: 00000000 00000000 00000000 00000000 00000000 00000000 00000000 00000000 
F24-F31: 00000000 00000000 00000000 00000000 00000000 00000000 00000000 00000000 

Memory:
0000: 20010003 00200835 20020006 00401035 0422180e 00601834 20040048 44800003 
0020: 44200001 2004005a 44800003 44400001 20040060 44800003 44600001 20040065 
0040: 44800003 44000000 0a546865 2070726f 64756374 206f6620 00002061 6e642000 
0060: 20697320 002e0a00 00000000 00000000 00000000 00000000 00000000 00000000 
0080: 00000000 00000000 00000000 00000000 00000000 00000000 00000000 00000000 *

End of clock cycle  15
----------------------
Integer Unit:
     Name     Busy       Op       Vj       Vk        Qj        Qk        A   Result  X-Start    X-End
 IntUnit0        1     addi 00000000 00000000                     00000065       --       --      --

Trap Unit:
     Name     Busy       Op       Vj       Vk        Qj        Qk        A   Result  X-Start    X-End
TrapUnit0        1  dumpstr 00000060 00000000                     00000000 00000000       15       15 
TrapUnit1        1  dumpgpr 00000012 00000000                     00000000       --       --      --

General Purpose Registers:
R0-R7:   00000000 00000003 00000006 00000012 IntUnit0 00000000 00000000 00000000 
R8-R15:  00000000 00000000 00000000 00000000 00000000 00000000 00000000 00000000 
R16-R23: 00000000 00000000 00000000 00000000 00000000 00000000 00000000 00000000 
R24-R31: 00000000 00000000 00000000 00000000 00000000 00000000 00000000 00000000 

Floating Point Registers:
F0-F7:   00000000 00000003 00000006 00000012 00000000 00000000 00000000 00000000 
F8-F15:  00000000 00000000 00000000 00000000 00000000 00000000 00000000 00000000 
F16-F23: 00000000 00000000 00000000 00000000 00000000 00000000 00000000 00000000 
F24-F31: 00000000 00000000 00000000 00000000 00000000 00000000 00000000 00000000 

Memory:
0000: 20010003 00200835 20020006 00401035 0422180e 00601834 20040048 44800003 
0020: 44200001 2004005a 44800003 44400001 20040060 44800003 44600001 20040065 
0040: 44800003 44000000 0a546865 2070726f 64756374 206f6620 00002061 6e642000 
0060: 20697320 002e0a00 00000000 00000000 00000000 00000000 00000000 00000000 
0080: 00000000 00000000 00000000 00000000 00000000 00000000 00000000 00000000 *

 is End of clock cycle  16
----------------------
Integer Unit:
     Name     Busy       Op       Vj       Vk        Qj        Qk        A   Result  X-Start    X-End
 IntUnit0        1     addi 00000000 00000000                     00000065 00000065       16       16 

Trap Unit:
     Name     Busy       Op       Vj       Vk        Qj        Qk        A   Result  X-Start    X-End
TrapUnit1        1  dumpgpr 00000012 00000000                     00000000 00000000       16       16 
TrapUnit2        1  dumpstr 00000000 00000000  IntUnit0           00000000       --       --      --

General Purpose Registers:
R0-R7:   00000000 00000003 00000006 00000012 IntUnit0 00000000 00000000 00000000 
R8-R15:  00000000 00000000 00000000 00000000 00000000 00000000 00000000 00000000 
R16-R23: 00000000 00000000 00000000 00000000 00000000 00000000 00000000 00000000 
R24-R31: 00000000 00000000 00000000 00000000 00000000 00000000 00000000 00000000 

Floating Point Registers:
F0-F7:   00000000 00000003 00000006 00000012 00000000 00000000 00000000 00000000 
F8-F15:  00000000 00000000 00000000 00000000 00000000 00000000 00000000 00000000 
F16-F23: 00000000 00000000 00000000 00000000 00000000 00000000 00000000 00000000 
F24-F31: 00000000 00000000 00000000 00000000 00000000 00000000 00000000 00000000 

Memory:
0000: 20010003 00200835 20020006 00401035 0422180e 00601834 20040048 44800003 
0020: 44200001 2004005a 44800003 44400001 20040060 44800003 44600001 20040065 
0040: 44800003 44000000 0a546865 2070726f 64756374 206f6620 00002061 6e642000 
0060: 20697320 002e0a00 00000000 00000000 00000000 00000000 00000000 00000000 
0080: 00000000 00000000 00000000 00000000 00000000 00000000 00000000 00000000 *

18End of clock cycle  17
----------------------
Trap Unit:
     Name     Busy       Op       Vj       Vk        Qj        Qk        A   Result  X-Start    X-End
TrapUnit2        1  dumpstr 00000065 00000000                     00000000       --       --      --
TrapUnit3        1     halt 00000000 00000000                     00000000       --       --      --

General Purpose Registers:
R0-R7:   00000000 00000003 00000006 00000012 00000065 00000000 00000000 00000000 
R8-R15:  00000000 00000000 00000000 00000000 00000000 00000000 00000000 00000000 
R16-R23: 00000000 00000000 00000000 00000000 00000000 00000000 00000000 00000000 
R24-R31: 00000000 00000000 00000000 00000000 00000000 00000000 00000000 00000000 

Floating Point Registers:
F0-F7:   00000000 00000003 00000006 00000012 00000000 00000000 00000000 00000000 
F8-F15:  00000000 00000000 00000000 00000000 00000000 00000000 00000000 00000000 
F16-F23: 00000000 00000000 00000000 00000000 00000000 00000000 00000000 00000000 
F24-F31: 00000000 00000000 00000000 00000000 00000000 00000000 00000000 00000000 

Memory:
0000: 20010003 00200835 20020006 00401035 0422180e 00601834 20040048 44800003 
0020: 44200001 2004005a 44800003 44400001 20040060 44800003 44600001 20040065 
0040: 44800003 44000000 0a546865 2070726f 64756374 206f6620 00002061 6e642000 
0060: 20697320 002e0a00 00000000 00000000 00000000 00000000 00000000 00000000 
0080: 00000000 00000000 00000000 00000000 00000000 00000000 00000000 00000000 *

End of clock cycle  18
----------------------
Trap Unit:
     Name     Busy       Op       Vj       Vk        Qj        Qk        A   Result  X-Start    X-End
TrapUnit2        1  dumpstr 00000065 00000000                     00000000 00000000       18       18 
TrapUnit3        1     halt 00000000 00000000                     00000000       --       --      --

General Purpose Registers:
R0-R7:   00000000 00000003 00000006 00000012 00000065 00000000 00000000 00000000 
R8-R15:  00000000 00000000 00000000 00000000 00000000 00000000 00000000 00000000 
R16-R23: 00000000 00000000 00000000 00000000 00000000 00000000 00000000 00000000 
R24-R31: 00000000 00000000 00000000 00000000 00000000 00000000 00000000 00000000 

Floating Point Registers:
F0-F7:   00000000 00000003 00000006 00000012 00000000 00000000 00000000 00000000 
F8-F15:  00000000 00000000 00000000 00000000 00000000 00000000 00000000 00000000 
F16-F23: 00000000 00000000 00000000 00000000 00000000 00000000 00000000 00000000 
F24-F31: 00000000 00000000 00000000 00000000 00000000 00000000 00000000 00000000 

Memory:
0000: 20010003 00200835 20020006 00401035 0422180e 00601834 20040048 44800003 
0020: 44200001 2004005a 44800003 44400001 20040060 44800003 44600001 20040065 
0040: 44800003 44000000 0a546865 2070726f 64756374 206f6620 00002061 6e642000 
0060: 20697320 002e0a00 00000000 00000000 00000000 00000000 00000000 00000000 
0080: 00000000 00000000 00000000 00000000 00000000 00000000 00000000 00000000 *

.
End of clock cycle  19
----------------------
Trap Unit:
     Name     Busy       Op       Vj       Vk        Qj        Qk        A   Result  X-Start    X-End
TrapUnit3        1     halt 00000000 00000000                     00000000 00000000       19       19 

General Purpose Registers:
R0-R7:   00000000 00000003 00000006 00000012 00000065 00000000 00000000 00000000 
R8-R15:  00000000 00000000 00000000 00000000 00000000 00000000 00000000 00000000 
R16-R23: 00000000 00000000 00000000 00000000 00000000 00000000 00000000 00000000 
R24-R31: 00000000 00000000 00000000 00000000 00000000 00000000 00000000 00000000 

Floating Point Registers:
F0-F7:   00000000 00000003 00000006 00000012 00000000 00000000 00000000 00000000 
F8-F15:  00000000 00000000 00000000 00000000 00000000 00000000 00000000 00000000 
F16-F23: 00000000 00000000 00000000 00000000 00000000 00000000 00000000 00000000 
F24-F31: 00000000 00000000 00000000 00000000 00000000 00000000 00000000 00000000 

Memory:
0000: 20010003 00200835 20020006 00401035 0422180e 00601834 20040048 44800003 
0020: 44200001 2004005a 44800003 44400001 20040060 44800003 44600001 20040065 
0040: 44800003 44000000 0a546865 2070726f 64756374 206f6620 00002061 6e642000 
0060: 20697320 002e0a00 00000000 00000000 00000000 00000000 00000000 00000000 
0080: 00000000 00000000 00000000 00000000 00000000 00000000 00000000 00000000 *

End of clock cycle  20
----------------------
General Purpose Registers:
R0-R7:   00000000 00000003 00000006 00000012 00000065 00000000 00000000 00000000 
R8-R15:  00000000 00000000 00000000 00000000 00000000 00000000 00000000 00000000 
R16-R23: 00000000 00000000 00000000 00000000 00000000 00000000 00000000 00000000 
R24-R31: 00000000 00000000 00000000 00000000 00000000 00000000 00000000 00000000 

Floating Point Registers:
F0-F7:   00000000 00000003 00000006 00000012 00000000 00000000 00000000 00000000 
F8-F15:  00000000 00000000 00000000 00000000 00000000 00000000 00000000 00000000 
F16-F23: 00000000 00000000 00000000 00000000 00000000 00000000 00000000 00000000 
F24-F31: 00000000 00000000 00000000 00000000 00000000 00000000 00000000 00000000 

Memory:
0000: 20010003 00200835 20020006 00401035 0422180e 00601834 20040048 44800003 
0020: 44200001 2004005a 44800003 44400001 20040060 44800003 44600001 20040065 
0040: 44800003 44000000 0a546865 2070726f 64756374 206f6620 00002061 6e642000 
0060: 20697320 002e0a00 00000000 00000000 00000000 00000000 00000000 00000000 
0080: 00000000 00000000 00000000 00000000 00000000 00000000 00000000 00000000 *

