End of clock cycle   0
----------------------
Integer Unit:
     Name     Busy       Op       Vj       Vk        Qj        Qk        A   Result  X-Start    X-End
 IntUnit0        1     addi 00000000 00000000                     00000044       --       --      --

General Purpose Registers:
R0-R7:   00000000 IntUnit0 00000000 00000000 00000000 00000000 00000000 00000000 
R8-R15:  00000000 00000000 00000000 00000000 00000000 00000000 00000000 00000000 
R16-R23: 00000000 00000000 00000000 00000000 00000000 00000000 00000000 00000000 
R24-R31: 00000000 00000000 00000000 00000000 00000000 00000000 00000000 00000000 

Floating Point Registers:
F0-F7:   00000000 00000000 00000000 00000000 00000000 00000000 00000000 00000000 
F8-F15:  00000000 00000000 00000000 00000000 00000000 00000000 00000000 00000000 
F16-F23: 00000000 00000000 00000000 00000000 00000000 00000000 00000000 00000000 
F24-F31: 00000000 00000000 00000000 00000000 00000000 00000000 00000000 00000000 

Memory:
0000: 20010044 20020048 98210000 98420000 04221803 2004004c 44800003 44200002 
0020: 20040050 44800003 44400002 2004005d 44800003 44600002 20040062 44800003 
0040: 44000000 4149999a 40000000 0a200000 20646976 69646564 20627920 00206973 
0060: 20002e0a 00000000 00000000 00000000 00000000 00000000 00000000 00000000 
0080: 00000000 00000000 00000000 00000000 00000000 00000000 00000000 00000000 *

End of clock cycle   1
----------------------
Integer Unit:
     Name     Busy       Op       Vj       Vk        Qj        Qk        A   Result  X-Start    X-End
 IntUnit0        1     addi 00000000 00000000                     00000044 00000044        1        1 
 IntUnit1        1     addi 00000000 00000000                     00000048       --       --      --

General Purpose Registers:
R0-R7:   00000000 IntUnit0 IntUnit1 00000000 00000000 00000000 00000000 00000000 
R8-R15:  00000000 00000000 00000000 00000000 00000000 00000000 00000000 00000000 
R16-R23: 00000000 00000000 00000000 00000000 00000000 00000000 00000000 00000000 
R24-R31: 00000000 00000000 00000000 00000000 00000000 00000000 00000000 00000000 

Floating Point Registers:
F0-F7:   00000000 00000000 00000000 00000000 00000000 00000000 00000000 00000000 
F8-F15:  00000000 00000000 00000000 00000000 00000000 00000000 00000000 00000000 
F16-F23: 00000000 00000000 00000000 00000000 00000000 00000000 00000000 00000000 
F24-F31: 00000000 00000000 00000000 00000000 00000000 00000000 00000000 00000000 

Memory:
0000: 20010044 20020048 98210000 98420000 04221803 2004004c 44800003 44200002 
0020: 20040050 44800003 44400002 2004005d 44800003 44600002 20040062 44800003 
0040: 44000000 4149999a 40000000 0a200000 20646976 69646564 20627920 00206973 
0060: 20002e0a 00000000 00000000 00000000 00000000 00000000 00000000 00000000 
0080: 00000000 00000000 00000000 00000000 00000000 00000000 00000000 00000000 *

End of clock cycle   2
----------------------
Integer Unit:
     Name     Busy       Op       Vj       Vk        Qj        Qk        A   Result  X-Start    X-End
 IntUnit1        1     addi 00000000 00000000                     00000048 00000048        2        2 

Memory Unit:
     Name     Busy       Op       Vj       Vk        Qj        Qk        A   Result  X-Start    X-End
 MemUnit0        1       lf 00000044 00000000                     00000000       --       --      --

General Purpose Registers:
R0-R7:   00000000 00000044 IntUnit1 00000000 00000000 00000000 00000000 00000000 
R8-R15:  00000000 00000000 00000000 00000000 00000000 00000000 00000000 00000000 
R16-R23: 00000000 00000000 00000000 00000000 00000000 00000000 00000000 00000000 
R24-R31: 00000000 00000000 00000000 00000000 00000000 00000000 00000000 00000000 

Floating Point Registers:
F0-F7:   00000000 MemUnit0 00000000 00000000 00000000 00000000 00000000 00000000 
F8-F15:  00000000 00000000 00000000 00000000 00000000 00000000 00000000 00000000 
F16-F23: 00000000 00000000 00000000 00000000 00000000 00000000 00000000 00000000 
F24-F31: 00000000 00000000 00000000 00000000 00000000 00000000 00000000 00000000 

Memory:
0000: 20010044 20020048 98210000 98420000 04221803 2004004c 44800003 44200002 
0020: 20040050 44800003 44400002 2004005d 44800003 44600002 20040062 44800003 
0040: 44000000 4149999a 40000000 0a200000 20646976 69646564 20627920 00206973 
0060: 20002e0a 00000000 00000000 00000000 00000000 00000000 00000000 00000000 
0080: 00000000 00000000 00000000 00000000 00000000 00000000 00000000 00000000 *

End of clock cycle   3
----------------------
Memory Unit:
     Name     Busy       Op       Vj       Vk        Qj        Qk        A   Result  X-Start    X-End
 MemUnit0        1       lf 00000044 00000000                     00000000       --        3       --
 MemUnit1        1       lf 00000048 00000000                     00000000       --       --      --

General Purpose Registers:
R0-R7:   00000000 00000044 00000048 00000000 00000000 00000000 00000000 00000000 
R8-R15:  00000000 00000000 00000000 00000000 00000000 00000000 00000000 00000000 
R16-R23: 00000000 00000000 00000000 00000000 00000000 00000000 00000000 00000000 
R24-R31: 00000000 00000000 00000000 00000000 00000000 00000000 00000000 00000000 

Floating Point Registers:
F0-F7:   00000000 MemUnit0 MemUnit1 00000000 00000000 00000000 00000000 00000000 
F8-F15:  00000000 00000000 00000000 00000000 00000000 00000000 00000000 00000000 
F16-F23: 00000000 00000000 00000000 00000000 00000000 00000000 00000000 00000000 
F24-F31: 00000000 00000000 00000000 00000000 00000000 00000000 00000000 00000000 

Memory:
0000: 20010044 20020048 98210000 98420000 04221803 2004004c 44800003 44200002 
0020: 20040050 44800003 44400002 2004005d 44800003 44600002 20040062 44800003 
0040: 44000000 4149999a 40000000 0a200000 20646976 69646564 20627920 00206973 
0060: 20002e0a 00000000 00000000 00000000 00000000 00000000 00000000 00000000 
0080: 00000000 00000000 00000000 00000000 00000000 00000000 00000000 00000000 *

End of clock cycle   4
----------------------
Floating Point Unit:
     Name     Busy       Op       Vj       Vk        Qj        Qk        A   Result  X-Start    X-End
  FpUnit0        1     divf 00000000 00000000  MemUnit0  MemUnit1 00000000       --       --      --

Memory Unit:
     Name     Busy       Op       Vj       Vk        Qj        Qk        A   Result  X-Start    X-End
 MemUnit0        1       lf 00000044 00000000                     00000044 4149999a        3        4 
 MemUnit1        1       lf 00000048 00000000                     00000000       --       --      --

General Purpose Registers:
R0-R7:   00000000 00000044 00000048 00000000 00000000 00000000 00000000 00000000 
R8-R15:  00000000 00000000 00000000 00000000 00000000 00000000 00000000 00000000 
R16-R23: 00000000 00000000 00000000 00000000 00000000 00000000 00000000 00000000 
R24-R31: 00000000 00000000 00000000 00000000 00000000 00000000 00000000 00000000 

Floating Point Registers:
F0-F7:   00000000 MemUnit0 MemUnit1  FpUnit0 00000000 00000000 00000000 00000000 
F8-F15:  00000000 00000000 00000000 00000000 00000000 00000000 00000000 00000000 
F16-F23: 00000000 00000000 00000000 00000000 00000000 00000000 00000000 00000000 
F24-F31: 00000000 00000000 00000000 00000000 00000000 00000000 00000000 00000000 

Memory:
0000: 20010044 20020048 98210000 98420000 04221803 2004004c 44800003 44200002 
0020: 20040050 44800003 44400002 2004005d 44800003 44600002 20040062 44800003 
0040: 44000000 4149999a 40000000 0a200000 20646976 69646564 20627920 00206973 
0060: 20002e0a 00000000 00000000 00000000 00000000 00000000 00000000 00000000 
0080: 00000000 00000000 00000000 00000000 00000000 00000000 00000000 00000000 *

End of clock cycle   5
----------------------
Integer Unit:
     Name     Busy       Op       Vj       Vk        Qj        Qk        A   Result  X-Start    X-End
 IntUnit0        1     addi 00000000 00000000                     0000004c       --       --      --

Floating Point Unit:
     Name     Busy       Op       Vj       Vk        Qj        Qk        A   Result  X-Start    X-End
  FpUnit0        1     divf 4149999a 00000000            MemUnit1 00000000       --       --      --

Memory Unit:
     Name     Busy       Op       Vj       Vk        Qj        Qk        A   Result  X-Start    X-End
 MemUnit1        1       lf 00000048 00000000                     00000000       --        5       --

General Purpose Registers:
R0-R7:   00000000 00000044 00000048 00000000 IntUnit0 00000000 00000000 00000000 
R8-R15:  00000000 00000000 00000000 00000000 00000000 00000000 00000000 00000000 
R16-R23: 00000000 00000000 00000000 00000000 00000000 00000000 00000000 00000000 
R24-R31: 00000000 00000000 00000000 00000000 00000000 00000000 00000000 00000000 

Floating Point Registers:
F0-F7:   00000000 4149999a MemUnit1  FpUnit0 00000000 00000000 00000000 00000000 
F8-F15:  00000000 00000000 00000000 00000000 00000000 00000000 00000000 00000000 
F16-F23: 00000000 00000000 00000000 00000000 00000000 00000000 00000000 00000000 
F24-F31: 00000000 00000000 00000000 00000000 00000000 00000000 00000000 00000000 

Memory:
0000: 20010044 20020048 98210000 98420000 04221803 2004004c 44800003 44200002 
0020: 20040050 44800003 44400002 2004005d 44800003 44600002 20040062 44800003 
0040: 44000000 4149999a 40000000 0a200000 20646976 69646564 20627920 00206973 
0060: 20002e0a 00000000 00000000 00000000 00000000 00000000 00000000 00000000 
0080: 00000000 00000000 00000000 00000000 00000000 00000000 00000000 00000000 *

End of clock cycle   6
----------------------
Integer Unit:
     Name     Busy       Op       Vj       Vk        Qj        Qk        A   Result  X-Start    X-End
 IntUnit0        1     addi 00000000 00000000                     0000004c 0000004c        6        6 

Trap Unit:
     Name     Busy       Op       Vj       Vk        Qj        Qk        A   Result  X-Start    X-End
TrapUnit0        1  dumpstr 00000000 00000000  IntUnit0           00000000       --       --      --

Floating Point Unit:
     Name     Busy       Op       Vj       Vk        Qj        Qk        A   Result  X-Start    X-End
  FpUnit0        1     divf 4149999a 00000000            MemUnit1 00000000       --       --      --

Memory Unit:
     Name     Busy       Op       Vj       Vk        Qj        Qk        A   Result  X-Start    X-End
 MemUnit1        1       lf 00000048 00000000                     00000048 40000000        5        6 

General Purpose Registers:
R0-R7:   00000000 00000044 00000048 00000000 IntUnit0 00000000 00000000 00000000 
R8-R15:  00000000 00000000 00000000 00000000 00000000 00000000 00000000 00000000 
R16-R23: 00000000 00000000 00000000 00000000 00000000 00000000 00000000 00000000 
R24-R31: 00000000 00000000 00000000 00000000 00000000 00000000 00000000 00000000 

Floating Point Registers:
F0-F7:   00000000 4149999a MemUnit1  FpUnit0 00000000 00000000 00000000 00000000 
F8-F15:  00000000 00000000 00000000 00000000 00000000 00000000 00000000 00000000 
F16-F23: 00000000 00000000 00000000 00000000 00000000 00000000 00000000 00000000 
F24-F31: 00000000 00000000 00000000 00000000 00000000 00000000 00000000 00000000 

Memory:
0000: 20010044 20020048 98210000 98420000 04221803 2004004c 44800003 44200002 
0020: 20040050 44800003 44400002 2004005d 44800003 44600002 20040062 44800003 
0040: 44000000 4149999a 40000000 0a200000 20646976 69646564 20627920 00206973 
0060: 20002e0a 00000000 00000000 00000000 00000000 00000000 00000000 00000000 
0080: 00000000 00000000 00000000 00000000 00000000 00000000 00000000 00000000 *

End of clock cycle   7
----------------------
Integer Unit:
     Name     Busy       Op       Vj       Vk        Qj        Qk        A   Result  X-Start    X-End
 IntUnit0        1     addi 00000000 00000000                     0000004c 0000004c        6        6 

Trap Unit:
     Name     Busy       Op       Vj       Vk        Qj        Qk        A   Result  X-Start    X-End
TrapUnit0        1  dumpstr 00000000 00000000  IntUnit0           00000000       --       --      --
TrapUnit1        1  dumpfpr 4149999a 00000000                     00000000       --       --      --

Floating Point Unit:
     Name     Busy       Op       Vj       Vk        Qj        Qk        A   Result  X-Start    X-End
  FpUnit0        1     divf 4149999a 40000000                     00000000       --       --      --

General Purpose Registers:
R0-R7:   00000000 00000044 00000048 00000000 IntUnit0 00000000 00000000 00000000 
R8-R15:  00000000 00000000 00000000 00000000 00000000 00000000 00000000 00000000 
R16-R23: 00000000 00000000 00000000 00000000 00000000 00000000 00000000 00000000 
R24-R31: 00000000 00000000 00000000 00000000 00000000 00000000 00000000 00000000 

Floating Point Registers:
F0-F7:   00000000 4149999a 40000000  FpUnit0 00000000 00000000 00000000 00000000 
F8-F15:  00000000 00000000 00000000 00000000 00000000 00000000 00000000 00000000 
F16-F23: 00000000 00000000 00000000 00000000 00000000 00000000 00000000 00000000 
F24-F31: 00000000 00000000 00000000 00000000 00000000 00000000 00000000 00000000 

Memory:
0000: 20010044 20020048 98210000 98420000 04221803 2004004c 44800003 44200002 
0020: 20040050 44800003 44400002 2004005d 44800003 44600002 20040062 44800003 
0040: 44000000 4149999a 40000000 0a200000 20646976 69646564 20627920 00206973 
0060: 20002e0a 00000000 00000000 00000000 00000000 00000000 00000000 00000000 
0080: 00000000 00000000 00000000 00000000 00000000 00000000 00000000 00000000 *

End of clock cycle   8
----------------------
Integer Unit:
     Name     Busy       Op       Vj       Vk        Qj        Qk        A   Result  X-Start    X-End
 IntUnit1        1     addi 00000000 00000000                     00000050       --       --      --

Trap Unit:
     Name     Busy       Op       Vj       Vk        Qj        Qk        A   Result  X-Start    X-End
TrapUnit0        1  dumpstr 0000004c 00000000                     00000000       --       --      --
TrapUnit1        1  dumpfpr 4149999a 00000000                     00000000       --       --      --

Floating Point Unit:
     Name     Busy       Op       Vj       Vk        Qj        Qk        A   Result  X-Start    X-End
  FpUnit0        1     divf 4149999a 40000000                     00000000       --        8       --

General Purpose Registers:
R0-R7:   00000000 00000044 00000048 00000000 IntUnit1 00000000 00000000 00000000 
R8-R15:  00000000 00000000 00000000 00000000 00000000 00000000 00000000 00000000 
R16-R23: 00000000 00000000 00000000 00000000 00000000 00000000 00000000 00000000 
R24-R31: 00000000 00000000 00000000 00000000 00000000 00000000 00000000 00000000 

Floating Point Registers:
F0-F7:   00000000 4149999a 40000000  FpUnit0 00000000 00000000 00000000 00000000 
F8-F15:  00000000 00000000 00000000 00000000 00000000 00000000 00000000 00000000 
F16-F23: 00000000 00000000 00000000 00000000 00000000 00000000 00000000 00000000 
F24-F31: 00000000 00000000 00000000 00000000 00000000 00000000 00000000 00000000 

Memory:
0000: 20010044 20020048 98210000 98420000 04221803 2004004c 44800003 44200002 
0020: 20040050 44800003 44400002 2004005d 44800003 44600002 20040062 44800003 
0040: 44000000 4149999a 40000000 0a200000 20646976 69646564 20627920 00206973 
0060: 20002e0a 00000000 00000000 00000000 00000000 00000000 00000000 00000000 
0080: 00000000 00000000 00000000 00000000 00000000 00000000 00000000 00000000 *

End of clock cycle   9
----------------------
Integer Unit:
     Name     Busy       Op       Vj       Vk        Qj        Qk        A   Result  X-Start    X-End
 IntUnit1        1     addi 00000000 00000000                     00000050 00000050        9        9 

Trap Unit:
     Name     Busy       Op       Vj       Vk        Qj        Qk        A   Result  X-Start    X-End
TrapUnit0        1  dumpstr 0000004c 00000000                     00000000 00000000        9        9 
TrapUnit1        1  dumpfpr 4149999a 00000000                     00000000       --       --      --
TrapUnit2        1  dumpstr 00000000 00000000  IntUnit1           00000000       --       --      --

Floating Point Unit:
     Name     Busy       Op       Vj       Vk        Qj        Qk        A   Result  X-Start    X-End
  FpUnit0        1     divf 4149999a 40000000                     00000000       --        8       --

General Purpose Registers:
R0-R7:   00000000 00000044 00000048 00000000 IntUnit1 00000000 00000000 00000000 
R8-R15:  00000000 00000000 00000000 00000000 00000000 00000000 00000000 00000000 
R16-R23: 00000000 00000000 00000000 00000000 00000000 00000000 00000000 00000000 
R24-R31: 00000000 00000000 00000000 00000000 00000000 00000000 00000000 00000000 

Floating Point Registers:
F0-F7:   00000000 4149999a 40000000  FpUnit0 00000000 00000000 00000000 00000000 
F8-F15:  00000000 00000000 00000000 00000000 00000000 00000000 00000000 00000000 
F16-F23: 00000000 00000000 00000000 00000000 00000000 00000000 00000000 00000000 
F24-F31: 00000000 00000000 00000000 00000000 00000000 00000000 00000000 00000000 

Memory:
0000: 20010044 20020048 98210000 98420000 04221803 2004004c 44800003 44200002 
0020: 20040050 44800003 44400002 2004005d 44800003 44600002 20040062 44800003 
0040: 44000000 4149999a 40000000 0a200000 20646976 69646564 20627920 00206973 
0060: 20002e0a 00000000 00000000 00000000 00000000 00000000 00000000 00000000 
0080: 00000000 00000000 00000000 00000000 00000000 00000000 00000000 00000000 *


 End of clock cycle  10
----------------------
Trap Unit:
     Name     Busy       Op       Vj       Vk        Qj        Qk        A   Result  X-Start    X-End
TrapUnit1        1  dumpfpr 4149999a 00000000                     00000000 00000000       10       10 
TrapUnit2        1  dumpstr 00000050 00000000                     00000000       --       --      --
TrapUnit3        1  dumpfpr 40000000 00000000                     00000000       --       --      --

Floating Point Unit:
     Name     Busy       Op       Vj       Vk        Qj        Qk        A   Result  X-Start    X-End
  FpUnit0        1     divf 4149999a 40000000                     00000000       --        8       --

General Purpose Registers:
R0-R7:   00000000 00000044 00000048 00000000 00000050 00000000 00000000 00000000 
R8-R15:  00000000 00000000 00000000 00000000 00000000 00000000 00000000 00000000 
R16-R23: 00000000 00000000 00000000 00000000 00000000 00000000 00000000 00000000 
R24-R31: 00000000 00000000 00000000 00000000 00000000 00000000 00000000 00000000 

Floating Point Registers:
F0-F7:   00000000 4149999a 40000000  FpUnit0 00000000 00000000 00000000 00000000 
F8-F15:  00000000 00000000 00000000 00000000 00000000 00000000 00000000 00000000 
F16-F23: 00000000 00000000 00000000 00000000 00000000 00000000 00000000 00000000 
F24-F31: 00000000 00000000 00000000 00000000 00000000 00000000 00000000 00000000 

Memory:
0000: 20010044 20020048 98210000 98420000 04221803 2004004c 44800003 44200002 
0020: 20040050 44800003 44400002 2004005d 44800003 44600002 20040062 44800003 
0040: 44000000 4149999a 40000000 0a200000 20646976 69646564 20627920 00206973 
0060: 20002e0a 00000000 00000000 00000000 00000000 00000000 00000000 00000000 
0080: 00000000 00000000 00000000 00000000 00000000 00000000 00000000 00000000 *

12.6End of clock cycle  11
----------------------
Integer Unit:
     Name     Busy       Op       Vj       Vk        Qj        Qk        A   Result  X-Start    X-End
 IntUnit0        1     addi 00000000 00000000                     0000005d       --       --      --

Trap Unit:
     Name     Busy       Op       Vj       Vk        Qj        Qk        A   Result  X-Start    X-End
TrapUnit2        1  dumpstr 00000050 00000000                     00000000 00000000       11       11 
TrapUnit3        1  dumpfpr 40000000 00000000                     00000000       --       --      --

Floating Point Unit:
     Name     Busy       Op       Vj       Vk        Qj        Qk        A   Result  X-Start    X-End
  FpUnit0        1     divf 4149999a 40000000                     00000000 40c9999a        8       11 

General Purpose Registers:
R0-R7:   00000000 00000044 00000048 00000000 IntUnit0 00000000 00000000 00000000 
R8-R15:  00000000 00000000 00000000 00000000 00000000 00000000 00000000 00000000 
R16-R23: 00000000 00000000 00000000 00000000 00000000 00000000 00000000 00000000 
R24-R31: 00000000 00000000 00000000 00000000 00000000 00000000 00000000 00000000 

Floating Point Registers:
F0-F7:   00000000 4149999a 40000000  FpUnit0 00000000 00000000 00000000 00000000 
F8-F15:  00000000 00000000 00000000 00000000 00000000 00000000 00000000 00000000 
F16-F23: 00000000 00000000 00000000 00000000 00000000 00000000 00000000 00000000 
F24-F31: 00000000 00000000 00000000 00000000 00000000 00000000 00000000 00000000 

Memory:
0000: 20010044 20020048 98210000 98420000 04221803 2004004c 44800003 44200002 
0020: 20040050 44800003 44400002 2004005d 44800003 44600002 20040062 44800003 
0040: 44000000 4149999a 40000000 0a200000 20646976 69646564 20627920 00206973 
0060: 20002e0a 00000000 00000000 00000000 00000000 00000000 00000000 00000000 
0080: 00000000 00000000 00000000 00000000 00000000 00000000 00000000 00000000 *

 divided by End of clock cycle  12
----------------------
Integer Unit:
     Name     Busy       Op       Vj       Vk        Qj        Qk        A   Result  X-Start    X-End
 IntUnit0        1     addi 00000000 00000000                     0000005d 0000005d       12       12 

Trap Unit:
     Name     Busy       Op       Vj       Vk        Qj        Qk        A   Result  X-Start    X-End
TrapUnit0        1  dumpstr 00000000 00000000  IntUnit0           00000000       --       --      --
TrapUnit3        1  dumpfpr 40000000 00000000                     00000000 00000000       12       12 

General Purpose Registers:
R0-R7:   00000000 00000044 00000048 00000000 IntUnit0 00000000 00000000 00000000 
R8-R15:  00000000 00000000 00000000 00000000 00000000 00000000 00000000 00000000 
R16-R23: 00000000 00000000 00000000 00000000 00000000 00000000 00000000 00000000 
R24-R31: 00000000 00000000 00000000 00000000 00000000 00000000 00000000 00000000 

Floating Point Registers:
F0-F7:   00000000 4149999a 40000000 40c9999a 00000000 00000000 00000000 00000000 
F8-F15:  00000000 00000000 00000000 00000000 00000000 00000000 00000000 00000000 
F16-F23: 00000000 00000000 00000000 00000000 00000000 00000000 00000000 00000000 
F24-F31: 00000000 00000000 00000000 00000000 00000000 00000000 00000000 00000000 

Memory:
0000: 20010044 20020048 98210000 98420000 04221803 2004004c 44800003 44200002 
0020: 20040050 44800003 44400002 2004005d 44800003 44600002 20040062 44800003 
0040: 44000000 4149999a 40000000 0a200000 20646976 69646564 20627920 00206973 
0060: 20002e0a 00000000 00000000 00000000 00000000 00000000 00000000 00000000 
0080: 00000000 00000000 00000000 00000000 00000000 00000000 00000000 00000000 *

2End of clock cycle  13
----------------------
Trap Unit:
     Name     Busy       Op       Vj       Vk        Qj        Qk        A   Result  X-Start    X-End
TrapUnit0        1  dumpstr 0000005d 00000000                     00000000       --       --      --
TrapUnit1        1  dumpfpr 40c9999a 00000000                     00000000       --       --      --

General Purpose Registers:
R0-R7:   00000000 00000044 00000048 00000000 0000005d 00000000 00000000 00000000 
R8-R15:  00000000 00000000 00000000 00000000 00000000 00000000 00000000 00000000 
R16-R23: 00000000 00000000 00000000 00000000 00000000 00000000 00000000 00000000 
R24-R31: 00000000 00000000 00000000 00000000 00000000 00000000 00000000 00000000 

Floating Point Registers:
F0-F7:   00000000 4149999a 40000000 40c9999a 00000000 00000000 00000000 00000000 
F8-F15:  00000000 00000000 00000000 00000000 00000000 00000000 00000000 00000000 
F16-F23: 00000000 00000000 00000000 00000000 00000000 00000000 00000000 00000000 
F24-F31: 00000000 00000000 00000000 00000000 00000000 00000000 00000000 00000000 

Memory:
0000: 20010044 20020048 98210000 98420000 04221803 2004004c 44800003 44200002 
0020: 20040050 44800003 44400002 2004005d 44800003 44600002 20040062 44800003 
0040: 44000000 4149999a 40000000 0a200000 20646976 69646564 20627920 00206973 
0060: 20002e0a 00000000 00000000 00000000 00000000 00000000 00000000 00000000 
0080: 00000000 00000000 00000000 00000000 00000000 00000000 00000000 00000000 *

End of clock cycle  14
----------------------
Integer Unit:
     Name     Busy       Op       Vj       Vk        Qj        Qk        A   Result  X-Start    X-End
 IntUnit0        1     addi 00000000 00000000                     00000062       --       --      --

Trap Unit:
     Name     Busy       Op       Vj       Vk        Qj        Qk        A   Result  X-Start    X-End
TrapUnit0        1  dumpstr 0000005d 00000000                     00000000 00000000       14       14 
TrapUnit1        1  dumpfpr 40c9999a 00000000                     00000000       --       --      --

General Purpose Registers:
R0-R7:   00000000 00000044 00000048 00000000 IntUnit0 00000000 00000000 00000000 
R8-R15:  00000000 00000000 00000000 00000000 00000000 00000000 00000000 00000000 
R16-R23: 00000000 00000000 00000000 00000000 00000000 00000000 00000000 00000000 
R24-R31: 00000000 00000000 00000000 00000000 00000000 00000000 00000000 00000000 

Floating Point Registers:
F0-F7:   00000000 4149999a 40000000 40c9999a 00000000 00000000 00000000 00000000 
F8-F15:  00000000 00000000 00000000 00000000 00000000 00000000 00000000 00000000 
F16-F23: 00000000 00000000 00000000 00000000 00000000 00000000 00000000 00000000 
F24-F31: 00000000 00000000 00000000 00000000 00000000 00000000 00000000 00000000 

Memory:
0000: 20010044 20020048 98210000 98420000 04221803 2004004c 44800003 44200002 
0020: 20040050 44800003 44400002 2004005d 44800003 44600002 20040062 44800003 
0040: 44000000 4149999a 40000000 0a200000 20646976 69646564 20627920 00206973 
0060: 20002e0a 00000000 00000000 00000000 00000000 00000000 00000000 00000000 
0080: 00000000 00000000 00000000 00000000 00000000 00000000 00000000 00000000 *

 is End of clock cycle  15
----------------------
Integer Unit:
     Name     Busy       Op       Vj       Vk        Qj        Qk        A   Result  X-Start    X-End
 IntUnit0        1     addi 00000000 00000000                     00000062 00000062       15       15 

Trap Unit:
     Name     Busy       Op       Vj       Vk        Qj        Qk        A   Result  X-Start    X-End
TrapUnit1        1  dumpfpr 40c9999a 00000000                     00000000 00000000       15       15 
TrapUnit2        1  dumpstr 00000000 00000000  IntUnit0           00000000       --       --      --

General Purpose Registers:
R0-R7:   00000000 00000044 00000048 00000000 IntUnit0 00000000 00000000 00000000 
R8-R15:  00000000 00000000 00000000 00000000 00000000 00000000 00000000 00000000 
R16-R23: 00000000 00000000 00000000 00000000 00000000 00000000 00000000 00000000 
R24-R31: 00000000 00000000 00000000 00000000 00000000 00000000 00000000 00000000 

Floating Point Registers:
F0-F7:   00000000 4149999a 40000000 40c9999a 00000000 00000000 00000000 00000000 
F8-F15:  00000000 00000000 00000000 00000000 00000000 00000000 00000000 00000000 
F16-F23: 00000000 00000000 00000000 00000000 00000000 00000000 00000000 00000000 
F24-F31: 00000000 00000000 00000000 00000000 00000000 00000000 00000000 00000000 

Memory:
0000: 20010044 20020048 98210000 98420000 04221803 2004004c 44800003 44200002 
0020: 20040050 44800003 44400002 2004005d 44800003 44600002 20040062 44800003 
0040: 44000000 4149999a 40000000 0a200000 20646976 69646564 20627920 00206973 
0060: 20002e0a 00000000 00000000 00000000 00000000 00000000 00000000 00000000 
0080: 00000000 00000000 00000000 00000000 00000000 00000000 00000000 00000000 *

6.3End of clock cycle  16
----------------------
Trap Unit:
     Name     Busy       Op       Vj       Vk        Qj        Qk        A   Result  X-Start    X-End
TrapUnit2        1  dumpstr 00000062 00000000                     00000000       --       --      --
TrapUnit3        1     halt 00000000 00000000                     00000000       --       --      --

General Purpose Registers:
R0-R7:   00000000 00000044 00000048 00000000 00000062 00000000 00000000 00000000 
R8-R15:  00000000 00000000 00000000 00000000 00000000 00000000 00000000 00000000 
R16-R23: 00000000 00000000 00000000 00000000 00000000 00000000 00000000 00000000 
R24-R31: 00000000 00000000 00000000 00000000 00000000 00000000 00000000 00000000 

Floating Point Registers:
F0-F7:   00000000 4149999a 40000000 40c9999a 00000000 00000000 00000000 00000000 
F8-F15:  00000000 00000000 00000000 00000000 00000000 00000000 00000000 00000000 
F16-F23: 00000000 00000000 00000000 00000000 00000000 00000000 00000000 00000000 
F24-F31: 00000000 00000000 00000000 00000000 00000000 00000000 00000000 00000000 

Memory:
0000: 20010044 20020048 98210000 98420000 04221803 2004004c 44800003 44200002 
0020: 20040050 44800003 44400002 2004005d 44800003 44600002 20040062 44800003 
0040: 44000000 4149999a 40000000 0a200000 20646976 69646564 20627920 00206973 
0060: 20002e0a 00000000 00000000 00000000 00000000 00000000 00000000 00000000 
0080: 00000000 00000000 00000000 00000000 00000000 00000000 00000000 00000000 *

End of clock cycle  17
----------------------
Trap Unit:
     Name     Busy       Op       Vj       Vk        Qj        Qk        A   Result  X-Start    X-End
TrapUnit2        1  dumpstr 00000062 00000000                     00000000 00000000       17       17 
TrapUnit3        1     halt 00000000 00000000                     00000000       --       --      --

General Purpose Registers:
R0-R7:   00000000 00000044 00000048 00000000 00000062 00000000 00000000 00000000 
R8-R15:  00000000 00000000 00000000 00000000 00000000 00000000 00000000 00000000 
R16-R23: 00000000 00000000 00000000 00000000 00000000 00000000 00000000 00000000 
R24-R31: 00000000 00000000 00000000 00000000 00000000 00000000 00000000 00000000 

Floating Point Registers:
F0-F7:   00000000 4149999a 40000000 40c9999a 00000000 00000000 00000000 00000000 
F8-F15:  00000000 00000000 00000000 00000000 00000000 00000000 00000000 00000000 
F16-F23: 00000000 00000000 00000000 00000000 00000000 00000000 00000000 00000000 
F24-F31: 00000000 00000000 00000000 00000000 00000000 00000000 00000000 00000000 

Memory:
0000: 20010044 20020048 98210000 98420000 04221803 2004004c 44800003 44200002 
0020: 20040050 44800003 44400002 2004005d 44800003 44600002 20040062 44800003 
0040: 44000000 4149999a 40000000 0a200000 20646976 69646564 20627920 00206973 
0060: 20002e0a 00000000 00000000 00000000 00000000 00000000 00000000 00000000 
0080: 00000000 00000000 00000000 00000000 00000000 00000000 00000000 00000000 *

.
End of clock cycle  18
----------------------
Trap Unit:
     Name     Busy       Op       Vj       Vk        Qj        Qk        A   Result  X-Start    X-End
TrapUnit3        1     halt 00000000 00000000                     00000000 00000000       18       18 

General Purpose Registers:
R0-R7:   00000000 00000044 00000048 00000000 00000062 00000000 00000000 00000000 
R8-R15:  00000000 00000000 00000000 00000000 00000000 00000000 00000000 00000000 
R16-R23: 00000000 00000000 00000000 00000000 00000000 00000000 00000000 00000000 
R24-R31: 00000000 00000000 00000000 00000000 00000000 00000000 00000000 00000000 

Floating Point Registers:
F0-F7:   00000000 4149999a 40000000 40c9999a 00000000 00000000 00000000 00000000 
F8-F15:  00000000 00000000 00000000 00000000 00000000 00000000 00000000 00000000 
F16-F23: 00000000 00000000 00000000 00000000 00000000 00000000 00000000 00000000 
F24-F31: 00000000 00000000 00000000 00000000 00000000 00000000 00000000 00000000 

Memory:
0000: 20010044 20020048 98210000 98420000 04221803 2004004c 44800003 44200002 
0020: 20040050 44800003 44400002 2004005d 44800003 44600002 20040062 44800003 
0040: 44000000 4149999a 40000000 0a200000 20646976 69646564 20627920 00206973 
0060: 20002e0a 00000000 00000000 00000000 00000000 00000000 00000000 00000000 
0080: 00000000 00000000 00000000 00000000 00000000 00000000 00000000 00000000 *

End of clock cycle  19
----------------------
General Purpose Registers:
R0-R7:   00000000 00000044 00000048 00000000 00000062 00000000 00000000 00000000 
R8-R15:  00000000 00000000 00000000 00000000 00000000 00000000 00000000 00000000 
R16-R23: 00000000 00000000 00000000 00000000 00000000 00000000 00000000 00000000 
R24-R31: 00000000 00000000 00000000 00000000 00000000 00000000 00000000 00000000 

Floating Point Registers:
F0-F7:   00000000 4149999a 40000000 40c9999a 00000000 00000000 00000000 00000000 
F8-F15:  00000000 00000000 00000000 00000000 00000000 00000000 00000000 00000000 
F16-F23: 00000000 00000000 00000000 00000000 00000000 00000000 00000000 00000000 
F24-F31: 00000000 00000000 00000000 00000000 00000000 00000000 00000000 00000000 

Memory:
0000: 20010044 20020048 98210000 98420000 04221803 2004004c 44800003 44200002 
0020: 20040050 44800003 44400002 2004005d 44800003 44600002 20040062 44800003 
0040: 44000000 4149999a 40000000 0a200000 20646976 69646564 20627920 00206973 
0060: 20002e0a 00000000 00000000 00000000 00000000 00000000 00000000 00000000 
0080: 00000000 00000000 00000000 00000000 00000000 00000000 00000000 00000000 *

