End of clock cycle   0
----------------------
Integer Unit:
     Name     Busy       Op       Vj       Vk        Qj        Qk        A   Result  X-Start    X-End
 IntUnit0        1     addi 00000000 00000000                     00000034       --       --      --

General Purpose Registers:
R0-R7:   00000000 IntUnit0 00000000 00000000 00000000 00000000 00000000 00000000 
R8-R15:  00000000 00000000 00000000 00000000 00000000 00000000 00000000 00000000 
R16-R23: 00000000 00000000 00000000 00000000 00000000 00000000 00000000 00000000 
R24-R31: 00000000 00000000 00000000 00000000 00000000 00000000 00000000 00000000 

Floating Point Registers:
F0-F7:   00000000 00000000 00000000 00000000 00000000 00000000 00000000 00000000 
F8-F15:  00000000 00000000 00000000 00000000 00000000 00000000 00000000 00000000 
F16-F23: 00000000 00000000 00000000 00000000 00000000 00000000 00000000 00000000 
F24-F31: 00000000 00000000 00000000 00000000 00000000 00000000 00000000 00000000 

Memory:
0000: 20010034 98210000 04201009 00401034 20040038 44800003 44200002 2004003b 
0020: 44800003 44400001 20040038 44800003 44000000 4204cccd 0a000020 636f6e76 
0040: 65727465 6420746f 20696e74 20697320 00000000 00000000 00000000 00000000 
0060: 00000000 00000000 00000000 00000000 00000000 00000000 00000000 00000000 *

End of clock cycle   1
----------------------
Integer Unit:
     Name     Busy       Op       Vj       Vk        Qj        Qk        A   Result  X-Start    X-End
 IntUnit0        1     addi 00000000 00000000                     00000034 00000034        1        1 

Memory Unit:
     Name     Busy       Op       Vj       Vk        Qj        Qk        A   Result  X-Start    X-End
 MemUnit0        1       lf 00000000 00000000  IntUnit0           00000000       --       --      --

General Purpose Registers:
R0-R7:   00000000 IntUnit0 00000000 00000000 00000000 00000000 00000000 00000000 
R8-R15:  00000000 00000000 00000000 00000000 00000000 00000000 00000000 00000000 
R16-R23: 00000000 00000000 00000000 00000000 00000000 00000000 00000000 00000000 
R24-R31: 00000000 00000000 00000000 00000000 00000000 00000000 00000000 00000000 

Floating Point Registers:
F0-F7:   00000000 MemUnit0 00000000 00000000 00000000 00000000 00000000 00000000 
F8-F15:  00000000 00000000 00000000 00000000 00000000 00000000 00000000 00000000 
F16-F23: 00000000 00000000 00000000 00000000 00000000 00000000 00000000 00000000 
F24-F31: 00000000 00000000 00000000 00000000 00000000 00000000 00000000 00000000 

Memory:
0000: 20010034 98210000 04201009 00401034 20040038 44800003 44200002 2004003b 
0020: 44800003 44400001 20040038 44800003 44000000 4204cccd 0a000020 636f6e76 
0040: 65727465 6420746f 20696e74 20697320 00000000 00000000 00000000 00000000 
0060: 00000000 00000000 00000000 00000000 00000000 00000000 00000000 00000000 *

End of clock cycle   2
----------------------
Floating Point Unit:
     Name     Busy       Op       Vj       Vk        Qj        Qk        A   Result  X-Start    X-End
  FpUnit0        1   cvtf2i 00000000 00000000  MemUnit0           00000000       --       --      --

Memory Unit:
     Name     Busy       Op       Vj       Vk        Qj        Qk        A   Result  X-Start    X-End
 MemUnit0        1       lf 00000034 00000000                     00000000       --       --      --

General Purpose Registers:
R0-R7:   00000000 00000034 00000000 00000000 00000000 00000000 00000000 00000000 
R8-R15:  00000000 00000000 00000000 00000000 00000000 00000000 00000000 00000000 
R16-R23: 00000000 00000000 00000000 00000000 00000000 00000000 00000000 00000000 
R24-R31: 00000000 00000000 00000000 00000000 00000000 00000000 00000000 00000000 

Floating Point Registers:
F0-F7:   00000000 MemUnit0  FpUnit0 00000000 00000000 00000000 00000000 00000000 
F8-F15:  00000000 00000000 00000000 00000000 00000000 00000000 00000000 00000000 
F16-F23: 00000000 00000000 00000000 00000000 00000000 00000000 00000000 00000000 
F24-F31: 00000000 00000000 00000000 00000000 00000000 00000000 00000000 00000000 

Memory:
0000: 20010034 98210000 04201009 00401034 20040038 44800003 44200002 2004003b 
0020: 44800003 44400001 20040038 44800003 44000000 4204cccd 0a000020 636f6e76 
0040: 65727465 6420746f 20696e74 20697320 00000000 00000000 00000000 00000000 
0060: 00000000 00000000 00000000 00000000 00000000 00000000 00000000 00000000 *

End of clock cycle   3
----------------------
Integer Unit:
     Name     Busy       Op       Vj       Vk        Qj        Qk        A   Result  X-Start    X-End
 IntUnit0        1  movfp2i 00000000 00000000   FpUnit0           00000000       --       --      --

Floating Point Unit:
     Name     Busy       Op       Vj       Vk        Qj        Qk        A   Result  X-Start    X-End
  FpUnit0        1   cvtf2i 00000000 00000000  MemUnit0           00000000       --       --      --

Memory Unit:
     Name     Busy       Op       Vj       Vk        Qj        Qk        A   Result  X-Start    X-End
 MemUnit0        1       lf 00000034 00000000                     00000000       --        3       --

General Purpose Registers:
R0-R7:   00000000 00000034 IntUnit0 00000000 00000000 00000000 00000000 00000000 
R8-R15:  00000000 00000000 00000000 00000000 00000000 00000000 00000000 00000000 
R16-R23: 00000000 00000000 00000000 00000000 00000000 00000000 00000000 00000000 
R24-R31: 00000000 00000000 00000000 00000000 00000000 00000000 00000000 00000000 

Floating Point Registers:
F0-F7:   00000000 MemUnit0  FpUnit0 00000000 00000000 00000000 00000000 00000000 
F8-F15:  00000000 00000000 00000000 00000000 00000000 00000000 00000000 00000000 
F16-F23: 00000000 00000000 00000000 00000000 00000000 00000000 00000000 00000000 
F24-F31: 00000000 00000000 00000000 00000000 00000000 00000000 00000000 00000000 

Memory:
0000: 20010034 98210000 04201009 00401034 20040038 44800003 44200002 2004003b 
0020: 44800003 44400001 20040038 44800003 44000000 4204cccd 0a000020 636f6e76 
0040: 65727465 6420746f 20696e74 20697320 00000000 00000000 00000000 00000000 
0060: 00000000 00000000 00000000 00000000 00000000 00000000 00000000 00000000 *

End of clock cycle   4
----------------------
Integer Unit:
     Name     Busy       Op       Vj       Vk        Qj        Qk        A   Result  X-Start    X-End
 IntUnit0        1  movfp2i 00000000 00000000   FpUnit0           00000000       --       --      --
 IntUnit1        1     addi 00000000 00000000                     00000038       --       --      --

Floating Point Unit:
     Name     Busy       Op       Vj       Vk        Qj        Qk        A   Result  X-Start    X-End
  FpUnit0        1   cvtf2i 00000000 00000000  MemUnit0           00000000       --       --      --

Memory Unit:
     Name     Busy       Op       Vj       Vk        Qj        Qk        A   Result  X-Start    X-End
 MemUnit0        1       lf 00000034 00000000                     00000034 4204cccd        3        4 

General Purpose Registers:
R0-R7:   00000000 00000034 IntUnit0 00000000 IntUnit1 00000000 00000000 00000000 
R8-R15:  00000000 00000000 00000000 00000000 00000000 00000000 00000000 00000000 
R16-R23: 00000000 00000000 00000000 00000000 00000000 00000000 00000000 00000000 
R24-R31: 00000000 00000000 00000000 00000000 00000000 00000000 00000000 00000000 

Floating Point Registers:
F0-F7:   00000000 MemUnit0  FpUnit0 00000000 00000000 00000000 00000000 00000000 
F8-F15:  00000000 00000000 00000000 00000000 00000000 00000000 00000000 00000000 
F16-F23: 00000000 00000000 00000000 00000000 00000000 00000000 00000000 00000000 
F24-F31: 00000000 00000000 00000000 00000000 00000000 00000000 00000000 00000000 

Memory:
0000: 20010034 98210000 04201009 00401034 20040038 44800003 44200002 2004003b 
0020: 44800003 44400001 20040038 44800003 44000000 4204cccd 0a000020 636f6e76 
0040: 65727465 6420746f 20696e74 20697320 00000000 00000000 00000000 00000000 
0060: 00000000 00000000 00000000 00000000 00000000 00000000 00000000 00000000 *

End of clock cycle   5
----------------------
Integer Unit:
     Name     Busy       Op       Vj       Vk        Qj        Qk        A   Result  X-Start    X-End
 IntUnit0        1  movfp2i 00000000 00000000   FpUnit0           00000000       --       --      --
 IntUnit1        1     addi 00000000 00000000                     00000038 00000038        5        5 

Trap Unit:
     Name     Busy       Op       Vj       Vk        Qj        Qk        A   Result  X-Start    X-End
TrapUnit0        1  dumpstr 00000000 00000000  IntUnit1           00000000       --       --      --

Floating Point Unit:
     Name     Busy       Op       Vj       Vk        Qj        Qk        A   Result  X-Start    X-End
  FpUnit0        1   cvtf2i 4204cccd 00000000                     00000000       --       --      --

General Purpose Registers:
R0-R7:   00000000 00000034 IntUnit0 00000000 IntUnit1 00000000 00000000 00000000 
R8-R15:  00000000 00000000 00000000 00000000 00000000 00000000 00000000 00000000 
R16-R23: 00000000 00000000 00000000 00000000 00000000 00000000 00000000 00000000 
R24-R31: 00000000 00000000 00000000 00000000 00000000 00000000 00000000 00000000 

Floating Point Registers:
F0-F7:   00000000 4204cccd  FpUnit0 00000000 00000000 00000000 00000000 00000000 
F8-F15:  00000000 00000000 00000000 00000000 00000000 00000000 00000000 00000000 
F16-F23: 00000000 00000000 00000000 00000000 00000000 00000000 00000000 00000000 
F24-F31: 00000000 00000000 00000000 00000000 00000000 00000000 00000000 00000000 

Memory:
0000: 20010034 98210000 04201009 00401034 20040038 44800003 44200002 2004003b 
0020: 44800003 44400001 20040038 44800003 44000000 4204cccd 0a000020 636f6e76 
0040: 65727465 6420746f 20696e74 20697320 00000000 00000000 00000000 00000000 
0060: 00000000 00000000 00000000 00000000 00000000 00000000 00000000 00000000 *

End of clock cycle   6
----------------------
Integer Unit:
     Name     Busy       Op       Vj       Vk        Qj        Qk        A   Result  X-Start    X-End
 IntUnit0        1  movfp2i 00000000 00000000   FpUnit0           00000000       --       --      --

Trap Unit:
     Name     Busy       Op       Vj       Vk        Qj        Qk        A   Result  X-Start    X-End
TrapUnit0        1  dumpstr 00000038 00000000                     00000000       --       --      --
TrapUnit1        1  dumpfpr 4204cccd 00000000                     00000000       --       --      --

Floating Point Unit:
     Name     Busy       Op       Vj       Vk        Qj        Qk        A   Result  X-Start    X-End
  FpUnit0        1   cvtf2i 4204cccd 00000000                     00000000       --        6       --

General Purpose Registers:
R0-R7:   00000000 00000034 IntUnit0 00000000 00000038 00000000 00000000 00000000 
R8-R15:  00000000 00000000 00000000 00000000 00000000 00000000 00000000 00000000 
R16-R23: 00000000 00000000 00000000 00000000 00000000 00000000 00000000 00000000 
R24-R31: 00000000 00000000 00000000 00000000 00000000 00000000 00000000 00000000 

Floating Point Registers:
F0-F7:   00000000 4204cccd  FpUnit0 00000000 00000000 00000000 00000000 00000000 
F8-F15:  00000000 00000000 00000000 00000000 00000000 00000000 00000000 00000000 
F16-F23: 00000000 00000000 00000000 00000000 00000000 00000000 00000000 00000000 
F24-F31: 00000000 00000000 00000000 00000000 00000000 00000000 00000000 00000000 

Memory:
0000: 20010034 98210000 04201009 00401034 20040038 44800003 44200002 2004003b 
0020: 44800003 44400001 20040038 44800003 44000000 4204cccd 0a000020 636f6e76 
0040: 65727465 6420746f 20696e74 20697320 00000000 00000000 00000000 00000000 
0060: 00000000 00000000 00000000 00000000 00000000 00000000 00000000 00000000 *

End of clock cycle   7
----------------------
Integer Unit:
     Name     Busy       Op       Vj       Vk        Qj        Qk        A   Result  X-Start    X-End
 IntUnit0        1  movfp2i 00000000 00000000   FpUnit0           00000000       --       --      --
 IntUnit1        1     addi 00000000 00000000                     0000003b       --       --      --

Trap Unit:
     Name     Busy       Op       Vj       Vk        Qj        Qk        A   Result  X-Start    X-End
TrapUnit0        1  dumpstr 00000038 00000000                     00000000 00000000        7        7 
TrapUnit1        1  dumpfpr 4204cccd 00000000                     00000000       --       --      --

Floating Point Unit:
     Name     Busy       Op       Vj       Vk        Qj        Qk        A   Result  X-Start    X-End
  FpUnit0        1   cvtf2i 4204cccd 00000000                     00000000       --        6       --

General Purpose Registers:
R0-R7:   00000000 00000034 IntUnit0 00000000 IntUnit1 00000000 00000000 00000000 
R8-R15:  00000000 00000000 00000000 00000000 00000000 00000000 00000000 00000000 
R16-R23: 00000000 00000000 00000000 00000000 00000000 00000000 00000000 00000000 
R24-R31: 00000000 00000000 00000000 00000000 00000000 00000000 00000000 00000000 

Floating Point Registers:
F0-F7:   00000000 4204cccd  FpUnit0 00000000 00000000 00000000 00000000 00000000 
F8-F15:  00000000 00000000 00000000 00000000 00000000 00000000 00000000 00000000 
F16-F23: 00000000 00000000 00000000 00000000 00000000 00000000 00000000 00000000 
F24-F31: 00000000 00000000 00000000 00000000 00000000 00000000 00000000 00000000 

Memory:
0000: 20010034 98210000 04201009 00401034 20040038 44800003 44200002 2004003b 
0020: 44800003 44400001 20040038 44800003 44000000 4204cccd 0a000020 636f6e76 
0040: 65727465 6420746f 20696e74 20697320 00000000 00000000 00000000 00000000 
0060: 00000000 00000000 00000000 00000000 00000000 00000000 00000000 00000000 *


End of clock cycle   8
----------------------
Integer Unit:
     Name     Busy       Op       Vj       Vk        Qj        Qk        A   Result  X-Start    X-End
 IntUnit0        1  movfp2i 00000000 00000000   FpUnit0           00000000       --       --      --
 IntUnit1        1     addi 00000000 00000000                     0000003b 0000003b        8        8 

Trap Unit:
     Name     Busy       Op       Vj       Vk        Qj        Qk        A   Result  X-Start    X-End
TrapUnit1        1  dumpfpr 4204cccd 00000000                     00000000 00000000        8        8 
TrapUnit2        1  dumpstr 00000000 00000000  IntUnit1           00000000       --       --      --

Floating Point Unit:
     Name     Busy       Op       Vj       Vk        Qj        Qk        A   Result  X-Start    X-End
  FpUnit0        1   cvtf2i 4204cccd 00000000                     00000000       --        6       --

General Purpose Registers:
R0-R7:   00000000 00000034 IntUnit0 00000000 IntUnit1 00000000 00000000 00000000 
R8-R15:  00000000 00000000 00000000 00000000 00000000 00000000 00000000 00000000 
R16-R23: 00000000 00000000 00000000 00000000 00000000 00000000 00000000 00000000 
R24-R31: 00000000 00000000 00000000 00000000 00000000 00000000 00000000 00000000 

Floating Point Registers:
F0-F7:   00000000 4204cccd  FpUnit0 00000000 00000000 00000000 00000000 00000000 
F8-F15:  00000000 00000000 00000000 00000000 00000000 00000000 00000000 00000000 
F16-F23: 00000000 00000000 00000000 00000000 00000000 00000000 00000000 00000000 
F24-F31: 00000000 00000000 00000000 00000000 00000000 00000000 00000000 00000000 

Memory:
0000: 20010034 98210000 04201009 00401034 20040038 44800003 44200002 2004003b 
0020: 44800003 44400001 20040038 44800003 44000000 4204cccd 0a000020 636f6e76 
0040: 65727465 6420746f 20696e74 20697320 00000000 00000000 00000000 00000000 
0060: 00000000 00000000 00000000 00000000 00000000 00000000 00000000 00000000 *

33.2End of clock cycle   9
----------------------
Integer Unit:
     Name     Busy       Op       Vj       Vk        Qj        Qk        A   Result  X-Start    X-End
 IntUnit0        1  movfp2i 00000000 00000000   FpUnit0           00000000       --       --      --

Trap Unit:
     Name     Busy       Op       Vj       Vk        Qj        Qk        A   Result  X-Start    X-End
TrapUnit2        1  dumpstr 0000003b 00000000                     00000000       --       --      --
TrapUnit3        1  dumpgpr 00000000 00000000  IntUnit0           00000000       --       --      --

Floating Point Unit:
     Name     Busy       Op       Vj       Vk        Qj        Qk        A   Result  X-Start    X-End
  FpUnit0        1   cvtf2i 4204cccd 00000000                     00000000 00000021        6        9 

General Purpose Registers:
R0-R7:   00000000 00000034 IntUnit0 00000000 0000003b 00000000 00000000 00000000 
R8-R15:  00000000 00000000 00000000 00000000 00000000 00000000 00000000 00000000 
R16-R23: 00000000 00000000 00000000 00000000 00000000 00000000 00000000 00000000 
R24-R31: 00000000 00000000 00000000 00000000 00000000 00000000 00000000 00000000 

Floating Point Registers:
F0-F7:   00000000 4204cccd  FpUnit0 00000000 00000000 00000000 00000000 00000000 
F8-F15:  00000000 00000000 00000000 00000000 00000000 00000000 00000000 00000000 
F16-F23: 00000000 00000000 00000000 00000000 00000000 00000000 00000000 00000000 
F24-F31: 00000000 00000000 00000000 00000000 00000000 00000000 00000000 00000000 

Memory:
0000: 20010034 98210000 04201009 00401034 20040038 44800003 44200002 2004003b 
0020: 44800003 44400001 20040038 44800003 44000000 4204cccd 0a000020 636f6e76 
0040: 65727465 6420746f 20696e74 20697320 00000000 00000000 00000000 00000000 
0060: 00000000 00000000 00000000 00000000 00000000 00000000 00000000 00000000 *

End of clock cycle  10
----------------------
Integer Unit:
     Name     Busy       Op       Vj       Vk        Qj        Qk        A   Result  X-Start    X-End
 IntUnit0        1  movfp2i 00000021 00000000                     00000000       --       --      --
 IntUnit1        1     addi 00000000 00000000                     00000038       --       --      --

Trap Unit:
     Name     Busy       Op       Vj       Vk        Qj        Qk        A   Result  X-Start    X-End
TrapUnit2        1  dumpstr 0000003b 00000000                     00000000 00000000       10       10 
TrapUnit3        1  dumpgpr 00000000 00000000  IntUnit0           00000000       --       --      --

General Purpose Registers:
R0-R7:   00000000 00000034 IntUnit0 00000000 IntUnit1 00000000 00000000 00000000 
R8-R15:  00000000 00000000 00000000 00000000 00000000 00000000 00000000 00000000 
R16-R23: 00000000 00000000 00000000 00000000 00000000 00000000 00000000 00000000 
R24-R31: 00000000 00000000 00000000 00000000 00000000 00000000 00000000 00000000 

Floating Point Registers:
F0-F7:   00000000 4204cccd 00000021 00000000 00000000 00000000 00000000 00000000 
F8-F15:  00000000 00000000 00000000 00000000 00000000 00000000 00000000 00000000 
F16-F23: 00000000 00000000 00000000 00000000 00000000 00000000 00000000 00000000 
F24-F31: 00000000 00000000 00000000 00000000 00000000 00000000 00000000 00000000 

Memory:
0000: 20010034 98210000 04201009 00401034 20040038 44800003 44200002 2004003b 
0020: 44800003 44400001 20040038 44800003 44000000 4204cccd 0a000020 636f6e76 
0040: 65727465 6420746f 20696e74 20697320 00000000 00000000 00000000 00000000 
0060: 00000000 00000000 00000000 00000000 00000000 00000000 00000000 00000000 *

 converted to int is End of clock cycle  11
----------------------
Integer Unit:
     Name     Busy       Op       Vj       Vk        Qj        Qk        A   Result  X-Start    X-End
 IntUnit0        1  movfp2i 00000021 00000000                     00000000 00000021       11       11 
 IntUnit1        1     addi 00000000 00000000                     00000038 00000038       11       11 

Trap Unit:
     Name     Busy       Op       Vj       Vk        Qj        Qk        A   Result  X-Start    X-End
TrapUnit0        1  dumpstr 00000000 00000000  IntUnit1           00000000       --       --      --
TrapUnit3        1  dumpgpr 00000000 00000000  IntUnit0           00000000       --       --      --

General Purpose Registers:
R0-R7:   00000000 00000034 IntUnit0 00000000 IntUnit1 00000000 00000000 00000000 
R8-R15:  00000000 00000000 00000000 00000000 00000000 00000000 00000000 00000000 
R16-R23: 00000000 00000000 00000000 00000000 00000000 00000000 00000000 00000000 
R24-R31: 00000000 00000000 00000000 00000000 00000000 00000000 00000000 00000000 

Floating Point Registers:
F0-F7:   00000000 4204cccd 00000021 00000000 00000000 00000000 00000000 00000000 
F8-F15:  00000000 00000000 00000000 00000000 00000000 00000000 00000000 00000000 
F16-F23: 00000000 00000000 00000000 00000000 00000000 00000000 00000000 00000000 
F24-F31: 00000000 00000000 00000000 00000000 00000000 00000000 00000000 00000000 

Memory:
0000: 20010034 98210000 04201009 00401034 20040038 44800003 44200002 2004003b 
0020: 44800003 44400001 20040038 44800003 44000000 4204cccd 0a000020 636f6e76 
0040: 65727465 6420746f 20696e74 20697320 00000000 00000000 00000000 00000000 
0060: 00000000 00000000 00000000 00000000 00000000 00000000 00000000 00000000 *

End of clock cycle  12
----------------------
Integer Unit:
     Name     Busy       Op       Vj       Vk        Qj        Qk        A   Result  X-Start    X-End
 IntUnit1        1     addi 00000000 00000000                     00000038 00000038       11       11 

Trap Unit:
     Name     Busy       Op       Vj       Vk        Qj        Qk        A   Result  X-Start    X-End
TrapUnit0        1  dumpstr 00000000 00000000  IntUnit1           00000000       --       --      --
TrapUnit1        1     halt 00000000 00000000                     00000000       --       --      --
TrapUnit3        1  dumpgpr 00000021 00000000                     00000000       --       --      --

General Purpose Registers:
R0-R7:   00000000 00000034 00000021 00000000 IntUnit1 00000000 00000000 00000000 
R8-R15:  00000000 00000000 00000000 00000000 00000000 00000000 00000000 00000000 
R16-R23: 00000000 00000000 00000000 00000000 00000000 00000000 00000000 00000000 
R24-R31: 00000000 00000000 00000000 00000000 00000000 00000000 00000000 00000000 

Floating Point Registers:
F0-F7:   00000000 4204cccd 00000021 00000000 00000000 00000000 00000000 00000000 
F8-F15:  00000000 00000000 00000000 00000000 00000000 00000000 00000000 00000000 
F16-F23: 00000000 00000000 00000000 00000000 00000000 00000000 00000000 00000000 
F24-F31: 00000000 00000000 00000000 00000000 00000000 00000000 00000000 00000000 

Memory:
0000: 20010034 98210000 04201009 00401034 20040038 44800003 44200002 2004003b 
0020: 44800003 44400001 20040038 44800003 44000000 4204cccd 0a000020 636f6e76 
0040: 65727465 6420746f 20696e74 20697320 00000000 00000000 00000000 00000000 
0060: 00000000 00000000 00000000 00000000 00000000 00000000 00000000 00000000 *

End of clock cycle  13
----------------------
Trap Unit:
     Name     Busy       Op       Vj       Vk        Qj        Qk        A   Result  X-Start    X-End
TrapUnit0        1  dumpstr 00000038 00000000                     00000000       --       --      --
TrapUnit1        1     halt 00000000 00000000                     00000000       --       --      --
TrapUnit3        1  dumpgpr 00000021 00000000                     00000000 00000000       13       13 

General Purpose Registers:
R0-R7:   00000000 00000034 00000021 00000000 00000038 00000000 00000000 00000000 
R8-R15:  00000000 00000000 00000000 00000000 00000000 00000000 00000000 00000000 
R16-R23: 00000000 00000000 00000000 00000000 00000000 00000000 00000000 00000000 
R24-R31: 00000000 00000000 00000000 00000000 00000000 00000000 00000000 00000000 

Floating Point Registers:
F0-F7:   00000000 4204cccd 00000021 00000000 00000000 00000000 00000000 00000000 
F8-F15:  00000000 00000000 00000000 00000000 00000000 00000000 00000000 00000000 
F16-F23: 00000000 00000000 00000000 00000000 00000000 00000000 00000000 00000000 
F24-F31: 00000000 00000000 00000000 00000000 00000000 00000000 00000000 00000000 

Memory:
0000: 20010034 98210000 04201009 00401034 20040038 44800003 44200002 2004003b 
0020: 44800003 44400001 20040038 44800003 44000000 4204cccd 0a000020 636f6e76 
0040: 65727465 6420746f 20696e74 20697320 00000000 00000000 00000000 00000000 
0060: 00000000 00000000 00000000 00000000 00000000 00000000 00000000 00000000 *

33End of clock cycle  14
----------------------
Trap Unit:
     Name     Busy       Op       Vj       Vk        Qj        Qk        A   Result  X-Start    X-End
TrapUnit0        1  dumpstr 00000038 00000000                     00000000 00000000       14       14 
TrapUnit1        1     halt 00000000 00000000                     00000000       --       --      --

General Purpose Registers:
R0-R7:   00000000 00000034 00000021 00000000 00000038 00000000 00000000 00000000 
R8-R15:  00000000 00000000 00000000 00000000 00000000 00000000 00000000 00000000 
R16-R23: 00000000 00000000 00000000 00000000 00000000 00000000 00000000 00000000 
R24-R31: 00000000 00000000 00000000 00000000 00000000 00000000 00000000 00000000 

Floating Point Registers:
F0-F7:   00000000 4204cccd 00000021 00000000 00000000 00000000 00000000 00000000 
F8-F15:  00000000 00000000 00000000 00000000 00000000 00000000 00000000 00000000 
F16-F23: 00000000 00000000 00000000 00000000 00000000 00000000 00000000 00000000 
F24-F31: 00000000 00000000 00000000 00000000 00000000 00000000 00000000 00000000 

Memory:
0000: 20010034 98210000 04201009 00401034 20040038 44800003 44200002 2004003b 
0020: 44800003 44400001 20040038 44800003 44000000 4204cccd 0a000020 636f6e76 
0040: 65727465 6420746f 20696e74 20697320 00000000 00000000 00000000 00000000 
0060: 00000000 00000000 00000000 00000000 00000000 00000000 00000000 00000000 *


End of clock cycle  15
----------------------
Trap Unit:
     Name     Busy       Op       Vj       Vk        Qj        Qk        A   Result  X-Start    X-End
TrapUnit1        1     halt 00000000 00000000                     00000000 00000000       15       15 

General Purpose Registers:
R0-R7:   00000000 00000034 00000021 00000000 00000038 00000000 00000000 00000000 
R8-R15:  00000000 00000000 00000000 00000000 00000000 00000000 00000000 00000000 
R16-R23: 00000000 00000000 00000000 00000000 00000000 00000000 00000000 00000000 
R24-R31: 00000000 00000000 00000000 00000000 00000000 00000000 00000000 00000000 

Floating Point Registers:
F0-F7:   00000000 4204cccd 00000021 00000000 00000000 00000000 00000000 00000000 
F8-F15:  00000000 00000000 00000000 00000000 00000000 00000000 00000000 00000000 
F16-F23: 00000000 00000000 00000000 00000000 00000000 00000000 00000000 00000000 
F24-F31: 00000000 00000000 00000000 00000000 00000000 00000000 00000000 00000000 

Memory:
0000: 20010034 98210000 04201009 00401034 20040038 44800003 44200002 2004003b 
0020: 44800003 44400001 20040038 44800003 44000000 4204cccd 0a000020 636f6e76 
0040: 65727465 6420746f 20696e74 20697320 00000000 00000000 00000000 00000000 
0060: 00000000 00000000 00000000 00000000 00000000 00000000 00000000 00000000 *

End of clock cycle  16
----------------------
General Purpose Registers:
R0-R7:   00000000 00000034 00000021 00000000 00000038 00000000 00000000 00000000 
R8-R15:  00000000 00000000 00000000 00000000 00000000 00000000 00000000 00000000 
R16-R23: 00000000 00000000 00000000 00000000 00000000 00000000 00000000 00000000 
R24-R31: 00000000 00000000 00000000 00000000 00000000 00000000 00000000 00000000 

Floating Point Registers:
F0-F7:   00000000 4204cccd 00000021 00000000 00000000 00000000 00000000 00000000 
F8-F15:  00000000 00000000 00000000 00000000 00000000 00000000 00000000 00000000 
F16-F23: 00000000 00000000 00000000 00000000 00000000 00000000 00000000 00000000 
F24-F31: 00000000 00000000 00000000 00000000 00000000 00000000 00000000 00000000 

Memory:
0000: 20010034 98210000 04201009 00401034 20040038 44800003 44200002 2004003b 
0020: 44800003 44400001 20040038 44800003 44000000 4204cccd 0a000020 636f6e76 
0040: 65727465 6420746f 20696e74 20697320 00000000 00000000 00000000 00000000 
0060: 00000000 00000000 00000000 00000000 00000000 00000000 00000000 00000000 *

