End of clock cycle   0
----------------------
Integer Unit:
     Name     Busy       Op       Vj       Vk        Qj        Qk        A   Result  X-Start    X-End
 IntUnit0        1     addi 00000000 00000000                     00000044       --       --      --

General Purpose Registers:
R0-R7:   00000000 IntUnit0 00000000 00000000 00000000 00000000 00000000 00000000 
R8-R15:  00000000 00000000 00000000 00000000 00000000 00000000 00000000 00000000 
R16-R23: 00000000 00000000 00000000 00000000 00000000 00000000 00000000 00000000 
R24-R31: 00000000 00000000 00000000 00000000 00000000 00000000 00000000 00000000 

Floating Point Registers:
F0-F7:   00000000 00000000 00000000 00000000 00000000 00000000 00000000 00000000 
F8-F15:  00000000 00000000 00000000 00000000 00000000 00000000 00000000 00000000 
F16-F23: 00000000 00000000 00000000 00000000 00000000 00000000 00000000 00000000 
F24-F31: 00000000 00000000 00000000 00000000 00000000 00000000 00000000 00000000 

Memory:
0000: 20010044 20020048 98210000 98420000 04221801 2004004c 44800003 44200002 
0020: 2004004f 44800003 44400002 20040057 44800003 44600002 2004005c 44800003 
0040: 44000000 404ccccd 4236cccd 0a000020 6d696e75 73200020 69732000 2e0a0000 
0060: 00000000 00000000 00000000 00000000 00000000 00000000 00000000 00000000 *

End of clock cycle   1
----------------------
Integer Unit:
     Name     Busy       Op       Vj       Vk        Qj        Qk        A   Result  X-Start    X-End
 IntUnit0        1     addi 00000000 00000000                     00000044 00000044        1        1 
 IntUnit1        1     addi 00000000 00000000                     00000048       --       --      --

General Purpose Registers:
R0-R7:   00000000 IntUnit0 IntUnit1 00000000 00000000 00000000 00000000 00000000 
R8-R15:  00000000 00000000 00000000 00000000 00000000 00000000 00000000 00000000 
R16-R23: 00000000 00000000 00000000 00000000 00000000 00000000 00000000 00000000 
R24-R31: 00000000 00000000 00000000 00000000 00000000 00000000 00000000 00000000 

Floating Point Registers:
F0-F7:   00000000 00000000 00000000 00000000 00000000 00000000 00000000 00000000 
F8-F15:  00000000 00000000 00000000 00000000 00000000 00000000 00000000 00000000 
F16-F23: 00000000 00000000 00000000 00000000 00000000 00000000 00000000 00000000 
F24-F31: 00000000 00000000 00000000 00000000 00000000 00000000 00000000 00000000 

Memory:
0000: 20010044 20020048 98210000 98420000 04221801 2004004c 44800003 44200002 
0020: 2004004f 44800003 44400002 20040057 44800003 44600002 2004005c 44800003 
0040: 44000000 404ccccd 4236cccd 0a000020 6d696e75 73200020 69732000 2e0a0000 
0060: 00000000 00000000 00000000 00000000 00000000 00000000 00000000 00000000 *

End of clock cycle   2
----------------------
Integer Unit:
     Name     Busy       Op       Vj       Vk        Qj        Qk        A   Result  X-Start    X-End
 IntUnit1        1     addi 00000000 00000000                     00000048 00000048        2        2 

Memory Unit:
     Name     Busy       Op       Vj       Vk        Qj        Qk        A   Result  X-Start    X-End
 MemUnit0        1       lf 00000044 00000000                     00000000       --       --      --

General Purpose Registers:
R0-R7:   00000000 00000044 IntUnit1 00000000 00000000 00000000 00000000 00000000 
R8-R15:  00000000 00000000 00000000 00000000 00000000 00000000 00000000 00000000 
R16-R23: 00000000 00000000 00000000 00000000 00000000 00000000 00000000 00000000 
R24-R31: 00000000 00000000 00000000 00000000 00000000 00000000 00000000 00000000 

Floating Point Registers:
F0-F7:   00000000 MemUnit0 00000000 00000000 00000000 00000000 00000000 00000000 
F8-F15:  00000000 00000000 00000000 00000000 00000000 00000000 00000000 00000000 
F16-F23: 00000000 00000000 00000000 00000000 00000000 00000000 00000000 00000000 
F24-F31: 00000000 00000000 00000000 00000000 00000000 00000000 00000000 00000000 

Memory:
0000: 20010044 20020048 98210000 98420000 04221801 2004004c 44800003 44200002 
0020: 2004004f 44800003 44400002 20040057 44800003 44600002 2004005c 44800003 
0040: 44000000 404ccccd 4236cccd 0a000020 6d696e75 73200020 69732000 2e0a0000 
0060: 00000000 00000000 00000000 00000000 00000000 00000000 00000000 00000000 *

End of clock cycle   3
----------------------
Memory Unit:
     Name     Busy       Op       Vj       Vk        Qj        Qk        A   Result  X-Start    X-End
 MemUnit0        1       lf 00000044 00000000                     00000000       --        3       --
 MemUnit1        1       lf 00000048 00000000                     00000000       --       --      --

General Purpose Registers:
R0-R7:   00000000 00000044 00000048 00000000 00000000 00000000 00000000 00000000 
R8-R15:  00000000 00000000 00000000 00000000 00000000 00000000 00000000 00000000 
R16-R23: 00000000 00000000 00000000 00000000 00000000 00000000 00000000 00000000 
R24-R31: 00000000 00000000 00000000 00000000 00000000 00000000 00000000 00000000 

Floating Point Registers:
F0-F7:   00000000 MemUnit0 MemUnit1 00000000 00000000 00000000 00000000 00000000 
F8-F15:  00000000 00000000 00000000 00000000 00000000 00000000 00000000 00000000 
F16-F23: 00000000 00000000 00000000 00000000 00000000 00000000 00000000 00000000 
F24-F31: 00000000 00000000 00000000 00000000 00000000 00000000 00000000 00000000 

Memory:
0000: 20010044 20020048 98210000 98420000 04221801 2004004c 44800003 44200002 
0020: 2004004f 44800003 44400002 20040057 44800003 44600002 2004005c 44800003 
0040: 44000000 404ccccd 4236cccd 0a000020 6d696e75 73200020 69732000 2e0a0000 
0060: 00000000 00000000 00000000 00000000 00000000 00000000 00000000 00000000 *

End of clock cycle   4
----------------------
Floating Point Unit:
     Name     Busy       Op       Vj       Vk        Qj        Qk        A   Result  X-Start    X-End
  FpUnit0        1     subf 00000000 00000000  MemUnit0  MemUnit1 00000000       --       --      --

Memory Unit:
     Name     Busy       Op       Vj       Vk        Qj        Qk        A   Result  X-Start    X-End
 MemUnit0        1       lf 00000044 00000000                     00000044 404ccccd        3        4 
 MemUnit1        1       lf 00000048 00000000                     00000000       --       --      --

General Purpose Registers:
R0-R7:   00000000 00000044 00000048 00000000 00000000 00000000 00000000 00000000 
R8-R15:  00000000 00000000 00000000 00000000 00000000 00000000 00000000 00000000 
R16-R23: 00000000 00000000 00000000 00000000 00000000 00000000 00000000 00000000 
R24-R31: 00000000 00000000 00000000 00000000 00000000 00000000 00000000 00000000 

Floating Point Registers:
F0-F7:   00000000 MemUnit0 MemUnit1  FpUnit0 00000000 00000000 00000000 00000000 
F8-F15:  00000000 00000000 00000000 00000000 00000000 00000000 00000000 00000000 
F16-F23: 00000000 00000000 00000000 00000000 00000000 00000000 00000000 00000000 
F24-F31: 00000000 00000000 00000000 00000000 00000000 00000000 00000000 00000000 

Memory:
0000: 20010044 20020048 98210000 98420000 04221801 2004004c 44800003 44200002 
0020: 2004004f 44800003 44400002 20040057 44800003 44600002 2004005c 44800003 
0040: 44000000 404ccccd 4236cccd 0a000020 6d696e75 73200020 69732000 2e0a0000 
0060: 00000000 00000000 00000000 00000000 00000000 00000000 00000000 00000000 *

End of clock cycle   5
----------------------
Integer Unit:
     Name     Busy       Op       Vj       Vk        Qj        Qk        A   Result  X-Start    X-End
 IntUnit0        1     addi 00000000 00000000                     0000004c       --       --      --

Floating Point Unit:
     Name     Busy       Op       Vj       Vk        Qj        Qk        A   Result  X-Start    X-End
  FpUnit0        1     subf 404ccccd 00000000            MemUnit1 00000000       --       --      --

Memory Unit:
     Name     Busy       Op       Vj       Vk        Qj        Qk        A   Result  X-Start    X-End
 MemUnit1        1       lf 00000048 00000000                     00000000       --        5       --

General Purpose Registers:
R0-R7:   00000000 00000044 00000048 00000000 IntUnit0 00000000 00000000 00000000 
R8-R15:  00000000 00000000 00000000 00000000 00000000 00000000 00000000 00000000 
R16-R23: 00000000 00000000 00000000 00000000 00000000 00000000 00000000 00000000 
R24-R31: 00000000 00000000 00000000 00000000 00000000 00000000 00000000 00000000 

Floating Point Registers:
F0-F7:   00000000 404ccccd MemUnit1  FpUnit0 00000000 00000000 00000000 00000000 
F8-F15:  00000000 00000000 00000000 00000000 00000000 00000000 00000000 00000000 
F16-F23: 00000000 00000000 00000000 00000000 00000000 00000000 00000000 00000000 
F24-F31: 00000000 00000000 00000000 00000000 00000000 00000000 00000000 00000000 

Memory:
0000: 20010044 20020048 98210000 98420000 04221801 2004004c 44800003 44200002 
0020: 2004004f 44800003 44400002 20040057 44800003 44600002 2004005c 44800003 
0040: 44000000 404ccccd 4236cccd 0a000020 6d696e75 73200020 69732000 2e0a0000 
0060: 00000000 00000000 00000000 00000000 00000000 00000000 00000000 00000000 *

End of clock cycle   6
----------------------
Integer Unit:
     Name     Busy       Op       Vj       Vk        Qj        Qk        A   Result  X-Start    X-End
 IntUnit0        1     addi 00000000 00000000                     0000004c 0000004c        6        6 

Trap Unit:
     Name     Busy       Op       Vj       Vk        Qj        Qk        A   Result  X-Start    X-End
TrapUnit0        1  dumpstr 00000000 00000000  IntUnit0           00000000       --       --      --

Floating Point Unit:
     Name     Busy       Op       Vj       Vk        Qj        Qk        A   Result  X-Start    X-End
  FpUnit0        1     subf 404ccccd 00000000            MemUnit1 00000000       --       --      --

Memory Unit:
     Name     Busy       Op       Vj       Vk        Qj        Qk        A   Result  X-Start    X-End
 MemUnit1        1       lf 00000048 00000000                     00000048 4236cccd        5        6 

General Purpose Registers:
R0-R7:   00000000 00000044 00000048 00000000 IntUnit0 00000000 00000000 00000000 
R8-R15:  00000000 00000000 00000000 00000000 00000000 00000000 00000000 00000000 
R16-R23: 00000000 00000000 00000000 00000000 00000000 00000000 00000000 00000000 
R24-R31: 00000000 00000000 00000000 00000000 00000000 00000000 00000000 00000000 

Floating Point Registers:
F0-F7:   00000000 404ccccd MemUnit1  FpUnit0 00000000 00000000 00000000 00000000 
F8-F15:  00000000 00000000 00000000 00000000 00000000 00000000 00000000 00000000 
F16-F23: 00000000 00000000 00000000 00000000 00000000 00000000 00000000 00000000 
F24-F31: 00000000 00000000 00000000 00000000 00000000 00000000 00000000 00000000 

Memory:
0000: 20010044 20020048 98210000 98420000 04221801 2004004c 44800003 44200002 
0020: 2004004f 44800003 44400002 20040057 44800003 44600002 2004005c 44800003 
0040: 44000000 404ccccd 4236cccd 0a000020 6d696e75 73200020 69732000 2e0a0000 
0060: 00000000 00000000 00000000 00000000 00000000 00000000 00000000 00000000 *

End of clock cycle   7
----------------------
Integer Unit:
     Name     Busy       Op       Vj       Vk        Qj        Qk        A   Result  X-Start    X-End
 IntUnit0        1     addi 00000000 00000000                     0000004c 0000004c        6        6 

Trap Unit:
     Name     Busy       Op       Vj       Vk        Qj        Qk        A   Result  X-Start    X-End
TrapUnit0        1  dumpstr 00000000 00000000  IntUnit0           00000000       --       --      --
TrapUnit1        1  dumpfpr 404ccccd 00000000                     00000000       --       --      --

Floating Point Unit:
     Name     Busy       Op       Vj       Vk        Qj        Qk        A   Result  X-Start    X-End
  FpUnit0        1     subf 404ccccd 4236cccd                     00000000       --       --      --

General Purpose Registers:
R0-R7:   00000000 00000044 00000048 00000000 IntUnit0 00000000 00000000 00000000 
R8-R15:  00000000 00000000 00000000 00000000 00000000 00000000 00000000 00000000 
R16-R23: 00000000 00000000 00000000 00000000 00000000 00000000 00000000 00000000 
R24-R31: 00000000 00000000 00000000 00000000 00000000 00000000 00000000 00000000 

Floating Point Registers:
F0-F7:   00000000 404ccccd 4236cccd  FpUnit0 00000000 00000000 00000000 00000000 
F8-F15:  00000000 00000000 00000000 00000000 00000000 00000000 00000000 00000000 
F16-F23: 00000000 00000000 00000000 00000000 00000000 00000000 00000000 00000000 
F24-F31: 00000000 00000000 00000000 00000000 00000000 00000000 00000000 00000000 

Memory:
0000: 20010044 20020048 98210000 98420000 04221801 2004004c 44800003 44200002 
0020: 2004004f 44800003 44400002 20040057 44800003 44600002 2004005c 44800003 
0040: 44000000 404ccccd 4236cccd 0a000020 6d696e75 73200020 69732000 2e0a0000 
0060: 00000000 00000000 00000000 00000000 00000000 00000000 00000000 00000000 *

End of clock cycle   8
----------------------
Integer Unit:
     Name     Busy       Op       Vj       Vk        Qj        Qk        A   Result  X-Start    X-End
 IntUnit1        1     addi 00000000 00000000                     0000004f       --       --      --

Trap Unit:
     Name     Busy       Op       Vj       Vk        Qj        Qk        A   Result  X-Start    X-End
TrapUnit0        1  dumpstr 0000004c 00000000                     00000000       --       --      --
TrapUnit1        1  dumpfpr 404ccccd 00000000                     00000000       --       --      --

Floating Point Unit:
     Name     Busy       Op       Vj       Vk        Qj        Qk        A   Result  X-Start    X-End
  FpUnit0        1     subf 404ccccd 4236cccd                     00000000       --        8       --

General Purpose Registers:
R0-R7:   00000000 00000044 00000048 00000000 IntUnit1 00000000 00000000 00000000 
R8-R15:  00000000 00000000 00000000 00000000 00000000 00000000 00000000 00000000 
R16-R23: 00000000 00000000 00000000 00000000 00000000 00000000 00000000 00000000 
R24-R31: 00000000 00000000 00000000 00000000 00000000 00000000 00000000 00000000 

Floating Point Registers:
F0-F7:   00000000 404ccccd 4236cccd  FpUnit0 00000000 00000000 00000000 00000000 
F8-F15:  00000000 00000000 00000000 00000000 00000000 00000000 00000000 00000000 
F16-F23: 00000000 00000000 00000000 00000000 00000000 00000000 00000000 00000000 
F24-F31: 00000000 00000000 00000000 00000000 00000000 00000000 00000000 00000000 

Memory:
0000: 20010044 20020048 98210000 98420000 04221801 2004004c 44800003 44200002 
0020: 2004004f 44800003 44400002 20040057 44800003 44600002 2004005c 44800003 
0040: 44000000 404ccccd 4236cccd 0a000020 6d696e75 73200020 69732000 2e0a0000 
0060: 00000000 00000000 00000000 00000000 00000000 00000000 00000000 00000000 *

End of clock cycle   9
----------------------
Integer Unit:
     Name     Busy       Op       Vj       Vk        Qj        Qk        A   Result  X-Start    X-End
 IntUnit1        1     addi 00000000 00000000                     0000004f 0000004f        9        9 

Trap Unit:
     Name     Busy       Op       Vj       Vk        Qj        Qk        A   Result  X-Start    X-End
TrapUnit0        1  dumpstr 0000004c 00000000                     00000000 00000000        9        9 
TrapUnit1        1  dumpfpr 404ccccd 00000000                     00000000       --       --      --
TrapUnit2        1  dumpstr 00000000 00000000  IntUnit1           00000000       --       --      --

Floating Point Unit:
     Name     Busy       Op       Vj       Vk        Qj        Qk        A   Result  X-Start    X-End
  FpUnit0        1     subf 404ccccd 4236cccd                     00000000       --        8       --

General Purpose Registers:
R0-R7:   00000000 00000044 00000048 00000000 IntUnit1 00000000 00000000 00000000 
R8-R15:  00000000 00000000 00000000 00000000 00000000 00000000 00000000 00000000 
R16-R23: 00000000 00000000 00000000 00000000 00000000 00000000 00000000 00000000 
R24-R31: 00000000 00000000 00000000 00000000 00000000 00000000 00000000 00000000 

Floating Point Registers:
F0-F7:   00000000 404ccccd 4236cccd  FpUnit0 00000000 00000000 00000000 00000000 
F8-F15:  00000000 00000000 00000000 00000000 00000000 00000000 00000000 00000000 
F16-F23: 00000000 00000000 00000000 00000000 00000000 00000000 00000000 00000000 
F24-F31: 00000000 00000000 00000000 00000000 00000000 00000000 00000000 00000000 

Memory:
0000: 20010044 20020048 98210000 98420000 04221801 2004004c 44800003 44200002 
0020: 2004004f 44800003 44400002 20040057 44800003 44600002 2004005c 44800003 
0040: 44000000 404ccccd 4236cccd 0a000020 6d696e75 73200020 69732000 2e0a0000 
0060: 00000000 00000000 00000000 00000000 00000000 00000000 00000000 00000000 *


End of clock cycle  10
----------------------
Trap Unit:
     Name     Busy       Op       Vj       Vk        Qj        Qk        A   Result  X-Start    X-End
TrapUnit1        1  dumpfpr 404ccccd 00000000                     00000000 00000000       10       10 
TrapUnit2        1  dumpstr 0000004f 00000000                     00000000       --       --      --
TrapUnit3        1  dumpfpr 4236cccd 00000000                     00000000       --       --      --

Floating Point Unit:
     Name     Busy       Op       Vj       Vk        Qj        Qk        A   Result  X-Start    X-End
  FpUnit0        1     subf 404ccccd 4236cccd                     00000000       --        8       --

General Purpose Registers:
R0-R7:   00000000 00000044 00000048 00000000 0000004f 00000000 00000000 00000000 
R8-R15:  00000000 00000000 00000000 00000000 00000000 00000000 00000000 00000000 
R16-R23: 00000000 00000000 00000000 00000000 00000000 00000000 00000000 00000000 
R24-R31: 00000000 00000000 00000000 00000000 00000000 00000000 00000000 00000000 

Floating Point Registers:
F0-F7:   00000000 404ccccd 4236cccd  FpUnit0 00000000 00000000 00000000 00000000 
F8-F15:  00000000 00000000 00000000 00000000 00000000 00000000 00000000 00000000 
F16-F23: 00000000 00000000 00000000 00000000 00000000 00000000 00000000 00000000 
F24-F31: 00000000 00000000 00000000 00000000 00000000 00000000 00000000 00000000 

Memory:
0000: 20010044 20020048 98210000 98420000 04221801 2004004c 44800003 44200002 
0020: 2004004f 44800003 44400002 20040057 44800003 44600002 2004005c 44800003 
0040: 44000000 404ccccd 4236cccd 0a000020 6d696e75 73200020 69732000 2e0a0000 
0060: 00000000 00000000 00000000 00000000 00000000 00000000 00000000 00000000 *

3.2End of clock cycle  11
----------------------
Integer Unit:
     Name     Busy       Op       Vj       Vk        Qj        Qk        A   Result  X-Start    X-End
 IntUnit0        1     addi 00000000 00000000                     00000057       --       --      --

Trap Unit:
     Name     Busy       Op       Vj       Vk        Qj        Qk        A   Result  X-Start    X-End
TrapUnit2        1  dumpstr 0000004f 00000000                     00000000 00000000       11       11 
TrapUnit3        1  dumpfpr 4236cccd 00000000                     00000000       --       --      --

Floating Point Unit:
     Name     Busy       Op       Vj       Vk        Qj        Qk        A   Result  X-Start    X-End
  FpUnit0        1     subf 404ccccd 4236cccd                     00000000 c22a0000        8       11 

General Purpose Registers:
R0-R7:   00000000 00000044 00000048 00000000 IntUnit0 00000000 00000000 00000000 
R8-R15:  00000000 00000000 00000000 00000000 00000000 00000000 00000000 00000000 
R16-R23: 00000000 00000000 00000000 00000000 00000000 00000000 00000000 00000000 
R24-R31: 00000000 00000000 00000000 00000000 00000000 00000000 00000000 00000000 

Floating Point Registers:
F0-F7:   00000000 404ccccd 4236cccd  FpUnit0 00000000 00000000 00000000 00000000 
F8-F15:  00000000 00000000 00000000 00000000 00000000 00000000 00000000 00000000 
F16-F23: 00000000 00000000 00000000 00000000 00000000 00000000 00000000 00000000 
F24-F31: 00000000 00000000 00000000 00000000 00000000 00000000 00000000 00000000 

Memory:
0000: 20010044 20020048 98210000 98420000 04221801 2004004c 44800003 44200002 
0020: 2004004f 44800003 44400002 20040057 44800003 44600002 2004005c 44800003 
0040: 44000000 404ccccd 4236cccd 0a000020 6d696e75 73200020 69732000 2e0a0000 
0060: 00000000 00000000 00000000 00000000 00000000 00000000 00000000 00000000 *

 minus End of clock cycle  12
----------------------
Integer Unit:
     Name     Busy       Op       Vj       Vk        Qj        Qk        A   Result  X-Start    X-End
 IntUnit0        1     addi 00000000 00000000                     00000057 00000057       12       12 

Trap Unit:
     Name     Busy       Op       Vj       Vk        Qj        Qk        A   Result  X-Start    X-End
TrapUnit0        1  dumpstr 00000000 00000000  IntUnit0           00000000       --       --      --
TrapUnit3        1  dumpfpr 4236cccd 00000000                     00000000 00000000       12       12 

General Purpose Registers:
R0-R7:   00000000 00000044 00000048 00000000 IntUnit0 00000000 00000000 00000000 
R8-R15:  00000000 00000000 00000000 00000000 00000000 00000000 00000000 00000000 
R16-R23: 00000000 00000000 00000000 00000000 00000000 00000000 00000000 00000000 
R24-R31: 00000000 00000000 00000000 00000000 00000000 00000000 00000000 00000000 

Floating Point Registers:
F0-F7:   00000000 404ccccd 4236cccd c22a0000 00000000 00000000 00000000 00000000 
F8-F15:  00000000 00000000 00000000 00000000 00000000 00000000 00000000 00000000 
F16-F23: 00000000 00000000 00000000 00000000 00000000 00000000 00000000 00000000 
F24-F31: 00000000 00000000 00000000 00000000 00000000 00000000 00000000 00000000 

Memory:
0000: 20010044 20020048 98210000 98420000 04221801 2004004c 44800003 44200002 
0020: 2004004f 44800003 44400002 20040057 44800003 44600002 2004005c 44800003 
0040: 44000000 404ccccd 4236cccd 0a000020 6d696e75 73200020 69732000 2e0a0000 
0060: 00000000 00000000 00000000 00000000 00000000 00000000 00000000 00000000 *

45.7End of clock cycle  13
----------------------
Trap Unit:
     Name     Busy       Op       Vj       Vk        Qj        Qk        A   Result  X-Start    X-End
TrapUnit0        1  dumpstr 00000057 00000000                     00000000       --       --      --
TrapUnit1        1  dumpfpr c22a0000 00000000                     00000000       --       --      --

General Purpose Registers:
R0-R7:   00000000 00000044 00000048 00000000 00000057 00000000 00000000 00000000 
R8-R15:  00000000 00000000 00000000 00000000 00000000 00000000 00000000 00000000 
R16-R23: 00000000 00000000 00000000 00000000 00000000 00000000 00000000 00000000 
R24-R31: 00000000 00000000 00000000 00000000 00000000 00000000 00000000 00000000 

Floating Point Registers:
F0-F7:   00000000 404ccccd 4236cccd c22a0000 00000000 00000000 00000000 00000000 
F8-F15:  00000000 00000000 00000000 00000000 00000000 00000000 00000000 00000000 
F16-F23: 00000000 00000000 00000000 00000000 00000000 00000000 00000000 00000000 
F24-F31: 00000000 00000000 00000000 00000000 00000000 00000000 00000000 00000000 

Memory:
0000: 20010044 20020048 98210000 98420000 04221801 2004004c 44800003 44200002 
0020: 2004004f 44800003 44400002 20040057 44800003 44600002 2004005c 44800003 
0040: 44000000 404ccccd 4236cccd 0a000020 6d696e75 73200020 69732000 2e0a0000 
0060: 00000000 00000000 00000000 00000000 00000000 00000000 00000000 00000000 *

End of clock cycle  14
----------------------
Integer Unit:
     Name     Busy       Op       Vj       Vk        Qj        Qk        A   Result  X-Start    X-End
 IntUnit0        1     addi 00000000 00000000                     0000005c       --       --      --

Trap Unit:
     Name     Busy       Op       Vj       Vk        Qj        Qk        A   Result  X-Start    X-End
TrapUnit0        1  dumpstr 00000057 00000000                     00000000 00000000       14       14 
TrapUnit1        1  dumpfpr c22a0000 00000000                     00000000       --       --      --

General Purpose Registers:
R0-R7:   00000000 00000044 00000048 00000000 IntUnit0 00000000 00000000 00000000 
R8-R15:  00000000 00000000 00000000 00000000 00000000 00000000 00000000 00000000 
R16-R23: 00000000 00000000 00000000 00000000 00000000 00000000 00000000 00000000 
R24-R31: 00000000 00000000 00000000 00000000 00000000 00000000 00000000 00000000 

Floating Point Registers:
F0-F7:   00000000 404ccccd 4236cccd c22a0000 00000000 00000000 00000000 00000000 
F8-F15:  00000000 00000000 00000000 00000000 00000000 00000000 00000000 00000000 
F16-F23: 00000000 00000000 00000000 00000000 00000000 00000000 00000000 00000000 
F24-F31: 00000000 00000000 00000000 00000000 00000000 00000000 00000000 00000000 

Memory:
0000: 20010044 20020048 98210000 98420000 04221801 2004004c 44800003 44200002 
0020: 2004004f 44800003 44400002 20040057 44800003 44600002 2004005c 44800003 
0040: 44000000 404ccccd 4236cccd 0a000020 6d696e75 73200020 69732000 2e0a0000 
0060: 00000000 00000000 00000000 00000000 00000000 00000000 00000000 00000000 *

 is End of clock cycle  15
----------------------
Integer Unit:
     Name     Busy       Op       Vj       Vk        Qj        Qk        A   Result  X-Start    X-End
 IntUnit0        1     addi 00000000 00000000                     0000005c 0000005c       15       15 

Trap Unit:
     Name     Busy       Op       Vj       Vk        Qj        Qk        A   Result  X-Start    X-End
TrapUnit1        1  dumpfpr c22a0000 00000000                     00000000 00000000       15       15 
TrapUnit2        1  dumpstr 00000000 00000000  IntUnit0           00000000       --       --      --

General Purpose Registers:
R0-R7:   00000000 00000044 00000048 00000000 IntUnit0 00000000 00000000 00000000 
R8-R15:  00000000 00000000 00000000 00000000 00000000 00000000 00000000 00000000 
R16-R23: 00000000 00000000 00000000 00000000 00000000 00000000 00000000 00000000 
R24-R31: 00000000 00000000 00000000 00000000 00000000 00000000 00000000 00000000 

Floating Point Registers:
F0-F7:   00000000 404ccccd 4236cccd c22a0000 00000000 00000000 00000000 00000000 
F8-F15:  00000000 00000000 00000000 00000000 00000000 00000000 00000000 00000000 
F16-F23: 00000000 00000000 00000000 00000000 00000000 00000000 00000000 00000000 
F24-F31: 00000000 00000000 00000000 00000000 00000000 00000000 00000000 00000000 

Memory:
0000: 20010044 20020048 98210000 98420000 04221801 2004004c 44800003 44200002 
0020: 2004004f 44800003 44400002 20040057 44800003 44600002 2004005c 44800003 
0040: 44000000 404ccccd 4236cccd 0a000020 6d696e75 73200020 69732000 2e0a0000 
0060: 00000000 00000000 00000000 00000000 00000000 00000000 00000000 00000000 *

-42.5End of clock cycle  16
----------------------
Trap Unit:
     Name     Busy       Op       Vj       Vk        Qj        Qk        A   Result  X-Start    X-End
TrapUnit2        1  dumpstr 0000005c 00000000                     00000000       --       --      --
TrapUnit3        1     halt 00000000 00000000                     00000000       --       --      --

General Purpose Registers:
R0-R7:   00000000 00000044 00000048 00000000 0000005c 00000000 00000000 00000000 
R8-R15:  00000000 00000000 00000000 00000000 00000000 00000000 00000000 00000000 
R16-R23: 00000000 00000000 00000000 00000000 00000000 00000000 00000000 00000000 
R24-R31: 00000000 00000000 00000000 00000000 00000000 00000000 00000000 00000000 

Floating Point Registers:
F0-F7:   00000000 404ccccd 4236cccd c22a0000 00000000 00000000 00000000 00000000 
F8-F15:  00000000 00000000 00000000 00000000 00000000 00000000 00000000 00000000 
F16-F23: 00000000 00000000 00000000 00000000 00000000 00000000 00000000 00000000 
F24-F31: 00000000 00000000 00000000 00000000 00000000 00000000 00000000 00000000 

Memory:
0000: 20010044 20020048 98210000 98420000 04221801 2004004c 44800003 44200002 
0020: 2004004f 44800003 44400002 20040057 44800003 44600002 2004005c 44800003 
0040: 44000000 404ccccd 4236cccd 0a000020 6d696e75 73200020 69732000 2e0a0000 
0060: 00000000 00000000 00000000 00000000 00000000 00000000 00000000 00000000 *

End of clock cycle  17
----------------------
Trap Unit:
     Name     Busy       Op       Vj       Vk        Qj        Qk        A   Result  X-Start    X-End
TrapUnit2        1  dumpstr 0000005c 00000000                     00000000 00000000       17       17 
TrapUnit3        1     halt 00000000 00000000                     00000000       --       --      --

General Purpose Registers:
R0-R7:   00000000 00000044 00000048 00000000 0000005c 00000000 00000000 00000000 
R8-R15:  00000000 00000000 00000000 00000000 00000000 00000000 00000000 00000000 
R16-R23: 00000000 00000000 00000000 00000000 00000000 00000000 00000000 00000000 
R24-R31: 00000000 00000000 00000000 00000000 00000000 00000000 00000000 00000000 

Floating Point Registers:
F0-F7:   00000000 404ccccd 4236cccd c22a0000 00000000 00000000 00000000 00000000 
F8-F15:  00000000 00000000 00000000 00000000 00000000 00000000 00000000 00000000 
F16-F23: 00000000 00000000 00000000 00000000 00000000 00000000 00000000 00000000 
F24-F31: 00000000 00000000 00000000 00000000 00000000 00000000 00000000 00000000 

Memory:
0000: 20010044 20020048 98210000 98420000 04221801 2004004c 44800003 44200002 
0020: 2004004f 44800003 44400002 20040057 44800003 44600002 2004005c 44800003 
0040: 44000000 404ccccd 4236cccd 0a000020 6d696e75 73200020 69732000 2e0a0000 
0060: 00000000 00000000 00000000 00000000 00000000 00000000 00000000 00000000 *

.
End of clock cycle  18
----------------------
Trap Unit:
     Name     Busy       Op       Vj       Vk        Qj        Qk        A   Result  X-Start    X-End
TrapUnit3        1     halt 00000000 00000000                     00000000 00000000       18       18 

General Purpose Registers:
R0-R7:   00000000 00000044 00000048 00000000 0000005c 00000000 00000000 00000000 
R8-R15:  00000000 00000000 00000000 00000000 00000000 00000000 00000000 00000000 
R16-R23: 00000000 00000000 00000000 00000000 00000000 00000000 00000000 00000000 
R24-R31: 00000000 00000000 00000000 00000000 00000000 00000000 00000000 00000000 

Floating Point Registers:
F0-F7:   00000000 404ccccd 4236cccd c22a0000 00000000 00000000 00000000 00000000 
F8-F15:  00000000 00000000 00000000 00000000 00000000 00000000 00000000 00000000 
F16-F23: 00000000 00000000 00000000 00000000 00000000 00000000 00000000 00000000 
F24-F31: 00000000 00000000 00000000 00000000 00000000 00000000 00000000 00000000 

Memory:
0000: 20010044 20020048 98210000 98420000 04221801 2004004c 44800003 44200002 
0020: 2004004f 44800003 44400002 20040057 44800003 44600002 2004005c 44800003 
0040: 44000000 404ccccd 4236cccd 0a000020 6d696e75 73200020 69732000 2e0a0000 
0060: 00000000 00000000 00000000 00000000 00000000 00000000 00000000 00000000 *

End of clock cycle  19
----------------------
General Purpose Registers:
R0-R7:   00000000 00000044 00000048 00000000 0000005c 00000000 00000000 00000000 
R8-R15:  00000000 00000000 00000000 00000000 00000000 00000000 00000000 00000000 
R16-R23: 00000000 00000000 00000000 00000000 00000000 00000000 00000000 00000000 
R24-R31: 00000000 00000000 00000000 00000000 00000000 00000000 00000000 00000000 

Floating Point Registers:
F0-F7:   00000000 404ccccd 4236cccd c22a0000 00000000 00000000 00000000 00000000 
F8-F15:  00000000 00000000 00000000 00000000 00000000 00000000 00000000 00000000 
F16-F23: 00000000 00000000 00000000 00000000 00000000 00000000 00000000 00000000 
F24-F31: 00000000 00000000 00000000 00000000 00000000 00000000 00000000 00000000 

Memory:
0000: 20010044 20020048 98210000 98420000 04221801 2004004c 44800003 44200002 
0020: 2004004f 44800003 44400002 20040057 44800003 44600002 2004005c 44800003 
0040: 44000000 404ccccd 4236cccd 0a000020 6d696e75 73200020 69732000 2e0a0000 
0060: 00000000 00000000 00000000 00000000 00000000 00000000 00000000 00000000 *

