End of clock cycle   0
----------------------
Memory Unit:
     Name     Busy       Op       Vj       Vk        Qj        Qk        A   Result  X-Start    X-End
 MemUnit0        1       lw 00000000 00000000                     00000068       --       --      --

General Purpose Registers:
R0-R7:   00000000 MemUnit0 00000000 00000000 00000000 00000000 00000000 00000000 
R8-R15:  00000000 00000000 00000000 00000000 00000000 00000000 00000000 00000000 
R16-R23: 00000000 00000000 00000000 00000000 00000000 00000000 00000000 00000000 
R24-R31: 00000000 00000000 00000000 00000000 00000000 00000000 00000000 00000000 

Floating Point Registers:
F0-F7:   00000000 00000000 00000000 00000000 00000000 00000000 00000000 00000000 
F8-F15:  00000000 00000000 00000000 00000000 00000000 00000000 00000000 00000000 
F16-F23: 00000000 00000000 00000000 00000000 00000000 00000000 00000000 00000000 
F24-F31: 00000000 00000000 00000000 00000000 00000000 00000000 00000000 00000000 

Memory:
0000: 8c010068 8c02006c 8c030070 8c040074 8c030068 200600d0 20050078 44a00003 
0020: 44200001 44c00003 200600d0 2005008e 44a00003 44400001 44c00003 200600d0 
0040: 200500a4 44a00003 44600001 44c00003 200600d0 200500ba 44a00003 44800001 
0060: 44c00003 44000000 00000003 00000004 00000005 ffffffff 0a546865 2076616c 
0080: 7565206f 66207231 20697320 00000a54 68652076 616c7565 206f6620 72322069 
00a0: 73200000 0a546865 2076616c 7565206f 66207233 20697320 00000a54 68652076 
00c0: 616c7565 206f6620 72342069 73200000 0a000000 00000000 00000000 00000000 
00e0: 00000000 00000000 00000000 00000000 00000000 00000000 00000000 00000000 *

End of clock cycle   1
----------------------
Memory Unit:
     Name     Busy       Op       Vj       Vk        Qj        Qk        A   Result  X-Start    X-End
 MemUnit0        1       lw 00000000 00000000                     00000068       --        1       --
 MemUnit1        1       lw 00000000 00000000                     0000006c       --       --      --

General Purpose Registers:
R0-R7:   00000000 MemUnit0 MemUnit1 00000000 00000000 00000000 00000000 00000000 
R8-R15:  00000000 00000000 00000000 00000000 00000000 00000000 00000000 00000000 
R16-R23: 00000000 00000000 00000000 00000000 00000000 00000000 00000000 00000000 
R24-R31: 00000000 00000000 00000000 00000000 00000000 00000000 00000000 00000000 

Floating Point Registers:
F0-F7:   00000000 00000000 00000000 00000000 00000000 00000000 00000000 00000000 
F8-F15:  00000000 00000000 00000000 00000000 00000000 00000000 00000000 00000000 
F16-F23: 00000000 00000000 00000000 00000000 00000000 00000000 00000000 00000000 
F24-F31: 00000000 00000000 00000000 00000000 00000000 00000000 00000000 00000000 

Memory:
0000: 8c010068 8c02006c 8c030070 8c040074 8c030068 200600d0 20050078 44a00003 
0020: 44200001 44c00003 200600d0 2005008e 44a00003 44400001 44c00003 200600d0 
0040: 200500a4 44a00003 44600001 44c00003 200600d0 200500ba 44a00003 44800001 
0060: 44c00003 44000000 00000003 00000004 00000005 ffffffff 0a546865 2076616c 
0080: 7565206f 66207231 20697320 00000a54 68652076 616c7565 206f6620 72322069 
00a0: 73200000 0a546865 2076616c 7565206f 66207233 20697320 00000a54 68652076 
00c0: 616c7565 206f6620 72342069 73200000 0a000000 00000000 00000000 00000000 
00e0: 00000000 00000000 00000000 00000000 00000000 00000000 00000000 00000000 *

End of clock cycle   2
----------------------
Memory Unit:
     Name     Busy       Op       Vj       Vk        Qj        Qk        A   Result  X-Start    X-End
 MemUnit0        1       lw 00000000 00000000                     00000068 00000003        1        2 
 MemUnit1        1       lw 00000000 00000000                     0000006c       --       --      --
 MemUnit2        1       lw 00000000 00000000                     00000070       --       --      --

General Purpose Registers:
R0-R7:   00000000 MemUnit0 MemUnit1 MemUnit2 00000000 00000000 00000000 00000000 
R8-R15:  00000000 00000000 00000000 00000000 00000000 00000000 00000000 00000000 
R16-R23: 00000000 00000000 00000000 00000000 00000000 00000000 00000000 00000000 
R24-R31: 00000000 00000000 00000000 00000000 00000000 00000000 00000000 00000000 

Floating Point Registers:
F0-F7:   00000000 00000000 00000000 00000000 00000000 00000000 00000000 00000000 
F8-F15:  00000000 00000000 00000000 00000000 00000000 00000000 00000000 00000000 
F16-F23: 00000000 00000000 00000000 00000000 00000000 00000000 00000000 00000000 
F24-F31: 00000000 00000000 00000000 00000000 00000000 00000000 00000000 00000000 

Memory:
0000: 8c010068 8c02006c 8c030070 8c040074 8c030068 200600d0 20050078 44a00003 
0020: 44200001 44c00003 200600d0 2005008e 44a00003 44400001 44c00003 200600d0 
0040: 200500a4 44a00003 44600001 44c00003 200600d0 200500ba 44a00003 44800001 
0060: 44c00003 44000000 00000003 00000004 00000005 ffffffff 0a546865 2076616c 
0080: 7565206f 66207231 20697320 00000a54 68652076 616c7565 206f6620 72322069 
00a0: 73200000 0a546865 2076616c 7565206f 66207233 20697320 00000a54 68652076 
00c0: 616c7565 206f6620 72342069 73200000 0a000000 00000000 00000000 00000000 
00e0: 00000000 00000000 00000000 00000000 00000000 00000000 00000000 00000000 *

End of clock cycle   3
----------------------
Memory Unit:
     Name     Busy       Op       Vj       Vk        Qj        Qk        A   Result  X-Start    X-End
 MemUnit1        1       lw 00000000 00000000                     0000006c       --        3       --
 MemUnit2        1       lw 00000000 00000000                     00000070       --       --      --
 MemUnit3        1       lw 00000000 00000000                     00000074       --       --      --

General Purpose Registers:
R0-R7:   00000000 00000003 MemUnit1 MemUnit2 MemUnit3 00000000 00000000 00000000 
R8-R15:  00000000 00000000 00000000 00000000 00000000 00000000 00000000 00000000 
R16-R23: 00000000 00000000 00000000 00000000 00000000 00000000 00000000 00000000 
R24-R31: 00000000 00000000 00000000 00000000 00000000 00000000 00000000 00000000 

Floating Point Registers:
F0-F7:   00000000 00000000 00000000 00000000 00000000 00000000 00000000 00000000 
F8-F15:  00000000 00000000 00000000 00000000 00000000 00000000 00000000 00000000 
F16-F23: 00000000 00000000 00000000 00000000 00000000 00000000 00000000 00000000 
F24-F31: 00000000 00000000 00000000 00000000 00000000 00000000 00000000 00000000 

Memory:
0000: 8c010068 8c02006c 8c030070 8c040074 8c030068 200600d0 20050078 44a00003 
0020: 44200001 44c00003 200600d0 2005008e 44a00003 44400001 44c00003 200600d0 
0040: 200500a4 44a00003 44600001 44c00003 200600d0 200500ba 44a00003 44800001 
0060: 44c00003 44000000 00000003 00000004 00000005 ffffffff 0a546865 2076616c 
0080: 7565206f 66207231 20697320 00000a54 68652076 616c7565 206f6620 72322069 
00a0: 73200000 0a546865 2076616c 7565206f 66207233 20697320 00000a54 68652076 
00c0: 616c7565 206f6620 72342069 73200000 0a000000 00000000 00000000 00000000 
00e0: 00000000 00000000 00000000 00000000 00000000 00000000 00000000 00000000 *

End of clock cycle   4
----------------------
Memory Unit:
     Name     Busy       Op       Vj       Vk        Qj        Qk        A   Result  X-Start    X-End
 MemUnit1        1       lw 00000000 00000000                     0000006c 00000004        3        4 
 MemUnit2        1       lw 00000000 00000000                     00000070       --       --      --
 MemUnit3        1       lw 00000000 00000000                     00000074       --       --      --
 MemUnit4        1       lw 00000000 00000000                     00000068       --       --      --

General Purpose Registers:
R0-R7:   00000000 00000003 MemUnit1 MemUnit4 MemUnit3 00000000 00000000 00000000 
R8-R15:  00000000 00000000 00000000 00000000 00000000 00000000 00000000 00000000 
R16-R23: 00000000 00000000 00000000 00000000 00000000 00000000 00000000 00000000 
R24-R31: 00000000 00000000 00000000 00000000 00000000 00000000 00000000 00000000 

Floating Point Registers:
F0-F7:   00000000 00000000 00000000 00000000 00000000 00000000 00000000 00000000 
F8-F15:  00000000 00000000 00000000 00000000 00000000 00000000 00000000 00000000 
F16-F23: 00000000 00000000 00000000 00000000 00000000 00000000 00000000 00000000 
F24-F31: 00000000 00000000 00000000 00000000 00000000 00000000 00000000 00000000 

Memory:
0000: 8c010068 8c02006c 8c030070 8c040074 8c030068 200600d0 20050078 44a00003 
0020: 44200001 44c00003 200600d0 2005008e 44a00003 44400001 44c00003 200600d0 
0040: 200500a4 44a00003 44600001 44c00003 200600d0 200500ba 44a00003 44800001 
0060: 44c00003 44000000 00000003 00000004 00000005 ffffffff 0a546865 2076616c 
0080: 7565206f 66207231 20697320 00000a54 68652076 616c7565 206f6620 72322069 
00a0: 73200000 0a546865 2076616c 7565206f 66207233 20697320 00000a54 68652076 
00c0: 616c7565 206f6620 72342069 73200000 0a000000 00000000 00000000 00000000 
00e0: 00000000 00000000 00000000 00000000 00000000 00000000 00000000 00000000 *

End of clock cycle   5
----------------------
Integer Unit:
     Name     Busy       Op       Vj       Vk        Qj        Qk        A   Result  X-Start    X-End
 IntUnit0        1     addi 00000000 00000000                     000000d0       --       --      --

Memory Unit:
     Name     Busy       Op       Vj       Vk        Qj        Qk        A   Result  X-Start    X-End
 MemUnit2        1       lw 00000000 00000000                     00000070       --        5       --
 MemUnit3        1       lw 00000000 00000000                     00000074       --       --      --
 MemUnit4        1       lw 00000000 00000000                     00000068       --       --      --

General Purpose Registers:
R0-R7:   00000000 00000003 00000004 MemUnit4 MemUnit3 00000000 IntUnit0 00000000 
R8-R15:  00000000 00000000 00000000 00000000 00000000 00000000 00000000 00000000 
R16-R23: 00000000 00000000 00000000 00000000 00000000 00000000 00000000 00000000 
R24-R31: 00000000 00000000 00000000 00000000 00000000 00000000 00000000 00000000 

Floating Point Registers:
F0-F7:   00000000 00000000 00000000 00000000 00000000 00000000 00000000 00000000 
F8-F15:  00000000 00000000 00000000 00000000 00000000 00000000 00000000 00000000 
F16-F23: 00000000 00000000 00000000 00000000 00000000 00000000 00000000 00000000 
F24-F31: 00000000 00000000 00000000 00000000 00000000 00000000 00000000 00000000 

Memory:
0000: 8c010068 8c02006c 8c030070 8c040074 8c030068 200600d0 20050078 44a00003 
0020: 44200001 44c00003 200600d0 2005008e 44a00003 44400001 44c00003 200600d0 
0040: 200500a4 44a00003 44600001 44c00003 200600d0 200500ba 44a00003 44800001 
0060: 44c00003 44000000 00000003 00000004 00000005 ffffffff 0a546865 2076616c 
0080: 7565206f 66207231 20697320 00000a54 68652076 616c7565 206f6620 72322069 
00a0: 73200000 0a546865 2076616c 7565206f 66207233 20697320 00000a54 68652076 
00c0: 616c7565 206f6620 72342069 73200000 0a000000 00000000 00000000 00000000 
00e0: 00000000 00000000 00000000 00000000 00000000 00000000 00000000 00000000 *

End of clock cycle   6
----------------------
Integer Unit:
     Name     Busy       Op       Vj       Vk        Qj        Qk        A   Result  X-Start    X-End
 IntUnit0        1     addi 00000000 00000000                     000000d0 000000d0        6        6 
 IntUnit1        1     addi 00000000 00000000                     00000078       --       --      --

Memory Unit:
     Name     Busy       Op       Vj       Vk        Qj        Qk        A   Result  X-Start    X-End
 MemUnit2        1       lw 00000000 00000000                     00000070 00000005        5        6 
 MemUnit3        1       lw 00000000 00000000                     00000074       --       --      --
 MemUnit4        1       lw 00000000 00000000                     00000068       --       --      --

General Purpose Registers:
R0-R7:   00000000 00000003 00000004 MemUnit4 MemUnit3 IntUnit1 IntUnit0 00000000 
R8-R15:  00000000 00000000 00000000 00000000 00000000 00000000 00000000 00000000 
R16-R23: 00000000 00000000 00000000 00000000 00000000 00000000 00000000 00000000 
R24-R31: 00000000 00000000 00000000 00000000 00000000 00000000 00000000 00000000 

Floating Point Registers:
F0-F7:   00000000 00000000 00000000 00000000 00000000 00000000 00000000 00000000 
F8-F15:  00000000 00000000 00000000 00000000 00000000 00000000 00000000 00000000 
F16-F23: 00000000 00000000 00000000 00000000 00000000 00000000 00000000 00000000 
F24-F31: 00000000 00000000 00000000 00000000 00000000 00000000 00000000 00000000 

Memory:
0000: 8c010068 8c02006c 8c030070 8c040074 8c030068 200600d0 20050078 44a00003 
0020: 44200001 44c00003 200600d0 2005008e 44a00003 44400001 44c00003 200600d0 
0040: 200500a4 44a00003 44600001 44c00003 200600d0 200500ba 44a00003 44800001 
0060: 44c00003 44000000 00000003 00000004 00000005 ffffffff 0a546865 2076616c 
0080: 7565206f 66207231 20697320 00000a54 68652076 616c7565 206f6620 72322069 
00a0: 73200000 0a546865 2076616c 7565206f 66207233 20697320 00000a54 68652076 
00c0: 616c7565 206f6620 72342069 73200000 0a000000 00000000 00000000 00000000 
00e0: 00000000 00000000 00000000 00000000 00000000 00000000 00000000 00000000 *

End of clock cycle   7
----------------------
Integer Unit:
     Name     Busy       Op       Vj       Vk        Qj        Qk        A   Result  X-Start    X-End
 IntUnit0        1     addi 00000000 00000000                     000000d0 000000d0        6        6 
 IntUnit1        1     addi 00000000 00000000                     00000078 00000078        7        7 

Trap Unit:
     Name     Busy       Op       Vj       Vk        Qj        Qk        A   Result  X-Start    X-End
TrapUnit0        1  dumpstr 00000000 00000000  IntUnit1           00000000       --       --      --

Memory Unit:
     Name     Busy       Op       Vj       Vk        Qj        Qk        A   Result  X-Start    X-End
 MemUnit3        1       lw 00000000 00000000                     00000074       --        7       --
 MemUnit4        1       lw 00000000 00000000                     00000068       --       --      --

General Purpose Registers:
R0-R7:   00000000 00000003 00000004 MemUnit4 MemUnit3 IntUnit1 IntUnit0 00000000 
R8-R15:  00000000 00000000 00000000 00000000 00000000 00000000 00000000 00000000 
R16-R23: 00000000 00000000 00000000 00000000 00000000 00000000 00000000 00000000 
R24-R31: 00000000 00000000 00000000 00000000 00000000 00000000 00000000 00000000 

Floating Point Registers:
F0-F7:   00000000 00000000 00000000 00000000 00000000 00000000 00000000 00000000 
F8-F15:  00000000 00000000 00000000 00000000 00000000 00000000 00000000 00000000 
F16-F23: 00000000 00000000 00000000 00000000 00000000 00000000 00000000 00000000 
F24-F31: 00000000 00000000 00000000 00000000 00000000 00000000 00000000 00000000 

Memory:
0000: 8c010068 8c02006c 8c030070 8c040074 8c030068 200600d0 20050078 44a00003 
0020: 44200001 44c00003 200600d0 2005008e 44a00003 44400001 44c00003 200600d0 
0040: 200500a4 44a00003 44600001 44c00003 200600d0 200500ba 44a00003 44800001 
0060: 44c00003 44000000 00000003 00000004 00000005 ffffffff 0a546865 2076616c 
0080: 7565206f 66207231 20697320 00000a54 68652076 616c7565 206f6620 72322069 
00a0: 73200000 0a546865 2076616c 7565206f 66207233 20697320 00000a54 68652076 
00c0: 616c7565 206f6620 72342069 73200000 0a000000 00000000 00000000 00000000 
00e0: 00000000 00000000 00000000 00000000 00000000 00000000 00000000 00000000 *

End of clock cycle   8
----------------------
Integer Unit:
     Name     Busy       Op       Vj       Vk        Qj        Qk        A   Result  X-Start    X-End
 IntUnit1        1     addi 00000000 00000000                     00000078 00000078        7        7 

Trap Unit:
     Name     Busy       Op       Vj       Vk        Qj        Qk        A   Result  X-Start    X-End
TrapUnit0        1  dumpstr 00000000 00000000  IntUnit1           00000000       --       --      --
TrapUnit1        1  dumpgpr 00000003 00000000                     00000000       --       --      --

Memory Unit:
     Name     Busy       Op       Vj       Vk        Qj        Qk        A   Result  X-Start    X-End
 MemUnit3        1       lw 00000000 00000000                     00000074 ffffffff        7        8 
 MemUnit4        1       lw 00000000 00000000                     00000068       --       --      --

General Purpose Registers:
R0-R7:   00000000 00000003 00000004 MemUnit4 MemUnit3 IntUnit1 000000d0 00000000 
R8-R15:  00000000 00000000 00000000 00000000 00000000 00000000 00000000 00000000 
R16-R23: 00000000 00000000 00000000 00000000 00000000 00000000 00000000 00000000 
R24-R31: 00000000 00000000 00000000 00000000 00000000 00000000 00000000 00000000 

Floating Point Registers:
F0-F7:   00000000 00000000 00000000 00000000 00000000 00000000 00000000 00000000 
F8-F15:  00000000 00000000 00000000 00000000 00000000 00000000 00000000 00000000 
F16-F23: 00000000 00000000 00000000 00000000 00000000 00000000 00000000 00000000 
F24-F31: 00000000 00000000 00000000 00000000 00000000 00000000 00000000 00000000 

Memory:
0000: 8c010068 8c02006c 8c030070 8c040074 8c030068 200600d0 20050078 44a00003 
0020: 44200001 44c00003 200600d0 2005008e 44a00003 44400001 44c00003 200600d0 
0040: 200500a4 44a00003 44600001 44c00003 200600d0 200500ba 44a00003 44800001 
0060: 44c00003 44000000 00000003 00000004 00000005 ffffffff 0a546865 2076616c 
0080: 7565206f 66207231 20697320 00000a54 68652076 616c7565 206f6620 72322069 
00a0: 73200000 0a546865 2076616c 7565206f 66207233 20697320 00000a54 68652076 
00c0: 616c7565 206f6620 72342069 73200000 0a000000 00000000 00000000 00000000 
00e0: 00000000 00000000 00000000 00000000 00000000 00000000 00000000 00000000 *

End of clock cycle   9
----------------------
Integer Unit:
     Name     Busy       Op       Vj       Vk        Qj        Qk        A   Result  X-Start    X-End
 IntUnit1        1     addi 00000000 00000000                     00000078 00000078        7        7 

Trap Unit:
     Name     Busy       Op       Vj       Vk        Qj        Qk        A   Result  X-Start    X-End
TrapUnit0        1  dumpstr 00000000 00000000  IntUnit1           00000000       --       --      --
TrapUnit1        1  dumpgpr 00000003 00000000                     00000000       --       --      --
TrapUnit2        1  dumpstr 000000d0 00000000                     00000000       --       --      --

Memory Unit:
     Name     Busy       Op       Vj       Vk        Qj        Qk        A   Result  X-Start    X-End
 MemUnit4        1       lw 00000000 00000000                     00000068       --        9       --

General Purpose Registers:
R0-R7:   00000000 00000003 00000004 MemUnit4 ffffffff IntUnit1 000000d0 00000000 
R8-R15:  00000000 00000000 00000000 00000000 00000000 00000000 00000000 00000000 
R16-R23: 00000000 00000000 00000000 00000000 00000000 00000000 00000000 00000000 
R24-R31: 00000000 00000000 00000000 00000000 00000000 00000000 00000000 00000000 

Floating Point Registers:
F0-F7:   00000000 00000000 00000000 00000000 00000000 00000000 00000000 00000000 
F8-F15:  00000000 00000000 00000000 00000000 00000000 00000000 00000000 00000000 
F16-F23: 00000000 00000000 00000000 00000000 00000000 00000000 00000000 00000000 
F24-F31: 00000000 00000000 00000000 00000000 00000000 00000000 00000000 00000000 

Memory:
0000: 8c010068 8c02006c 8c030070 8c040074 8c030068 200600d0 20050078 44a00003 
0020: 44200001 44c00003 200600d0 2005008e 44a00003 44400001 44c00003 200600d0 
0040: 200500a4 44a00003 44600001 44c00003 200600d0 200500ba 44a00003 44800001 
0060: 44c00003 44000000 00000003 00000004 00000005 ffffffff 0a546865 2076616c 
0080: 7565206f 66207231 20697320 00000a54 68652076 616c7565 206f6620 72322069 
00a0: 73200000 0a546865 2076616c 7565206f 66207233 20697320 00000a54 68652076 
00c0: 616c7565 206f6620 72342069 73200000 0a000000 00000000 00000000 00000000 
00e0: 00000000 00000000 00000000 00000000 00000000 00000000 00000000 00000000 *

End of clock cycle  10
----------------------
Integer Unit:
     Name     Busy       Op       Vj       Vk        Qj        Qk        A   Result  X-Start    X-End
 IntUnit0        1     addi 00000000 00000000                     000000d0       --       --      --

Trap Unit:
     Name     Busy       Op       Vj       Vk        Qj        Qk        A   Result  X-Start    X-End
TrapUnit0        1  dumpstr 00000078 00000000                     00000000       --       --      --
TrapUnit1        1  dumpgpr 00000003 00000000                     00000000       --       --      --
TrapUnit2        1  dumpstr 000000d0 00000000                     00000000       --       --      --

Memory Unit:
     Name     Busy       Op       Vj       Vk        Qj        Qk        A   Result  X-Start    X-End
 MemUnit4        1       lw 00000000 00000000                     00000068 00000003        9       10 

General Purpose Registers:
R0-R7:   00000000 00000003 00000004 MemUnit4 ffffffff 00000078 IntUnit0 00000000 
R8-R15:  00000000 00000000 00000000 00000000 00000000 00000000 00000000 00000000 
R16-R23: 00000000 00000000 00000000 00000000 00000000 00000000 00000000 00000000 
R24-R31: 00000000 00000000 00000000 00000000 00000000 00000000 00000000 00000000 

Floating Point Registers:
F0-F7:   00000000 00000000 00000000 00000000 00000000 00000000 00000000 00000000 
F8-F15:  00000000 00000000 00000000 00000000 00000000 00000000 00000000 00000000 
F16-F23: 00000000 00000000 00000000 00000000 00000000 00000000 00000000 00000000 
F24-F31: 00000000 00000000 00000000 00000000 00000000 00000000 00000000 00000000 

Memory:
0000: 8c010068 8c02006c 8c030070 8c040074 8c030068 200600d0 20050078 44a00003 
0020: 44200001 44c00003 200600d0 2005008e 44a00003 44400001 44c00003 200600d0 
0040: 200500a4 44a00003 44600001 44c00003 200600d0 200500ba 44a00003 44800001 
0060: 44c00003 44000000 00000003 00000004 00000005 ffffffff 0a546865 2076616c 
0080: 7565206f 66207231 20697320 00000a54 68652076 616c7565 206f6620 72322069 
00a0: 73200000 0a546865 2076616c 7565206f 66207233 20697320 00000a54 68652076 
00c0: 616c7565 206f6620 72342069 73200000 0a000000 00000000 00000000 00000000 
00e0: 00000000 00000000 00000000 00000000 00000000 00000000 00000000 00000000 *

End of clock cycle  11
----------------------
Integer Unit:
     Name     Busy       Op       Vj       Vk        Qj        Qk        A   Result  X-Start    X-End
 IntUnit0        1     addi 00000000 00000000                     000000d0 000000d0       11       11 
 IntUnit1        1     addi 00000000 00000000                     0000008e       --       --      --

Trap Unit:
     Name     Busy       Op       Vj       Vk        Qj        Qk        A   Result  X-Start    X-End
TrapUnit0        1  dumpstr 00000078 00000000                     00000000 00000000       11       11 
TrapUnit1        1  dumpgpr 00000003 00000000                     00000000       --       --      --
TrapUnit2        1  dumpstr 000000d0 00000000                     00000000       --       --      --

General Purpose Registers:
R0-R7:   00000000 00000003 00000004 00000003 ffffffff IntUnit1 IntUnit0 00000000 
R8-R15:  00000000 00000000 00000000 00000000 00000000 00000000 00000000 00000000 
R16-R23: 00000000 00000000 00000000 00000000 00000000 00000000 00000000 00000000 
R24-R31: 00000000 00000000 00000000 00000000 00000000 00000000 00000000 00000000 

Floating Point Registers:
F0-F7:   00000000 00000000 00000000 00000000 00000000 00000000 00000000 00000000 
F8-F15:  00000000 00000000 00000000 00000000 00000000 00000000 00000000 00000000 
F16-F23: 00000000 00000000 00000000 00000000 00000000 00000000 00000000 00000000 
F24-F31: 00000000 00000000 00000000 00000000 00000000 00000000 00000000 00000000 

Memory:
0000: 8c010068 8c02006c 8c030070 8c040074 8c030068 200600d0 20050078 44a00003 
0020: 44200001 44c00003 200600d0 2005008e 44a00003 44400001 44c00003 200600d0 
0040: 200500a4 44a00003 44600001 44c00003 200600d0 200500ba 44a00003 44800001 
0060: 44c00003 44000000 00000003 00000004 00000005 ffffffff 0a546865 2076616c 
0080: 7565206f 66207231 20697320 00000a54 68652076 616c7565 206f6620 72322069 
00a0: 73200000 0a546865 2076616c 7565206f 66207233 20697320 00000a54 68652076 
00c0: 616c7565 206f6620 72342069 73200000 0a000000 00000000 00000000 00000000 
00e0: 00000000 00000000 00000000 00000000 00000000 00000000 00000000 00000000 *


The value of r1 is End of clock cycle  12
----------------------
Integer Unit:
     Name     Busy       Op       Vj       Vk        Qj        Qk        A   Result  X-Start    X-End
 IntUnit1        1     addi 00000000 00000000                     0000008e 0000008e       12       12 

Trap Unit:
     Name     Busy       Op       Vj       Vk        Qj        Qk        A   Result  X-Start    X-End
TrapUnit1        1  dumpgpr 00000003 00000000                     00000000 00000000       12       12 
TrapUnit2        1  dumpstr 000000d0 00000000                     00000000       --       --      --
TrapUnit3        1  dumpstr 00000000 00000000  IntUnit1           00000000       --       --      --

General Purpose Registers:
R0-R7:   00000000 00000003 00000004 00000003 ffffffff IntUnit1 000000d0 00000000 
R8-R15:  00000000 00000000 00000000 00000000 00000000 00000000 00000000 00000000 
R16-R23: 00000000 00000000 00000000 00000000 00000000 00000000 00000000 00000000 
R24-R31: 00000000 00000000 00000000 00000000 00000000 00000000 00000000 00000000 

Floating Point Registers:
F0-F7:   00000000 00000000 00000000 00000000 00000000 00000000 00000000 00000000 
F8-F15:  00000000 00000000 00000000 00000000 00000000 00000000 00000000 00000000 
F16-F23: 00000000 00000000 00000000 00000000 00000000 00000000 00000000 00000000 
F24-F31: 00000000 00000000 00000000 00000000 00000000 00000000 00000000 00000000 

Memory:
0000: 8c010068 8c02006c 8c030070 8c040074 8c030068 200600d0 20050078 44a00003 
0020: 44200001 44c00003 200600d0 2005008e 44a00003 44400001 44c00003 200600d0 
0040: 200500a4 44a00003 44600001 44c00003 200600d0 200500ba 44a00003 44800001 
0060: 44c00003 44000000 00000003 00000004 00000005 ffffffff 0a546865 2076616c 
0080: 7565206f 66207231 20697320 00000a54 68652076 616c7565 206f6620 72322069 
00a0: 73200000 0a546865 2076616c 7565206f 66207233 20697320 00000a54 68652076 
00c0: 616c7565 206f6620 72342069 73200000 0a000000 00000000 00000000 00000000 
00e0: 00000000 00000000 00000000 00000000 00000000 00000000 00000000 00000000 *

3End of clock cycle  13
----------------------
Trap Unit:
     Name     Busy       Op       Vj       Vk        Qj        Qk        A   Result  X-Start    X-End
TrapUnit0        1  dumpgpr 00000004 00000000                     00000000       --       --      --
TrapUnit2        1  dumpstr 000000d0 00000000                     00000000 00000000       13       13 
TrapUnit3        1  dumpstr 0000008e 00000000                     00000000       --       --      --

General Purpose Registers:
R0-R7:   00000000 00000003 00000004 00000003 ffffffff 0000008e 000000d0 00000000 
R8-R15:  00000000 00000000 00000000 00000000 00000000 00000000 00000000 00000000 
R16-R23: 00000000 00000000 00000000 00000000 00000000 00000000 00000000 00000000 
R24-R31: 00000000 00000000 00000000 00000000 00000000 00000000 00000000 00000000 

Floating Point Registers:
F0-F7:   00000000 00000000 00000000 00000000 00000000 00000000 00000000 00000000 
F8-F15:  00000000 00000000 00000000 00000000 00000000 00000000 00000000 00000000 
F16-F23: 00000000 00000000 00000000 00000000 00000000 00000000 00000000 00000000 
F24-F31: 00000000 00000000 00000000 00000000 00000000 00000000 00000000 00000000 

Memory:
0000: 8c010068 8c02006c 8c030070 8c040074 8c030068 200600d0 20050078 44a00003 
0020: 44200001 44c00003 200600d0 2005008e 44a00003 44400001 44c00003 200600d0 
0040: 200500a4 44a00003 44600001 44c00003 200600d0 200500ba 44a00003 44800001 
0060: 44c00003 44000000 00000003 00000004 00000005 ffffffff 0a546865 2076616c 
0080: 7565206f 66207231 20697320 00000a54 68652076 616c7565 206f6620 72322069 
00a0: 73200000 0a546865 2076616c 7565206f 66207233 20697320 00000a54 68652076 
00c0: 616c7565 206f6620 72342069 73200000 0a000000 00000000 00000000 00000000 
00e0: 00000000 00000000 00000000 00000000 00000000 00000000 00000000 00000000 *


End of clock cycle  14
----------------------
Trap Unit:
     Name     Busy       Op       Vj       Vk        Qj        Qk        A   Result  X-Start    X-End
TrapUnit0        1  dumpgpr 00000004 00000000                     00000000       --       --      --
TrapUnit1        1  dumpstr 000000d0 00000000                     00000000       --       --      --
TrapUnit3        1  dumpstr 0000008e 00000000                     00000000 00000000       14       14 

General Purpose Registers:
R0-R7:   00000000 00000003 00000004 00000003 ffffffff 0000008e 000000d0 00000000 
R8-R15:  00000000 00000000 00000000 00000000 00000000 00000000 00000000 00000000 
R16-R23: 00000000 00000000 00000000 00000000 00000000 00000000 00000000 00000000 
R24-R31: 00000000 00000000 00000000 00000000 00000000 00000000 00000000 00000000 

Floating Point Registers:
F0-F7:   00000000 00000000 00000000 00000000 00000000 00000000 00000000 00000000 
F8-F15:  00000000 00000000 00000000 00000000 00000000 00000000 00000000 00000000 
F16-F23: 00000000 00000000 00000000 00000000 00000000 00000000 00000000 00000000 
F24-F31: 00000000 00000000 00000000 00000000 00000000 00000000 00000000 00000000 

Memory:
0000: 8c010068 8c02006c 8c030070 8c040074 8c030068 200600d0 20050078 44a00003 
0020: 44200001 44c00003 200600d0 2005008e 44a00003 44400001 44c00003 200600d0 
0040: 200500a4 44a00003 44600001 44c00003 200600d0 200500ba 44a00003 44800001 
0060: 44c00003 44000000 00000003 00000004 00000005 ffffffff 0a546865 2076616c 
0080: 7565206f 66207231 20697320 00000a54 68652076 616c7565 206f6620 72322069 
00a0: 73200000 0a546865 2076616c 7565206f 66207233 20697320 00000a54 68652076 
00c0: 616c7565 206f6620 72342069 73200000 0a000000 00000000 00000000 00000000 
00e0: 00000000 00000000 00000000 00000000 00000000 00000000 00000000 00000000 *


The value of r2 is End of clock cycle  15
----------------------
Integer Unit:
     Name     Busy       Op       Vj       Vk        Qj        Qk        A   Result  X-Start    X-End
 IntUnit0        1     addi 00000000 00000000                     000000d0       --       --      --

Trap Unit:
     Name     Busy       Op       Vj       Vk        Qj        Qk        A   Result  X-Start    X-End
TrapUnit0        1  dumpgpr 00000004 00000000                     00000000 00000000       15       15 
TrapUnit1        1  dumpstr 000000d0 00000000                     00000000       --       --      --

General Purpose Registers:
R0-R7:   00000000 00000003 00000004 00000003 ffffffff 0000008e IntUnit0 00000000 
R8-R15:  00000000 00000000 00000000 00000000 00000000 00000000 00000000 00000000 
R16-R23: 00000000 00000000 00000000 00000000 00000000 00000000 00000000 00000000 
R24-R31: 00000000 00000000 00000000 00000000 00000000 00000000 00000000 00000000 

Floating Point Registers:
F0-F7:   00000000 00000000 00000000 00000000 00000000 00000000 00000000 00000000 
F8-F15:  00000000 00000000 00000000 00000000 00000000 00000000 00000000 00000000 
F16-F23: 00000000 00000000 00000000 00000000 00000000 00000000 00000000 00000000 
F24-F31: 00000000 00000000 00000000 00000000 00000000 00000000 00000000 00000000 

Memory:
0000: 8c010068 8c02006c 8c030070 8c040074 8c030068 200600d0 20050078 44a00003 
0020: 44200001 44c00003 200600d0 2005008e 44a00003 44400001 44c00003 200600d0 
0040: 200500a4 44a00003 44600001 44c00003 200600d0 200500ba 44a00003 44800001 
0060: 44c00003 44000000 00000003 00000004 00000005 ffffffff 0a546865 2076616c 
0080: 7565206f 66207231 20697320 00000a54 68652076 616c7565 206f6620 72322069 
00a0: 73200000 0a546865 2076616c 7565206f 66207233 20697320 00000a54 68652076 
00c0: 616c7565 206f6620 72342069 73200000 0a000000 00000000 00000000 00000000 
00e0: 00000000 00000000 00000000 00000000 00000000 00000000 00000000 00000000 *

4End of clock cycle  16
----------------------
Integer Unit:
     Name     Busy       Op       Vj       Vk        Qj        Qk        A   Result  X-Start    X-End
 IntUnit0        1     addi 00000000 00000000                     000000d0 000000d0       16       16 
 IntUnit1        1     addi 00000000 00000000                     000000a4       --       --      --

Trap Unit:
     Name     Busy       Op       Vj       Vk        Qj        Qk        A   Result  X-Start    X-End
TrapUnit1        1  dumpstr 000000d0 00000000                     00000000 00000000       16       16 

General Purpose Registers:
R0-R7:   00000000 00000003 00000004 00000003 ffffffff IntUnit1 IntUnit0 00000000 
R8-R15:  00000000 00000000 00000000 00000000 00000000 00000000 00000000 00000000 
R16-R23: 00000000 00000000 00000000 00000000 00000000 00000000 00000000 00000000 
R24-R31: 00000000 00000000 00000000 00000000 00000000 00000000 00000000 00000000 

Floating Point Registers:
F0-F7:   00000000 00000000 00000000 00000000 00000000 00000000 00000000 00000000 
F8-F15:  00000000 00000000 00000000 00000000 00000000 00000000 00000000 00000000 
F16-F23: 00000000 00000000 00000000 00000000 00000000 00000000 00000000 00000000 
F24-F31: 00000000 00000000 00000000 00000000 00000000 00000000 00000000 00000000 

Memory:
0000: 8c010068 8c02006c 8c030070 8c040074 8c030068 200600d0 20050078 44a00003 
0020: 44200001 44c00003 200600d0 2005008e 44a00003 44400001 44c00003 200600d0 
0040: 200500a4 44a00003 44600001 44c00003 200600d0 200500ba 44a00003 44800001 
0060: 44c00003 44000000 00000003 00000004 00000005 ffffffff 0a546865 2076616c 
0080: 7565206f 66207231 20697320 00000a54 68652076 616c7565 206f6620 72322069 
00a0: 73200000 0a546865 2076616c 7565206f 66207233 20697320 00000a54 68652076 
00c0: 616c7565 206f6620 72342069 73200000 0a000000 00000000 00000000 00000000 
00e0: 00000000 00000000 00000000 00000000 00000000 00000000 00000000 00000000 *


End of clock cycle  17
----------------------
Integer Unit:
     Name     Busy       Op       Vj       Vk        Qj        Qk        A   Result  X-Start    X-End
 IntUnit1        1     addi 00000000 00000000                     000000a4 000000a4       17       17 

Trap Unit:
     Name     Busy       Op       Vj       Vk        Qj        Qk        A   Result  X-Start    X-End
TrapUnit2        1  dumpstr 00000000 00000000  IntUnit1           00000000       --       --      --

General Purpose Registers:
R0-R7:   00000000 00000003 00000004 00000003 ffffffff IntUnit1 000000d0 00000000 
R8-R15:  00000000 00000000 00000000 00000000 00000000 00000000 00000000 00000000 
R16-R23: 00000000 00000000 00000000 00000000 00000000 00000000 00000000 00000000 
R24-R31: 00000000 00000000 00000000 00000000 00000000 00000000 00000000 00000000 

Floating Point Registers:
F0-F7:   00000000 00000000 00000000 00000000 00000000 00000000 00000000 00000000 
F8-F15:  00000000 00000000 00000000 00000000 00000000 00000000 00000000 00000000 
F16-F23: 00000000 00000000 00000000 00000000 00000000 00000000 00000000 00000000 
F24-F31: 00000000 00000000 00000000 00000000 00000000 00000000 00000000 00000000 

Memory:
0000: 8c010068 8c02006c 8c030070 8c040074 8c030068 200600d0 20050078 44a00003 
0020: 44200001 44c00003 200600d0 2005008e 44a00003 44400001 44c00003 200600d0 
0040: 200500a4 44a00003 44600001 44c00003 200600d0 200500ba 44a00003 44800001 
0060: 44c00003 44000000 00000003 00000004 00000005 ffffffff 0a546865 2076616c 
0080: 7565206f 66207231 20697320 00000a54 68652076 616c7565 206f6620 72322069 
00a0: 73200000 0a546865 2076616c 7565206f 66207233 20697320 00000a54 68652076 
00c0: 616c7565 206f6620 72342069 73200000 0a000000 00000000 00000000 00000000 
00e0: 00000000 00000000 00000000 00000000 00000000 00000000 00000000 00000000 *

End of clock cycle  18
----------------------
Trap Unit:
     Name     Busy       Op       Vj       Vk        Qj        Qk        A   Result  X-Start    X-End
TrapUnit2        1  dumpstr 000000a4 00000000                     00000000       --       --      --
TrapUnit3        1  dumpgpr 00000003 00000000                     00000000       --       --      --

General Purpose Registers:
R0-R7:   00000000 00000003 00000004 00000003 ffffffff 000000a4 000000d0 00000000 
R8-R15:  00000000 00000000 00000000 00000000 00000000 00000000 00000000 00000000 
R16-R23: 00000000 00000000 00000000 00000000 00000000 00000000 00000000 00000000 
R24-R31: 00000000 00000000 00000000 00000000 00000000 00000000 00000000 00000000 

Floating Point Registers:
F0-F7:   00000000 00000000 00000000 00000000 00000000 00000000 00000000 00000000 
F8-F15:  00000000 00000000 00000000 00000000 00000000 00000000 00000000 00000000 
F16-F23: 00000000 00000000 00000000 00000000 00000000 00000000 00000000 00000000 
F24-F31: 00000000 00000000 00000000 00000000 00000000 00000000 00000000 00000000 

Memory:
0000: 8c010068 8c02006c 8c030070 8c040074 8c030068 200600d0 20050078 44a00003 
0020: 44200001 44c00003 200600d0 2005008e 44a00003 44400001 44c00003 200600d0 
0040: 200500a4 44a00003 44600001 44c00003 200600d0 200500ba 44a00003 44800001 
0060: 44c00003 44000000 00000003 00000004 00000005 ffffffff 0a546865 2076616c 
0080: 7565206f 66207231 20697320 00000a54 68652076 616c7565 206f6620 72322069 
00a0: 73200000 0a546865 2076616c 7565206f 66207233 20697320 00000a54 68652076 
00c0: 616c7565 206f6620 72342069 73200000 0a000000 00000000 00000000 00000000 
00e0: 00000000 00000000 00000000 00000000 00000000 00000000 00000000 00000000 *

End of clock cycle  19
----------------------
Trap Unit:
     Name     Busy       Op       Vj       Vk        Qj        Qk        A   Result  X-Start    X-End
TrapUnit0        1  dumpstr 000000d0 00000000                     00000000       --       --      --
TrapUnit2        1  dumpstr 000000a4 00000000                     00000000 00000000       19       19 
TrapUnit3        1  dumpgpr 00000003 00000000                     00000000       --       --      --

General Purpose Registers:
R0-R7:   00000000 00000003 00000004 00000003 ffffffff 000000a4 000000d0 00000000 
R8-R15:  00000000 00000000 00000000 00000000 00000000 00000000 00000000 00000000 
R16-R23: 00000000 00000000 00000000 00000000 00000000 00000000 00000000 00000000 
R24-R31: 00000000 00000000 00000000 00000000 00000000 00000000 00000000 00000000 

Floating Point Registers:
F0-F7:   00000000 00000000 00000000 00000000 00000000 00000000 00000000 00000000 
F8-F15:  00000000 00000000 00000000 00000000 00000000 00000000 00000000 00000000 
F16-F23: 00000000 00000000 00000000 00000000 00000000 00000000 00000000 00000000 
F24-F31: 00000000 00000000 00000000 00000000 00000000 00000000 00000000 00000000 

Memory:
0000: 8c010068 8c02006c 8c030070 8c040074 8c030068 200600d0 20050078 44a00003 
0020: 44200001 44c00003 200600d0 2005008e 44a00003 44400001 44c00003 200600d0 
0040: 200500a4 44a00003 44600001 44c00003 200600d0 200500ba 44a00003 44800001 
0060: 44c00003 44000000 00000003 00000004 00000005 ffffffff 0a546865 2076616c 
0080: 7565206f 66207231 20697320 00000a54 68652076 616c7565 206f6620 72322069 
00a0: 73200000 0a546865 2076616c 7565206f 66207233 20697320 00000a54 68652076 
00c0: 616c7565 206f6620 72342069 73200000 0a000000 00000000 00000000 00000000 
00e0: 00000000 00000000 00000000 00000000 00000000 00000000 00000000 00000000 *


The value of r3 is End of clock cycle  20
----------------------
Integer Unit:
     Name     Busy       Op       Vj       Vk        Qj        Qk        A   Result  X-Start    X-End
 IntUnit0        1     addi 00000000 00000000                     000000d0       --       --      --

Trap Unit:
     Name     Busy       Op       Vj       Vk        Qj        Qk        A   Result  X-Start    X-End
TrapUnit0        1  dumpstr 000000d0 00000000                     00000000       --       --      --
TrapUnit3        1  dumpgpr 00000003 00000000                     00000000 00000000       20       20 

General Purpose Registers:
R0-R7:   00000000 00000003 00000004 00000003 ffffffff 000000a4 IntUnit0 00000000 
R8-R15:  00000000 00000000 00000000 00000000 00000000 00000000 00000000 00000000 
R16-R23: 00000000 00000000 00000000 00000000 00000000 00000000 00000000 00000000 
R24-R31: 00000000 00000000 00000000 00000000 00000000 00000000 00000000 00000000 

Floating Point Registers:
F0-F7:   00000000 00000000 00000000 00000000 00000000 00000000 00000000 00000000 
F8-F15:  00000000 00000000 00000000 00000000 00000000 00000000 00000000 00000000 
F16-F23: 00000000 00000000 00000000 00000000 00000000 00000000 00000000 00000000 
F24-F31: 00000000 00000000 00000000 00000000 00000000 00000000 00000000 00000000 

Memory:
0000: 8c010068 8c02006c 8c030070 8c040074 8c030068 200600d0 20050078 44a00003 
0020: 44200001 44c00003 200600d0 2005008e 44a00003 44400001 44c00003 200600d0 
0040: 200500a4 44a00003 44600001 44c00003 200600d0 200500ba 44a00003 44800001 
0060: 44c00003 44000000 00000003 00000004 00000005 ffffffff 0a546865 2076616c 
0080: 7565206f 66207231 20697320 00000a54 68652076 616c7565 206f6620 72322069 
00a0: 73200000 0a546865 2076616c 7565206f 66207233 20697320 00000a54 68652076 
00c0: 616c7565 206f6620 72342069 73200000 0a000000 00000000 00000000 00000000 
00e0: 00000000 00000000 00000000 00000000 00000000 00000000 00000000 00000000 *

3End of clock cycle  21
----------------------
Integer Unit:
     Name     Busy       Op       Vj       Vk        Qj        Qk        A   Result  X-Start    X-End
 IntUnit0        1     addi 00000000 00000000                     000000d0 000000d0       21       21 
 IntUnit1        1     addi 00000000 00000000                     000000ba       --       --      --

Trap Unit:
     Name     Busy       Op       Vj       Vk        Qj        Qk        A   Result  X-Start    X-End
TrapUnit0        1  dumpstr 000000d0 00000000                     00000000 00000000       21       21 

General Purpose Registers:
R0-R7:   00000000 00000003 00000004 00000003 ffffffff IntUnit1 IntUnit0 00000000 
R8-R15:  00000000 00000000 00000000 00000000 00000000 00000000 00000000 00000000 
R16-R23: 00000000 00000000 00000000 00000000 00000000 00000000 00000000 00000000 
R24-R31: 00000000 00000000 00000000 00000000 00000000 00000000 00000000 00000000 

Floating Point Registers:
F0-F7:   00000000 00000000 00000000 00000000 00000000 00000000 00000000 00000000 
F8-F15:  00000000 00000000 00000000 00000000 00000000 00000000 00000000 00000000 
F16-F23: 00000000 00000000 00000000 00000000 00000000 00000000 00000000 00000000 
F24-F31: 00000000 00000000 00000000 00000000 00000000 00000000 00000000 00000000 

Memory:
0000: 8c010068 8c02006c 8c030070 8c040074 8c030068 200600d0 20050078 44a00003 
0020: 44200001 44c00003 200600d0 2005008e 44a00003 44400001 44c00003 200600d0 
0040: 200500a4 44a00003 44600001 44c00003 200600d0 200500ba 44a00003 44800001 
0060: 44c00003 44000000 00000003 00000004 00000005 ffffffff 0a546865 2076616c 
0080: 7565206f 66207231 20697320 00000a54 68652076 616c7565 206f6620 72322069 
00a0: 73200000 0a546865 2076616c 7565206f 66207233 20697320 00000a54 68652076 
00c0: 616c7565 206f6620 72342069 73200000 0a000000 00000000 00000000 00000000 
00e0: 00000000 00000000 00000000 00000000 00000000 00000000 00000000 00000000 *


End of clock cycle  22
----------------------
Integer Unit:
     Name     Busy       Op       Vj       Vk        Qj        Qk        A   Result  X-Start    X-End
 IntUnit1        1     addi 00000000 00000000                     000000ba 000000ba       22       22 

Trap Unit:
     Name     Busy       Op       Vj       Vk        Qj        Qk        A   Result  X-Start    X-End
TrapUnit1        1  dumpstr 00000000 00000000  IntUnit1           00000000       --       --      --

General Purpose Registers:
R0-R7:   00000000 00000003 00000004 00000003 ffffffff IntUnit1 000000d0 00000000 
R8-R15:  00000000 00000000 00000000 00000000 00000000 00000000 00000000 00000000 
R16-R23: 00000000 00000000 00000000 00000000 00000000 00000000 00000000 00000000 
R24-R31: 00000000 00000000 00000000 00000000 00000000 00000000 00000000 00000000 

Floating Point Registers:
F0-F7:   00000000 00000000 00000000 00000000 00000000 00000000 00000000 00000000 
F8-F15:  00000000 00000000 00000000 00000000 00000000 00000000 00000000 00000000 
F16-F23: 00000000 00000000 00000000 00000000 00000000 00000000 00000000 00000000 
F24-F31: 00000000 00000000 00000000 00000000 00000000 00000000 00000000 00000000 

Memory:
0000: 8c010068 8c02006c 8c030070 8c040074 8c030068 200600d0 20050078 44a00003 
0020: 44200001 44c00003 200600d0 2005008e 44a00003 44400001 44c00003 200600d0 
0040: 200500a4 44a00003 44600001 44c00003 200600d0 200500ba 44a00003 44800001 
0060: 44c00003 44000000 00000003 00000004 00000005 ffffffff 0a546865 2076616c 
0080: 7565206f 66207231 20697320 00000a54 68652076 616c7565 206f6620 72322069 
00a0: 73200000 0a546865 2076616c 7565206f 66207233 20697320 00000a54 68652076 
00c0: 616c7565 206f6620 72342069 73200000 0a000000 00000000 00000000 00000000 
00e0: 00000000 00000000 00000000 00000000 00000000 00000000 00000000 00000000 *

End of clock cycle  23
----------------------
Trap Unit:
     Name     Busy       Op       Vj       Vk        Qj        Qk        A   Result  X-Start    X-End
TrapUnit1        1  dumpstr 000000ba 00000000                     00000000       --       --      --
TrapUnit2        1  dumpgpr ffffffff 00000000                     00000000       --       --      --

General Purpose Registers:
R0-R7:   00000000 00000003 00000004 00000003 ffffffff 000000ba 000000d0 00000000 
R8-R15:  00000000 00000000 00000000 00000000 00000000 00000000 00000000 00000000 
R16-R23: 00000000 00000000 00000000 00000000 00000000 00000000 00000000 00000000 
R24-R31: 00000000 00000000 00000000 00000000 00000000 00000000 00000000 00000000 

Floating Point Registers:
F0-F7:   00000000 00000000 00000000 00000000 00000000 00000000 00000000 00000000 
F8-F15:  00000000 00000000 00000000 00000000 00000000 00000000 00000000 00000000 
F16-F23: 00000000 00000000 00000000 00000000 00000000 00000000 00000000 00000000 
F24-F31: 00000000 00000000 00000000 00000000 00000000 00000000 00000000 00000000 

Memory:
0000: 8c010068 8c02006c 8c030070 8c040074 8c030068 200600d0 20050078 44a00003 
0020: 44200001 44c00003 200600d0 2005008e 44a00003 44400001 44c00003 200600d0 
0040: 200500a4 44a00003 44600001 44c00003 200600d0 200500ba 44a00003 44800001 
0060: 44c00003 44000000 00000003 00000004 00000005 ffffffff 0a546865 2076616c 
0080: 7565206f 66207231 20697320 00000a54 68652076 616c7565 206f6620 72322069 
00a0: 73200000 0a546865 2076616c 7565206f 66207233 20697320 00000a54 68652076 
00c0: 616c7565 206f6620 72342069 73200000 0a000000 00000000 00000000 00000000 
00e0: 00000000 00000000 00000000 00000000 00000000 00000000 00000000 00000000 *

End of clock cycle  24
----------------------
Trap Unit:
     Name     Busy       Op       Vj       Vk        Qj        Qk        A   Result  X-Start    X-End
TrapUnit1        1  dumpstr 000000ba 00000000                     00000000 00000000       24       24 
TrapUnit2        1  dumpgpr ffffffff 00000000                     00000000       --       --      --
TrapUnit3        1  dumpstr 000000d0 00000000                     00000000       --       --      --

General Purpose Registers:
R0-R7:   00000000 00000003 00000004 00000003 ffffffff 000000ba 000000d0 00000000 
R8-R15:  00000000 00000000 00000000 00000000 00000000 00000000 00000000 00000000 
R16-R23: 00000000 00000000 00000000 00000000 00000000 00000000 00000000 00000000 
R24-R31: 00000000 00000000 00000000 00000000 00000000 00000000 00000000 00000000 

Floating Point Registers:
F0-F7:   00000000 00000000 00000000 00000000 00000000 00000000 00000000 00000000 
F8-F15:  00000000 00000000 00000000 00000000 00000000 00000000 00000000 00000000 
F16-F23: 00000000 00000000 00000000 00000000 00000000 00000000 00000000 00000000 
F24-F31: 00000000 00000000 00000000 00000000 00000000 00000000 00000000 00000000 

Memory:
0000: 8c010068 8c02006c 8c030070 8c040074 8c030068 200600d0 20050078 44a00003 
0020: 44200001 44c00003 200600d0 2005008e 44a00003 44400001 44c00003 200600d0 
0040: 200500a4 44a00003 44600001 44c00003 200600d0 200500ba 44a00003 44800001 
0060: 44c00003 44000000 00000003 00000004 00000005 ffffffff 0a546865 2076616c 
0080: 7565206f 66207231 20697320 00000a54 68652076 616c7565 206f6620 72322069 
00a0: 73200000 0a546865 2076616c 7565206f 66207233 20697320 00000a54 68652076 
00c0: 616c7565 206f6620 72342069 73200000 0a000000 00000000 00000000 00000000 
00e0: 00000000 00000000 00000000 00000000 00000000 00000000 00000000 00000000 *


The value of r4 is End of clock cycle  25
----------------------
Trap Unit:
     Name     Busy       Op       Vj       Vk        Qj        Qk        A   Result  X-Start    X-End
TrapUnit0        1     halt 00000000 00000000                     00000000       --       --      --
TrapUnit2        1  dumpgpr ffffffff 00000000                     00000000 00000000       25       25 
TrapUnit3        1  dumpstr 000000d0 00000000                     00000000       --       --      --

General Purpose Registers:
R0-R7:   00000000 00000003 00000004 00000003 ffffffff 000000ba 000000d0 00000000 
R8-R15:  00000000 00000000 00000000 00000000 00000000 00000000 00000000 00000000 
R16-R23: 00000000 00000000 00000000 00000000 00000000 00000000 00000000 00000000 
R24-R31: 00000000 00000000 00000000 00000000 00000000 00000000 00000000 00000000 

Floating Point Registers:
F0-F7:   00000000 00000000 00000000 00000000 00000000 00000000 00000000 00000000 
F8-F15:  00000000 00000000 00000000 00000000 00000000 00000000 00000000 00000000 
F16-F23: 00000000 00000000 00000000 00000000 00000000 00000000 00000000 00000000 
F24-F31: 00000000 00000000 00000000 00000000 00000000 00000000 00000000 00000000 

Memory:
0000: 8c010068 8c02006c 8c030070 8c040074 8c030068 200600d0 20050078 44a00003 
0020: 44200001 44c00003 200600d0 2005008e 44a00003 44400001 44c00003 200600d0 
0040: 200500a4 44a00003 44600001 44c00003 200600d0 200500ba 44a00003 44800001 
0060: 44c00003 44000000 00000003 00000004 00000005 ffffffff 0a546865 2076616c 
0080: 7565206f 66207231 20697320 00000a54 68652076 616c7565 206f6620 72322069 
00a0: 73200000 0a546865 2076616c 7565206f 66207233 20697320 00000a54 68652076 
00c0: 616c7565 206f6620 72342069 73200000 0a000000 00000000 00000000 00000000 
00e0: 00000000 00000000 00000000 00000000 00000000 00000000 00000000 00000000 *

-1End of clock cycle  26
----------------------
Trap Unit:
     Name     Busy       Op       Vj       Vk        Qj        Qk        A   Result  X-Start    X-End
TrapUnit0        1     halt 00000000 00000000                     00000000       --       --      --
TrapUnit3        1  dumpstr 000000d0 00000000                     00000000 00000000       26       26 

General Purpose Registers:
R0-R7:   00000000 00000003 00000004 00000003 ffffffff 000000ba 000000d0 00000000 
R8-R15:  00000000 00000000 00000000 00000000 00000000 00000000 00000000 00000000 
R16-R23: 00000000 00000000 00000000 00000000 00000000 00000000 00000000 00000000 
R24-R31: 00000000 00000000 00000000 00000000 00000000 00000000 00000000 00000000 

Floating Point Registers:
F0-F7:   00000000 00000000 00000000 00000000 00000000 00000000 00000000 00000000 
F8-F15:  00000000 00000000 00000000 00000000 00000000 00000000 00000000 00000000 
F16-F23: 00000000 00000000 00000000 00000000 00000000 00000000 00000000 00000000 
F24-F31: 00000000 00000000 00000000 00000000 00000000 00000000 00000000 00000000 

Memory:
0000: 8c010068 8c02006c 8c030070 8c040074 8c030068 200600d0 20050078 44a00003 
0020: 44200001 44c00003 200600d0 2005008e 44a00003 44400001 44c00003 200600d0 
0040: 200500a4 44a00003 44600001 44c00003 200600d0 200500ba 44a00003 44800001 
0060: 44c00003 44000000 00000003 00000004 00000005 ffffffff 0a546865 2076616c 
0080: 7565206f 66207231 20697320 00000a54 68652076 616c7565 206f6620 72322069 
00a0: 73200000 0a546865 2076616c 7565206f 66207233 20697320 00000a54 68652076 
00c0: 616c7565 206f6620 72342069 73200000 0a000000 00000000 00000000 00000000 
00e0: 00000000 00000000 00000000 00000000 00000000 00000000 00000000 00000000 *


End of clock cycle  27
----------------------
Trap Unit:
     Name     Busy       Op       Vj       Vk        Qj        Qk        A   Result  X-Start    X-End
TrapUnit0        1     halt 00000000 00000000                     00000000 00000000       27       27 

General Purpose Registers:
R0-R7:   00000000 00000003 00000004 00000003 ffffffff 000000ba 000000d0 00000000 
R8-R15:  00000000 00000000 00000000 00000000 00000000 00000000 00000000 00000000 
R16-R23: 00000000 00000000 00000000 00000000 00000000 00000000 00000000 00000000 
R24-R31: 00000000 00000000 00000000 00000000 00000000 00000000 00000000 00000000 

Floating Point Registers:
F0-F7:   00000000 00000000 00000000 00000000 00000000 00000000 00000000 00000000 
F8-F15:  00000000 00000000 00000000 00000000 00000000 00000000 00000000 00000000 
F16-F23: 00000000 00000000 00000000 00000000 00000000 00000000 00000000 00000000 
F24-F31: 00000000 00000000 00000000 00000000 00000000 00000000 00000000 00000000 

Memory:
0000: 8c010068 8c02006c 8c030070 8c040074 8c030068 200600d0 20050078 44a00003 
0020: 44200001 44c00003 200600d0 2005008e 44a00003 44400001 44c00003 200600d0 
0040: 200500a4 44a00003 44600001 44c00003 200600d0 200500ba 44a00003 44800001 
0060: 44c00003 44000000 00000003 00000004 00000005 ffffffff 0a546865 2076616c 
0080: 7565206f 66207231 20697320 00000a54 68652076 616c7565 206f6620 72322069 
00a0: 73200000 0a546865 2076616c 7565206f 66207233 20697320 00000a54 68652076 
00c0: 616c7565 206f6620 72342069 73200000 0a000000 00000000 00000000 00000000 
00e0: 00000000 00000000 00000000 00000000 00000000 00000000 00000000 00000000 *

End of clock cycle  28
----------------------
General Purpose Registers:
R0-R7:   00000000 00000003 00000004 00000003 ffffffff 000000ba 000000d0 00000000 
R8-R15:  00000000 00000000 00000000 00000000 00000000 00000000 00000000 00000000 
R16-R23: 00000000 00000000 00000000 00000000 00000000 00000000 00000000 00000000 
R24-R31: 00000000 00000000 00000000 00000000 00000000 00000000 00000000 00000000 

Floating Point Registers:
F0-F7:   00000000 00000000 00000000 00000000 00000000 00000000 00000000 00000000 
F8-F15:  00000000 00000000 00000000 00000000 00000000 00000000 00000000 00000000 
F16-F23: 00000000 00000000 00000000 00000000 00000000 00000000 00000000 00000000 
F24-F31: 00000000 00000000 00000000 00000000 00000000 00000000 00000000 00000000 

Memory:
0000: 8c010068 8c02006c 8c030070 8c040074 8c030068 200600d0 20050078 44a00003 
0020: 44200001 44c00003 200600d0 2005008e 44a00003 44400001 44c00003 200600d0 
0040: 200500a4 44a00003 44600001 44c00003 200600d0 200500ba 44a00003 44800001 
0060: 44c00003 44000000 00000003 00000004 00000005 ffffffff 0a546865 2076616c 
0080: 7565206f 66207231 20697320 00000a54 68652076 616c7565 206f6620 72322069 
00a0: 73200000 0a546865 2076616c 7565206f 66207233 20697320 00000a54 68652076 
00c0: 616c7565 206f6620 72342069 73200000 0a000000 00000000 00000000 00000000 
00e0: 00000000 00000000 00000000 00000000 00000000 00000000 00000000 00000000 *

