End of clock cycle   0
----------------------
Integer Unit:
     Name     Busy       Op       Vj       Vk        Qj        Qk        A   Result  X-Start    X-End
 IntUnit0        1     addi 00000000 00000000                     0000007c       --       --      --

General Purpose Registers:
R0-R7:   00000000 IntUnit0 00000000 00000000 00000000 00000000 00000000 00000000 
R8-R15:  00000000 00000000 00000000 00000000 00000000 00000000 00000000 00000000 
R16-R23: 00000000 00000000 00000000 00000000 00000000 00000000 00000000 00000000 
R24-R31: 00000000 00000000 00000000 00000000 00000000 00000000 00000000 00000000 

Floating Point Registers:
F0-F7:   00000000 00000000 00000000 00000000 00000000 00000000 00000000 00000000 
F8-F15:  00000000 00000000 00000000 00000000 00000000 00000000 00000000 00000000 
F16-F23: 00000000 00000000 00000000 00000000 00000000 00000000 00000000 00000000 
F24-F31: 00000000 00000000 00000000 00000000 00000000 00000000 00000000 00000000 

Memory:
0000: 2001007c 8c210000 20020080 8c420000 20030084 8c630000 20040088 8c840000 
0020: 2003007c 8c630000 200600e4 2005008c 44a00003 44200001 44c00003 200600e4 
0040: 200500a2 44a00003 44400001 44c00003 200600e4 200500b8 44a00003 44600001 
0060: 44c00003 200600e4 200500ce 44a00003 44800001 44c00003 44000000 00000003 
0080: 00000004 00000005 ffffffff 0a546865 2076616c 7565206f 66207231 20697320 
00a0: 00000a54 68652076 616c7565 206f6620 72322069 73200000 0a546865 2076616c 
00c0: 7565206f 66207233 20697320 00000a54 68652076 616c7565 206f6620 72342069 
00e0: 73200000 0a000000 00000000 00000000 00000000 00000000 00000000 00000000 
0100: 00000000 00000000 00000000 00000000 00000000 00000000 00000000 00000000 *

End of clock cycle   1
----------------------
Integer Unit:
     Name     Busy       Op       Vj       Vk        Qj        Qk        A   Result  X-Start    X-End
 IntUnit0        1     addi 00000000 00000000                     0000007c 0000007c        1        1 

Memory Unit:
     Name     Busy       Op       Vj       Vk        Qj        Qk        A   Result  X-Start    X-End
 MemUnit0        1       lw 00000000 00000000  IntUnit0           00000000       --       --      --

General Purpose Registers:
R0-R7:   00000000 MemUnit0 00000000 00000000 00000000 00000000 00000000 00000000 
R8-R15:  00000000 00000000 00000000 00000000 00000000 00000000 00000000 00000000 
R16-R23: 00000000 00000000 00000000 00000000 00000000 00000000 00000000 00000000 
R24-R31: 00000000 00000000 00000000 00000000 00000000 00000000 00000000 00000000 

Floating Point Registers:
F0-F7:   00000000 00000000 00000000 00000000 00000000 00000000 00000000 00000000 
F8-F15:  00000000 00000000 00000000 00000000 00000000 00000000 00000000 00000000 
F16-F23: 00000000 00000000 00000000 00000000 00000000 00000000 00000000 00000000 
F24-F31: 00000000 00000000 00000000 00000000 00000000 00000000 00000000 00000000 

Memory:
0000: 2001007c 8c210000 20020080 8c420000 20030084 8c630000 20040088 8c840000 
0020: 2003007c 8c630000 200600e4 2005008c 44a00003 44200001 44c00003 200600e4 
0040: 200500a2 44a00003 44400001 44c00003 200600e4 200500b8 44a00003 44600001 
0060: 44c00003 200600e4 200500ce 44a00003 44800001 44c00003 44000000 00000003 
0080: 00000004 00000005 ffffffff 0a546865 2076616c 7565206f 66207231 20697320 
00a0: 00000a54 68652076 616c7565 206f6620 72322069 73200000 0a546865 2076616c 
00c0: 7565206f 66207233 20697320 00000a54 68652076 616c7565 206f6620 72342069 
00e0: 73200000 0a000000 00000000 00000000 00000000 00000000 00000000 00000000 
0100: 00000000 00000000 00000000 00000000 00000000 00000000 00000000 00000000 *

End of clock cycle   2
----------------------
Integer Unit:
     Name     Busy       Op       Vj       Vk        Qj        Qk        A   Result  X-Start    X-End
 IntUnit1        1     addi 00000000 00000000                     00000080       --       --      --

Memory Unit:
     Name     Busy       Op       Vj       Vk        Qj        Qk        A   Result  X-Start    X-End
 MemUnit0        1       lw 0000007c 00000000                     00000000       --       --      --

General Purpose Registers:
R0-R7:   00000000 MemUnit0 IntUnit1 00000000 00000000 00000000 00000000 00000000 
R8-R15:  00000000 00000000 00000000 00000000 00000000 00000000 00000000 00000000 
R16-R23: 00000000 00000000 00000000 00000000 00000000 00000000 00000000 00000000 
R24-R31: 00000000 00000000 00000000 00000000 00000000 00000000 00000000 00000000 

Floating Point Registers:
F0-F7:   00000000 00000000 00000000 00000000 00000000 00000000 00000000 00000000 
F8-F15:  00000000 00000000 00000000 00000000 00000000 00000000 00000000 00000000 
F16-F23: 00000000 00000000 00000000 00000000 00000000 00000000 00000000 00000000 
F24-F31: 00000000 00000000 00000000 00000000 00000000 00000000 00000000 00000000 

Memory:
0000: 2001007c 8c210000 20020080 8c420000 20030084 8c630000 20040088 8c840000 
0020: 2003007c 8c630000 200600e4 2005008c 44a00003 44200001 44c00003 200600e4 
0040: 200500a2 44a00003 44400001 44c00003 200600e4 200500b8 44a00003 44600001 
0060: 44c00003 200600e4 200500ce 44a00003 44800001 44c00003 44000000 00000003 
0080: 00000004 00000005 ffffffff 0a546865 2076616c 7565206f 66207231 20697320 
00a0: 00000a54 68652076 616c7565 206f6620 72322069 73200000 0a546865 2076616c 
00c0: 7565206f 66207233 20697320 00000a54 68652076 616c7565 206f6620 72342069 
00e0: 73200000 0a000000 00000000 00000000 00000000 00000000 00000000 00000000 
0100: 00000000 00000000 00000000 00000000 00000000 00000000 00000000 00000000 *

End of clock cycle   3
----------------------
Integer Unit:
     Name     Busy       Op       Vj       Vk        Qj        Qk        A   Result  X-Start    X-End
 IntUnit1        1     addi 00000000 00000000                     00000080 00000080        3        3 

Memory Unit:
     Name     Busy       Op       Vj       Vk        Qj        Qk        A   Result  X-Start    X-End
 MemUnit0        1       lw 0000007c 00000000                     00000000       --        3       --
 MemUnit1        1       lw 00000000 00000000  IntUnit1           00000000       --       --      --

General Purpose Registers:
R0-R7:   00000000 MemUnit0 MemUnit1 00000000 00000000 00000000 00000000 00000000 
R8-R15:  00000000 00000000 00000000 00000000 00000000 00000000 00000000 00000000 
R16-R23: 00000000 00000000 00000000 00000000 00000000 00000000 00000000 00000000 
R24-R31: 00000000 00000000 00000000 00000000 00000000 00000000 00000000 00000000 

Floating Point Registers:
F0-F7:   00000000 00000000 00000000 00000000 00000000 00000000 00000000 00000000 
F8-F15:  00000000 00000000 00000000 00000000 00000000 00000000 00000000 00000000 
F16-F23: 00000000 00000000 00000000 00000000 00000000 00000000 00000000 00000000 
F24-F31: 00000000 00000000 00000000 00000000 00000000 00000000 00000000 00000000 

Memory:
0000: 2001007c 8c210000 20020080 8c420000 20030084 8c630000 20040088 8c840000 
0020: 2003007c 8c630000 200600e4 2005008c 44a00003 44200001 44c00003 200600e4 
0040: 200500a2 44a00003 44400001 44c00003 200600e4 200500b8 44a00003 44600001 
0060: 44c00003 200600e4 200500ce 44a00003 44800001 44c00003 44000000 00000003 
0080: 00000004 00000005 ffffffff 0a546865 2076616c 7565206f 66207231 20697320 
00a0: 00000a54 68652076 616c7565 206f6620 72322069 73200000 0a546865 2076616c 
00c0: 7565206f 66207233 20697320 00000a54 68652076 616c7565 206f6620 72342069 
00e0: 73200000 0a000000 00000000 00000000 00000000 00000000 00000000 00000000 
0100: 00000000 00000000 00000000 00000000 00000000 00000000 00000000 00000000 *

End of clock cycle   4
----------------------
Integer Unit:
     Name     Busy       Op       Vj       Vk        Qj        Qk        A   Result  X-Start    X-End
 IntUnit0        1     addi 00000000 00000000                     00000084       --       --      --

Memory Unit:
     Name     Busy       Op       Vj       Vk        Qj        Qk        A   Result  X-Start    X-End
 MemUnit0        1       lw 0000007c 00000000                     0000007c 00000003        3        4 
 MemUnit1        1       lw 00000080 00000000                     00000000       --       --      --

General Purpose Registers:
R0-R7:   00000000 MemUnit0 MemUnit1 IntUnit0 00000000 00000000 00000000 00000000 
R8-R15:  00000000 00000000 00000000 00000000 00000000 00000000 00000000 00000000 
R16-R23: 00000000 00000000 00000000 00000000 00000000 00000000 00000000 00000000 
R24-R31: 00000000 00000000 00000000 00000000 00000000 00000000 00000000 00000000 

Floating Point Registers:
F0-F7:   00000000 00000000 00000000 00000000 00000000 00000000 00000000 00000000 
F8-F15:  00000000 00000000 00000000 00000000 00000000 00000000 00000000 00000000 
F16-F23: 00000000 00000000 00000000 00000000 00000000 00000000 00000000 00000000 
F24-F31: 00000000 00000000 00000000 00000000 00000000 00000000 00000000 00000000 

Memory:
0000: 2001007c 8c210000 20020080 8c420000 20030084 8c630000 20040088 8c840000 
0020: 2003007c 8c630000 200600e4 2005008c 44a00003 44200001 44c00003 200600e4 
0040: 200500a2 44a00003 44400001 44c00003 200600e4 200500b8 44a00003 44600001 
0060: 44c00003 200600e4 200500ce 44a00003 44800001 44c00003 44000000 00000003 
0080: 00000004 00000005 ffffffff 0a546865 2076616c 7565206f 66207231 20697320 
00a0: 00000a54 68652076 616c7565 206f6620 72322069 73200000 0a546865 2076616c 
00c0: 7565206f 66207233 20697320 00000a54 68652076 616c7565 206f6620 72342069 
00e0: 73200000 0a000000 00000000 00000000 00000000 00000000 00000000 00000000 
0100: 00000000 00000000 00000000 00000000 00000000 00000000 00000000 00000000 *

End of clock cycle   5
----------------------
Integer Unit:
     Name     Busy       Op       Vj       Vk        Qj        Qk        A   Result  X-Start    X-End
 IntUnit0        1     addi 00000000 00000000                     00000084 00000084        5        5 

Memory Unit:
     Name     Busy       Op       Vj       Vk        Qj        Qk        A   Result  X-Start    X-End
 MemUnit1        1       lw 00000080 00000000                     00000000       --        5       --
 MemUnit2        1       lw 00000000 00000000  IntUnit0           00000000       --       --      --

General Purpose Registers:
R0-R7:   00000000 00000003 MemUnit1 MemUnit2 00000000 00000000 00000000 00000000 
R8-R15:  00000000 00000000 00000000 00000000 00000000 00000000 00000000 00000000 
R16-R23: 00000000 00000000 00000000 00000000 00000000 00000000 00000000 00000000 
R24-R31: 00000000 00000000 00000000 00000000 00000000 00000000 00000000 00000000 

Floating Point Registers:
F0-F7:   00000000 00000000 00000000 00000000 00000000 00000000 00000000 00000000 
F8-F15:  00000000 00000000 00000000 00000000 00000000 00000000 00000000 00000000 
F16-F23: 00000000 00000000 00000000 00000000 00000000 00000000 00000000 00000000 
F24-F31: 00000000 00000000 00000000 00000000 00000000 00000000 00000000 00000000 

Memory:
0000: 2001007c 8c210000 20020080 8c420000 20030084 8c630000 20040088 8c840000 
0020: 2003007c 8c630000 200600e4 2005008c 44a00003 44200001 44c00003 200600e4 
0040: 200500a2 44a00003 44400001 44c00003 200600e4 200500b8 44a00003 44600001 
0060: 44c00003 200600e4 200500ce 44a00003 44800001 44c00003 44000000 00000003 
0080: 00000004 00000005 ffffffff 0a546865 2076616c 7565206f 66207231 20697320 
00a0: 00000a54 68652076 616c7565 206f6620 72322069 73200000 0a546865 2076616c 
00c0: 7565206f 66207233 20697320 00000a54 68652076 616c7565 206f6620 72342069 
00e0: 73200000 0a000000 00000000 00000000 00000000 00000000 00000000 00000000 
0100: 00000000 00000000 00000000 00000000 00000000 00000000 00000000 00000000 *

End of clock cycle   6
----------------------
Integer Unit:
     Name     Busy       Op       Vj       Vk        Qj        Qk        A   Result  X-Start    X-End
 IntUnit1        1     addi 00000000 00000000                     00000088       --       --      --

Memory Unit:
     Name     Busy       Op       Vj       Vk        Qj        Qk        A   Result  X-Start    X-End
 MemUnit1        1       lw 00000080 00000000                     00000080 00000004        5        6 
 MemUnit2        1       lw 00000084 00000000                     00000000       --       --      --

General Purpose Registers:
R0-R7:   00000000 00000003 MemUnit1 MemUnit2 IntUnit1 00000000 00000000 00000000 
R8-R15:  00000000 00000000 00000000 00000000 00000000 00000000 00000000 00000000 
R16-R23: 00000000 00000000 00000000 00000000 00000000 00000000 00000000 00000000 
R24-R31: 00000000 00000000 00000000 00000000 00000000 00000000 00000000 00000000 

Floating Point Registers:
F0-F7:   00000000 00000000 00000000 00000000 00000000 00000000 00000000 00000000 
F8-F15:  00000000 00000000 00000000 00000000 00000000 00000000 00000000 00000000 
F16-F23: 00000000 00000000 00000000 00000000 00000000 00000000 00000000 00000000 
F24-F31: 00000000 00000000 00000000 00000000 00000000 00000000 00000000 00000000 

Memory:
0000: 2001007c 8c210000 20020080 8c420000 20030084 8c630000 20040088 8c840000 
0020: 2003007c 8c630000 200600e4 2005008c 44a00003 44200001 44c00003 200600e4 
0040: 200500a2 44a00003 44400001 44c00003 200600e4 200500b8 44a00003 44600001 
0060: 44c00003 200600e4 200500ce 44a00003 44800001 44c00003 44000000 00000003 
0080: 00000004 00000005 ffffffff 0a546865 2076616c 7565206f 66207231 20697320 
00a0: 00000a54 68652076 616c7565 206f6620 72322069 73200000 0a546865 2076616c 
00c0: 7565206f 66207233 20697320 00000a54 68652076 616c7565 206f6620 72342069 
00e0: 73200000 0a000000 00000000 00000000 00000000 00000000 00000000 00000000 
0100: 00000000 00000000 00000000 00000000 00000000 00000000 00000000 00000000 *

End of clock cycle   7
----------------------
Integer Unit:
     Name     Busy       Op       Vj       Vk        Qj        Qk        A   Result  X-Start    X-End
 IntUnit1        1     addi 00000000 00000000                     00000088 00000088        7        7 

Memory Unit:
     Name     Busy       Op       Vj       Vk        Qj        Qk        A   Result  X-Start    X-End
 MemUnit2        1       lw 00000084 00000000                     00000000       --        7       --
 MemUnit3        1       lw 00000000 00000000  IntUnit1           00000000       --       --      --

General Purpose Registers:
R0-R7:   00000000 00000003 00000004 MemUnit2 MemUnit3 00000000 00000000 00000000 
R8-R15:  00000000 00000000 00000000 00000000 00000000 00000000 00000000 00000000 
R16-R23: 00000000 00000000 00000000 00000000 00000000 00000000 00000000 00000000 
R24-R31: 00000000 00000000 00000000 00000000 00000000 00000000 00000000 00000000 

Floating Point Registers:
F0-F7:   00000000 00000000 00000000 00000000 00000000 00000000 00000000 00000000 
F8-F15:  00000000 00000000 00000000 00000000 00000000 00000000 00000000 00000000 
F16-F23: 00000000 00000000 00000000 00000000 00000000 00000000 00000000 00000000 
F24-F31: 00000000 00000000 00000000 00000000 00000000 00000000 00000000 00000000 

Memory:
0000: 2001007c 8c210000 20020080 8c420000 20030084 8c630000 20040088 8c840000 
0020: 2003007c 8c630000 200600e4 2005008c 44a00003 44200001 44c00003 200600e4 
0040: 200500a2 44a00003 44400001 44c00003 200600e4 200500b8 44a00003 44600001 
0060: 44c00003 200600e4 200500ce 44a00003 44800001 44c00003 44000000 00000003 
0080: 00000004 00000005 ffffffff 0a546865 2076616c 7565206f 66207231 20697320 
00a0: 00000a54 68652076 616c7565 206f6620 72322069 73200000 0a546865 2076616c 
00c0: 7565206f 66207233 20697320 00000a54 68652076 616c7565 206f6620 72342069 
00e0: 73200000 0a000000 00000000 00000000 00000000 00000000 00000000 00000000 
0100: 00000000 00000000 00000000 00000000 00000000 00000000 00000000 00000000 *

End of clock cycle   8
----------------------
Integer Unit:
     Name     Busy       Op       Vj       Vk        Qj        Qk        A   Result  X-Start    X-End
 IntUnit0        1     addi 00000000 00000000                     0000007c       --       --      --

Memory Unit:
     Name     Busy       Op       Vj       Vk        Qj        Qk        A   Result  X-Start    X-End
 MemUnit2        1       lw 00000084 00000000                     00000084 00000005        7        8 
 MemUnit3        1       lw 00000088 00000000                     00000000       --       --      --

General Purpose Registers:
R0-R7:   00000000 00000003 00000004 IntUnit0 MemUnit3 00000000 00000000 00000000 
R8-R15:  00000000 00000000 00000000 00000000 00000000 00000000 00000000 00000000 
R16-R23: 00000000 00000000 00000000 00000000 00000000 00000000 00000000 00000000 
R24-R31: 00000000 00000000 00000000 00000000 00000000 00000000 00000000 00000000 

Floating Point Registers:
F0-F7:   00000000 00000000 00000000 00000000 00000000 00000000 00000000 00000000 
F8-F15:  00000000 00000000 00000000 00000000 00000000 00000000 00000000 00000000 
F16-F23: 00000000 00000000 00000000 00000000 00000000 00000000 00000000 00000000 
F24-F31: 00000000 00000000 00000000 00000000 00000000 00000000 00000000 00000000 

Memory:
0000: 2001007c 8c210000 20020080 8c420000 20030084 8c630000 20040088 8c840000 
0020: 2003007c 8c630000 200600e4 2005008c 44a00003 44200001 44c00003 200600e4 
0040: 200500a2 44a00003 44400001 44c00003 200600e4 200500b8 44a00003 44600001 
0060: 44c00003 200600e4 200500ce 44a00003 44800001 44c00003 44000000 00000003 
0080: 00000004 00000005 ffffffff 0a546865 2076616c 7565206f 66207231 20697320 
00a0: 00000a54 68652076 616c7565 206f6620 72322069 73200000 0a546865 2076616c 
00c0: 7565206f 66207233 20697320 00000a54 68652076 616c7565 206f6620 72342069 
00e0: 73200000 0a000000 00000000 00000000 00000000 00000000 00000000 00000000 
0100: 00000000 00000000 00000000 00000000 00000000 00000000 00000000 00000000 *

End of clock cycle   9
----------------------
Integer Unit:
     Name     Busy       Op       Vj       Vk        Qj        Qk        A   Result  X-Start    X-End
 IntUnit0        1     addi 00000000 00000000                     0000007c 0000007c        9        9 

Memory Unit:
     Name     Busy       Op       Vj       Vk        Qj        Qk        A   Result  X-Start    X-End
 MemUnit3        1       lw 00000088 00000000                     00000000       --        9       --
 MemUnit4        1       lw 00000000 00000000  IntUnit0           00000000       --       --      --

General Purpose Registers:
R0-R7:   00000000 00000003 00000004 MemUnit4 MemUnit3 00000000 00000000 00000000 
R8-R15:  00000000 00000000 00000000 00000000 00000000 00000000 00000000 00000000 
R16-R23: 00000000 00000000 00000000 00000000 00000000 00000000 00000000 00000000 
R24-R31: 00000000 00000000 00000000 00000000 00000000 00000000 00000000 00000000 

Floating Point Registers:
F0-F7:   00000000 00000000 00000000 00000000 00000000 00000000 00000000 00000000 
F8-F15:  00000000 00000000 00000000 00000000 00000000 00000000 00000000 00000000 
F16-F23: 00000000 00000000 00000000 00000000 00000000 00000000 00000000 00000000 
F24-F31: 00000000 00000000 00000000 00000000 00000000 00000000 00000000 00000000 

Memory:
0000: 2001007c 8c210000 20020080 8c420000 20030084 8c630000 20040088 8c840000 
0020: 2003007c 8c630000 200600e4 2005008c 44a00003 44200001 44c00003 200600e4 
0040: 200500a2 44a00003 44400001 44c00003 200600e4 200500b8 44a00003 44600001 
0060: 44c00003 200600e4 200500ce 44a00003 44800001 44c00003 44000000 00000003 
0080: 00000004 00000005 ffffffff 0a546865 2076616c 7565206f 66207231 20697320 
00a0: 00000a54 68652076 616c7565 206f6620 72322069 73200000 0a546865 2076616c 
00c0: 7565206f 66207233 20697320 00000a54 68652076 616c7565 206f6620 72342069 
00e0: 73200000 0a000000 00000000 00000000 00000000 00000000 00000000 00000000 
0100: 00000000 00000000 00000000 00000000 00000000 00000000 00000000 00000000 *

End of clock cycle  10
----------------------
Integer Unit:
     Name     Busy       Op       Vj       Vk        Qj        Qk        A   Result  X-Start    X-End
 IntUnit1        1     addi 00000000 00000000                     000000e4       --       --      --

Memory Unit:
     Name     Busy       Op       Vj       Vk        Qj        Qk        A   Result  X-Start    X-End
 MemUnit3        1       lw 00000088 00000000                     00000088 ffffffff        9       10 
 MemUnit4        1       lw 0000007c 00000000                     00000000       --       --      --

General Purpose Registers:
R0-R7:   00000000 00000003 00000004 MemUnit4 MemUnit3 00000000 IntUnit1 00000000 
R8-R15:  00000000 00000000 00000000 00000000 00000000 00000000 00000000 00000000 
R16-R23: 00000000 00000000 00000000 00000000 00000000 00000000 00000000 00000000 
R24-R31: 00000000 00000000 00000000 00000000 00000000 00000000 00000000 00000000 

Floating Point Registers:
F0-F7:   00000000 00000000 00000000 00000000 00000000 00000000 00000000 00000000 
F8-F15:  00000000 00000000 00000000 00000000 00000000 00000000 00000000 00000000 
F16-F23: 00000000 00000000 00000000 00000000 00000000 00000000 00000000 00000000 
F24-F31: 00000000 00000000 00000000 00000000 00000000 00000000 00000000 00000000 

Memory:
0000: 2001007c 8c210000 20020080 8c420000 20030084 8c630000 20040088 8c840000 
0020: 2003007c 8c630000 200600e4 2005008c 44a00003 44200001 44c00003 200600e4 
0040: 200500a2 44a00003 44400001 44c00003 200600e4 200500b8 44a00003 44600001 
0060: 44c00003 200600e4 200500ce 44a00003 44800001 44c00003 44000000 00000003 
0080: 00000004 00000005 ffffffff 0a546865 2076616c 7565206f 66207231 20697320 
00a0: 00000a54 68652076 616c7565 206f6620 72322069 73200000 0a546865 2076616c 
00c0: 7565206f 66207233 20697320 00000a54 68652076 616c7565 206f6620 72342069 
00e0: 73200000 0a000000 00000000 00000000 00000000 00000000 00000000 00000000 
0100: 00000000 00000000 00000000 00000000 00000000 00000000 00000000 00000000 *

End of clock cycle  11
----------------------
Integer Unit:
     Name     Busy       Op       Vj       Vk        Qj        Qk        A   Result  X-Start    X-End
 IntUnit0        1     addi 00000000 00000000                     0000008c       --       --      --
 IntUnit1        1     addi 00000000 00000000                     000000e4 000000e4       11       11 

Memory Unit:
     Name     Busy       Op       Vj       Vk        Qj        Qk        A   Result  X-Start    X-End
 MemUnit4        1       lw 0000007c 00000000                     00000000       --       11       --

General Purpose Registers:
R0-R7:   00000000 00000003 00000004 MemUnit4 ffffffff IntUnit0 IntUnit1 00000000 
R8-R15:  00000000 00000000 00000000 00000000 00000000 00000000 00000000 00000000 
R16-R23: 00000000 00000000 00000000 00000000 00000000 00000000 00000000 00000000 
R24-R31: 00000000 00000000 00000000 00000000 00000000 00000000 00000000 00000000 

Floating Point Registers:
F0-F7:   00000000 00000000 00000000 00000000 00000000 00000000 00000000 00000000 
F8-F15:  00000000 00000000 00000000 00000000 00000000 00000000 00000000 00000000 
F16-F23: 00000000 00000000 00000000 00000000 00000000 00000000 00000000 00000000 
F24-F31: 00000000 00000000 00000000 00000000 00000000 00000000 00000000 00000000 

Memory:
0000: 2001007c 8c210000 20020080 8c420000 20030084 8c630000 20040088 8c840000 
0020: 2003007c 8c630000 200600e4 2005008c 44a00003 44200001 44c00003 200600e4 
0040: 200500a2 44a00003 44400001 44c00003 200600e4 200500b8 44a00003 44600001 
0060: 44c00003 200600e4 200500ce 44a00003 44800001 44c00003 44000000 00000003 
0080: 00000004 00000005 ffffffff 0a546865 2076616c 7565206f 66207231 20697320 
00a0: 00000a54 68652076 616c7565 206f6620 72322069 73200000 0a546865 2076616c 
00c0: 7565206f 66207233 20697320 00000a54 68652076 616c7565 206f6620 72342069 
00e0: 73200000 0a000000 00000000 00000000 00000000 00000000 00000000 00000000 
0100: 00000000 00000000 00000000 00000000 00000000 00000000 00000000 00000000 *

End of clock cycle  12
----------------------
Integer Unit:
     Name     Busy       Op       Vj       Vk        Qj        Qk        A   Result  X-Start    X-End
 IntUnit0        1     addi 00000000 00000000                     0000008c 0000008c       12       12 

Trap Unit:
     Name     Busy       Op       Vj       Vk        Qj        Qk        A   Result  X-Start    X-End
TrapUnit0        1  dumpstr 00000000 00000000  IntUnit0           00000000       --       --      --

Memory Unit:
     Name     Busy       Op       Vj       Vk        Qj        Qk        A   Result  X-Start    X-End
 MemUnit4        1       lw 0000007c 00000000                     0000007c 00000003       11       12 

General Purpose Registers:
R0-R7:   00000000 00000003 00000004 MemUnit4 ffffffff IntUnit0 000000e4 00000000 
R8-R15:  00000000 00000000 00000000 00000000 00000000 00000000 00000000 00000000 
R16-R23: 00000000 00000000 00000000 00000000 00000000 00000000 00000000 00000000 
R24-R31: 00000000 00000000 00000000 00000000 00000000 00000000 00000000 00000000 

Floating Point Registers:
F0-F7:   00000000 00000000 00000000 00000000 00000000 00000000 00000000 00000000 
F8-F15:  00000000 00000000 00000000 00000000 00000000 00000000 00000000 00000000 
F16-F23: 00000000 00000000 00000000 00000000 00000000 00000000 00000000 00000000 
F24-F31: 00000000 00000000 00000000 00000000 00000000 00000000 00000000 00000000 

Memory:
0000: 2001007c 8c210000 20020080 8c420000 20030084 8c630000 20040088 8c840000 
0020: 2003007c 8c630000 200600e4 2005008c 44a00003 44200001 44c00003 200600e4 
0040: 200500a2 44a00003 44400001 44c00003 200600e4 200500b8 44a00003 44600001 
0060: 44c00003 200600e4 200500ce 44a00003 44800001 44c00003 44000000 00000003 
0080: 00000004 00000005 ffffffff 0a546865 2076616c 7565206f 66207231 20697320 
00a0: 00000a54 68652076 616c7565 206f6620 72322069 73200000 0a546865 2076616c 
00c0: 7565206f 66207233 20697320 00000a54 68652076 616c7565 206f6620 72342069 
00e0: 73200000 0a000000 00000000 00000000 00000000 00000000 00000000 00000000 
0100: 00000000 00000000 00000000 00000000 00000000 00000000 00000000 00000000 *

End of clock cycle  13
----------------------
Integer Unit:
     Name     Busy       Op       Vj       Vk        Qj        Qk        A   Result  X-Start    X-End
 IntUnit0        1     addi 00000000 00000000                     0000008c 0000008c       12       12 

Trap Unit:
     Name     Busy       Op       Vj       Vk        Qj        Qk        A   Result  X-Start    X-End
TrapUnit0        1  dumpstr 00000000 00000000  IntUnit0           00000000       --       --      --
TrapUnit1        1  dumpgpr 00000003 00000000                     00000000       --       --      --

General Purpose Registers:
R0-R7:   00000000 00000003 00000004 00000003 ffffffff IntUnit0 000000e4 00000000 
R8-R15:  00000000 00000000 00000000 00000000 00000000 00000000 00000000 00000000 
R16-R23: 00000000 00000000 00000000 00000000 00000000 00000000 00000000 00000000 
R24-R31: 00000000 00000000 00000000 00000000 00000000 00000000 00000000 00000000 

Floating Point Registers:
F0-F7:   00000000 00000000 00000000 00000000 00000000 00000000 00000000 00000000 
F8-F15:  00000000 00000000 00000000 00000000 00000000 00000000 00000000 00000000 
F16-F23: 00000000 00000000 00000000 00000000 00000000 00000000 00000000 00000000 
F24-F31: 00000000 00000000 00000000 00000000 00000000 00000000 00000000 00000000 

Memory:
0000: 2001007c 8c210000 20020080 8c420000 20030084 8c630000 20040088 8c840000 
0020: 2003007c 8c630000 200600e4 2005008c 44a00003 44200001 44c00003 200600e4 
0040: 200500a2 44a00003 44400001 44c00003 200600e4 200500b8 44a00003 44600001 
0060: 44c00003 200600e4 200500ce 44a00003 44800001 44c00003 44000000 00000003 
0080: 00000004 00000005 ffffffff 0a546865 2076616c 7565206f 66207231 20697320 
00a0: 00000a54 68652076 616c7565 206f6620 72322069 73200000 0a546865 2076616c 
00c0: 7565206f 66207233 20697320 00000a54 68652076 616c7565 206f6620 72342069 
00e0: 73200000 0a000000 00000000 00000000 00000000 00000000 00000000 00000000 
0100: 00000000 00000000 00000000 00000000 00000000 00000000 00000000 00000000 *

End of clock cycle  14
----------------------
Trap Unit:
     Name     Busy       Op       Vj       Vk        Qj        Qk        A   Result  X-Start    X-End
TrapUnit0        1  dumpstr 0000008c 00000000                     00000000       --       --      --
TrapUnit1        1  dumpgpr 00000003 00000000                     00000000       --       --      --
TrapUnit2        1  dumpstr 000000e4 00000000                     00000000       --       --      --

General Purpose Registers:
R0-R7:   00000000 00000003 00000004 00000003 ffffffff 0000008c 000000e4 00000000 
R8-R15:  00000000 00000000 00000000 00000000 00000000 00000000 00000000 00000000 
R16-R23: 00000000 00000000 00000000 00000000 00000000 00000000 00000000 00000000 
R24-R31: 00000000 00000000 00000000 00000000 00000000 00000000 00000000 00000000 

Floating Point Registers:
F0-F7:   00000000 00000000 00000000 00000000 00000000 00000000 00000000 00000000 
F8-F15:  00000000 00000000 00000000 00000000 00000000 00000000 00000000 00000000 
F16-F23: 00000000 00000000 00000000 00000000 00000000 00000000 00000000 00000000 
F24-F31: 00000000 00000000 00000000 00000000 00000000 00000000 00000000 00000000 

Memory:
0000: 2001007c 8c210000 20020080 8c420000 20030084 8c630000 20040088 8c840000 
0020: 2003007c 8c630000 200600e4 2005008c 44a00003 44200001 44c00003 200600e4 
0040: 200500a2 44a00003 44400001 44c00003 200600e4 200500b8 44a00003 44600001 
0060: 44c00003 200600e4 200500ce 44a00003 44800001 44c00003 44000000 00000003 
0080: 00000004 00000005 ffffffff 0a546865 2076616c 7565206f 66207231 20697320 
00a0: 00000a54 68652076 616c7565 206f6620 72322069 73200000 0a546865 2076616c 
00c0: 7565206f 66207233 20697320 00000a54 68652076 616c7565 206f6620 72342069 
00e0: 73200000 0a000000 00000000 00000000 00000000 00000000 00000000 00000000 
0100: 00000000 00000000 00000000 00000000 00000000 00000000 00000000 00000000 *

End of clock cycle  15
----------------------
Integer Unit:
     Name     Busy       Op       Vj       Vk        Qj        Qk        A   Result  X-Start    X-End
 IntUnit0        1     addi 00000000 00000000                     000000e4       --       --      --

Trap Unit:
     Name     Busy       Op       Vj       Vk        Qj        Qk        A   Result  X-Start    X-End
TrapUnit0        1  dumpstr 0000008c 00000000                     00000000 00000000       15       15 
TrapUnit1        1  dumpgpr 00000003 00000000                     00000000       --       --      --
TrapUnit2        1  dumpstr 000000e4 00000000                     00000000       --       --      --

General Purpose Registers:
R0-R7:   00000000 00000003 00000004 00000003 ffffffff 0000008c IntUnit0 00000000 
R8-R15:  00000000 00000000 00000000 00000000 00000000 00000000 00000000 00000000 
R16-R23: 00000000 00000000 00000000 00000000 00000000 00000000 00000000 00000000 
R24-R31: 00000000 00000000 00000000 00000000 00000000 00000000 00000000 00000000 

Floating Point Registers:
F0-F7:   00000000 00000000 00000000 00000000 00000000 00000000 00000000 00000000 
F8-F15:  00000000 00000000 00000000 00000000 00000000 00000000 00000000 00000000 
F16-F23: 00000000 00000000 00000000 00000000 00000000 00000000 00000000 00000000 
F24-F31: 00000000 00000000 00000000 00000000 00000000 00000000 00000000 00000000 

Memory:
0000: 2001007c 8c210000 20020080 8c420000 20030084 8c630000 20040088 8c840000 
0020: 2003007c 8c630000 200600e4 2005008c 44a00003 44200001 44c00003 200600e4 
0040: 200500a2 44a00003 44400001 44c00003 200600e4 200500b8 44a00003 44600001 
0060: 44c00003 200600e4 200500ce 44a00003 44800001 44c00003 44000000 00000003 
0080: 00000004 00000005 ffffffff 0a546865 2076616c 7565206f 66207231 20697320 
00a0: 00000a54 68652076 616c7565 206f6620 72322069 73200000 0a546865 2076616c 
00c0: 7565206f 66207233 20697320 00000a54 68652076 616c7565 206f6620 72342069 
00e0: 73200000 0a000000 00000000 00000000 00000000 00000000 00000000 00000000 
0100: 00000000 00000000 00000000 00000000 00000000 00000000 00000000 00000000 *


The value of r1 is End of clock cycle  16
----------------------
Integer Unit:
     Name     Busy       Op       Vj       Vk        Qj        Qk        A   Result  X-Start    X-End
 IntUnit0        1     addi 00000000 00000000                     000000e4 000000e4       16       16 
 IntUnit1        1     addi 00000000 00000000                     000000a2       --       --      --

Trap Unit:
     Name     Busy       Op       Vj       Vk        Qj        Qk        A   Result  X-Start    X-End
TrapUnit1        1  dumpgpr 00000003 00000000                     00000000 00000000       16       16 
TrapUnit2        1  dumpstr 000000e4 00000000                     00000000       --       --      --

General Purpose Registers:
R0-R7:   00000000 00000003 00000004 00000003 ffffffff IntUnit1 IntUnit0 00000000 
R8-R15:  00000000 00000000 00000000 00000000 00000000 00000000 00000000 00000000 
R16-R23: 00000000 00000000 00000000 00000000 00000000 00000000 00000000 00000000 
R24-R31: 00000000 00000000 00000000 00000000 00000000 00000000 00000000 00000000 

Floating Point Registers:
F0-F7:   00000000 00000000 00000000 00000000 00000000 00000000 00000000 00000000 
F8-F15:  00000000 00000000 00000000 00000000 00000000 00000000 00000000 00000000 
F16-F23: 00000000 00000000 00000000 00000000 00000000 00000000 00000000 00000000 
F24-F31: 00000000 00000000 00000000 00000000 00000000 00000000 00000000 00000000 

Memory:
0000: 2001007c 8c210000 20020080 8c420000 20030084 8c630000 20040088 8c840000 
0020: 2003007c 8c630000 200600e4 2005008c 44a00003 44200001 44c00003 200600e4 
0040: 200500a2 44a00003 44400001 44c00003 200600e4 200500b8 44a00003 44600001 
0060: 44c00003 200600e4 200500ce 44a00003 44800001 44c00003 44000000 00000003 
0080: 00000004 00000005 ffffffff 0a546865 2076616c 7565206f 66207231 20697320 
00a0: 00000a54 68652076 616c7565 206f6620 72322069 73200000 0a546865 2076616c 
00c0: 7565206f 66207233 20697320 00000a54 68652076 616c7565 206f6620 72342069 
00e0: 73200000 0a000000 00000000 00000000 00000000 00000000 00000000 00000000 
0100: 00000000 00000000 00000000 00000000 00000000 00000000 00000000 00000000 *

3End of clock cycle  17
----------------------
Integer Unit:
     Name     Busy       Op       Vj       Vk        Qj        Qk        A   Result  X-Start    X-End
 IntUnit1        1     addi 00000000 00000000                     000000a2 000000a2       17       17 

Trap Unit:
     Name     Busy       Op       Vj       Vk        Qj        Qk        A   Result  X-Start    X-End
TrapUnit2        1  dumpstr 000000e4 00000000                     00000000 00000000       17       17 
TrapUnit3        1  dumpstr 00000000 00000000  IntUnit1           00000000       --       --      --

General Purpose Registers:
R0-R7:   00000000 00000003 00000004 00000003 ffffffff IntUnit1 000000e4 00000000 
R8-R15:  00000000 00000000 00000000 00000000 00000000 00000000 00000000 00000000 
R16-R23: 00000000 00000000 00000000 00000000 00000000 00000000 00000000 00000000 
R24-R31: 00000000 00000000 00000000 00000000 00000000 00000000 00000000 00000000 

Floating Point Registers:
F0-F7:   00000000 00000000 00000000 00000000 00000000 00000000 00000000 00000000 
F8-F15:  00000000 00000000 00000000 00000000 00000000 00000000 00000000 00000000 
F16-F23: 00000000 00000000 00000000 00000000 00000000 00000000 00000000 00000000 
F24-F31: 00000000 00000000 00000000 00000000 00000000 00000000 00000000 00000000 

Memory:
0000: 2001007c 8c210000 20020080 8c420000 20030084 8c630000 20040088 8c840000 
0020: 2003007c 8c630000 200600e4 2005008c 44a00003 44200001 44c00003 200600e4 
0040: 200500a2 44a00003 44400001 44c00003 200600e4 200500b8 44a00003 44600001 
0060: 44c00003 200600e4 200500ce 44a00003 44800001 44c00003 44000000 00000003 
0080: 00000004 00000005 ffffffff 0a546865 2076616c 7565206f 66207231 20697320 
00a0: 00000a54 68652076 616c7565 206f6620 72322069 73200000 0a546865 2076616c 
00c0: 7565206f 66207233 20697320 00000a54 68652076 616c7565 206f6620 72342069 
00e0: 73200000 0a000000 00000000 00000000 00000000 00000000 00000000 00000000 
0100: 00000000 00000000 00000000 00000000 00000000 00000000 00000000 00000000 *


End of clock cycle  18
----------------------
Trap Unit:
     Name     Busy       Op       Vj       Vk        Qj        Qk        A   Result  X-Start    X-End
TrapUnit0        1  dumpgpr 00000004 00000000                     00000000       --       --      --
TrapUnit3        1  dumpstr 000000a2 00000000                     00000000       --       --      --

General Purpose Registers:
R0-R7:   00000000 00000003 00000004 00000003 ffffffff 000000a2 000000e4 00000000 
R8-R15:  00000000 00000000 00000000 00000000 00000000 00000000 00000000 00000000 
R16-R23: 00000000 00000000 00000000 00000000 00000000 00000000 00000000 00000000 
R24-R31: 00000000 00000000 00000000 00000000 00000000 00000000 00000000 00000000 

Floating Point Registers:
F0-F7:   00000000 00000000 00000000 00000000 00000000 00000000 00000000 00000000 
F8-F15:  00000000 00000000 00000000 00000000 00000000 00000000 00000000 00000000 
F16-F23: 00000000 00000000 00000000 00000000 00000000 00000000 00000000 00000000 
F24-F31: 00000000 00000000 00000000 00000000 00000000 00000000 00000000 00000000 

Memory:
0000: 2001007c 8c210000 20020080 8c420000 20030084 8c630000 20040088 8c840000 
0020: 2003007c 8c630000 200600e4 2005008c 44a00003 44200001 44c00003 200600e4 
0040: 200500a2 44a00003 44400001 44c00003 200600e4 200500b8 44a00003 44600001 
0060: 44c00003 200600e4 200500ce 44a00003 44800001 44c00003 44000000 00000003 
0080: 00000004 00000005 ffffffff 0a546865 2076616c 7565206f 66207231 20697320 
00a0: 00000a54 68652076 616c7565 206f6620 72322069 73200000 0a546865 2076616c 
00c0: 7565206f 66207233 20697320 00000a54 68652076 616c7565 206f6620 72342069 
00e0: 73200000 0a000000 00000000 00000000 00000000 00000000 00000000 00000000 
0100: 00000000 00000000 00000000 00000000 00000000 00000000 00000000 00000000 *

End of clock cycle  19
----------------------
Trap Unit:
     Name     Busy       Op       Vj       Vk        Qj        Qk        A   Result  X-Start    X-End
TrapUnit0        1  dumpgpr 00000004 00000000                     00000000       --       --      --
TrapUnit1        1  dumpstr 000000e4 00000000                     00000000       --       --      --
TrapUnit3        1  dumpstr 000000a2 00000000                     00000000 00000000       19       19 

General Purpose Registers:
R0-R7:   00000000 00000003 00000004 00000003 ffffffff 000000a2 000000e4 00000000 
R8-R15:  00000000 00000000 00000000 00000000 00000000 00000000 00000000 00000000 
R16-R23: 00000000 00000000 00000000 00000000 00000000 00000000 00000000 00000000 
R24-R31: 00000000 00000000 00000000 00000000 00000000 00000000 00000000 00000000 

Floating Point Registers:
F0-F7:   00000000 00000000 00000000 00000000 00000000 00000000 00000000 00000000 
F8-F15:  00000000 00000000 00000000 00000000 00000000 00000000 00000000 00000000 
F16-F23: 00000000 00000000 00000000 00000000 00000000 00000000 00000000 00000000 
F24-F31: 00000000 00000000 00000000 00000000 00000000 00000000 00000000 00000000 

Memory:
0000: 2001007c 8c210000 20020080 8c420000 20030084 8c630000 20040088 8c840000 
0020: 2003007c 8c630000 200600e4 2005008c 44a00003 44200001 44c00003 200600e4 
0040: 200500a2 44a00003 44400001 44c00003 200600e4 200500b8 44a00003 44600001 
0060: 44c00003 200600e4 200500ce 44a00003 44800001 44c00003 44000000 00000003 
0080: 00000004 00000005 ffffffff 0a546865 2076616c 7565206f 66207231 20697320 
00a0: 00000a54 68652076 616c7565 206f6620 72322069 73200000 0a546865 2076616c 
00c0: 7565206f 66207233 20697320 00000a54 68652076 616c7565 206f6620 72342069 
00e0: 73200000 0a000000 00000000 00000000 00000000 00000000 00000000 00000000 
0100: 00000000 00000000 00000000 00000000 00000000 00000000 00000000 00000000 *


The value of r2 is End of clock cycle  20
----------------------
Integer Unit:
     Name     Busy       Op       Vj       Vk        Qj        Qk        A   Result  X-Start    X-End
 IntUnit0        1     addi 00000000 00000000                     000000e4       --       --      --

Trap Unit:
     Name     Busy       Op       Vj       Vk        Qj        Qk        A   Result  X-Start    X-End
TrapUnit0        1  dumpgpr 00000004 00000000                     00000000 00000000       20       20 
TrapUnit1        1  dumpstr 000000e4 00000000                     00000000       --       --      --

General Purpose Registers:
R0-R7:   00000000 00000003 00000004 00000003 ffffffff 000000a2 IntUnit0 00000000 
R8-R15:  00000000 00000000 00000000 00000000 00000000 00000000 00000000 00000000 
R16-R23: 00000000 00000000 00000000 00000000 00000000 00000000 00000000 00000000 
R24-R31: 00000000 00000000 00000000 00000000 00000000 00000000 00000000 00000000 

Floating Point Registers:
F0-F7:   00000000 00000000 00000000 00000000 00000000 00000000 00000000 00000000 
F8-F15:  00000000 00000000 00000000 00000000 00000000 00000000 00000000 00000000 
F16-F23: 00000000 00000000 00000000 00000000 00000000 00000000 00000000 00000000 
F24-F31: 00000000 00000000 00000000 00000000 00000000 00000000 00000000 00000000 

Memory:
0000: 2001007c 8c210000 20020080 8c420000 20030084 8c630000 20040088 8c840000 
0020: 2003007c 8c630000 200600e4 2005008c 44a00003 44200001 44c00003 200600e4 
0040: 200500a2 44a00003 44400001 44c00003 200600e4 200500b8 44a00003 44600001 
0060: 44c00003 200600e4 200500ce 44a00003 44800001 44c00003 44000000 00000003 
0080: 00000004 00000005 ffffffff 0a546865 2076616c 7565206f 66207231 20697320 
00a0: 00000a54 68652076 616c7565 206f6620 72322069 73200000 0a546865 2076616c 
00c0: 7565206f 66207233 20697320 00000a54 68652076 616c7565 206f6620 72342069 
00e0: 73200000 0a000000 00000000 00000000 00000000 00000000 00000000 00000000 
0100: 00000000 00000000 00000000 00000000 00000000 00000000 00000000 00000000 *

4End of clock cycle  21
----------------------
Integer Unit:
     Name     Busy       Op       Vj       Vk        Qj        Qk        A   Result  X-Start    X-End
 IntUnit0        1     addi 00000000 00000000                     000000e4 000000e4       21       21 
 IntUnit1        1     addi 00000000 00000000                     000000b8       --       --      --

Trap Unit:
     Name     Busy       Op       Vj       Vk        Qj        Qk        A   Result  X-Start    X-End
TrapUnit1        1  dumpstr 000000e4 00000000                     00000000 00000000       21       21 

General Purpose Registers:
R0-R7:   00000000 00000003 00000004 00000003 ffffffff IntUnit1 IntUnit0 00000000 
R8-R15:  00000000 00000000 00000000 00000000 00000000 00000000 00000000 00000000 
R16-R23: 00000000 00000000 00000000 00000000 00000000 00000000 00000000 00000000 
R24-R31: 00000000 00000000 00000000 00000000 00000000 00000000 00000000 00000000 

Floating Point Registers:
F0-F7:   00000000 00000000 00000000 00000000 00000000 00000000 00000000 00000000 
F8-F15:  00000000 00000000 00000000 00000000 00000000 00000000 00000000 00000000 
F16-F23: 00000000 00000000 00000000 00000000 00000000 00000000 00000000 00000000 
F24-F31: 00000000 00000000 00000000 00000000 00000000 00000000 00000000 00000000 

Memory:
0000: 2001007c 8c210000 20020080 8c420000 20030084 8c630000 20040088 8c840000 
0020: 2003007c 8c630000 200600e4 2005008c 44a00003 44200001 44c00003 200600e4 
0040: 200500a2 44a00003 44400001 44c00003 200600e4 200500b8 44a00003 44600001 
0060: 44c00003 200600e4 200500ce 44a00003 44800001 44c00003 44000000 00000003 
0080: 00000004 00000005 ffffffff 0a546865 2076616c 7565206f 66207231 20697320 
00a0: 00000a54 68652076 616c7565 206f6620 72322069 73200000 0a546865 2076616c 
00c0: 7565206f 66207233 20697320 00000a54 68652076 616c7565 206f6620 72342069 
00e0: 73200000 0a000000 00000000 00000000 00000000 00000000 00000000 00000000 
0100: 00000000 00000000 00000000 00000000 00000000 00000000 00000000 00000000 *


End of clock cycle  22
----------------------
Integer Unit:
     Name     Busy       Op       Vj       Vk        Qj        Qk        A   Result  X-Start    X-End
 IntUnit1        1     addi 00000000 00000000                     000000b8 000000b8       22       22 

Trap Unit:
     Name     Busy       Op       Vj       Vk        Qj        Qk        A   Result  X-Start    X-End
TrapUnit2        1  dumpstr 00000000 00000000  IntUnit1           00000000       --       --      --

General Purpose Registers:
R0-R7:   00000000 00000003 00000004 00000003 ffffffff IntUnit1 000000e4 00000000 
R8-R15:  00000000 00000000 00000000 00000000 00000000 00000000 00000000 00000000 
R16-R23: 00000000 00000000 00000000 00000000 00000000 00000000 00000000 00000000 
R24-R31: 00000000 00000000 00000000 00000000 00000000 00000000 00000000 00000000 

Floating Point Registers:
F0-F7:   00000000 00000000 00000000 00000000 00000000 00000000 00000000 00000000 
F8-F15:  00000000 00000000 00000000 00000000 00000000 00000000 00000000 00000000 
F16-F23: 00000000 00000000 00000000 00000000 00000000 00000000 00000000 00000000 
F24-F31: 00000000 00000000 00000000 00000000 00000000 00000000 00000000 00000000 

Memory:
0000: 2001007c 8c210000 20020080 8c420000 20030084 8c630000 20040088 8c840000 
0020: 2003007c 8c630000 200600e4 2005008c 44a00003 44200001 44c00003 200600e4 
0040: 200500a2 44a00003 44400001 44c00003 200600e4 200500b8 44a00003 44600001 
0060: 44c00003 200600e4 200500ce 44a00003 44800001 44c00003 44000000 00000003 
0080: 00000004 00000005 ffffffff 0a546865 2076616c 7565206f 66207231 20697320 
00a0: 00000a54 68652076 616c7565 206f6620 72322069 73200000 0a546865 2076616c 
00c0: 7565206f 66207233 20697320 00000a54 68652076 616c7565 206f6620 72342069 
00e0: 73200000 0a000000 00000000 00000000 00000000 00000000 00000000 00000000 
0100: 00000000 00000000 00000000 00000000 00000000 00000000 00000000 00000000 *

End of clock cycle  23
----------------------
Trap Unit:
     Name     Busy       Op       Vj       Vk        Qj        Qk        A   Result  X-Start    X-End
TrapUnit2        1  dumpstr 000000b8 00000000                     00000000       --       --      --
TrapUnit3        1  dumpgpr 00000003 00000000                     00000000       --       --      --

General Purpose Registers:
R0-R7:   00000000 00000003 00000004 00000003 ffffffff 000000b8 000000e4 00000000 
R8-R15:  00000000 00000000 00000000 00000000 00000000 00000000 00000000 00000000 
R16-R23: 00000000 00000000 00000000 00000000 00000000 00000000 00000000 00000000 
R24-R31: 00000000 00000000 00000000 00000000 00000000 00000000 00000000 00000000 

Floating Point Registers:
F0-F7:   00000000 00000000 00000000 00000000 00000000 00000000 00000000 00000000 
F8-F15:  00000000 00000000 00000000 00000000 00000000 00000000 00000000 00000000 
F16-F23: 00000000 00000000 00000000 00000000 00000000 00000000 00000000 00000000 
F24-F31: 00000000 00000000 00000000 00000000 00000000 00000000 00000000 00000000 

Memory:
0000: 2001007c 8c210000 20020080 8c420000 20030084 8c630000 20040088 8c840000 
0020: 2003007c 8c630000 200600e4 2005008c 44a00003 44200001 44c00003 200600e4 
0040: 200500a2 44a00003 44400001 44c00003 200600e4 200500b8 44a00003 44600001 
0060: 44c00003 200600e4 200500ce 44a00003 44800001 44c00003 44000000 00000003 
0080: 00000004 00000005 ffffffff 0a546865 2076616c 7565206f 66207231 20697320 
00a0: 00000a54 68652076 616c7565 206f6620 72322069 73200000 0a546865 2076616c 
00c0: 7565206f 66207233 20697320 00000a54 68652076 616c7565 206f6620 72342069 
00e0: 73200000 0a000000 00000000 00000000 00000000 00000000 00000000 00000000 
0100: 00000000 00000000 00000000 00000000 00000000 00000000 00000000 00000000 *

End of clock cycle  24
----------------------
Trap Unit:
     Name     Busy       Op       Vj       Vk        Qj        Qk        A   Result  X-Start    X-End
TrapUnit0        1  dumpstr 000000e4 00000000                     00000000       --       --      --
TrapUnit2        1  dumpstr 000000b8 00000000                     00000000 00000000       24       24 
TrapUnit3        1  dumpgpr 00000003 00000000                     00000000       --       --      --

General Purpose Registers:
R0-R7:   00000000 00000003 00000004 00000003 ffffffff 000000b8 000000e4 00000000 
R8-R15:  00000000 00000000 00000000 00000000 00000000 00000000 00000000 00000000 
R16-R23: 00000000 00000000 00000000 00000000 00000000 00000000 00000000 00000000 
R24-R31: 00000000 00000000 00000000 00000000 00000000 00000000 00000000 00000000 

Floating Point Registers:
F0-F7:   00000000 00000000 00000000 00000000 00000000 00000000 00000000 00000000 
F8-F15:  00000000 00000000 00000000 00000000 00000000 00000000 00000000 00000000 
F16-F23: 00000000 00000000 00000000 00000000 00000000 00000000 00000000 00000000 
F24-F31: 00000000 00000000 00000000 00000000 00000000 00000000 00000000 00000000 

Memory:
0000: 2001007c 8c210000 20020080 8c420000 20030084 8c630000 20040088 8c840000 
0020: 2003007c 8c630000 200600e4 2005008c 44a00003 44200001 44c00003 200600e4 
0040: 200500a2 44a00003 44400001 44c00003 200600e4 200500b8 44a00003 44600001 
0060: 44c00003 200600e4 200500ce 44a00003 44800001 44c00003 44000000 00000003 
0080: 00000004 00000005 ffffffff 0a546865 2076616c 7565206f 66207231 20697320 
00a0: 00000a54 68652076 616c7565 206f6620 72322069 73200000 0a546865 2076616c 
00c0: 7565206f 66207233 20697320 00000a54 68652076 616c7565 206f6620 72342069 
00e0: 73200000 0a000000 00000000 00000000 00000000 00000000 00000000 00000000 
0100: 00000000 00000000 00000000 00000000 00000000 00000000 00000000 00000000 *


The value of r3 is End of clock cycle  25
----------------------
Integer Unit:
     Name     Busy       Op       Vj       Vk        Qj        Qk        A   Result  X-Start    X-End
 IntUnit0        1     addi 00000000 00000000                     000000e4       --       --      --

Trap Unit:
     Name     Busy       Op       Vj       Vk        Qj        Qk        A   Result  X-Start    X-End
TrapUnit0        1  dumpstr 000000e4 00000000                     00000000       --       --      --
TrapUnit3        1  dumpgpr 00000003 00000000                     00000000 00000000       25       25 

General Purpose Registers:
R0-R7:   00000000 00000003 00000004 00000003 ffffffff 000000b8 IntUnit0 00000000 
R8-R15:  00000000 00000000 00000000 00000000 00000000 00000000 00000000 00000000 
R16-R23: 00000000 00000000 00000000 00000000 00000000 00000000 00000000 00000000 
R24-R31: 00000000 00000000 00000000 00000000 00000000 00000000 00000000 00000000 

Floating Point Registers:
F0-F7:   00000000 00000000 00000000 00000000 00000000 00000000 00000000 00000000 
F8-F15:  00000000 00000000 00000000 00000000 00000000 00000000 00000000 00000000 
F16-F23: 00000000 00000000 00000000 00000000 00000000 00000000 00000000 00000000 
F24-F31: 00000000 00000000 00000000 00000000 00000000 00000000 00000000 00000000 

Memory:
0000: 2001007c 8c210000 20020080 8c420000 20030084 8c630000 20040088 8c840000 
0020: 2003007c 8c630000 200600e4 2005008c 44a00003 44200001 44c00003 200600e4 
0040: 200500a2 44a00003 44400001 44c00003 200600e4 200500b8 44a00003 44600001 
0060: 44c00003 200600e4 200500ce 44a00003 44800001 44c00003 44000000 00000003 
0080: 00000004 00000005 ffffffff 0a546865 2076616c 7565206f 66207231 20697320 
00a0: 00000a54 68652076 616c7565 206f6620 72322069 73200000 0a546865 2076616c 
00c0: 7565206f 66207233 20697320 00000a54 68652076 616c7565 206f6620 72342069 
00e0: 73200000 0a000000 00000000 00000000 00000000 00000000 00000000 00000000 
0100: 00000000 00000000 00000000 00000000 00000000 00000000 00000000 00000000 *

3End of clock cycle  26
----------------------
Integer Unit:
     Name     Busy       Op       Vj       Vk        Qj        Qk        A   Result  X-Start    X-End
 IntUnit0        1     addi 00000000 00000000                     000000e4 000000e4       26       26 
 IntUnit1        1     addi 00000000 00000000                     000000ce       --       --      --

Trap Unit:
     Name     Busy       Op       Vj       Vk        Qj        Qk        A   Result  X-Start    X-End
TrapUnit0        1  dumpstr 000000e4 00000000                     00000000 00000000       26       26 

General Purpose Registers:
R0-R7:   00000000 00000003 00000004 00000003 ffffffff IntUnit1 IntUnit0 00000000 
R8-R15:  00000000 00000000 00000000 00000000 00000000 00000000 00000000 00000000 
R16-R23: 00000000 00000000 00000000 00000000 00000000 00000000 00000000 00000000 
R24-R31: 00000000 00000000 00000000 00000000 00000000 00000000 00000000 00000000 

Floating Point Registers:
F0-F7:   00000000 00000000 00000000 00000000 00000000 00000000 00000000 00000000 
F8-F15:  00000000 00000000 00000000 00000000 00000000 00000000 00000000 00000000 
F16-F23: 00000000 00000000 00000000 00000000 00000000 00000000 00000000 00000000 
F24-F31: 00000000 00000000 00000000 00000000 00000000 00000000 00000000 00000000 

Memory:
0000: 2001007c 8c210000 20020080 8c420000 20030084 8c630000 20040088 8c840000 
0020: 2003007c 8c630000 200600e4 2005008c 44a00003 44200001 44c00003 200600e4 
0040: 200500a2 44a00003 44400001 44c00003 200600e4 200500b8 44a00003 44600001 
0060: 44c00003 200600e4 200500ce 44a00003 44800001 44c00003 44000000 00000003 
0080: 00000004 00000005 ffffffff 0a546865 2076616c 7565206f 66207231 20697320 
00a0: 00000a54 68652076 616c7565 206f6620 72322069 73200000 0a546865 2076616c 
00c0: 7565206f 66207233 20697320 00000a54 68652076 616c7565 206f6620 72342069 
00e0: 73200000 0a000000 00000000 00000000 00000000 00000000 00000000 00000000 
0100: 00000000 00000000 00000000 00000000 00000000 00000000 00000000 00000000 *


End of clock cycle  27
----------------------
Integer Unit:
     Name     Busy       Op       Vj       Vk        Qj        Qk        A   Result  X-Start    X-End
 IntUnit1        1     addi 00000000 00000000                     000000ce 000000ce       27       27 

Trap Unit:
     Name     Busy       Op       Vj       Vk        Qj        Qk        A   Result  X-Start    X-End
TrapUnit1        1  dumpstr 00000000 00000000  IntUnit1           00000000       --       --      --

General Purpose Registers:
R0-R7:   00000000 00000003 00000004 00000003 ffffffff IntUnit1 000000e4 00000000 
R8-R15:  00000000 00000000 00000000 00000000 00000000 00000000 00000000 00000000 
R16-R23: 00000000 00000000 00000000 00000000 00000000 00000000 00000000 00000000 
R24-R31: 00000000 00000000 00000000 00000000 00000000 00000000 00000000 00000000 

Floating Point Registers:
F0-F7:   00000000 00000000 00000000 00000000 00000000 00000000 00000000 00000000 
F8-F15:  00000000 00000000 00000000 00000000 00000000 00000000 00000000 00000000 
F16-F23: 00000000 00000000 00000000 00000000 00000000 00000000 00000000 00000000 
F24-F31: 00000000 00000000 00000000 00000000 00000000 00000000 00000000 00000000 

Memory:
0000: 2001007c 8c210000 20020080 8c420000 20030084 8c630000 20040088 8c840000 
0020: 2003007c 8c630000 200600e4 2005008c 44a00003 44200001 44c00003 200600e4 
0040: 200500a2 44a00003 44400001 44c00003 200600e4 200500b8 44a00003 44600001 
0060: 44c00003 200600e4 200500ce 44a00003 44800001 44c00003 44000000 00000003 
0080: 00000004 00000005 ffffffff 0a546865 2076616c 7565206f 66207231 20697320 
00a0: 00000a54 68652076 616c7565 206f6620 72322069 73200000 0a546865 2076616c 
00c0: 7565206f 66207233 20697320 00000a54 68652076 616c7565 206f6620 72342069 
00e0: 73200000 0a000000 00000000 00000000 00000000 00000000 00000000 00000000 
0100: 00000000 00000000 00000000 00000000 00000000 00000000 00000000 00000000 *

End of clock cycle  28
----------------------
Trap Unit:
     Name     Busy       Op       Vj       Vk        Qj        Qk        A   Result  X-Start    X-End
TrapUnit1        1  dumpstr 000000ce 00000000                     00000000       --       --      --
TrapUnit2        1  dumpgpr ffffffff 00000000                     00000000       --       --      --

General Purpose Registers:
R0-R7:   00000000 00000003 00000004 00000003 ffffffff 000000ce 000000e4 00000000 
R8-R15:  00000000 00000000 00000000 00000000 00000000 00000000 00000000 00000000 
R16-R23: 00000000 00000000 00000000 00000000 00000000 00000000 00000000 00000000 
R24-R31: 00000000 00000000 00000000 00000000 00000000 00000000 00000000 00000000 

Floating Point Registers:
F0-F7:   00000000 00000000 00000000 00000000 00000000 00000000 00000000 00000000 
F8-F15:  00000000 00000000 00000000 00000000 00000000 00000000 00000000 00000000 
F16-F23: 00000000 00000000 00000000 00000000 00000000 00000000 00000000 00000000 
F24-F31: 00000000 00000000 00000000 00000000 00000000 00000000 00000000 00000000 

Memory:
0000: 2001007c 8c210000 20020080 8c420000 20030084 8c630000 20040088 8c840000 
0020: 2003007c 8c630000 200600e4 2005008c 44a00003 44200001 44c00003 200600e4 
0040: 200500a2 44a00003 44400001 44c00003 200600e4 200500b8 44a00003 44600001 
0060: 44c00003 200600e4 200500ce 44a00003 44800001 44c00003 44000000 00000003 
0080: 00000004 00000005 ffffffff 0a546865 2076616c 7565206f 66207231 20697320 
00a0: 00000a54 68652076 616c7565 206f6620 72322069 73200000 0a546865 2076616c 
00c0: 7565206f 66207233 20697320 00000a54 68652076 616c7565 206f6620 72342069 
00e0: 73200000 0a000000 00000000 00000000 00000000 00000000 00000000 00000000 
0100: 00000000 00000000 00000000 00000000 00000000 00000000 00000000 00000000 *

End of clock cycle  29
----------------------
Trap Unit:
     Name     Busy       Op       Vj       Vk        Qj        Qk        A   Result  X-Start    X-End
TrapUnit1        1  dumpstr 000000ce 00000000                     00000000 00000000       29       29 
TrapUnit2        1  dumpgpr ffffffff 00000000                     00000000       --       --      --
TrapUnit3        1  dumpstr 000000e4 00000000                     00000000       --       --      --

General Purpose Registers:
R0-R7:   00000000 00000003 00000004 00000003 ffffffff 000000ce 000000e4 00000000 
R8-R15:  00000000 00000000 00000000 00000000 00000000 00000000 00000000 00000000 
R16-R23: 00000000 00000000 00000000 00000000 00000000 00000000 00000000 00000000 
R24-R31: 00000000 00000000 00000000 00000000 00000000 00000000 00000000 00000000 

Floating Point Registers:
F0-F7:   00000000 00000000 00000000 00000000 00000000 00000000 00000000 00000000 
F8-F15:  00000000 00000000 00000000 00000000 00000000 00000000 00000000 00000000 
F16-F23: 00000000 00000000 00000000 00000000 00000000 00000000 00000000 00000000 
F24-F31: 00000000 00000000 00000000 00000000 00000000 00000000 00000000 00000000 

Memory:
0000: 2001007c 8c210000 20020080 8c420000 20030084 8c630000 20040088 8c840000 
0020: 2003007c 8c630000 200600e4 2005008c 44a00003 44200001 44c00003 200600e4 
0040: 200500a2 44a00003 44400001 44c00003 200600e4 200500b8 44a00003 44600001 
0060: 44c00003 200600e4 200500ce 44a00003 44800001 44c00003 44000000 00000003 
0080: 00000004 00000005 ffffffff 0a546865 2076616c 7565206f 66207231 20697320 
00a0: 00000a54 68652076 616c7565 206f6620 72322069 73200000 0a546865 2076616c 
00c0: 7565206f 66207233 20697320 00000a54 68652076 616c7565 206f6620 72342069 
00e0: 73200000 0a000000 00000000 00000000 00000000 00000000 00000000 00000000 
0100: 00000000 00000000 00000000 00000000 00000000 00000000 00000000 00000000 *


The value of r4 is End of clock cycle  30
----------------------
Trap Unit:
     Name     Busy       Op       Vj       Vk        Qj        Qk        A   Result  X-Start    X-End
TrapUnit0        1     halt 00000000 00000000                     00000000       --       --      --
TrapUnit2        1  dumpgpr ffffffff 00000000                     00000000 00000000       30       30 
TrapUnit3        1  dumpstr 000000e4 00000000                     00000000       --       --      --

General Purpose Registers:
R0-R7:   00000000 00000003 00000004 00000003 ffffffff 000000ce 000000e4 00000000 
R8-R15:  00000000 00000000 00000000 00000000 00000000 00000000 00000000 00000000 
R16-R23: 00000000 00000000 00000000 00000000 00000000 00000000 00000000 00000000 
R24-R31: 00000000 00000000 00000000 00000000 00000000 00000000 00000000 00000000 

Floating Point Registers:
F0-F7:   00000000 00000000 00000000 00000000 00000000 00000000 00000000 00000000 
F8-F15:  00000000 00000000 00000000 00000000 00000000 00000000 00000000 00000000 
F16-F23: 00000000 00000000 00000000 00000000 00000000 00000000 00000000 00000000 
F24-F31: 00000000 00000000 00000000 00000000 00000000 00000000 00000000 00000000 

Memory:
0000: 2001007c 8c210000 20020080 8c420000 20030084 8c630000 20040088 8c840000 
0020: 2003007c 8c630000 200600e4 2005008c 44a00003 44200001 44c00003 200600e4 
0040: 200500a2 44a00003 44400001 44c00003 200600e4 200500b8 44a00003 44600001 
0060: 44c00003 200600e4 200500ce 44a00003 44800001 44c00003 44000000 00000003 
0080: 00000004 00000005 ffffffff 0a546865 2076616c 7565206f 66207231 20697320 
00a0: 00000a54 68652076 616c7565 206f6620 72322069 73200000 0a546865 2076616c 
00c0: 7565206f 66207233 20697320 00000a54 68652076 616c7565 206f6620 72342069 
00e0: 73200000 0a000000 00000000 00000000 00000000 00000000 00000000 00000000 
0100: 00000000 00000000 00000000 00000000 00000000 00000000 00000000 00000000 *

-1End of clock cycle  31
----------------------
Trap Unit:
     Name     Busy       Op       Vj       Vk        Qj        Qk        A   Result  X-Start    X-End
TrapUnit0        1     halt 00000000 00000000                     00000000       --       --      --
TrapUnit3        1  dumpstr 000000e4 00000000                     00000000 00000000       31       31 

General Purpose Registers:
R0-R7:   00000000 00000003 00000004 00000003 ffffffff 000000ce 000000e4 00000000 
R8-R15:  00000000 00000000 00000000 00000000 00000000 00000000 00000000 00000000 
R16-R23: 00000000 00000000 00000000 00000000 00000000 00000000 00000000 00000000 
R24-R31: 00000000 00000000 00000000 00000000 00000000 00000000 00000000 00000000 

Floating Point Registers:
F0-F7:   00000000 00000000 00000000 00000000 00000000 00000000 00000000 00000000 
F8-F15:  00000000 00000000 00000000 00000000 00000000 00000000 00000000 00000000 
F16-F23: 00000000 00000000 00000000 00000000 00000000 00000000 00000000 00000000 
F24-F31: 00000000 00000000 00000000 00000000 00000000 00000000 00000000 00000000 

Memory:
0000: 2001007c 8c210000 20020080 8c420000 20030084 8c630000 20040088 8c840000 
0020: 2003007c 8c630000 200600e4 2005008c 44a00003 44200001 44c00003 200600e4 
0040: 200500a2 44a00003 44400001 44c00003 200600e4 200500b8 44a00003 44600001 
0060: 44c00003 200600e4 200500ce 44a00003 44800001 44c00003 44000000 00000003 
0080: 00000004 00000005 ffffffff 0a546865 2076616c 7565206f 66207231 20697320 
00a0: 00000a54 68652076 616c7565 206f6620 72322069 73200000 0a546865 2076616c 
00c0: 7565206f 66207233 20697320 00000a54 68652076 616c7565 206f6620 72342069 
00e0: 73200000 0a000000 00000000 00000000 00000000 00000000 00000000 00000000 
0100: 00000000 00000000 00000000 00000000 00000000 00000000 00000000 00000000 *


End of clock cycle  32
----------------------
Trap Unit:
     Name     Busy       Op       Vj       Vk        Qj        Qk        A   Result  X-Start    X-End
TrapUnit0        1     halt 00000000 00000000                     00000000 00000000       32       32 

General Purpose Registers:
R0-R7:   00000000 00000003 00000004 00000003 ffffffff 000000ce 000000e4 00000000 
R8-R15:  00000000 00000000 00000000 00000000 00000000 00000000 00000000 00000000 
R16-R23: 00000000 00000000 00000000 00000000 00000000 00000000 00000000 00000000 
R24-R31: 00000000 00000000 00000000 00000000 00000000 00000000 00000000 00000000 

Floating Point Registers:
F0-F7:   00000000 00000000 00000000 00000000 00000000 00000000 00000000 00000000 
F8-F15:  00000000 00000000 00000000 00000000 00000000 00000000 00000000 00000000 
F16-F23: 00000000 00000000 00000000 00000000 00000000 00000000 00000000 00000000 
F24-F31: 00000000 00000000 00000000 00000000 00000000 00000000 00000000 00000000 

Memory:
0000: 2001007c 8c210000 20020080 8c420000 20030084 8c630000 20040088 8c840000 
0020: 2003007c 8c630000 200600e4 2005008c 44a00003 44200001 44c00003 200600e4 
0040: 200500a2 44a00003 44400001 44c00003 200600e4 200500b8 44a00003 44600001 
0060: 44c00003 200600e4 200500ce 44a00003 44800001 44c00003 44000000 00000003 
0080: 00000004 00000005 ffffffff 0a546865 2076616c 7565206f 66207231 20697320 
00a0: 00000a54 68652076 616c7565 206f6620 72322069 73200000 0a546865 2076616c 
00c0: 7565206f 66207233 20697320 00000a54 68652076 616c7565 206f6620 72342069 
00e0: 73200000 0a000000 00000000 00000000 00000000 00000000 00000000 00000000 
0100: 00000000 00000000 00000000 00000000 00000000 00000000 00000000 00000000 *

End of clock cycle  33
----------------------
General Purpose Registers:
R0-R7:   00000000 00000003 00000004 00000003 ffffffff 000000ce 000000e4 00000000 
R8-R15:  00000000 00000000 00000000 00000000 00000000 00000000 00000000 00000000 
R16-R23: 00000000 00000000 00000000 00000000 00000000 00000000 00000000 00000000 
R24-R31: 00000000 00000000 00000000 00000000 00000000 00000000 00000000 00000000 

Floating Point Registers:
F0-F7:   00000000 00000000 00000000 00000000 00000000 00000000 00000000 00000000 
F8-F15:  00000000 00000000 00000000 00000000 00000000 00000000 00000000 00000000 
F16-F23: 00000000 00000000 00000000 00000000 00000000 00000000 00000000 00000000 
F24-F31: 00000000 00000000 00000000 00000000 00000000 00000000 00000000 00000000 

Memory:
0000: 2001007c 8c210000 20020080 8c420000 20030084 8c630000 20040088 8c840000 
0020: 2003007c 8c630000 200600e4 2005008c 44a00003 44200001 44c00003 200600e4 
0040: 200500a2 44a00003 44400001 44c00003 200600e4 200500b8 44a00003 44600001 
0060: 44c00003 200600e4 200500ce 44a00003 44800001 44c00003 44000000 00000003 
0080: 00000004 00000005 ffffffff 0a546865 2076616c 7565206f 66207231 20697320 
00a0: 00000a54 68652076 616c7565 206f6620 72322069 73200000 0a546865 2076616c 
00c0: 7565206f 66207233 20697320 00000a54 68652076 616c7565 206f6620 72342069 
00e0: 73200000 0a000000 00000000 00000000 00000000 00000000 00000000 00000000 
0100: 00000000 00000000 00000000 00000000 00000000 00000000 00000000 00000000 *

