End of clock cycle   0
----------------------
Memory Unit:
     Name     Busy       Op       Vj       Vk        Qj        Qk        A   Result  X-Start    X-End
 MemUnit0        1       lf 00000000 00000000                     00000034       --       --      --

General Purpose Registers:
R0-R7:   00000000 00000000 00000000 00000000 00000000 00000000 00000000 00000000 
R8-R15:  00000000 00000000 00000000 00000000 00000000 00000000 00000000 00000000 
R16-R23: 00000000 00000000 00000000 00000000 00000000 00000000 00000000 00000000 
R24-R31: 00000000 00000000 00000000 00000000 00000000 00000000 00000000 00000000 

Floating Point Registers:
F0-F7:   00000000 00000000 MemUnit0 00000000 00000000 00000000 00000000 00000000 
F8-F15:  00000000 00000000 00000000 00000000 00000000 00000000 00000000 00000000 
F16-F23: 00000000 00000000 00000000 00000000 00000000 00000000 00000000 00000000 
F24-F31: 00000000 00000000 00000000 00000000 00000000 00000000 00000000 00000000 

Memory:
0000: 98020034 2001003c 44200003 b8020038 98030038 44400002 20010056 44200003 
0020: 98040038 44800002 2001005a 44200003 44000000 c1bb3333 3fb33333 0a546865 
0040: 73652073 686f756c 64206265 20657175 616c3a20 00002c20 20000a00 00000000 
0060: 00000000 00000000 00000000 00000000 00000000 00000000 00000000 00000000 *

End of clock cycle   1
----------------------
Integer Unit:
     Name     Busy       Op       Vj       Vk        Qj        Qk        A   Result  X-Start    X-End
 IntUnit0        1     addi 00000000 00000000                     0000003c       --       --      --

Memory Unit:
     Name     Busy       Op       Vj       Vk        Qj        Qk        A   Result  X-Start    X-End
 MemUnit0        1       lf 00000000 00000000                     00000034       --        1       --

General Purpose Registers:
R0-R7:   00000000 IntUnit0 00000000 00000000 00000000 00000000 00000000 00000000 
R8-R15:  00000000 00000000 00000000 00000000 00000000 00000000 00000000 00000000 
R16-R23: 00000000 00000000 00000000 00000000 00000000 00000000 00000000 00000000 
R24-R31: 00000000 00000000 00000000 00000000 00000000 00000000 00000000 00000000 

Floating Point Registers:
F0-F7:   00000000 00000000 MemUnit0 00000000 00000000 00000000 00000000 00000000 
F8-F15:  00000000 00000000 00000000 00000000 00000000 00000000 00000000 00000000 
F16-F23: 00000000 00000000 00000000 00000000 00000000 00000000 00000000 00000000 
F24-F31: 00000000 00000000 00000000 00000000 00000000 00000000 00000000 00000000 

Memory:
0000: 98020034 2001003c 44200003 b8020038 98030038 44400002 20010056 44200003 
0020: 98040038 44800002 2001005a 44200003 44000000 c1bb3333 3fb33333 0a546865 
0040: 73652073 686f756c 64206265 20657175 616c3a20 00002c20 20000a00 00000000 
0060: 00000000 00000000 00000000 00000000 00000000 00000000 00000000 00000000 *

End of clock cycle   2
----------------------
Integer Unit:
     Name     Busy       Op       Vj       Vk        Qj        Qk        A   Result  X-Start    X-End
 IntUnit0        1     addi 00000000 00000000                     0000003c 0000003c        2        2 

Trap Unit:
     Name     Busy       Op       Vj       Vk        Qj        Qk        A   Result  X-Start    X-End
TrapUnit0        1  dumpstr 00000000 00000000  IntUnit0           00000000       --       --      --

Memory Unit:
     Name     Busy       Op       Vj       Vk        Qj        Qk        A   Result  X-Start    X-End
 MemUnit0        1       lf 00000000 00000000                     00000034 c1bb3333        1        2 

General Purpose Registers:
R0-R7:   00000000 IntUnit0 00000000 00000000 00000000 00000000 00000000 00000000 
R8-R15:  00000000 00000000 00000000 00000000 00000000 00000000 00000000 00000000 
R16-R23: 00000000 00000000 00000000 00000000 00000000 00000000 00000000 00000000 
R24-R31: 00000000 00000000 00000000 00000000 00000000 00000000 00000000 00000000 

Floating Point Registers:
F0-F7:   00000000 00000000 MemUnit0 00000000 00000000 00000000 00000000 00000000 
F8-F15:  00000000 00000000 00000000 00000000 00000000 00000000 00000000 00000000 
F16-F23: 00000000 00000000 00000000 00000000 00000000 00000000 00000000 00000000 
F24-F31: 00000000 00000000 00000000 00000000 00000000 00000000 00000000 00000000 

Memory:
0000: 98020034 2001003c 44200003 b8020038 98030038 44400002 20010056 44200003 
0020: 98040038 44800002 2001005a 44200003 44000000 c1bb3333 3fb33333 0a546865 
0040: 73652073 686f756c 64206265 20657175 616c3a20 00002c20 20000a00 00000000 
0060: 00000000 00000000 00000000 00000000 00000000 00000000 00000000 00000000 *

End of clock cycle   3
----------------------
Integer Unit:
     Name     Busy       Op       Vj       Vk        Qj        Qk        A   Result  X-Start    X-End
 IntUnit0        1     addi 00000000 00000000                     0000003c 0000003c        2        2 

Trap Unit:
     Name     Busy       Op       Vj       Vk        Qj        Qk        A   Result  X-Start    X-End
TrapUnit0        1  dumpstr 00000000 00000000  IntUnit0           00000000       --       --      --

Memory Unit:
     Name     Busy       Op       Vj       Vk        Qj        Qk        A   Result  X-Start    X-End
 MemUnit1        1       sf 00000000 c1bb3333                     00000038       --       --      --

General Purpose Registers:
R0-R7:   00000000 IntUnit0 00000000 00000000 00000000 00000000 00000000 00000000 
R8-R15:  00000000 00000000 00000000 00000000 00000000 00000000 00000000 00000000 
R16-R23: 00000000 00000000 00000000 00000000 00000000 00000000 00000000 00000000 
R24-R31: 00000000 00000000 00000000 00000000 00000000 00000000 00000000 00000000 

Floating Point Registers:
F0-F7:   00000000 00000000 c1bb3333 00000000 00000000 00000000 00000000 00000000 
F8-F15:  00000000 00000000 00000000 00000000 00000000 00000000 00000000 00000000 
F16-F23: 00000000 00000000 00000000 00000000 00000000 00000000 00000000 00000000 
F24-F31: 00000000 00000000 00000000 00000000 00000000 00000000 00000000 00000000 

Memory:
0000: 98020034 2001003c 44200003 b8020038 98030038 44400002 20010056 44200003 
0020: 98040038 44800002 2001005a 44200003 44000000 c1bb3333 3fb33333 0a546865 
0040: 73652073 686f756c 64206265 20657175 616c3a20 00002c20 20000a00 00000000 
0060: 00000000 00000000 00000000 00000000 00000000 00000000 00000000 00000000 *

End of clock cycle   4
----------------------
Trap Unit:
     Name     Busy       Op       Vj       Vk        Qj        Qk        A   Result  X-Start    X-End
TrapUnit0        1  dumpstr 0000003c 00000000                     00000000       --       --      --

Memory Unit:
     Name     Busy       Op       Vj       Vk        Qj        Qk        A   Result  X-Start    X-End
 MemUnit1        1       sf 00000000 c1bb3333                     00000038       --        4       --
 MemUnit2        1       lf 00000000 00000000                     00000038       --       --      --

General Purpose Registers:
R0-R7:   00000000 0000003c 00000000 00000000 00000000 00000000 00000000 00000000 
R8-R15:  00000000 00000000 00000000 00000000 00000000 00000000 00000000 00000000 
R16-R23: 00000000 00000000 00000000 00000000 00000000 00000000 00000000 00000000 
R24-R31: 00000000 00000000 00000000 00000000 00000000 00000000 00000000 00000000 

Floating Point Registers:
F0-F7:   00000000 00000000 c1bb3333 MemUnit2 00000000 00000000 00000000 00000000 
F8-F15:  00000000 00000000 00000000 00000000 00000000 00000000 00000000 00000000 
F16-F23: 00000000 00000000 00000000 00000000 00000000 00000000 00000000 00000000 
F24-F31: 00000000 00000000 00000000 00000000 00000000 00000000 00000000 00000000 

Memory:
0000: 98020034 2001003c 44200003 b8020038 98030038 44400002 20010056 44200003 
0020: 98040038 44800002 2001005a 44200003 44000000 c1bb3333 3fb33333 0a546865 
0040: 73652073 686f756c 64206265 20657175 616c3a20 00002c20 20000a00 00000000 
0060: 00000000 00000000 00000000 00000000 00000000 00000000 00000000 00000000 *

End of clock cycle   5
----------------------
Trap Unit:
     Name     Busy       Op       Vj       Vk        Qj        Qk        A   Result  X-Start    X-End
TrapUnit0        1  dumpstr 0000003c 00000000                     00000000 00000000        5        5 
TrapUnit1        1  dumpfpr c1bb3333 00000000                     00000000       --       --      --

Memory Unit:
     Name     Busy       Op       Vj       Vk        Qj        Qk        A   Result  X-Start    X-End
 MemUnit1        1       sf 00000000 c1bb3333                     00000038 00000000        4        5 
 MemUnit2        1       lf 00000000 00000000                     00000038       --       --      --

General Purpose Registers:
R0-R7:   00000000 0000003c 00000000 00000000 00000000 00000000 00000000 00000000 
R8-R15:  00000000 00000000 00000000 00000000 00000000 00000000 00000000 00000000 
R16-R23: 00000000 00000000 00000000 00000000 00000000 00000000 00000000 00000000 
R24-R31: 00000000 00000000 00000000 00000000 00000000 00000000 00000000 00000000 

Floating Point Registers:
F0-F7:   00000000 00000000 c1bb3333 MemUnit2 00000000 00000000 00000000 00000000 
F8-F15:  00000000 00000000 00000000 00000000 00000000 00000000 00000000 00000000 
F16-F23: 00000000 00000000 00000000 00000000 00000000 00000000 00000000 00000000 
F24-F31: 00000000 00000000 00000000 00000000 00000000 00000000 00000000 00000000 

Memory:
0000: 98020034 2001003c 44200003 b8020038 98030038 44400002 20010056 44200003 
0020: 98040038 44800002 2001005a 44200003 44000000 c1bb3333 3fb33333 0a546865 
0040: 73652073 686f756c 64206265 20657175 616c3a20 00002c20 20000a00 00000000 
0060: 00000000 00000000 00000000 00000000 00000000 00000000 00000000 00000000 *


These should be equal: End of clock cycle   6
----------------------
Integer Unit:
     Name     Busy       Op       Vj       Vk        Qj        Qk        A   Result  X-Start    X-End
 IntUnit0        1     addi 00000000 00000000                     00000056       --       --      --

Trap Unit:
     Name     Busy       Op       Vj       Vk        Qj        Qk        A   Result  X-Start    X-End
TrapUnit1        1  dumpfpr c1bb3333 00000000                     00000000 00000000        6        6 

Memory Unit:
     Name     Busy       Op       Vj       Vk        Qj        Qk        A   Result  X-Start    X-End
 MemUnit2        1       lf 00000000 00000000                     00000038       --        6       --

General Purpose Registers:
R0-R7:   00000000 IntUnit0 00000000 00000000 00000000 00000000 00000000 00000000 
R8-R15:  00000000 00000000 00000000 00000000 00000000 00000000 00000000 00000000 
R16-R23: 00000000 00000000 00000000 00000000 00000000 00000000 00000000 00000000 
R24-R31: 00000000 00000000 00000000 00000000 00000000 00000000 00000000 00000000 

Floating Point Registers:
F0-F7:   00000000 00000000 c1bb3333 MemUnit2 00000000 00000000 00000000 00000000 
F8-F15:  00000000 00000000 00000000 00000000 00000000 00000000 00000000 00000000 
F16-F23: 00000000 00000000 00000000 00000000 00000000 00000000 00000000 00000000 
F24-F31: 00000000 00000000 00000000 00000000 00000000 00000000 00000000 00000000 

Memory:
0000: 98020034 2001003c 44200003 b8020038 98030038 44400002 20010056 44200003 
0020: 98040038 44800002 2001005a 44200003 44000000 c1bb3333 c1bb3333 0a546865 
0040: 73652073 686f756c 64206265 20657175 616c3a20 00002c20 20000a00 00000000 
0060: 00000000 00000000 00000000 00000000 00000000 00000000 00000000 00000000 *

-23.4End of clock cycle   7
----------------------
Integer Unit:
     Name     Busy       Op       Vj       Vk        Qj        Qk        A   Result  X-Start    X-End
 IntUnit0        1     addi 00000000 00000000                     00000056 00000056        7        7 

Trap Unit:
     Name     Busy       Op       Vj       Vk        Qj        Qk        A   Result  X-Start    X-End
TrapUnit2        1  dumpstr 00000000 00000000  IntUnit0           00000000       --       --      --

Memory Unit:
     Name     Busy       Op       Vj       Vk        Qj        Qk        A   Result  X-Start    X-End
 MemUnit2        1       lf 00000000 00000000                     00000038 c1bb3333        6        7 

General Purpose Registers:
R0-R7:   00000000 IntUnit0 00000000 00000000 00000000 00000000 00000000 00000000 
R8-R15:  00000000 00000000 00000000 00000000 00000000 00000000 00000000 00000000 
R16-R23: 00000000 00000000 00000000 00000000 00000000 00000000 00000000 00000000 
R24-R31: 00000000 00000000 00000000 00000000 00000000 00000000 00000000 00000000 

Floating Point Registers:
F0-F7:   00000000 00000000 c1bb3333 MemUnit2 00000000 00000000 00000000 00000000 
F8-F15:  00000000 00000000 00000000 00000000 00000000 00000000 00000000 00000000 
F16-F23: 00000000 00000000 00000000 00000000 00000000 00000000 00000000 00000000 
F24-F31: 00000000 00000000 00000000 00000000 00000000 00000000 00000000 00000000 

Memory:
0000: 98020034 2001003c 44200003 b8020038 98030038 44400002 20010056 44200003 
0020: 98040038 44800002 2001005a 44200003 44000000 c1bb3333 c1bb3333 0a546865 
0040: 73652073 686f756c 64206265 20657175 616c3a20 00002c20 20000a00 00000000 
0060: 00000000 00000000 00000000 00000000 00000000 00000000 00000000 00000000 *

End of clock cycle   8
----------------------
Integer Unit:
     Name     Busy       Op       Vj       Vk        Qj        Qk        A   Result  X-Start    X-End
 IntUnit0        1     addi 00000000 00000000                     00000056 00000056        7        7 

Trap Unit:
     Name     Busy       Op       Vj       Vk        Qj        Qk        A   Result  X-Start    X-End
TrapUnit2        1  dumpstr 00000000 00000000  IntUnit0           00000000       --       --      --

Memory Unit:
     Name     Busy       Op       Vj       Vk        Qj        Qk        A   Result  X-Start    X-End
 MemUnit3        1       lf 00000000 00000000                     00000038       --       --      --

General Purpose Registers:
R0-R7:   00000000 IntUnit0 00000000 00000000 00000000 00000000 00000000 00000000 
R8-R15:  00000000 00000000 00000000 00000000 00000000 00000000 00000000 00000000 
R16-R23: 00000000 00000000 00000000 00000000 00000000 00000000 00000000 00000000 
R24-R31: 00000000 00000000 00000000 00000000 00000000 00000000 00000000 00000000 

Floating Point Registers:
F0-F7:   00000000 00000000 c1bb3333 c1bb3333 MemUnit3 00000000 00000000 00000000 
F8-F15:  00000000 00000000 00000000 00000000 00000000 00000000 00000000 00000000 
F16-F23: 00000000 00000000 00000000 00000000 00000000 00000000 00000000 00000000 
F24-F31: 00000000 00000000 00000000 00000000 00000000 00000000 00000000 00000000 

Memory:
0000: 98020034 2001003c 44200003 b8020038 98030038 44400002 20010056 44200003 
0020: 98040038 44800002 2001005a 44200003 44000000 c1bb3333 c1bb3333 0a546865 
0040: 73652073 686f756c 64206265 20657175 616c3a20 00002c20 20000a00 00000000 
0060: 00000000 00000000 00000000 00000000 00000000 00000000 00000000 00000000 *

End of clock cycle   9
----------------------
Trap Unit:
     Name     Busy       Op       Vj       Vk        Qj        Qk        A   Result  X-Start    X-End
TrapUnit2        1  dumpstr 00000056 00000000                     00000000       --       --      --
TrapUnit3        1  dumpfpr 00000000 00000000  MemUnit3           00000000       --       --      --

Memory Unit:
     Name     Busy       Op       Vj       Vk        Qj        Qk        A   Result  X-Start    X-End
 MemUnit3        1       lf 00000000 00000000                     00000038       --        9       --

General Purpose Registers:
R0-R7:   00000000 00000056 00000000 00000000 00000000 00000000 00000000 00000000 
R8-R15:  00000000 00000000 00000000 00000000 00000000 00000000 00000000 00000000 
R16-R23: 00000000 00000000 00000000 00000000 00000000 00000000 00000000 00000000 
R24-R31: 00000000 00000000 00000000 00000000 00000000 00000000 00000000 00000000 

Floating Point Registers:
F0-F7:   00000000 00000000 c1bb3333 c1bb3333 MemUnit3 00000000 00000000 00000000 
F8-F15:  00000000 00000000 00000000 00000000 00000000 00000000 00000000 00000000 
F16-F23: 00000000 00000000 00000000 00000000 00000000 00000000 00000000 00000000 
F24-F31: 00000000 00000000 00000000 00000000 00000000 00000000 00000000 00000000 

Memory:
0000: 98020034 2001003c 44200003 b8020038 98030038 44400002 20010056 44200003 
0020: 98040038 44800002 2001005a 44200003 44000000 c1bb3333 c1bb3333 0a546865 
0040: 73652073 686f756c 64206265 20657175 616c3a20 00002c20 20000a00 00000000 
0060: 00000000 00000000 00000000 00000000 00000000 00000000 00000000 00000000 *

End of clock cycle  10
----------------------
Integer Unit:
     Name     Busy       Op       Vj       Vk        Qj        Qk        A   Result  X-Start    X-End
 IntUnit0        1     addi 00000000 00000000                     0000005a       --       --      --

Trap Unit:
     Name     Busy       Op       Vj       Vk        Qj        Qk        A   Result  X-Start    X-End
TrapUnit2        1  dumpstr 00000056 00000000                     00000000 00000000       10       10 
TrapUnit3        1  dumpfpr 00000000 00000000  MemUnit3           00000000       --       --      --

Memory Unit:
     Name     Busy       Op       Vj       Vk        Qj        Qk        A   Result  X-Start    X-End
 MemUnit3        1       lf 00000000 00000000                     00000038 c1bb3333        9       10 

General Purpose Registers:
R0-R7:   00000000 IntUnit0 00000000 00000000 00000000 00000000 00000000 00000000 
R8-R15:  00000000 00000000 00000000 00000000 00000000 00000000 00000000 00000000 
R16-R23: 00000000 00000000 00000000 00000000 00000000 00000000 00000000 00000000 
R24-R31: 00000000 00000000 00000000 00000000 00000000 00000000 00000000 00000000 

Floating Point Registers:
F0-F7:   00000000 00000000 c1bb3333 c1bb3333 MemUnit3 00000000 00000000 00000000 
F8-F15:  00000000 00000000 00000000 00000000 00000000 00000000 00000000 00000000 
F16-F23: 00000000 00000000 00000000 00000000 00000000 00000000 00000000 00000000 
F24-F31: 00000000 00000000 00000000 00000000 00000000 00000000 00000000 00000000 

Memory:
0000: 98020034 2001003c 44200003 b8020038 98030038 44400002 20010056 44200003 
0020: 98040038 44800002 2001005a 44200003 44000000 c1bb3333 c1bb3333 0a546865 
0040: 73652073 686f756c 64206265 20657175 616c3a20 00002c20 20000a00 00000000 
0060: 00000000 00000000 00000000 00000000 00000000 00000000 00000000 00000000 *

,  End of clock cycle  11
----------------------
Integer Unit:
     Name     Busy       Op       Vj       Vk        Qj        Qk        A   Result  X-Start    X-End
 IntUnit0        1     addi 00000000 00000000                     0000005a 0000005a       11       11 

Trap Unit:
     Name     Busy       Op       Vj       Vk        Qj        Qk        A   Result  X-Start    X-End
TrapUnit0        1  dumpstr 00000000 00000000  IntUnit0           00000000       --       --      --
TrapUnit3        1  dumpfpr c1bb3333 00000000                     00000000       --       --      --

General Purpose Registers:
R0-R7:   00000000 IntUnit0 00000000 00000000 00000000 00000000 00000000 00000000 
R8-R15:  00000000 00000000 00000000 00000000 00000000 00000000 00000000 00000000 
R16-R23: 00000000 00000000 00000000 00000000 00000000 00000000 00000000 00000000 
R24-R31: 00000000 00000000 00000000 00000000 00000000 00000000 00000000 00000000 

Floating Point Registers:
F0-F7:   00000000 00000000 c1bb3333 c1bb3333 c1bb3333 00000000 00000000 00000000 
F8-F15:  00000000 00000000 00000000 00000000 00000000 00000000 00000000 00000000 
F16-F23: 00000000 00000000 00000000 00000000 00000000 00000000 00000000 00000000 
F24-F31: 00000000 00000000 00000000 00000000 00000000 00000000 00000000 00000000 

Memory:
0000: 98020034 2001003c 44200003 b8020038 98030038 44400002 20010056 44200003 
0020: 98040038 44800002 2001005a 44200003 44000000 c1bb3333 c1bb3333 0a546865 
0040: 73652073 686f756c 64206265 20657175 616c3a20 00002c20 20000a00 00000000 
0060: 00000000 00000000 00000000 00000000 00000000 00000000 00000000 00000000 *

End of clock cycle  12
----------------------
Trap Unit:
     Name     Busy       Op       Vj       Vk        Qj        Qk        A   Result  X-Start    X-End
TrapUnit0        1  dumpstr 0000005a 00000000                     00000000       --       --      --
TrapUnit1        1     halt 00000000 00000000                     00000000       --       --      --
TrapUnit3        1  dumpfpr c1bb3333 00000000                     00000000 00000000       12       12 

General Purpose Registers:
R0-R7:   00000000 0000005a 00000000 00000000 00000000 00000000 00000000 00000000 
R8-R15:  00000000 00000000 00000000 00000000 00000000 00000000 00000000 00000000 
R16-R23: 00000000 00000000 00000000 00000000 00000000 00000000 00000000 00000000 
R24-R31: 00000000 00000000 00000000 00000000 00000000 00000000 00000000 00000000 

Floating Point Registers:
F0-F7:   00000000 00000000 c1bb3333 c1bb3333 c1bb3333 00000000 00000000 00000000 
F8-F15:  00000000 00000000 00000000 00000000 00000000 00000000 00000000 00000000 
F16-F23: 00000000 00000000 00000000 00000000 00000000 00000000 00000000 00000000 
F24-F31: 00000000 00000000 00000000 00000000 00000000 00000000 00000000 00000000 

Memory:
0000: 98020034 2001003c 44200003 b8020038 98030038 44400002 20010056 44200003 
0020: 98040038 44800002 2001005a 44200003 44000000 c1bb3333 c1bb3333 0a546865 
0040: 73652073 686f756c 64206265 20657175 616c3a20 00002c20 20000a00 00000000 
0060: 00000000 00000000 00000000 00000000 00000000 00000000 00000000 00000000 *

-23.4End of clock cycle  13
----------------------
Trap Unit:
     Name     Busy       Op       Vj       Vk        Qj        Qk        A   Result  X-Start    X-End
TrapUnit0        1  dumpstr 0000005a 00000000                     00000000 00000000       13       13 
TrapUnit1        1     halt 00000000 00000000                     00000000       --       --      --

General Purpose Registers:
R0-R7:   00000000 0000005a 00000000 00000000 00000000 00000000 00000000 00000000 
R8-R15:  00000000 00000000 00000000 00000000 00000000 00000000 00000000 00000000 
R16-R23: 00000000 00000000 00000000 00000000 00000000 00000000 00000000 00000000 
R24-R31: 00000000 00000000 00000000 00000000 00000000 00000000 00000000 00000000 

Floating Point Registers:
F0-F7:   00000000 00000000 c1bb3333 c1bb3333 c1bb3333 00000000 00000000 00000000 
F8-F15:  00000000 00000000 00000000 00000000 00000000 00000000 00000000 00000000 
F16-F23: 00000000 00000000 00000000 00000000 00000000 00000000 00000000 00000000 
F24-F31: 00000000 00000000 00000000 00000000 00000000 00000000 00000000 00000000 

Memory:
0000: 98020034 2001003c 44200003 b8020038 98030038 44400002 20010056 44200003 
0020: 98040038 44800002 2001005a 44200003 44000000 c1bb3333 c1bb3333 0a546865 
0040: 73652073 686f756c 64206265 20657175 616c3a20 00002c20 20000a00 00000000 
0060: 00000000 00000000 00000000 00000000 00000000 00000000 00000000 00000000 *


End of clock cycle  14
----------------------
Trap Unit:
     Name     Busy       Op       Vj       Vk        Qj        Qk        A   Result  X-Start    X-End
TrapUnit1        1     halt 00000000 00000000                     00000000 00000000       14       14 

General Purpose Registers:
R0-R7:   00000000 0000005a 00000000 00000000 00000000 00000000 00000000 00000000 
R8-R15:  00000000 00000000 00000000 00000000 00000000 00000000 00000000 00000000 
R16-R23: 00000000 00000000 00000000 00000000 00000000 00000000 00000000 00000000 
R24-R31: 00000000 00000000 00000000 00000000 00000000 00000000 00000000 00000000 

Floating Point Registers:
F0-F7:   00000000 00000000 c1bb3333 c1bb3333 c1bb3333 00000000 00000000 00000000 
F8-F15:  00000000 00000000 00000000 00000000 00000000 00000000 00000000 00000000 
F16-F23: 00000000 00000000 00000000 00000000 00000000 00000000 00000000 00000000 
F24-F31: 00000000 00000000 00000000 00000000 00000000 00000000 00000000 00000000 

Memory:
0000: 98020034 2001003c 44200003 b8020038 98030038 44400002 20010056 44200003 
0020: 98040038 44800002 2001005a 44200003 44000000 c1bb3333 c1bb3333 0a546865 
0040: 73652073 686f756c 64206265 20657175 616c3a20 00002c20 20000a00 00000000 
0060: 00000000 00000000 00000000 00000000 00000000 00000000 00000000 00000000 *

End of clock cycle  15
----------------------
General Purpose Registers:
R0-R7:   00000000 0000005a 00000000 00000000 00000000 00000000 00000000 00000000 
R8-R15:  00000000 00000000 00000000 00000000 00000000 00000000 00000000 00000000 
R16-R23: 00000000 00000000 00000000 00000000 00000000 00000000 00000000 00000000 
R24-R31: 00000000 00000000 00000000 00000000 00000000 00000000 00000000 00000000 

Floating Point Registers:
F0-F7:   00000000 00000000 c1bb3333 c1bb3333 c1bb3333 00000000 00000000 00000000 
F8-F15:  00000000 00000000 00000000 00000000 00000000 00000000 00000000 00000000 
F16-F23: 00000000 00000000 00000000 00000000 00000000 00000000 00000000 00000000 
F24-F31: 00000000 00000000 00000000 00000000 00000000 00000000 00000000 00000000 

Memory:
0000: 98020034 2001003c 44200003 b8020038 98030038 44400002 20010056 44200003 
0020: 98040038 44800002 2001005a 44200003 44000000 c1bb3333 c1bb3333 0a546865 
0040: 73652073 686f756c 64206265 20657175 616c3a20 00002c20 20000a00 00000000 
0060: 00000000 00000000 00000000 00000000 00000000 00000000 00000000 00000000 *

