End of clock cycle   0
----------------------
Memory Unit:
     Name     Busy       Op       Vj       Vk        Qj        Qk        A   Result  X-Start    X-End
 MemUnit0        1       lf 00000000 00000000                     0000003c       --       --      --

General Purpose Registers:
R0-R7:   00000000 00000000 00000000 00000000 00000000 00000000 00000000 00000000 
R8-R15:  00000000 00000000 00000000 00000000 00000000 00000000 00000000 00000000 
R16-R23: 00000000 00000000 00000000 00000000 00000000 00000000 00000000 00000000 
R24-R31: 00000000 00000000 00000000 00000000 00000000 00000000 00000000 00000000 

Floating Point Registers:
F0-F7:   00000000 00000000 MemUnit0 00000000 00000000 00000000 00000000 00000000 
F8-F15:  00000000 00000000 00000000 00000000 00000000 00000000 00000000 00000000 
F16-F23: 00000000 00000000 00000000 00000000 00000000 00000000 00000000 00000000 
F24-F31: 00000000 00000000 00000000 00000000 00000000 00000000 00000000 00000000 

Memory:
0000: 9802003c 98010038 b8020038 20010040 44200003 98030038 44600002 2001005a 
0020: 44200003 9804003c 44800002 2001005e 44200003 44000000 c1bb3333 3fb33333 
0040: 0a546865 73652073 686f756c 64206265 20657175 616c3a20 00002c20 20000a00 
0060: 00000000 00000000 00000000 00000000 00000000 00000000 00000000 00000000 *

End of clock cycle   1
----------------------
Memory Unit:
     Name     Busy       Op       Vj       Vk        Qj        Qk        A   Result  X-Start    X-End
 MemUnit0        1       lf 00000000 00000000                     0000003c       --        1       --
 MemUnit1        1       lf 00000000 00000000                     00000038       --       --      --

General Purpose Registers:
R0-R7:   00000000 00000000 00000000 00000000 00000000 00000000 00000000 00000000 
R8-R15:  00000000 00000000 00000000 00000000 00000000 00000000 00000000 00000000 
R16-R23: 00000000 00000000 00000000 00000000 00000000 00000000 00000000 00000000 
R24-R31: 00000000 00000000 00000000 00000000 00000000 00000000 00000000 00000000 

Floating Point Registers:
F0-F7:   00000000 MemUnit1 MemUnit0 00000000 00000000 00000000 00000000 00000000 
F8-F15:  00000000 00000000 00000000 00000000 00000000 00000000 00000000 00000000 
F16-F23: 00000000 00000000 00000000 00000000 00000000 00000000 00000000 00000000 
F24-F31: 00000000 00000000 00000000 00000000 00000000 00000000 00000000 00000000 

Memory:
0000: 9802003c 98010038 b8020038 20010040 44200003 98030038 44600002 2001005a 
0020: 44200003 9804003c 44800002 2001005e 44200003 44000000 c1bb3333 3fb33333 
0040: 0a546865 73652073 686f756c 64206265 20657175 616c3a20 00002c20 20000a00 
0060: 00000000 00000000 00000000 00000000 00000000 00000000 00000000 00000000 *

End of clock cycle   2
----------------------
Memory Unit:
     Name     Busy       Op       Vj       Vk        Qj        Qk        A   Result  X-Start    X-End
 MemUnit0        1       lf 00000000 00000000                     0000003c 3fb33333        1        2 
 MemUnit1        1       lf 00000000 00000000                     00000038       --       --      --
 MemUnit2        1       sf 00000000 00000000            MemUnit0 00000038       --       --      --

General Purpose Registers:
R0-R7:   00000000 00000000 00000000 00000000 00000000 00000000 00000000 00000000 
R8-R15:  00000000 00000000 00000000 00000000 00000000 00000000 00000000 00000000 
R16-R23: 00000000 00000000 00000000 00000000 00000000 00000000 00000000 00000000 
R24-R31: 00000000 00000000 00000000 00000000 00000000 00000000 00000000 00000000 

Floating Point Registers:
F0-F7:   00000000 MemUnit1 MemUnit0 00000000 00000000 00000000 00000000 00000000 
F8-F15:  00000000 00000000 00000000 00000000 00000000 00000000 00000000 00000000 
F16-F23: 00000000 00000000 00000000 00000000 00000000 00000000 00000000 00000000 
F24-F31: 00000000 00000000 00000000 00000000 00000000 00000000 00000000 00000000 

Memory:
0000: 9802003c 98010038 b8020038 20010040 44200003 98030038 44600002 2001005a 
0020: 44200003 9804003c 44800002 2001005e 44200003 44000000 c1bb3333 3fb33333 
0040: 0a546865 73652073 686f756c 64206265 20657175 616c3a20 00002c20 20000a00 
0060: 00000000 00000000 00000000 00000000 00000000 00000000 00000000 00000000 *

End of clock cycle   3
----------------------
Integer Unit:
     Name     Busy       Op       Vj       Vk        Qj        Qk        A   Result  X-Start    X-End
 IntUnit0        1     addi 00000000 00000000                     00000040       --       --      --

Memory Unit:
     Name     Busy       Op       Vj       Vk        Qj        Qk        A   Result  X-Start    X-End
 MemUnit1        1       lf 00000000 00000000                     00000038       --        3       --
 MemUnit2        1       sf 00000000 3fb33333                     00000038       --       --      --

General Purpose Registers:
R0-R7:   00000000 IntUnit0 00000000 00000000 00000000 00000000 00000000 00000000 
R8-R15:  00000000 00000000 00000000 00000000 00000000 00000000 00000000 00000000 
R16-R23: 00000000 00000000 00000000 00000000 00000000 00000000 00000000 00000000 
R24-R31: 00000000 00000000 00000000 00000000 00000000 00000000 00000000 00000000 

Floating Point Registers:
F0-F7:   00000000 MemUnit1 3fb33333 00000000 00000000 00000000 00000000 00000000 
F8-F15:  00000000 00000000 00000000 00000000 00000000 00000000 00000000 00000000 
F16-F23: 00000000 00000000 00000000 00000000 00000000 00000000 00000000 00000000 
F24-F31: 00000000 00000000 00000000 00000000 00000000 00000000 00000000 00000000 

Memory:
0000: 9802003c 98010038 b8020038 20010040 44200003 98030038 44600002 2001005a 
0020: 44200003 9804003c 44800002 2001005e 44200003 44000000 c1bb3333 3fb33333 
0040: 0a546865 73652073 686f756c 64206265 20657175 616c3a20 00002c20 20000a00 
0060: 00000000 00000000 00000000 00000000 00000000 00000000 00000000 00000000 *

End of clock cycle   4
----------------------
Integer Unit:
     Name     Busy       Op       Vj       Vk        Qj        Qk        A   Result  X-Start    X-End
 IntUnit0        1     addi 00000000 00000000                     00000040 00000040        4        4 

Trap Unit:
     Name     Busy       Op       Vj       Vk        Qj        Qk        A   Result  X-Start    X-End
TrapUnit0        1  dumpstr 00000000 00000000  IntUnit0           00000000       --       --      --

Memory Unit:
     Name     Busy       Op       Vj       Vk        Qj        Qk        A   Result  X-Start    X-End
 MemUnit1        1       lf 00000000 00000000                     00000038 c1bb3333        3        4 
 MemUnit2        1       sf 00000000 3fb33333                     00000038       --       --      --

General Purpose Registers:
R0-R7:   00000000 IntUnit0 00000000 00000000 00000000 00000000 00000000 00000000 
R8-R15:  00000000 00000000 00000000 00000000 00000000 00000000 00000000 00000000 
R16-R23: 00000000 00000000 00000000 00000000 00000000 00000000 00000000 00000000 
R24-R31: 00000000 00000000 00000000 00000000 00000000 00000000 00000000 00000000 

Floating Point Registers:
F0-F7:   00000000 MemUnit1 3fb33333 00000000 00000000 00000000 00000000 00000000 
F8-F15:  00000000 00000000 00000000 00000000 00000000 00000000 00000000 00000000 
F16-F23: 00000000 00000000 00000000 00000000 00000000 00000000 00000000 00000000 
F24-F31: 00000000 00000000 00000000 00000000 00000000 00000000 00000000 00000000 

Memory:
0000: 9802003c 98010038 b8020038 20010040 44200003 98030038 44600002 2001005a 
0020: 44200003 9804003c 44800002 2001005e 44200003 44000000 c1bb3333 3fb33333 
0040: 0a546865 73652073 686f756c 64206265 20657175 616c3a20 00002c20 20000a00 
0060: 00000000 00000000 00000000 00000000 00000000 00000000 00000000 00000000 *

End of clock cycle   5
----------------------
Integer Unit:
     Name     Busy       Op       Vj       Vk        Qj        Qk        A   Result  X-Start    X-End
 IntUnit0        1     addi 00000000 00000000                     00000040 00000040        4        4 

Trap Unit:
     Name     Busy       Op       Vj       Vk        Qj        Qk        A   Result  X-Start    X-End
TrapUnit0        1  dumpstr 00000000 00000000  IntUnit0           00000000       --       --      --

Memory Unit:
     Name     Busy       Op       Vj       Vk        Qj        Qk        A   Result  X-Start    X-End
 MemUnit2        1       sf 00000000 3fb33333                     00000038       --        5       --
 MemUnit3        1       lf 00000000 00000000                     00000038       --       --      --

General Purpose Registers:
R0-R7:   00000000 IntUnit0 00000000 00000000 00000000 00000000 00000000 00000000 
R8-R15:  00000000 00000000 00000000 00000000 00000000 00000000 00000000 00000000 
R16-R23: 00000000 00000000 00000000 00000000 00000000 00000000 00000000 00000000 
R24-R31: 00000000 00000000 00000000 00000000 00000000 00000000 00000000 00000000 

Floating Point Registers:
F0-F7:   00000000 c1bb3333 3fb33333 MemUnit3 00000000 00000000 00000000 00000000 
F8-F15:  00000000 00000000 00000000 00000000 00000000 00000000 00000000 00000000 
F16-F23: 00000000 00000000 00000000 00000000 00000000 00000000 00000000 00000000 
F24-F31: 00000000 00000000 00000000 00000000 00000000 00000000 00000000 00000000 

Memory:
0000: 9802003c 98010038 b8020038 20010040 44200003 98030038 44600002 2001005a 
0020: 44200003 9804003c 44800002 2001005e 44200003 44000000 c1bb3333 3fb33333 
0040: 0a546865 73652073 686f756c 64206265 20657175 616c3a20 00002c20 20000a00 
0060: 00000000 00000000 00000000 00000000 00000000 00000000 00000000 00000000 *

End of clock cycle   6
----------------------
Trap Unit:
     Name     Busy       Op       Vj       Vk        Qj        Qk        A   Result  X-Start    X-End
TrapUnit0        1  dumpstr 00000040 00000000                     00000000       --       --      --
TrapUnit1        1  dumpfpr 00000000 00000000  MemUnit3           00000000       --       --      --

Memory Unit:
     Name     Busy       Op       Vj       Vk        Qj        Qk        A   Result  X-Start    X-End
 MemUnit2        1       sf 00000000 3fb33333                     00000038 00000000        5        6 
 MemUnit3        1       lf 00000000 00000000                     00000038       --       --      --

General Purpose Registers:
R0-R7:   00000000 00000040 00000000 00000000 00000000 00000000 00000000 00000000 
R8-R15:  00000000 00000000 00000000 00000000 00000000 00000000 00000000 00000000 
R16-R23: 00000000 00000000 00000000 00000000 00000000 00000000 00000000 00000000 
R24-R31: 00000000 00000000 00000000 00000000 00000000 00000000 00000000 00000000 

Floating Point Registers:
F0-F7:   00000000 c1bb3333 3fb33333 MemUnit3 00000000 00000000 00000000 00000000 
F8-F15:  00000000 00000000 00000000 00000000 00000000 00000000 00000000 00000000 
F16-F23: 00000000 00000000 00000000 00000000 00000000 00000000 00000000 00000000 
F24-F31: 00000000 00000000 00000000 00000000 00000000 00000000 00000000 00000000 

Memory:
0000: 9802003c 98010038 b8020038 20010040 44200003 98030038 44600002 2001005a 
0020: 44200003 9804003c 44800002 2001005e 44200003 44000000 c1bb3333 3fb33333 
0040: 0a546865 73652073 686f756c 64206265 20657175 616c3a20 00002c20 20000a00 
0060: 00000000 00000000 00000000 00000000 00000000 00000000 00000000 00000000 *

End of clock cycle   7
----------------------
Integer Unit:
     Name     Busy       Op       Vj       Vk        Qj        Qk        A   Result  X-Start    X-End
 IntUnit0        1     addi 00000000 00000000                     0000005a       --       --      --

Trap Unit:
     Name     Busy       Op       Vj       Vk        Qj        Qk        A   Result  X-Start    X-End
TrapUnit0        1  dumpstr 00000040 00000000                     00000000 00000000        7        7 
TrapUnit1        1  dumpfpr 00000000 00000000  MemUnit3           00000000       --       --      --

Memory Unit:
     Name     Busy       Op       Vj       Vk        Qj        Qk        A   Result  X-Start    X-End
 MemUnit3        1       lf 00000000 00000000                     00000038       --        7       --

General Purpose Registers:
R0-R7:   00000000 IntUnit0 00000000 00000000 00000000 00000000 00000000 00000000 
R8-R15:  00000000 00000000 00000000 00000000 00000000 00000000 00000000 00000000 
R16-R23: 00000000 00000000 00000000 00000000 00000000 00000000 00000000 00000000 
R24-R31: 00000000 00000000 00000000 00000000 00000000 00000000 00000000 00000000 

Floating Point Registers:
F0-F7:   00000000 c1bb3333 3fb33333 MemUnit3 00000000 00000000 00000000 00000000 
F8-F15:  00000000 00000000 00000000 00000000 00000000 00000000 00000000 00000000 
F16-F23: 00000000 00000000 00000000 00000000 00000000 00000000 00000000 00000000 
F24-F31: 00000000 00000000 00000000 00000000 00000000 00000000 00000000 00000000 

Memory:
0000: 9802003c 98010038 b8020038 20010040 44200003 98030038 44600002 2001005a 
0020: 44200003 9804003c 44800002 2001005e 44200003 44000000 3fb33333 3fb33333 
0040: 0a546865 73652073 686f756c 64206265 20657175 616c3a20 00002c20 20000a00 
0060: 00000000 00000000 00000000 00000000 00000000 00000000 00000000 00000000 *


These should be equal: End of clock cycle   8
----------------------
Integer Unit:
     Name     Busy       Op       Vj       Vk        Qj        Qk        A   Result  X-Start    X-End
 IntUnit0        1     addi 00000000 00000000                     0000005a 0000005a        8        8 

Trap Unit:
     Name     Busy       Op       Vj       Vk        Qj        Qk        A   Result  X-Start    X-End
TrapUnit1        1  dumpfpr 00000000 00000000  MemUnit3           00000000       --       --      --
TrapUnit2        1  dumpstr 00000000 00000000  IntUnit0           00000000       --       --      --

Memory Unit:
     Name     Busy       Op       Vj       Vk        Qj        Qk        A   Result  X-Start    X-End
 MemUnit3        1       lf 00000000 00000000                     00000038 3fb33333        7        8 

General Purpose Registers:
R0-R7:   00000000 IntUnit0 00000000 00000000 00000000 00000000 00000000 00000000 
R8-R15:  00000000 00000000 00000000 00000000 00000000 00000000 00000000 00000000 
R16-R23: 00000000 00000000 00000000 00000000 00000000 00000000 00000000 00000000 
R24-R31: 00000000 00000000 00000000 00000000 00000000 00000000 00000000 00000000 

Floating Point Registers:
F0-F7:   00000000 c1bb3333 3fb33333 MemUnit3 00000000 00000000 00000000 00000000 
F8-F15:  00000000 00000000 00000000 00000000 00000000 00000000 00000000 00000000 
F16-F23: 00000000 00000000 00000000 00000000 00000000 00000000 00000000 00000000 
F24-F31: 00000000 00000000 00000000 00000000 00000000 00000000 00000000 00000000 

Memory:
0000: 9802003c 98010038 b8020038 20010040 44200003 98030038 44600002 2001005a 
0020: 44200003 9804003c 44800002 2001005e 44200003 44000000 3fb33333 3fb33333 
0040: 0a546865 73652073 686f756c 64206265 20657175 616c3a20 00002c20 20000a00 
0060: 00000000 00000000 00000000 00000000 00000000 00000000 00000000 00000000 *

End of clock cycle   9
----------------------
Integer Unit:
     Name     Busy       Op       Vj       Vk        Qj        Qk        A   Result  X-Start    X-End
 IntUnit0        1     addi 00000000 00000000                     0000005a 0000005a        8        8 

Trap Unit:
     Name     Busy       Op       Vj       Vk        Qj        Qk        A   Result  X-Start    X-End
TrapUnit1        1  dumpfpr 3fb33333 00000000                     00000000       --       --      --
TrapUnit2        1  dumpstr 00000000 00000000  IntUnit0           00000000       --       --      --

Memory Unit:
     Name     Busy       Op       Vj       Vk        Qj        Qk        A   Result  X-Start    X-End
 MemUnit4        1       lf 00000000 00000000                     0000003c       --       --      --

General Purpose Registers:
R0-R7:   00000000 IntUnit0 00000000 00000000 00000000 00000000 00000000 00000000 
R8-R15:  00000000 00000000 00000000 00000000 00000000 00000000 00000000 00000000 
R16-R23: 00000000 00000000 00000000 00000000 00000000 00000000 00000000 00000000 
R24-R31: 00000000 00000000 00000000 00000000 00000000 00000000 00000000 00000000 

Floating Point Registers:
F0-F7:   00000000 c1bb3333 3fb33333 3fb33333 MemUnit4 00000000 00000000 00000000 
F8-F15:  00000000 00000000 00000000 00000000 00000000 00000000 00000000 00000000 
F16-F23: 00000000 00000000 00000000 00000000 00000000 00000000 00000000 00000000 
F24-F31: 00000000 00000000 00000000 00000000 00000000 00000000 00000000 00000000 

Memory:
0000: 9802003c 98010038 b8020038 20010040 44200003 98030038 44600002 2001005a 
0020: 44200003 9804003c 44800002 2001005e 44200003 44000000 3fb33333 3fb33333 
0040: 0a546865 73652073 686f756c 64206265 20657175 616c3a20 00002c20 20000a00 
0060: 00000000 00000000 00000000 00000000 00000000 00000000 00000000 00000000 *

End of clock cycle  10
----------------------
Trap Unit:
     Name     Busy       Op       Vj       Vk        Qj        Qk        A   Result  X-Start    X-End
TrapUnit1        1  dumpfpr 3fb33333 00000000                     00000000 00000000       10       10 
TrapUnit2        1  dumpstr 0000005a 00000000                     00000000       --       --      --
TrapUnit3        1  dumpfpr 00000000 00000000  MemUnit4           00000000       --       --      --

Memory Unit:
     Name     Busy       Op       Vj       Vk        Qj        Qk        A   Result  X-Start    X-End
 MemUnit4        1       lf 00000000 00000000                     0000003c       --       10       --

General Purpose Registers:
R0-R7:   00000000 0000005a 00000000 00000000 00000000 00000000 00000000 00000000 
R8-R15:  00000000 00000000 00000000 00000000 00000000 00000000 00000000 00000000 
R16-R23: 00000000 00000000 00000000 00000000 00000000 00000000 00000000 00000000 
R24-R31: 00000000 00000000 00000000 00000000 00000000 00000000 00000000 00000000 

Floating Point Registers:
F0-F7:   00000000 c1bb3333 3fb33333 3fb33333 MemUnit4 00000000 00000000 00000000 
F8-F15:  00000000 00000000 00000000 00000000 00000000 00000000 00000000 00000000 
F16-F23: 00000000 00000000 00000000 00000000 00000000 00000000 00000000 00000000 
F24-F31: 00000000 00000000 00000000 00000000 00000000 00000000 00000000 00000000 

Memory:
0000: 9802003c 98010038 b8020038 20010040 44200003 98030038 44600002 2001005a 
0020: 44200003 9804003c 44800002 2001005e 44200003 44000000 3fb33333 3fb33333 
0040: 0a546865 73652073 686f756c 64206265 20657175 616c3a20 00002c20 20000a00 
0060: 00000000 00000000 00000000 00000000 00000000 00000000 00000000 00000000 *

1.4End of clock cycle  11
----------------------
Integer Unit:
     Name     Busy       Op       Vj       Vk        Qj        Qk        A   Result  X-Start    X-End
 IntUnit0        1     addi 00000000 00000000                     0000005e       --       --      --

Trap Unit:
     Name     Busy       Op       Vj       Vk        Qj        Qk        A   Result  X-Start    X-End
TrapUnit2        1  dumpstr 0000005a 00000000                     00000000 00000000       11       11 
TrapUnit3        1  dumpfpr 00000000 00000000  MemUnit4           00000000       --       --      --

Memory Unit:
     Name     Busy       Op       Vj       Vk        Qj        Qk        A   Result  X-Start    X-End
 MemUnit4        1       lf 00000000 00000000                     0000003c 3fb33333       10       11 

General Purpose Registers:
R0-R7:   00000000 IntUnit0 00000000 00000000 00000000 00000000 00000000 00000000 
R8-R15:  00000000 00000000 00000000 00000000 00000000 00000000 00000000 00000000 
R16-R23: 00000000 00000000 00000000 00000000 00000000 00000000 00000000 00000000 
R24-R31: 00000000 00000000 00000000 00000000 00000000 00000000 00000000 00000000 

Floating Point Registers:
F0-F7:   00000000 c1bb3333 3fb33333 3fb33333 MemUnit4 00000000 00000000 00000000 
F8-F15:  00000000 00000000 00000000 00000000 00000000 00000000 00000000 00000000 
F16-F23: 00000000 00000000 00000000 00000000 00000000 00000000 00000000 00000000 
F24-F31: 00000000 00000000 00000000 00000000 00000000 00000000 00000000 00000000 

Memory:
0000: 9802003c 98010038 b8020038 20010040 44200003 98030038 44600002 2001005a 
0020: 44200003 9804003c 44800002 2001005e 44200003 44000000 3fb33333 3fb33333 
0040: 0a546865 73652073 686f756c 64206265 20657175 616c3a20 00002c20 20000a00 
0060: 00000000 00000000 00000000 00000000 00000000 00000000 00000000 00000000 *

,  End of clock cycle  12
----------------------
Integer Unit:
     Name     Busy       Op       Vj       Vk        Qj        Qk        A   Result  X-Start    X-End
 IntUnit0        1     addi 00000000 00000000                     0000005e 0000005e       12       12 

Trap Unit:
     Name     Busy       Op       Vj       Vk        Qj        Qk        A   Result  X-Start    X-End
TrapUnit0        1  dumpstr 00000000 00000000  IntUnit0           00000000       --       --      --
TrapUnit3        1  dumpfpr 3fb33333 00000000                     00000000       --       --      --

General Purpose Registers:
R0-R7:   00000000 IntUnit0 00000000 00000000 00000000 00000000 00000000 00000000 
R8-R15:  00000000 00000000 00000000 00000000 00000000 00000000 00000000 00000000 
R16-R23: 00000000 00000000 00000000 00000000 00000000 00000000 00000000 00000000 
R24-R31: 00000000 00000000 00000000 00000000 00000000 00000000 00000000 00000000 

Floating Point Registers:
F0-F7:   00000000 c1bb3333 3fb33333 3fb33333 3fb33333 00000000 00000000 00000000 
F8-F15:  00000000 00000000 00000000 00000000 00000000 00000000 00000000 00000000 
F16-F23: 00000000 00000000 00000000 00000000 00000000 00000000 00000000 00000000 
F24-F31: 00000000 00000000 00000000 00000000 00000000 00000000 00000000 00000000 

Memory:
0000: 9802003c 98010038 b8020038 20010040 44200003 98030038 44600002 2001005a 
0020: 44200003 9804003c 44800002 2001005e 44200003 44000000 3fb33333 3fb33333 
0040: 0a546865 73652073 686f756c 64206265 20657175 616c3a20 00002c20 20000a00 
0060: 00000000 00000000 00000000 00000000 00000000 00000000 00000000 00000000 *

End of clock cycle  13
----------------------
Trap Unit:
     Name     Busy       Op       Vj       Vk        Qj        Qk        A   Result  X-Start    X-End
TrapUnit0        1  dumpstr 0000005e 00000000                     00000000       --       --      --
TrapUnit1        1     halt 00000000 00000000                     00000000       --       --      --
TrapUnit3        1  dumpfpr 3fb33333 00000000                     00000000 00000000       13       13 

General Purpose Registers:
R0-R7:   00000000 0000005e 00000000 00000000 00000000 00000000 00000000 00000000 
R8-R15:  00000000 00000000 00000000 00000000 00000000 00000000 00000000 00000000 
R16-R23: 00000000 00000000 00000000 00000000 00000000 00000000 00000000 00000000 
R24-R31: 00000000 00000000 00000000 00000000 00000000 00000000 00000000 00000000 

Floating Point Registers:
F0-F7:   00000000 c1bb3333 3fb33333 3fb33333 3fb33333 00000000 00000000 00000000 
F8-F15:  00000000 00000000 00000000 00000000 00000000 00000000 00000000 00000000 
F16-F23: 00000000 00000000 00000000 00000000 00000000 00000000 00000000 00000000 
F24-F31: 00000000 00000000 00000000 00000000 00000000 00000000 00000000 00000000 

Memory:
0000: 9802003c 98010038 b8020038 20010040 44200003 98030038 44600002 2001005a 
0020: 44200003 9804003c 44800002 2001005e 44200003 44000000 3fb33333 3fb33333 
0040: 0a546865 73652073 686f756c 64206265 20657175 616c3a20 00002c20 20000a00 
0060: 00000000 00000000 00000000 00000000 00000000 00000000 00000000 00000000 *

1.4End of clock cycle  14
----------------------
Trap Unit:
     Name     Busy       Op       Vj       Vk        Qj        Qk        A   Result  X-Start    X-End
TrapUnit0        1  dumpstr 0000005e 00000000                     00000000 00000000       14       14 
TrapUnit1        1     halt 00000000 00000000                     00000000       --       --      --

General Purpose Registers:
R0-R7:   00000000 0000005e 00000000 00000000 00000000 00000000 00000000 00000000 
R8-R15:  00000000 00000000 00000000 00000000 00000000 00000000 00000000 00000000 
R16-R23: 00000000 00000000 00000000 00000000 00000000 00000000 00000000 00000000 
R24-R31: 00000000 00000000 00000000 00000000 00000000 00000000 00000000 00000000 

Floating Point Registers:
F0-F7:   00000000 c1bb3333 3fb33333 3fb33333 3fb33333 00000000 00000000 00000000 
F8-F15:  00000000 00000000 00000000 00000000 00000000 00000000 00000000 00000000 
F16-F23: 00000000 00000000 00000000 00000000 00000000 00000000 00000000 00000000 
F24-F31: 00000000 00000000 00000000 00000000 00000000 00000000 00000000 00000000 

Memory:
0000: 9802003c 98010038 b8020038 20010040 44200003 98030038 44600002 2001005a 
0020: 44200003 9804003c 44800002 2001005e 44200003 44000000 3fb33333 3fb33333 
0040: 0a546865 73652073 686f756c 64206265 20657175 616c3a20 00002c20 20000a00 
0060: 00000000 00000000 00000000 00000000 00000000 00000000 00000000 00000000 *


End of clock cycle  15
----------------------
Trap Unit:
     Name     Busy       Op       Vj       Vk        Qj        Qk        A   Result  X-Start    X-End
TrapUnit1        1     halt 00000000 00000000                     00000000 00000000       15       15 

General Purpose Registers:
R0-R7:   00000000 0000005e 00000000 00000000 00000000 00000000 00000000 00000000 
R8-R15:  00000000 00000000 00000000 00000000 00000000 00000000 00000000 00000000 
R16-R23: 00000000 00000000 00000000 00000000 00000000 00000000 00000000 00000000 
R24-R31: 00000000 00000000 00000000 00000000 00000000 00000000 00000000 00000000 

Floating Point Registers:
F0-F7:   00000000 c1bb3333 3fb33333 3fb33333 3fb33333 00000000 00000000 00000000 
F8-F15:  00000000 00000000 00000000 00000000 00000000 00000000 00000000 00000000 
F16-F23: 00000000 00000000 00000000 00000000 00000000 00000000 00000000 00000000 
F24-F31: 00000000 00000000 00000000 00000000 00000000 00000000 00000000 00000000 

Memory:
0000: 9802003c 98010038 b8020038 20010040 44200003 98030038 44600002 2001005a 
0020: 44200003 9804003c 44800002 2001005e 44200003 44000000 3fb33333 3fb33333 
0040: 0a546865 73652073 686f756c 64206265 20657175 616c3a20 00002c20 20000a00 
0060: 00000000 00000000 00000000 00000000 00000000 00000000 00000000 00000000 *

End of clock cycle  16
----------------------
General Purpose Registers:
R0-R7:   00000000 0000005e 00000000 00000000 00000000 00000000 00000000 00000000 
R8-R15:  00000000 00000000 00000000 00000000 00000000 00000000 00000000 00000000 
R16-R23: 00000000 00000000 00000000 00000000 00000000 00000000 00000000 00000000 
R24-R31: 00000000 00000000 00000000 00000000 00000000 00000000 00000000 00000000 

Floating Point Registers:
F0-F7:   00000000 c1bb3333 3fb33333 3fb33333 3fb33333 00000000 00000000 00000000 
F8-F15:  00000000 00000000 00000000 00000000 00000000 00000000 00000000 00000000 
F16-F23: 00000000 00000000 00000000 00000000 00000000 00000000 00000000 00000000 
F24-F31: 00000000 00000000 00000000 00000000 00000000 00000000 00000000 00000000 

Memory:
0000: 9802003c 98010038 b8020038 20010040 44200003 98030038 44600002 2001005a 
0020: 44200003 9804003c 44800002 2001005e 44200003 44000000 3fb33333 3fb33333 
0040: 0a546865 73652073 686f756c 64206265 20657175 616c3a20 00002c20 20000a00 
0060: 00000000 00000000 00000000 00000000 00000000 00000000 00000000 00000000 *

