End of clock cycle   0
----------------------
Integer Unit:
     Name     Busy       Op       Vj       Vk        Qj        Qk        A   Result  X-Start    X-End
 IntUnit0        1     addi 00000000 00000000                     00000021       --       --      --

General Purpose Registers:
R0-R7:   00000000 IntUnit0 00000000 00000000 00000000 00000000 00000000 00000000 
R8-R15:  00000000 00000000 00000000 00000000 00000000 00000000 00000000 00000000 
R16-R23: 00000000 00000000 00000000 00000000 00000000 00000000 00000000 00000000 
R24-R31: 00000000 00000000 00000000 00000000 00000000 00000000 00000000 00000000 

Floating Point Registers:
F0-F7:   00000000 00000000 00000000 00000000 00000000 00000000 00000000 00000000 
F8-F15:  00000000 00000000 00000000 00000000 00000000 00000000 00000000 00000000 
F16-R23: 00000000 00000000 00000000 00000000 00000000 00000000 00000000 00000000 
F24-F31: 00000000 00000000 00000000 00000000 00000000 00000000 00000000 00000000 

Memory:
0000: 20410021 00200835 00201032 00401034 20030034 44600003 44200001 20040044 
0020: 44800003 44400001 2005006a 44a00003 44000000 0a546869 73206e75 6d626572 
0040: 3a200000 0a73686f 756c6420 62652074 68652073 616d6520 61732074 68697320 
0060: 6e756d62 65723a20 00000a00 00000000 00000000 00000000 00000000 00000000 
0080: 00000000 00000000 00000000 00000000 00000000 00000000 00000000 00000000 *

End of clock cycle   1
----------------------
Integer Unit:
     Name     Busy       Op       Vj       Vk        Qj        Qk        A   Result  X-Start    X-End
 IntUnit0        1     addi 00000000 00000000                     00000021 00000021        1        1 
 IntUnit1        1  movi2fp 00000000 00000000  IntUnit0           00000000       --       --      --

General Purpose Registers:
R0-R7:   00000000 IntUnit0 00000000 00000000 00000000 00000000 00000000 00000000 
R8-R15:  00000000 00000000 00000000 00000000 00000000 00000000 00000000 00000000 
R16-R23: 00000000 00000000 00000000 00000000 00000000 00000000 00000000 00000000 
R24-R31: 00000000 00000000 00000000 00000000 00000000 00000000 00000000 00000000 

Floating Point Registers:
F0-F7:   00000000 IntUnit1 00000000 00000000 00000000 00000000 00000000 00000000 
F8-F15:  00000000 00000000 00000000 00000000 00000000 00000000 00000000 00000000 
F16-R23: 00000000 00000000 00000000 00000000 00000000 00000000 00000000 00000000 
F24-F31: 00000000 00000000 00000000 00000000 00000000 00000000 00000000 00000000 

Memory:
0000: 20410021 00200835 00201032 00401034 20030034 44600003 44200001 20040044 
0020: 44800003 44400001 2005006a 44a00003 44000000 0a546869 73206e75 6d626572 
0040: 3a200000 0a73686f 756c6420 62652074 68652073 616d6520 61732074 68697320 
0060: 6e756d62 65723a20 00000a00 00000000 00000000 00000000 00000000 00000000 
0080: 00000000 00000000 00000000 00000000 00000000 00000000 00000000 00000000 *

End of clock cycle   2
----------------------
Integer Unit:
     Name     Busy       Op       Vj       Vk        Qj        Qk        A   Result  X-Start    X-End
 IntUnit1        1  movi2fp 00000021 00000000                     00000000       --       --      --
 IntUnit2        1     movf 00000000 00000000  IntUnit1           00000000       --       --      --

General Purpose Registers:
R0-R7:   00000000 00000021 00000000 00000000 00000000 00000000 00000000 00000000 
R8-R15:  00000000 00000000 00000000 00000000 00000000 00000000 00000000 00000000 
R16-R23: 00000000 00000000 00000000 00000000 00000000 00000000 00000000 00000000 
R24-R31: 00000000 00000000 00000000 00000000 00000000 00000000 00000000 00000000 

Floating Point Registers:
F0-F7:   00000000 IntUnit1 IntUnit2 00000000 00000000 00000000 00000000 00000000 
F8-F15:  00000000 00000000 00000000 00000000 00000000 00000000 00000000 00000000 
F16-R23: 00000000 00000000 00000000 00000000 00000000 00000000 00000000 00000000 
F24-F31: 00000000 00000000 00000000 00000000 00000000 00000000 00000000 00000000 

Memory:
0000: 20410021 00200835 00201032 00401034 20030034 44600003 44200001 20040044 
0020: 44800003 44400001 2005006a 44a00003 44000000 0a546869 73206e75 6d626572 
0040: 3a200000 0a73686f 756c6420 62652074 68652073 616d6520 61732074 68697320 
0060: 6e756d62 65723a20 00000a00 00000000 00000000 00000000 00000000 00000000 
0080: 00000000 00000000 00000000 00000000 00000000 00000000 00000000 00000000 *

End of clock cycle   3
----------------------
Integer Unit:
     Name     Busy       Op       Vj       Vk        Qj        Qk        A   Result  X-Start    X-End
 IntUnit0        1  movfp2i 00000000 00000000  IntUnit2           00000000       --       --      --
 IntUnit1        1  movi2fp 00000021 00000000                     00000000 00000021        3        3 
 IntUnit2        1     movf 00000000 00000000  IntUnit1           00000000       --       --      --

General Purpose Registers:
R0-R7:   00000000 00000021 IntUnit0 00000000 00000000 00000000 00000000 00000000 
R8-R15:  00000000 00000000 00000000 00000000 00000000 00000000 00000000 00000000 
R16-R23: 00000000 00000000 00000000 00000000 00000000 00000000 00000000 00000000 
R24-R31: 00000000 00000000 00000000 00000000 00000000 00000000 00000000 00000000 

Floating Point Registers:
F0-F7:   00000000 IntUnit1 IntUnit2 00000000 00000000 00000000 00000000 00000000 
F8-F15:  00000000 00000000 00000000 00000000 00000000 00000000 00000000 00000000 
F16-R23: 00000000 00000000 00000000 00000000 00000000 00000000 00000000 00000000 
F24-F31: 00000000 00000000 00000000 00000000 00000000 00000000 00000000 00000000 

Memory:
0000: 20410021 00200835 00201032 00401034 20030034 44600003 44200001 20040044 
0020: 44800003 44400001 2005006a 44a00003 44000000 0a546869 73206e75 6d626572 
0040: 3a200000 0a73686f 756c6420 62652074 68652073 616d6520 61732074 68697320 
0060: 6e756d62 65723a20 00000a00 00000000 00000000 00000000 00000000 00000000 
0080: 00000000 00000000 00000000 00000000 00000000 00000000 00000000 00000000 *

End of clock cycle   4
----------------------
Integer Unit:
     Name     Busy       Op       Vj       Vk        Qj        Qk        A   Result  X-Start    X-End
 IntUnit0        1  movfp2i 00000000 00000000  IntUnit2           00000000       --       --      --
 IntUnit2        1     movf 00000021 00000000                     00000000       --       --      --
 IntUnit3        1     addi 00000000 00000000                     00000034       --       --      --

General Purpose Registers:
R0-R7:   00000000 00000021 IntUnit0 IntUnit3 00000000 00000000 00000000 00000000 
R8-R15:  00000000 00000000 00000000 00000000 00000000 00000000 00000000 00000000 
R16-R23: 00000000 00000000 00000000 00000000 00000000 00000000 00000000 00000000 
R24-R31: 00000000 00000000 00000000 00000000 00000000 00000000 00000000 00000000 

Floating Point Registers:
F0-F7:   00000000 00000021 IntUnit2 00000000 00000000 00000000 00000000 00000000 
F8-F15:  00000000 00000000 00000000 00000000 00000000 00000000 00000000 00000000 
F16-R23: 00000000 00000000 00000000 00000000 00000000 00000000 00000000 00000000 
F24-F31: 00000000 00000000 00000000 00000000 00000000 00000000 00000000 00000000 

Memory:
0000: 20410021 00200835 00201032 00401034 20030034 44600003 44200001 20040044 
0020: 44800003 44400001 2005006a 44a00003 44000000 0a546869 73206e75 6d626572 
0040: 3a200000 0a73686f 756c6420 62652074 68652073 616d6520 61732074 68697320 
0060: 6e756d62 65723a20 00000a00 00000000 00000000 00000000 00000000 00000000 
0080: 00000000 00000000 00000000 00000000 00000000 00000000 00000000 00000000 *

End of clock cycle   5
----------------------
Integer Unit:
     Name     Busy       Op       Vj       Vk        Qj        Qk        A   Result  X-Start    X-End
 IntUnit0        1  movfp2i 00000000 00000000  IntUnit2           00000000       --       --      --
 IntUnit2        1     movf 00000021 00000000                     00000000 00000021        5        5 
 IntUnit3        1     addi 00000000 00000000                     00000034 00000034        5        5 

Trap Unit:
     Name     Busy       Op       Vj       Vk        Qj        Qk        A   Result  X-Start    X-End
TrapUnit0        1  dumpstr 00000000 00000000  IntUnit3           00000000       --       --      --

General Purpose Registers:
R0-R7:   00000000 00000021 IntUnit0 IntUnit3 00000000 00000000 00000000 00000000 
R8-R15:  00000000 00000000 00000000 00000000 00000000 00000000 00000000 00000000 
R16-R23: 00000000 00000000 00000000 00000000 00000000 00000000 00000000 00000000 
R24-R31: 00000000 00000000 00000000 00000000 00000000 00000000 00000000 00000000 

Floating Point Registers:
F0-F7:   00000000 00000021 IntUnit2 00000000 00000000 00000000 00000000 00000000 
F8-F15:  00000000 00000000 00000000 00000000 00000000 00000000 00000000 00000000 
F16-R23: 00000000 00000000 00000000 00000000 00000000 00000000 00000000 00000000 
F24-F31: 00000000 00000000 00000000 00000000 00000000 00000000 00000000 00000000 

Memory:
0000: 20410021 00200835 00201032 00401034 20030034 44600003 44200001 20040044 
0020: 44800003 44400001 2005006a 44a00003 44000000 0a546869 73206e75 6d626572 
0040: 3a200000 0a73686f 756c6420 62652074 68652073 616d6520 61732074 68697320 
0060: 6e756d62 65723a20 00000a00 00000000 00000000 00000000 00000000 00000000 
0080: 00000000 00000000 00000000 00000000 00000000 00000000 00000000 00000000 *

End of clock cycle   6
----------------------
Integer Unit:
     Name     Busy       Op       Vj       Vk        Qj        Qk        A   Result  X-Start    X-End
 IntUnit0        1  movfp2i 00000021 00000000                     00000000       --       --      --
 IntUnit3        1     addi 00000000 00000000                     00000034 00000034        5        5 

Trap Unit:
     Name     Busy       Op       Vj       Vk        Qj        Qk        A   Result  X-Start    X-End
TrapUnit0        1  dumpstr 00000000 00000000  IntUnit3           00000000       --       --      --
TrapUnit1        1  dumpgpr 00000021 00000000                     00000000       --       --      --

General Purpose Registers:
R0-R7:   00000000 00000021 IntUnit0 IntUnit3 00000000 00000000 00000000 00000000 
R8-R15:  00000000 00000000 00000000 00000000 00000000 00000000 00000000 00000000 
R16-R23: 00000000 00000000 00000000 00000000 00000000 00000000 00000000 00000000 
R24-R31: 00000000 00000000 00000000 00000000 00000000 00000000 00000000 00000000 

Floating Point Registers:
F0-F7:   00000000 00000021 00000021 00000000 00000000 00000000 00000000 00000000 
F8-F15:  00000000 00000000 00000000 00000000 00000000 00000000 00000000 00000000 
F16-R23: 00000000 00000000 00000000 00000000 00000000 00000000 00000000 00000000 
F24-F31: 00000000 00000000 00000000 00000000 00000000 00000000 00000000 00000000 

Memory:
0000: 20410021 00200835 00201032 00401034 20030034 44600003 44200001 20040044 
0020: 44800003 44400001 2005006a 44a00003 44000000 0a546869 73206e75 6d626572 
0040: 3a200000 0a73686f 756c6420 62652074 68652073 616d6520 61732074 68697320 
0060: 6e756d62 65723a20 00000a00 00000000 00000000 00000000 00000000 00000000 
0080: 00000000 00000000 00000000 00000000 00000000 00000000 00000000 00000000 *

End of clock cycle   7
----------------------
Integer Unit:
     Name     Busy       Op       Vj       Vk        Qj        Qk        A   Result  X-Start    X-End
 IntUnit0        1  movfp2i 00000021 00000000                     00000000 00000021        7        7 
 IntUnit1        1     addi 00000000 00000000                     00000044       --       --      --

Trap Unit:
     Name     Busy       Op       Vj       Vk        Qj        Qk        A   Result  X-Start    X-End
TrapUnit0        1  dumpstr 00000034 00000000                     00000000       --       --      --
TrapUnit1        1  dumpgpr 00000021 00000000                     00000000       --       --      --

General Purpose Registers:
R0-R7:   00000000 00000021 IntUnit0 00000034 IntUnit1 00000000 00000000 00000000 
R8-R15:  00000000 00000000 00000000 00000000 00000000 00000000 00000000 00000000 
R16-R23: 00000000 00000000 00000000 00000000 00000000 00000000 00000000 00000000 
R24-R31: 00000000 00000000 00000000 00000000 00000000 00000000 00000000 00000000 

Floating Point Registers:
F0-F7:   00000000 00000021 00000021 00000000 00000000 00000000 00000000 00000000 
F8-F15:  00000000 00000000 00000000 00000000 00000000 00000000 00000000 00000000 
F16-R23: 00000000 00000000 00000000 00000000 00000000 00000000 00000000 00000000 
F24-F31: 00000000 00000000 00000000 00000000 00000000 00000000 00000000 00000000 

Memory:
0000: 20410021 00200835 00201032 00401034 20030034 44600003 44200001 20040044 
0020: 44800003 44400001 2005006a 44a00003 44000000 0a546869 73206e75 6d626572 
0040: 3a200000 0a73686f 756c6420 62652074 68652073 616d6520 61732074 68697320 
0060: 6e756d62 65723a20 00000a00 00000000 00000000 00000000 00000000 00000000 
0080: 00000000 00000000 00000000 00000000 00000000 00000000 00000000 00000000 *

End of clock cycle   8
----------------------
Integer Unit:
     Name     Busy       Op       Vj       Vk        Qj        Qk        A   Result  X-Start    X-End
 IntUnit1        1     addi 00000000 00000000                     00000044 00000044        8        8 

Trap Unit:
     Name     Busy       Op       Vj       Vk        Qj        Qk        A   Result  X-Start    X-End
TrapUnit0        1  dumpstr 00000034 00000000                     00000000 00000000        8        8 
TrapUnit1        1  dumpgpr 00000021 00000000                     00000000       --       --      --
TrapUnit2        1  dumpstr 00000000 00000000  IntUnit1           00000000       --       --      --

General Purpose Registers:
R0-R7:   00000000 00000021 00000021 00000034 IntUnit1 00000000 00000000 00000000 
R8-R15:  00000000 00000000 00000000 00000000 00000000 00000000 00000000 00000000 
R16-R23: 00000000 00000000 00000000 00000000 00000000 00000000 00000000 00000000 
R24-R31: 00000000 00000000 00000000 00000000 00000000 00000000 00000000 00000000 

Floating Point Registers:
F0-F7:   00000000 00000021 00000021 00000000 00000000 00000000 00000000 00000000 
F8-F15:  00000000 00000000 00000000 00000000 00000000 00000000 00000000 00000000 
F16-R23: 00000000 00000000 00000000 00000000 00000000 00000000 00000000 00000000 
F24-F31: 00000000 00000000 00000000 00000000 00000000 00000000 00000000 00000000 

Memory:
0000: 20410021 00200835 00201032 00401034 20030034 44600003 44200001 20040044 
0020: 44800003 44400001 2005006a 44a00003 44000000 0a546869 73206e75 6d626572 
0040: 3a200000 0a73686f 756c6420 62652074 68652073 616d6520 61732074 68697320 
0060: 6e756d62 65723a20 00000a00 00000000 00000000 00000000 00000000 00000000 
0080: 00000000 00000000 00000000 00000000 00000000 00000000 00000000 00000000 *


This number: End of clock cycle   9
----------------------
Trap Unit:
     Name     Busy       Op       Vj       Vk        Qj        Qk        A   Result  X-Start    X-End
TrapUnit1        1  dumpgpr 00000021 00000000                     00000000 00000000        9        9 
TrapUnit2        1  dumpstr 00000044 00000000                     00000000       --       --      --
TrapUnit3        1  dumpgpr 00000021 00000000                     00000000       --       --      --

General Purpose Registers:
R0-R7:   00000000 00000021 00000021 00000034 00000044 00000000 00000000 00000000 
R8-R15:  00000000 00000000 00000000 00000000 00000000 00000000 00000000 00000000 
R16-R23: 00000000 00000000 00000000 00000000 00000000 00000000 00000000 00000000 
R24-R31: 00000000 00000000 00000000 00000000 00000000 00000000 00000000 00000000 

Floating Point Registers:
F0-F7:   00000000 00000021 00000021 00000000 00000000 00000000 00000000 00000000 
F8-F15:  00000000 00000000 00000000 00000000 00000000 00000000 00000000 00000000 
F16-R23: 00000000 00000000 00000000 00000000 00000000 00000000 00000000 00000000 
F24-F31: 00000000 00000000 00000000 00000000 00000000 00000000 00000000 00000000 

Memory:
0000: 20410021 00200835 00201032 00401034 20030034 44600003 44200001 20040044 
0020: 44800003 44400001 2005006a 44a00003 44000000 0a546869 73206e75 6d626572 
0040: 3a200000 0a73686f 756c6420 62652074 68652073 616d6520 61732074 68697320 
0060: 6e756d62 65723a20 00000a00 00000000 00000000 00000000 00000000 00000000 
0080: 00000000 00000000 00000000 00000000 00000000 00000000 00000000 00000000 *

33End of clock cycle  10
----------------------
Integer Unit:
     Name     Busy       Op       Vj       Vk        Qj        Qk        A   Result  X-Start    X-End
 IntUnit0        1     addi 00000000 00000000                     0000006a       --       --      --

Trap Unit:
     Name     Busy       Op       Vj       Vk        Qj        Qk        A   Result  X-Start    X-End
TrapUnit2        1  dumpstr 00000044 00000000                     00000000 00000000       10       10 
TrapUnit3        1  dumpgpr 00000021 00000000                     00000000       --       --      --

General Purpose Registers:
R0-R7:   00000000 00000021 00000021 00000034 00000044 IntUnit0 00000000 00000000 
R8-R15:  00000000 00000000 00000000 00000000 00000000 00000000 00000000 00000000 
R16-R23: 00000000 00000000 00000000 00000000 00000000 00000000 00000000 00000000 
R24-R31: 00000000 00000000 00000000 00000000 00000000 00000000 00000000 00000000 

Floating Point Registers:
F0-F7:   00000000 00000021 00000021 00000000 00000000 00000000 00000000 00000000 
F8-F15:  00000000 00000000 00000000 00000000 00000000 00000000 00000000 00000000 
F16-R23: 00000000 00000000 00000000 00000000 00000000 00000000 00000000 00000000 
F24-F31: 00000000 00000000 00000000 00000000 00000000 00000000 00000000 00000000 

Memory:
0000: 20410021 00200835 00201032 00401034 20030034 44600003 44200001 20040044 
0020: 44800003 44400001 2005006a 44a00003 44000000 0a546869 73206e75 6d626572 
0040: 3a200000 0a73686f 756c6420 62652074 68652073 616d6520 61732074 68697320 
0060: 6e756d62 65723a20 00000a00 00000000 00000000 00000000 00000000 00000000 
0080: 00000000 00000000 00000000 00000000 00000000 00000000 00000000 00000000 *


should be the same as this number: End of clock cycle  11
----------------------
Integer Unit:
     Name     Busy       Op       Vj       Vk        Qj        Qk        A   Result  X-Start    X-End
 IntUnit0        1     addi 00000000 00000000                     0000006a 0000006a       11       11 

Trap Unit:
     Name     Busy       Op       Vj       Vk        Qj        Qk        A   Result  X-Start    X-End
TrapUnit0        1  dumpstr 00000000 00000000  IntUnit0           00000000       --       --      --
TrapUnit3        1  dumpgpr 00000021 00000000                     00000000 00000000       11       11 

General Purpose Registers:
R0-R7:   00000000 00000021 00000021 00000034 00000044 IntUnit0 00000000 00000000 
R8-R15:  00000000 00000000 00000000 00000000 00000000 00000000 00000000 00000000 
R16-R23: 00000000 00000000 00000000 00000000 00000000 00000000 00000000 00000000 
R24-R31: 00000000 00000000 00000000 00000000 00000000 00000000 00000000 00000000 

Floating Point Registers:
F0-F7:   00000000 00000021 00000021 00000000 00000000 00000000 00000000 00000000 
F8-F15:  00000000 00000000 00000000 00000000 00000000 00000000 00000000 00000000 
F16-R23: 00000000 00000000 00000000 00000000 00000000 00000000 00000000 00000000 
F24-F31: 00000000 00000000 00000000 00000000 00000000 00000000 00000000 00000000 

Memory:
0000: 20410021 00200835 00201032 00401034 20030034 44600003 44200001 20040044 
0020: 44800003 44400001 2005006a 44a00003 44000000 0a546869 73206e75 6d626572 
0040: 3a200000 0a73686f 756c6420 62652074 68652073 616d6520 61732074 68697320 
0060: 6e756d62 65723a20 00000a00 00000000 00000000 00000000 00000000 00000000 
0080: 00000000 00000000 00000000 00000000 00000000 00000000 00000000 00000000 *

33End of clock cycle  12
----------------------
Trap Unit:
     Name     Busy       Op       Vj       Vk        Qj        Qk        A   Result  X-Start    X-End
TrapUnit0        1  dumpstr 0000006a 00000000                     00000000       --       --      --
TrapUnit1        1     halt 00000000 00000000                     00000000       --       --      --

General Purpose Registers:
R0-R7:   00000000 00000021 00000021 00000034 00000044 0000006a 00000000 00000000 
R8-R15:  00000000 00000000 00000000 00000000 00000000 00000000 00000000 00000000 
R16-R23: 00000000 00000000 00000000 00000000 00000000 00000000 00000000 00000000 
R24-R31: 00000000 00000000 00000000 00000000 00000000 00000000 00000000 00000000 

Floating Point Registers:
F0-F7:   00000000 00000021 00000021 00000000 00000000 00000000 00000000 00000000 
F8-F15:  00000000 00000000 00000000 00000000 00000000 00000000 00000000 00000000 
F16-R23: 00000000 00000000 00000000 00000000 00000000 00000000 00000000 00000000 
F24-F31: 00000000 00000000 00000000 00000000 00000000 00000000 00000000 00000000 

Memory:
0000: 20410021 00200835 00201032 00401034 20030034 44600003 44200001 20040044 
0020: 44800003 44400001 2005006a 44a00003 44000000 0a546869 73206e75 6d626572 
0040: 3a200000 0a73686f 756c6420 62652074 68652073 616d6520 61732074 68697320 
0060: 6e756d62 65723a20 00000a00 00000000 00000000 00000000 00000000 00000000 
0080: 00000000 00000000 00000000 00000000 00000000 00000000 00000000 00000000 *

End of clock cycle  13
----------------------
Trap Unit:
     Name     Busy       Op       Vj       Vk        Qj        Qk        A   Result  X-Start    X-End
TrapUnit0        1  dumpstr 0000006a 00000000                     00000000 00000000       13       13 
TrapUnit1        1     halt 00000000 00000000                     00000000       --       --      --

General Purpose Registers:
R0-R7:   00000000 00000021 00000021 00000034 00000044 0000006a 00000000 00000000 
R8-R15:  00000000 00000000 00000000 00000000 00000000 00000000 00000000 00000000 
R16-R23: 00000000 00000000 00000000 00000000 00000000 00000000 00000000 00000000 
R24-R31: 00000000 00000000 00000000 00000000 00000000 00000000 00000000 00000000 

Floating Point Registers:
F0-F7:   00000000 00000021 00000021 00000000 00000000 00000000 00000000 00000000 
F8-F15:  00000000 00000000 00000000 00000000 00000000 00000000 00000000 00000000 
F16-R23: 00000000 00000000 00000000 00000000 00000000 00000000 00000000 00000000 
F24-F31: 00000000 00000000 00000000 00000000 00000000 00000000 00000000 00000000 

Memory:
0000: 20410021 00200835 00201032 00401034 20030034 44600003 44200001 20040044 
0020: 44800003 44400001 2005006a 44a00003 44000000 0a546869 73206e75 6d626572 
0040: 3a200000 0a73686f 756c6420 62652074 68652073 616d6520 61732074 68697320 
0060: 6e756d62 65723a20 00000a00 00000000 00000000 00000000 00000000 00000000 
0080: 00000000 00000000 00000000 00000000 00000000 00000000 00000000 00000000 *


End of clock cycle  14
----------------------
Trap Unit:
     Name     Busy       Op       Vj       Vk        Qj        Qk        A   Result  X-Start    X-End
TrapUnit1        1     halt 00000000 00000000                     00000000 00000000       14       14 

General Purpose Registers:
R0-R7:   00000000 00000021 00000021 00000034 00000044 0000006a 00000000 00000000 
R8-R15:  00000000 00000000 00000000 00000000 00000000 00000000 00000000 00000000 
R16-R23: 00000000 00000000 00000000 00000000 00000000 00000000 00000000 00000000 
R24-R31: 00000000 00000000 00000000 00000000 00000000 00000000 00000000 00000000 

Floating Point Registers:
F0-F7:   00000000 00000021 00000021 00000000 00000000 00000000 00000000 00000000 
F8-F15:  00000000 00000000 00000000 00000000 00000000 00000000 00000000 00000000 
F16-R23: 00000000 00000000 00000000 00000000 00000000 00000000 00000000 00000000 
F24-F31: 00000000 00000000 00000000 00000000 00000000 00000000 00000000 00000000 

Memory:
0000: 20410021 00200835 00201032 00401034 20030034 44600003 44200001 20040044 
0020: 44800003 44400001 2005006a 44a00003 44000000 0a546869 73206e75 6d626572 
0040: 3a200000 0a73686f 756c6420 62652074 68652073 616d6520 61732074 68697320 
0060: 6e756d62 65723a20 00000a00 00000000 00000000 00000000 00000000 00000000 
0080: 00000000 00000000 00000000 00000000 00000000 00000000 00000000 00000000 *

End of clock cycle  15
----------------------
General Purpose Registers:
R0-R7:   00000000 00000021 00000021 00000034 00000044 0000006a 00000000 00000000 
R8-R15:  00000000 00000000 00000000 00000000 00000000 00000000 00000000 00000000 
R16-R23: 00000000 00000000 00000000 00000000 00000000 00000000 00000000 00000000 
R24-R31: 00000000 00000000 00000000 00000000 00000000 00000000 00000000 00000000 

Floating Point Registers:
F0-F7:   00000000 00000021 00000021 00000000 00000000 00000000 00000000 00000000 
F8-F15:  00000000 00000000 00000000 00000000 00000000 00000000 00000000 00000000 
F16-R23: 00000000 00000000 00000000 00000000 00000000 00000000 00000000 00000000 
F24-F31: 00000000 00000000 00000000 00000000 00000000 00000000 00000000 00000000 

Memory:
0000: 20410021 00200835 00201032 00401034 20030034 44600003 44200001 20040044 
0020: 44800003 44400001 2005006a 44a00003 44000000 0a546869 73206e75 6d626572 
0040: 3a200000 0a73686f 756c6420 62652074 68652073 616d6520 61732074 68697320 
0060: 6e756d62 65723a20 00000a00 00000000 00000000 00000000 00000000 00000000 
0080: 00000000 00000000 00000000 00000000 00000000 00000000 00000000 00000000 *

