End of clock cycle   0
----------------------
Integer Unit:
     Name     Busy       Op       Vj       Vk        Qj        Qk        A   Result  X-Start    X-End
 IntUnit0        1     addi 00000000 00000000                     00000060       --       --      --

General Purpose Registers:
R0-R7:   00000000 IntUnit0 00000000 00000000 00000000 00000000 00000000 00000000 
R8-R15:  00000000 00000000 00000000 00000000 00000000 00000000 00000000 00000000 
R16-R23: 00000000 00000000 00000000 00000000 00000000 00000000 00000000 00000000 
R24-R31: 00000000 00000000 00000000 00000000 00000000 00000000 00000000 00000000 

Floating Point Registers:
F0-F7:   00000000 00000000 00000000 00000000 00000000 00000000 00000000 00000000 
F8-F15:  00000000 00000000 00000000 00000000 00000000 00000000 00000000 00000000 
F16-F23: 00000000 00000000 00000000 00000000 00000000 00000000 00000000 00000000 
F24-F31: 00000000 00000000 00000000 00000000 00000000 00000000 00000000 00000000 

Memory:
0000: 20010060 98210000 00201032 00401832 00602032 00802832 20010064 44200003 
0020: 44200002 2001008f 44200003 44400002 2001008f 44200003 44600002 2001008f 
0040: 44200003 44800002 2001008f 44200003 44a00002 2001008f 44200003 44000000 
0060: 40300000 0a546865 73652066 6c6f6174 2076616c 75657320 73686f75 6c642062 
0080: 65207468 65207361 6d653a0a 0000000a 00000000 00000000 00000000 00000000 
00a0: 00000000 00000000 00000000 00000000 00000000 00000000 00000000 00000000 *

End of clock cycle   1
----------------------
Integer Unit:
     Name     Busy       Op       Vj       Vk        Qj        Qk        A   Result  X-Start    X-End
 IntUnit0        1     addi 00000000 00000000                     00000060 00000060        1        1 

Memory Unit:
     Name     Busy       Op       Vj       Vk        Qj        Qk        A   Result  X-Start    X-End
 MemUnit0        1       lf 00000000 00000000  IntUnit0           00000000       --       --      --

General Purpose Registers:
R0-R7:   00000000 IntUnit0 00000000 00000000 00000000 00000000 00000000 00000000 
R8-R15:  00000000 00000000 00000000 00000000 00000000 00000000 00000000 00000000 
R16-R23: 00000000 00000000 00000000 00000000 00000000 00000000 00000000 00000000 
R24-R31: 00000000 00000000 00000000 00000000 00000000 00000000 00000000 00000000 

Floating Point Registers:
F0-F7:   00000000 MemUnit0 00000000 00000000 00000000 00000000 00000000 00000000 
F8-F15:  00000000 00000000 00000000 00000000 00000000 00000000 00000000 00000000 
F16-F23: 00000000 00000000 00000000 00000000 00000000 00000000 00000000 00000000 
F24-F31: 00000000 00000000 00000000 00000000 00000000 00000000 00000000 00000000 

Memory:
0000: 20010060 98210000 00201032 00401832 00602032 00802832 20010064 44200003 
0020: 44200002 2001008f 44200003 44400002 2001008f 44200003 44600002 2001008f 
0040: 44200003 44800002 2001008f 44200003 44a00002 2001008f 44200003 44000000 
0060: 40300000 0a546865 73652066 6c6f6174 2076616c 75657320 73686f75 6c642062 
0080: 65207468 65207361 6d653a0a 0000000a 00000000 00000000 00000000 00000000 
00a0: 00000000 00000000 00000000 00000000 00000000 00000000 00000000 00000000 *

End of clock cycle   2
----------------------
Integer Unit:
     Name     Busy       Op       Vj       Vk        Qj        Qk        A   Result  X-Start    X-End
 IntUnit1        1     movf 00000000 00000000  MemUnit0           00000000       --       --      --

Memory Unit:
     Name     Busy       Op       Vj       Vk        Qj        Qk        A   Result  X-Start    X-End
 MemUnit0        1       lf 00000060 00000000                     00000000       --       --      --

General Purpose Registers:
R0-R7:   00000000 00000060 00000000 00000000 00000000 00000000 00000000 00000000 
R8-R15:  00000000 00000000 00000000 00000000 00000000 00000000 00000000 00000000 
R16-R23: 00000000 00000000 00000000 00000000 00000000 00000000 00000000 00000000 
R24-R31: 00000000 00000000 00000000 00000000 00000000 00000000 00000000 00000000 

Floating Point Registers:
F0-F7:   00000000 MemUnit0 IntUnit1 00000000 00000000 00000000 00000000 00000000 
F8-F15:  00000000 00000000 00000000 00000000 00000000 00000000 00000000 00000000 
F16-F23: 00000000 00000000 00000000 00000000 00000000 00000000 00000000 00000000 
F24-F31: 00000000 00000000 00000000 00000000 00000000 00000000 00000000 00000000 

Memory:
0000: 20010060 98210000 00201032 00401832 00602032 00802832 20010064 44200003 
0020: 44200002 2001008f 44200003 44400002 2001008f 44200003 44600002 2001008f 
0040: 44200003 44800002 2001008f 44200003 44a00002 2001008f 44200003 44000000 
0060: 40300000 0a546865 73652066 6c6f6174 2076616c 75657320 73686f75 6c642062 
0080: 65207468 65207361 6d653a0a 0000000a 00000000 00000000 00000000 00000000 
00a0: 00000000 00000000 00000000 00000000 00000000 00000000 00000000 00000000 *

End of clock cycle   3
----------------------
Integer Unit:
     Name     Busy       Op       Vj       Vk        Qj        Qk        A   Result  X-Start    X-End
 IntUnit0        1     movf 00000000 00000000  IntUnit1           00000000       --       --      --
 IntUnit1        1     movf 00000000 00000000  MemUnit0           00000000       --       --      --

Memory Unit:
     Name     Busy       Op       Vj       Vk        Qj        Qk        A   Result  X-Start    X-End
 MemUnit0        1       lf 00000060 00000000                     00000000       --        3       --

General Purpose Registers:
R0-R7:   00000000 00000060 00000000 00000000 00000000 00000000 00000000 00000000 
R8-R15:  00000000 00000000 00000000 00000000 00000000 00000000 00000000 00000000 
R16-R23: 00000000 00000000 00000000 00000000 00000000 00000000 00000000 00000000 
R24-R31: 00000000 00000000 00000000 00000000 00000000 00000000 00000000 00000000 

Floating Point Registers:
F0-F7:   00000000 MemUnit0 IntUnit1 IntUnit0 00000000 00000000 00000000 00000000 
F8-F15:  00000000 00000000 00000000 00000000 00000000 00000000 00000000 00000000 
F16-F23: 00000000 00000000 00000000 00000000 00000000 00000000 00000000 00000000 
F24-F31: 00000000 00000000 00000000 00000000 00000000 00000000 00000000 00000000 

Memory:
0000: 20010060 98210000 00201032 00401832 00602032 00802832 20010064 44200003 
0020: 44200002 2001008f 44200003 44400002 2001008f 44200003 44600002 2001008f 
0040: 44200003 44800002 2001008f 44200003 44a00002 2001008f 44200003 44000000 
0060: 40300000 0a546865 73652066 6c6f6174 2076616c 75657320 73686f75 6c642062 
0080: 65207468 65207361 6d653a0a 0000000a 00000000 00000000 00000000 00000000 
00a0: 00000000 00000000 00000000 00000000 00000000 00000000 00000000 00000000 *

End of clock cycle   4
----------------------
Integer Unit:
     Name     Busy       Op       Vj       Vk        Qj        Qk        A   Result  X-Start    X-End
 IntUnit0        1     movf 00000000 00000000  IntUnit1           00000000       --       --      --
 IntUnit1        1     movf 00000000 00000000  MemUnit0           00000000       --       --      --
 IntUnit2        1     movf 00000000 00000000  IntUnit0           00000000       --       --      --

Memory Unit:
     Name     Busy       Op       Vj       Vk        Qj        Qk        A   Result  X-Start    X-End
 MemUnit0        1       lf 00000060 00000000                     00000060 40300000        3        4 

General Purpose Registers:
R0-R7:   00000000 00000060 00000000 00000000 00000000 00000000 00000000 00000000 
R8-R15:  00000000 00000000 00000000 00000000 00000000 00000000 00000000 00000000 
R16-R23: 00000000 00000000 00000000 00000000 00000000 00000000 00000000 00000000 
R24-R31: 00000000 00000000 00000000 00000000 00000000 00000000 00000000 00000000 

Floating Point Registers:
F0-F7:   00000000 MemUnit0 IntUnit1 IntUnit0 IntUnit2 00000000 00000000 00000000 
F8-F15:  00000000 00000000 00000000 00000000 00000000 00000000 00000000 00000000 
F16-F23: 00000000 00000000 00000000 00000000 00000000 00000000 00000000 00000000 
F24-F31: 00000000 00000000 00000000 00000000 00000000 00000000 00000000 00000000 

Memory:
0000: 20010060 98210000 00201032 00401832 00602032 00802832 20010064 44200003 
0020: 44200002 2001008f 44200003 44400002 2001008f 44200003 44600002 2001008f 
0040: 44200003 44800002 2001008f 44200003 44a00002 2001008f 44200003 44000000 
0060: 40300000 0a546865 73652066 6c6f6174 2076616c 75657320 73686f75 6c642062 
0080: 65207468 65207361 6d653a0a 0000000a 00000000 00000000 00000000 00000000 
00a0: 00000000 00000000 00000000 00000000 00000000 00000000 00000000 00000000 *

End of clock cycle   5
----------------------
Integer Unit:
     Name     Busy       Op       Vj       Vk        Qj        Qk        A   Result  X-Start    X-End
 IntUnit0        1     movf 00000000 00000000  IntUnit1           00000000       --       --      --
 IntUnit1        1     movf 40300000 00000000                     00000000       --       --      --
 IntUnit2        1     movf 00000000 00000000  IntUnit0           00000000       --       --      --
 IntUnit3        1     movf 00000000 00000000  IntUnit2           00000000       --       --      --

General Purpose Registers:
R0-R7:   00000000 00000060 00000000 00000000 00000000 00000000 00000000 00000000 
R8-R15:  00000000 00000000 00000000 00000000 00000000 00000000 00000000 00000000 
R16-R23: 00000000 00000000 00000000 00000000 00000000 00000000 00000000 00000000 
R24-R31: 00000000 00000000 00000000 00000000 00000000 00000000 00000000 00000000 

Floating Point Registers:
F0-F7:   00000000 40300000 IntUnit1 IntUnit0 IntUnit2 IntUnit3 00000000 00000000 
F8-F15:  00000000 00000000 00000000 00000000 00000000 00000000 00000000 00000000 
F16-F23: 00000000 00000000 00000000 00000000 00000000 00000000 00000000 00000000 
F24-F31: 00000000 00000000 00000000 00000000 00000000 00000000 00000000 00000000 

Memory:
0000: 20010060 98210000 00201032 00401832 00602032 00802832 20010064 44200003 
0020: 44200002 2001008f 44200003 44400002 2001008f 44200003 44600002 2001008f 
0040: 44200003 44800002 2001008f 44200003 44a00002 2001008f 44200003 44000000 
0060: 40300000 0a546865 73652066 6c6f6174 2076616c 75657320 73686f75 6c642062 
0080: 65207468 65207361 6d653a0a 0000000a 00000000 00000000 00000000 00000000 
00a0: 00000000 00000000 00000000 00000000 00000000 00000000 00000000 00000000 *

End of clock cycle   6
----------------------
Integer Unit:
     Name     Busy       Op       Vj       Vk        Qj        Qk        A   Result  X-Start    X-End
 IntUnit0        1     movf 00000000 00000000  IntUnit1           00000000       --       --      --
 IntUnit1        1     movf 40300000 00000000                     00000000 40300000        6        6 
 IntUnit2        1     movf 00000000 00000000  IntUnit0           00000000       --       --      --
 IntUnit3        1     movf 00000000 00000000  IntUnit2           00000000       --       --      --
 IntUnit4        1     addi 00000000 00000000                     00000064       --       --      --

General Purpose Registers:
R0-R7:   00000000 IntUnit4 00000000 00000000 00000000 00000000 00000000 00000000 
R8-R15:  00000000 00000000 00000000 00000000 00000000 00000000 00000000 00000000 
R16-R23: 00000000 00000000 00000000 00000000 00000000 00000000 00000000 00000000 
R24-R31: 00000000 00000000 00000000 00000000 00000000 00000000 00000000 00000000 

Floating Point Registers:
F0-F7:   00000000 40300000 IntUnit1 IntUnit0 IntUnit2 IntUnit3 00000000 00000000 
F8-F15:  00000000 00000000 00000000 00000000 00000000 00000000 00000000 00000000 
F16-F23: 00000000 00000000 00000000 00000000 00000000 00000000 00000000 00000000 
F24-F31: 00000000 00000000 00000000 00000000 00000000 00000000 00000000 00000000 

Memory:
0000: 20010060 98210000 00201032 00401832 00602032 00802832 20010064 44200003 
0020: 44200002 2001008f 44200003 44400002 2001008f 44200003 44600002 2001008f 
0040: 44200003 44800002 2001008f 44200003 44a00002 2001008f 44200003 44000000 
0060: 40300000 0a546865 73652066 6c6f6174 2076616c 75657320 73686f75 6c642062 
0080: 65207468 65207361 6d653a0a 0000000a 00000000 00000000 00000000 00000000 
00a0: 00000000 00000000 00000000 00000000 00000000 00000000 00000000 00000000 *

End of clock cycle   7
----------------------
Integer Unit:
     Name     Busy       Op       Vj       Vk        Qj        Qk        A   Result  X-Start    X-End
 IntUnit0        1     movf 40300000 00000000                     00000000       --       --      --
 IntUnit2        1     movf 00000000 00000000  IntUnit0           00000000       --       --      --
 IntUnit3        1     movf 00000000 00000000  IntUnit2           00000000       --       --      --
 IntUnit4        1     addi 00000000 00000000                     00000064 00000064        7        7 

Trap Unit:
     Name     Busy       Op       Vj       Vk        Qj        Qk        A   Result  X-Start    X-End
TrapUnit0        1  dumpstr 00000000 00000000  IntUnit4           00000000       --       --      --

General Purpose Registers:
R0-R7:   00000000 IntUnit4 00000000 00000000 00000000 00000000 00000000 00000000 
R8-R15:  00000000 00000000 00000000 00000000 00000000 00000000 00000000 00000000 
R16-R23: 00000000 00000000 00000000 00000000 00000000 00000000 00000000 00000000 
R24-R31: 00000000 00000000 00000000 00000000 00000000 00000000 00000000 00000000 

Floating Point Registers:
F0-F7:   00000000 40300000 40300000 IntUnit0 IntUnit2 IntUnit3 00000000 00000000 
F8-F15:  00000000 00000000 00000000 00000000 00000000 00000000 00000000 00000000 
F16-F23: 00000000 00000000 00000000 00000000 00000000 00000000 00000000 00000000 
F24-F31: 00000000 00000000 00000000 00000000 00000000 00000000 00000000 00000000 

Memory:
0000: 20010060 98210000 00201032 00401832 00602032 00802832 20010064 44200003 
0020: 44200002 2001008f 44200003 44400002 2001008f 44200003 44600002 2001008f 
0040: 44200003 44800002 2001008f 44200003 44a00002 2001008f 44200003 44000000 
0060: 40300000 0a546865 73652066 6c6f6174 2076616c 75657320 73686f75 6c642062 
0080: 65207468 65207361 6d653a0a 0000000a 00000000 00000000 00000000 00000000 
00a0: 00000000 00000000 00000000 00000000 00000000 00000000 00000000 00000000 *

End of clock cycle   8
----------------------
Integer Unit:
     Name     Busy       Op       Vj       Vk        Qj        Qk        A   Result  X-Start    X-End
 IntUnit0        1     movf 40300000 00000000                     00000000 40300000        8        8 
 IntUnit2        1     movf 00000000 00000000  IntUnit0           00000000       --       --      --
 IntUnit3        1     movf 00000000 00000000  IntUnit2           00000000       --       --      --

Trap Unit:
     Name     Busy       Op       Vj       Vk        Qj        Qk        A   Result  X-Start    X-End
TrapUnit0        1  dumpstr 00000064 00000000                     00000000       --       --      --
TrapUnit1        1  dumpfpr 40300000 00000000                     00000000       --       --      --

General Purpose Registers:
R0-R7:   00000000 00000064 00000000 00000000 00000000 00000000 00000000 00000000 
R8-R15:  00000000 00000000 00000000 00000000 00000000 00000000 00000000 00000000 
R16-R23: 00000000 00000000 00000000 00000000 00000000 00000000 00000000 00000000 
R24-R31: 00000000 00000000 00000000 00000000 00000000 00000000 00000000 00000000 

Floating Point Registers:
F0-F7:   00000000 40300000 40300000 IntUnit0 IntUnit2 IntUnit3 00000000 00000000 
F8-F15:  00000000 00000000 00000000 00000000 00000000 00000000 00000000 00000000 
F16-F23: 00000000 00000000 00000000 00000000 00000000 00000000 00000000 00000000 
F24-F31: 00000000 00000000 00000000 00000000 00000000 00000000 00000000 00000000 

Memory:
0000: 20010060 98210000 00201032 00401832 00602032 00802832 20010064 44200003 
0020: 44200002 2001008f 44200003 44400002 2001008f 44200003 44600002 2001008f 
0040: 44200003 44800002 2001008f 44200003 44a00002 2001008f 44200003 44000000 
0060: 40300000 0a546865 73652066 6c6f6174 2076616c 75657320 73686f75 6c642062 
0080: 65207468 65207361 6d653a0a 0000000a 00000000 00000000 00000000 00000000 
00a0: 00000000 00000000 00000000 00000000 00000000 00000000 00000000 00000000 *

End of clock cycle   9
----------------------
Integer Unit:
     Name     Busy       Op       Vj       Vk        Qj        Qk        A   Result  X-Start    X-End
 IntUnit1        1     addi 00000000 00000000                     0000008f       --       --      --
 IntUnit2        1     movf 40300000 00000000                     00000000       --       --      --
 IntUnit3        1     movf 00000000 00000000  IntUnit2           00000000       --       --      --

Trap Unit:
     Name     Busy       Op       Vj       Vk        Qj        Qk        A   Result  X-Start    X-End
TrapUnit0        1  dumpstr 00000064 00000000                     00000000 00000000        9        9 
TrapUnit1        1  dumpfpr 40300000 00000000                     00000000       --       --      --

General Purpose Registers:
R0-R7:   00000000 IntUnit1 00000000 00000000 00000000 00000000 00000000 00000000 
R8-R15:  00000000 00000000 00000000 00000000 00000000 00000000 00000000 00000000 
R16-R23: 00000000 00000000 00000000 00000000 00000000 00000000 00000000 00000000 
R24-R31: 00000000 00000000 00000000 00000000 00000000 00000000 00000000 00000000 

Floating Point Registers:
F0-F7:   00000000 40300000 40300000 40300000 IntUnit2 IntUnit3 00000000 00000000 
F8-F15:  00000000 00000000 00000000 00000000 00000000 00000000 00000000 00000000 
F16-F23: 00000000 00000000 00000000 00000000 00000000 00000000 00000000 00000000 
F24-F31: 00000000 00000000 00000000 00000000 00000000 00000000 00000000 00000000 

Memory:
0000: 20010060 98210000 00201032 00401832 00602032 00802832 20010064 44200003 
0020: 44200002 2001008f 44200003 44400002 2001008f 44200003 44600002 2001008f 
0040: 44200003 44800002 2001008f 44200003 44a00002 2001008f 44200003 44000000 
0060: 40300000 0a546865 73652066 6c6f6174 2076616c 75657320 73686f75 6c642062 
0080: 65207468 65207361 6d653a0a 0000000a 00000000 00000000 00000000 00000000 
00a0: 00000000 00000000 00000000 00000000 00000000 00000000 00000000 00000000 *


These float values should be the same:
End of clock cycle  10
----------------------
Integer Unit:
     Name     Busy       Op       Vj       Vk        Qj        Qk        A   Result  X-Start    X-End
 IntUnit1        1     addi 00000000 00000000                     0000008f 0000008f       10       10 
 IntUnit2        1     movf 40300000 00000000                     00000000 40300000       10       10 
 IntUnit3        1     movf 00000000 00000000  IntUnit2           00000000       --       --      --

Trap Unit:
     Name     Busy       Op       Vj       Vk        Qj        Qk        A   Result  X-Start    X-End
TrapUnit1        1  dumpfpr 40300000 00000000                     00000000 00000000       10       10 
TrapUnit2        1  dumpstr 00000000 00000000  IntUnit1           00000000       --       --      --

General Purpose Registers:
R0-R7:   00000000 IntUnit1 00000000 00000000 00000000 00000000 00000000 00000000 
R8-R15:  00000000 00000000 00000000 00000000 00000000 00000000 00000000 00000000 
R16-R23: 00000000 00000000 00000000 00000000 00000000 00000000 00000000 00000000 
R24-R31: 00000000 00000000 00000000 00000000 00000000 00000000 00000000 00000000 

Floating Point Registers:
F0-F7:   00000000 40300000 40300000 40300000 IntUnit2 IntUnit3 00000000 00000000 
F8-F15:  00000000 00000000 00000000 00000000 00000000 00000000 00000000 00000000 
F16-F23: 00000000 00000000 00000000 00000000 00000000 00000000 00000000 00000000 
F24-F31: 00000000 00000000 00000000 00000000 00000000 00000000 00000000 00000000 

Memory:
0000: 20010060 98210000 00201032 00401832 00602032 00802832 20010064 44200003 
0020: 44200002 2001008f 44200003 44400002 2001008f 44200003 44600002 2001008f 
0040: 44200003 44800002 2001008f 44200003 44a00002 2001008f 44200003 44000000 
0060: 40300000 0a546865 73652066 6c6f6174 2076616c 75657320 73686f75 6c642062 
0080: 65207468 65207361 6d653a0a 0000000a 00000000 00000000 00000000 00000000 
00a0: 00000000 00000000 00000000 00000000 00000000 00000000 00000000 00000000 *

2.75End of clock cycle  11
----------------------
Integer Unit:
     Name     Busy       Op       Vj       Vk        Qj        Qk        A   Result  X-Start    X-End
 IntUnit2        1     movf 40300000 00000000                     00000000 40300000       10       10 
 IntUnit3        1     movf 00000000 00000000  IntUnit2           00000000       --       --      --

Trap Unit:
     Name     Busy       Op       Vj       Vk        Qj        Qk        A   Result  X-Start    X-End
TrapUnit2        1  dumpstr 0000008f 00000000                     00000000       --       --      --
TrapUnit3        1  dumpfpr 40300000 00000000                     00000000       --       --      --

General Purpose Registers:
R0-R7:   00000000 0000008f 00000000 00000000 00000000 00000000 00000000 00000000 
R8-R15:  00000000 00000000 00000000 00000000 00000000 00000000 00000000 00000000 
R16-R23: 00000000 00000000 00000000 00000000 00000000 00000000 00000000 00000000 
R24-R31: 00000000 00000000 00000000 00000000 00000000 00000000 00000000 00000000 

Floating Point Registers:
F0-F7:   00000000 40300000 40300000 40300000 IntUnit2 IntUnit3 00000000 00000000 
F8-F15:  00000000 00000000 00000000 00000000 00000000 00000000 00000000 00000000 
F16-F23: 00000000 00000000 00000000 00000000 00000000 00000000 00000000 00000000 
F24-F31: 00000000 00000000 00000000 00000000 00000000 00000000 00000000 00000000 

Memory:
0000: 20010060 98210000 00201032 00401832 00602032 00802832 20010064 44200003 
0020: 44200002 2001008f 44200003 44400002 2001008f 44200003 44600002 2001008f 
0040: 44200003 44800002 2001008f 44200003 44a00002 2001008f 44200003 44000000 
0060: 40300000 0a546865 73652066 6c6f6174 2076616c 75657320 73686f75 6c642062 
0080: 65207468 65207361 6d653a0a 0000000a 00000000 00000000 00000000 00000000 
00a0: 00000000 00000000 00000000 00000000 00000000 00000000 00000000 00000000 *

End of clock cycle  12
----------------------
Integer Unit:
     Name     Busy       Op       Vj       Vk        Qj        Qk        A   Result  X-Start    X-End
 IntUnit0        1     addi 00000000 00000000                     0000008f       --       --      --
 IntUnit3        1     movf 40300000 00000000                     00000000       --       --      --

Trap Unit:
     Name     Busy       Op       Vj       Vk        Qj        Qk        A   Result  X-Start    X-End
TrapUnit2        1  dumpstr 0000008f 00000000                     00000000 00000000       12       12 
TrapUnit3        1  dumpfpr 40300000 00000000                     00000000       --       --      --

General Purpose Registers:
R0-R7:   00000000 IntUnit0 00000000 00000000 00000000 00000000 00000000 00000000 
R8-R15:  00000000 00000000 00000000 00000000 00000000 00000000 00000000 00000000 
R16-R23: 00000000 00000000 00000000 00000000 00000000 00000000 00000000 00000000 
R24-R31: 00000000 00000000 00000000 00000000 00000000 00000000 00000000 00000000 

Floating Point Registers:
F0-F7:   00000000 40300000 40300000 40300000 40300000 IntUnit3 00000000 00000000 
F8-F15:  00000000 00000000 00000000 00000000 00000000 00000000 00000000 00000000 
F16-F23: 00000000 00000000 00000000 00000000 00000000 00000000 00000000 00000000 
F24-F31: 00000000 00000000 00000000 00000000 00000000 00000000 00000000 00000000 

Memory:
0000: 20010060 98210000 00201032 00401832 00602032 00802832 20010064 44200003 
0020: 44200002 2001008f 44200003 44400002 2001008f 44200003 44600002 2001008f 
0040: 44200003 44800002 2001008f 44200003 44a00002 2001008f 44200003 44000000 
0060: 40300000 0a546865 73652066 6c6f6174 2076616c 75657320 73686f75 6c642062 
0080: 65207468 65207361 6d653a0a 0000000a 00000000 00000000 00000000 00000000 
00a0: 00000000 00000000 00000000 00000000 00000000 00000000 00000000 00000000 *


End of clock cycle  13
----------------------
Integer Unit:
     Name     Busy       Op       Vj       Vk        Qj        Qk        A   Result  X-Start    X-End
 IntUnit0        1     addi 00000000 00000000                     0000008f 0000008f       13       13 
 IntUnit3        1     movf 40300000 00000000                     00000000 40300000       13       13 

Trap Unit:
     Name     Busy       Op       Vj       Vk        Qj        Qk        A   Result  X-Start    X-End
TrapUnit0        1  dumpstr 00000000 00000000  IntUnit0           00000000       --       --      --
TrapUnit3        1  dumpfpr 40300000 00000000                     00000000 00000000       13       13 

General Purpose Registers:
R0-R7:   00000000 IntUnit0 00000000 00000000 00000000 00000000 00000000 00000000 
R8-R15:  00000000 00000000 00000000 00000000 00000000 00000000 00000000 00000000 
R16-R23: 00000000 00000000 00000000 00000000 00000000 00000000 00000000 00000000 
R24-R31: 00000000 00000000 00000000 00000000 00000000 00000000 00000000 00000000 

Floating Point Registers:
F0-F7:   00000000 40300000 40300000 40300000 40300000 IntUnit3 00000000 00000000 
F8-F15:  00000000 00000000 00000000 00000000 00000000 00000000 00000000 00000000 
F16-F23: 00000000 00000000 00000000 00000000 00000000 00000000 00000000 00000000 
F24-F31: 00000000 00000000 00000000 00000000 00000000 00000000 00000000 00000000 

Memory:
0000: 20010060 98210000 00201032 00401832 00602032 00802832 20010064 44200003 
0020: 44200002 2001008f 44200003 44400002 2001008f 44200003 44600002 2001008f 
0040: 44200003 44800002 2001008f 44200003 44a00002 2001008f 44200003 44000000 
0060: 40300000 0a546865 73652066 6c6f6174 2076616c 75657320 73686f75 6c642062 
0080: 65207468 65207361 6d653a0a 0000000a 00000000 00000000 00000000 00000000 
00a0: 00000000 00000000 00000000 00000000 00000000 00000000 00000000 00000000 *

2.75End of clock cycle  14
----------------------
Integer Unit:
     Name     Busy       Op       Vj       Vk        Qj        Qk        A   Result  X-Start    X-End
 IntUnit3        1     movf 40300000 00000000                     00000000 40300000       13       13 

Trap Unit:
     Name     Busy       Op       Vj       Vk        Qj        Qk        A   Result  X-Start    X-End
TrapUnit0        1  dumpstr 0000008f 00000000                     00000000       --       --      --
TrapUnit1        1  dumpfpr 40300000 00000000                     00000000       --       --      --

General Purpose Registers:
R0-R7:   00000000 0000008f 00000000 00000000 00000000 00000000 00000000 00000000 
R8-R15:  00000000 00000000 00000000 00000000 00000000 00000000 00000000 00000000 
R16-R23: 00000000 00000000 00000000 00000000 00000000 00000000 00000000 00000000 
R24-R31: 00000000 00000000 00000000 00000000 00000000 00000000 00000000 00000000 

Floating Point Registers:
F0-F7:   00000000 40300000 40300000 40300000 40300000 IntUnit3 00000000 00000000 
F8-F15:  00000000 00000000 00000000 00000000 00000000 00000000 00000000 00000000 
F16-F23: 00000000 00000000 00000000 00000000 00000000 00000000 00000000 00000000 
F24-F31: 00000000 00000000 00000000 00000000 00000000 00000000 00000000 00000000 

Memory:
0000: 20010060 98210000 00201032 00401832 00602032 00802832 20010064 44200003 
0020: 44200002 2001008f 44200003 44400002 2001008f 44200003 44600002 2001008f 
0040: 44200003 44800002 2001008f 44200003 44a00002 2001008f 44200003 44000000 
0060: 40300000 0a546865 73652066 6c6f6174 2076616c 75657320 73686f75 6c642062 
0080: 65207468 65207361 6d653a0a 0000000a 00000000 00000000 00000000 00000000 
00a0: 00000000 00000000 00000000 00000000 00000000 00000000 00000000 00000000 *

End of clock cycle  15
----------------------
Integer Unit:
     Name     Busy       Op       Vj       Vk        Qj        Qk        A   Result  X-Start    X-End
 IntUnit0        1     addi 00000000 00000000                     0000008f       --       --      --

Trap Unit:
     Name     Busy       Op       Vj       Vk        Qj        Qk        A   Result  X-Start    X-End
TrapUnit0        1  dumpstr 0000008f 00000000                     00000000 00000000       15       15 
TrapUnit1        1  dumpfpr 40300000 00000000                     00000000       --       --      --

General Purpose Registers:
R0-R7:   00000000 IntUnit0 00000000 00000000 00000000 00000000 00000000 00000000 
R8-R15:  00000000 00000000 00000000 00000000 00000000 00000000 00000000 00000000 
R16-R23: 00000000 00000000 00000000 00000000 00000000 00000000 00000000 00000000 
R24-R31: 00000000 00000000 00000000 00000000 00000000 00000000 00000000 00000000 

Floating Point Registers:
F0-F7:   00000000 40300000 40300000 40300000 40300000 40300000 00000000 00000000 
F8-F15:  00000000 00000000 00000000 00000000 00000000 00000000 00000000 00000000 
F16-F23: 00000000 00000000 00000000 00000000 00000000 00000000 00000000 00000000 
F24-F31: 00000000 00000000 00000000 00000000 00000000 00000000 00000000 00000000 

Memory:
0000: 20010060 98210000 00201032 00401832 00602032 00802832 20010064 44200003 
0020: 44200002 2001008f 44200003 44400002 2001008f 44200003 44600002 2001008f 
0040: 44200003 44800002 2001008f 44200003 44a00002 2001008f 44200003 44000000 
0060: 40300000 0a546865 73652066 6c6f6174 2076616c 75657320 73686f75 6c642062 
0080: 65207468 65207361 6d653a0a 0000000a 00000000 00000000 00000000 00000000 
00a0: 00000000 00000000 00000000 00000000 00000000 00000000 00000000 00000000 *


End of clock cycle  16
----------------------
Integer Unit:
     Name     Busy       Op       Vj       Vk        Qj        Qk        A   Result  X-Start    X-End
 IntUnit0        1     addi 00000000 00000000                     0000008f 0000008f       16       16 

Trap Unit:
     Name     Busy       Op       Vj       Vk        Qj        Qk        A   Result  X-Start    X-End
TrapUnit1        1  dumpfpr 40300000 00000000                     00000000 00000000       16       16 
TrapUnit2        1  dumpstr 00000000 00000000  IntUnit0           00000000       --       --      --

General Purpose Registers:
R0-R7:   00000000 IntUnit0 00000000 00000000 00000000 00000000 00000000 00000000 
R8-R15:  00000000 00000000 00000000 00000000 00000000 00000000 00000000 00000000 
R16-R23: 00000000 00000000 00000000 00000000 00000000 00000000 00000000 00000000 
R24-R31: 00000000 00000000 00000000 00000000 00000000 00000000 00000000 00000000 

Floating Point Registers:
F0-F7:   00000000 40300000 40300000 40300000 40300000 40300000 00000000 00000000 
F8-F15:  00000000 00000000 00000000 00000000 00000000 00000000 00000000 00000000 
F16-F23: 00000000 00000000 00000000 00000000 00000000 00000000 00000000 00000000 
F24-F31: 00000000 00000000 00000000 00000000 00000000 00000000 00000000 00000000 

Memory:
0000: 20010060 98210000 00201032 00401832 00602032 00802832 20010064 44200003 
0020: 44200002 2001008f 44200003 44400002 2001008f 44200003 44600002 2001008f 
0040: 44200003 44800002 2001008f 44200003 44a00002 2001008f 44200003 44000000 
0060: 40300000 0a546865 73652066 6c6f6174 2076616c 75657320 73686f75 6c642062 
0080: 65207468 65207361 6d653a0a 0000000a 00000000 00000000 00000000 00000000 
00a0: 00000000 00000000 00000000 00000000 00000000 00000000 00000000 00000000 *

2.75End of clock cycle  17
----------------------
Trap Unit:
     Name     Busy       Op       Vj       Vk        Qj        Qk        A   Result  X-Start    X-End
TrapUnit2        1  dumpstr 0000008f 00000000                     00000000       --       --      --
TrapUnit3        1  dumpfpr 40300000 00000000                     00000000       --       --      --

General Purpose Registers:
R0-R7:   00000000 0000008f 00000000 00000000 00000000 00000000 00000000 00000000 
R8-R15:  00000000 00000000 00000000 00000000 00000000 00000000 00000000 00000000 
R16-R23: 00000000 00000000 00000000 00000000 00000000 00000000 00000000 00000000 
R24-R31: 00000000 00000000 00000000 00000000 00000000 00000000 00000000 00000000 

Floating Point Registers:
F0-F7:   00000000 40300000 40300000 40300000 40300000 40300000 00000000 00000000 
F8-F15:  00000000 00000000 00000000 00000000 00000000 00000000 00000000 00000000 
F16-F23: 00000000 00000000 00000000 00000000 00000000 00000000 00000000 00000000 
F24-F31: 00000000 00000000 00000000 00000000 00000000 00000000 00000000 00000000 

Memory:
0000: 20010060 98210000 00201032 00401832 00602032 00802832 20010064 44200003 
0020: 44200002 2001008f 44200003 44400002 2001008f 44200003 44600002 2001008f 
0040: 44200003 44800002 2001008f 44200003 44a00002 2001008f 44200003 44000000 
0060: 40300000 0a546865 73652066 6c6f6174 2076616c 75657320 73686f75 6c642062 
0080: 65207468 65207361 6d653a0a 0000000a 00000000 00000000 00000000 00000000 
00a0: 00000000 00000000 00000000 00000000 00000000 00000000 00000000 00000000 *

End of clock cycle  18
----------------------
Integer Unit:
     Name     Busy       Op       Vj       Vk        Qj        Qk        A   Result  X-Start    X-End
 IntUnit0        1     addi 00000000 00000000                     0000008f       --       --      --

Trap Unit:
     Name     Busy       Op       Vj       Vk        Qj        Qk        A   Result  X-Start    X-End
TrapUnit2        1  dumpstr 0000008f 00000000                     00000000 00000000       18       18 
TrapUnit3        1  dumpfpr 40300000 00000000                     00000000       --       --      --

General Purpose Registers:
R0-R7:   00000000 IntUnit0 00000000 00000000 00000000 00000000 00000000 00000000 
R8-R15:  00000000 00000000 00000000 00000000 00000000 00000000 00000000 00000000 
R16-R23: 00000000 00000000 00000000 00000000 00000000 00000000 00000000 00000000 
R24-R31: 00000000 00000000 00000000 00000000 00000000 00000000 00000000 00000000 

Floating Point Registers:
F0-F7:   00000000 40300000 40300000 40300000 40300000 40300000 00000000 00000000 
F8-F15:  00000000 00000000 00000000 00000000 00000000 00000000 00000000 00000000 
F16-F23: 00000000 00000000 00000000 00000000 00000000 00000000 00000000 00000000 
F24-F31: 00000000 00000000 00000000 00000000 00000000 00000000 00000000 00000000 

Memory:
0000: 20010060 98210000 00201032 00401832 00602032 00802832 20010064 44200003 
0020: 44200002 2001008f 44200003 44400002 2001008f 44200003 44600002 2001008f 
0040: 44200003 44800002 2001008f 44200003 44a00002 2001008f 44200003 44000000 
0060: 40300000 0a546865 73652066 6c6f6174 2076616c 75657320 73686f75 6c642062 
0080: 65207468 65207361 6d653a0a 0000000a 00000000 00000000 00000000 00000000 
00a0: 00000000 00000000 00000000 00000000 00000000 00000000 00000000 00000000 *


End of clock cycle  19
----------------------
Integer Unit:
     Name     Busy       Op       Vj       Vk        Qj        Qk        A   Result  X-Start    X-End
 IntUnit0        1     addi 00000000 00000000                     0000008f 0000008f       19       19 

Trap Unit:
     Name     Busy       Op       Vj       Vk        Qj        Qk        A   Result  X-Start    X-End
TrapUnit0        1  dumpstr 00000000 00000000  IntUnit0           00000000       --       --      --
TrapUnit3        1  dumpfpr 40300000 00000000                     00000000 00000000       19       19 

General Purpose Registers:
R0-R7:   00000000 IntUnit0 00000000 00000000 00000000 00000000 00000000 00000000 
R8-R15:  00000000 00000000 00000000 00000000 00000000 00000000 00000000 00000000 
R16-R23: 00000000 00000000 00000000 00000000 00000000 00000000 00000000 00000000 
R24-R31: 00000000 00000000 00000000 00000000 00000000 00000000 00000000 00000000 

Floating Point Registers:
F0-F7:   00000000 40300000 40300000 40300000 40300000 40300000 00000000 00000000 
F8-F15:  00000000 00000000 00000000 00000000 00000000 00000000 00000000 00000000 
F16-F23: 00000000 00000000 00000000 00000000 00000000 00000000 00000000 00000000 
F24-F31: 00000000 00000000 00000000 00000000 00000000 00000000 00000000 00000000 

Memory:
0000: 20010060 98210000 00201032 00401832 00602032 00802832 20010064 44200003 
0020: 44200002 2001008f 44200003 44400002 2001008f 44200003 44600002 2001008f 
0040: 44200003 44800002 2001008f 44200003 44a00002 2001008f 44200003 44000000 
0060: 40300000 0a546865 73652066 6c6f6174 2076616c 75657320 73686f75 6c642062 
0080: 65207468 65207361 6d653a0a 0000000a 00000000 00000000 00000000 00000000 
00a0: 00000000 00000000 00000000 00000000 00000000 00000000 00000000 00000000 *

2.75End of clock cycle  20
----------------------
Trap Unit:
     Name     Busy       Op       Vj       Vk        Qj        Qk        A   Result  X-Start    X-End
TrapUnit0        1  dumpstr 0000008f 00000000                     00000000       --       --      --
TrapUnit1        1  dumpfpr 40300000 00000000                     00000000       --       --      --

General Purpose Registers:
R0-R7:   00000000 0000008f 00000000 00000000 00000000 00000000 00000000 00000000 
R8-R15:  00000000 00000000 00000000 00000000 00000000 00000000 00000000 00000000 
R16-R23: 00000000 00000000 00000000 00000000 00000000 00000000 00000000 00000000 
R24-R31: 00000000 00000000 00000000 00000000 00000000 00000000 00000000 00000000 

Floating Point Registers:
F0-F7:   00000000 40300000 40300000 40300000 40300000 40300000 00000000 00000000 
F8-F15:  00000000 00000000 00000000 00000000 00000000 00000000 00000000 00000000 
F16-F23: 00000000 00000000 00000000 00000000 00000000 00000000 00000000 00000000 
F24-F31: 00000000 00000000 00000000 00000000 00000000 00000000 00000000 00000000 

Memory:
0000: 20010060 98210000 00201032 00401832 00602032 00802832 20010064 44200003 
0020: 44200002 2001008f 44200003 44400002 2001008f 44200003 44600002 2001008f 
0040: 44200003 44800002 2001008f 44200003 44a00002 2001008f 44200003 44000000 
0060: 40300000 0a546865 73652066 6c6f6174 2076616c 75657320 73686f75 6c642062 
0080: 65207468 65207361 6d653a0a 0000000a 00000000 00000000 00000000 00000000 
00a0: 00000000 00000000 00000000 00000000 00000000 00000000 00000000 00000000 *

End of clock cycle  21
----------------------
Integer Unit:
     Name     Busy       Op       Vj       Vk        Qj        Qk        A   Result  X-Start    X-End
 IntUnit0        1     addi 00000000 00000000                     0000008f       --       --      --

Trap Unit:
     Name     Busy       Op       Vj       Vk        Qj        Qk        A   Result  X-Start    X-End
TrapUnit0        1  dumpstr 0000008f 00000000                     00000000 00000000       21       21 
TrapUnit1        1  dumpfpr 40300000 00000000                     00000000       --       --      --

General Purpose Registers:
R0-R7:   00000000 IntUnit0 00000000 00000000 00000000 00000000 00000000 00000000 
R8-R15:  00000000 00000000 00000000 00000000 00000000 00000000 00000000 00000000 
R16-R23: 00000000 00000000 00000000 00000000 00000000 00000000 00000000 00000000 
R24-R31: 00000000 00000000 00000000 00000000 00000000 00000000 00000000 00000000 

Floating Point Registers:
F0-F7:   00000000 40300000 40300000 40300000 40300000 40300000 00000000 00000000 
F8-F15:  00000000 00000000 00000000 00000000 00000000 00000000 00000000 00000000 
F16-F23: 00000000 00000000 00000000 00000000 00000000 00000000 00000000 00000000 
F24-F31: 00000000 00000000 00000000 00000000 00000000 00000000 00000000 00000000 

Memory:
0000: 20010060 98210000 00201032 00401832 00602032 00802832 20010064 44200003 
0020: 44200002 2001008f 44200003 44400002 2001008f 44200003 44600002 2001008f 
0040: 44200003 44800002 2001008f 44200003 44a00002 2001008f 44200003 44000000 
0060: 40300000 0a546865 73652066 6c6f6174 2076616c 75657320 73686f75 6c642062 
0080: 65207468 65207361 6d653a0a 0000000a 00000000 00000000 00000000 00000000 
00a0: 00000000 00000000 00000000 00000000 00000000 00000000 00000000 00000000 *


End of clock cycle  22
----------------------
Integer Unit:
     Name     Busy       Op       Vj       Vk        Qj        Qk        A   Result  X-Start    X-End
 IntUnit0        1     addi 00000000 00000000                     0000008f 0000008f       22       22 

Trap Unit:
     Name     Busy       Op       Vj       Vk        Qj        Qk        A   Result  X-Start    X-End
TrapUnit1        1  dumpfpr 40300000 00000000                     00000000 00000000       22       22 
TrapUnit2        1  dumpstr 00000000 00000000  IntUnit0           00000000       --       --      --

General Purpose Registers:
R0-R7:   00000000 IntUnit0 00000000 00000000 00000000 00000000 00000000 00000000 
R8-R15:  00000000 00000000 00000000 00000000 00000000 00000000 00000000 00000000 
R16-R23: 00000000 00000000 00000000 00000000 00000000 00000000 00000000 00000000 
R24-R31: 00000000 00000000 00000000 00000000 00000000 00000000 00000000 00000000 

Floating Point Registers:
F0-F7:   00000000 40300000 40300000 40300000 40300000 40300000 00000000 00000000 
F8-F15:  00000000 00000000 00000000 00000000 00000000 00000000 00000000 00000000 
F16-F23: 00000000 00000000 00000000 00000000 00000000 00000000 00000000 00000000 
F24-F31: 00000000 00000000 00000000 00000000 00000000 00000000 00000000 00000000 

Memory:
0000: 20010060 98210000 00201032 00401832 00602032 00802832 20010064 44200003 
0020: 44200002 2001008f 44200003 44400002 2001008f 44200003 44600002 2001008f 
0040: 44200003 44800002 2001008f 44200003 44a00002 2001008f 44200003 44000000 
0060: 40300000 0a546865 73652066 6c6f6174 2076616c 75657320 73686f75 6c642062 
0080: 65207468 65207361 6d653a0a 0000000a 00000000 00000000 00000000 00000000 
00a0: 00000000 00000000 00000000 00000000 00000000 00000000 00000000 00000000 *

2.75End of clock cycle  23
----------------------
Trap Unit:
     Name     Busy       Op       Vj       Vk        Qj        Qk        A   Result  X-Start    X-End
TrapUnit2        1  dumpstr 0000008f 00000000                     00000000       --       --      --
TrapUnit3        1     halt 00000000 00000000                     00000000       --       --      --

General Purpose Registers:
R0-R7:   00000000 0000008f 00000000 00000000 00000000 00000000 00000000 00000000 
R8-R15:  00000000 00000000 00000000 00000000 00000000 00000000 00000000 00000000 
R16-R23: 00000000 00000000 00000000 00000000 00000000 00000000 00000000 00000000 
R24-R31: 00000000 00000000 00000000 00000000 00000000 00000000 00000000 00000000 

Floating Point Registers:
F0-F7:   00000000 40300000 40300000 40300000 40300000 40300000 00000000 00000000 
F8-F15:  00000000 00000000 00000000 00000000 00000000 00000000 00000000 00000000 
F16-F23: 00000000 00000000 00000000 00000000 00000000 00000000 00000000 00000000 
F24-F31: 00000000 00000000 00000000 00000000 00000000 00000000 00000000 00000000 

Memory:
0000: 20010060 98210000 00201032 00401832 00602032 00802832 20010064 44200003 
0020: 44200002 2001008f 44200003 44400002 2001008f 44200003 44600002 2001008f 
0040: 44200003 44800002 2001008f 44200003 44a00002 2001008f 44200003 44000000 
0060: 40300000 0a546865 73652066 6c6f6174 2076616c 75657320 73686f75 6c642062 
0080: 65207468 65207361 6d653a0a 0000000a 00000000 00000000 00000000 00000000 
00a0: 00000000 00000000 00000000 00000000 00000000 00000000 00000000 00000000 *

End of clock cycle  24
----------------------
Trap Unit:
     Name     Busy       Op       Vj       Vk        Qj        Qk        A   Result  X-Start    X-End
TrapUnit2        1  dumpstr 0000008f 00000000                     00000000 00000000       24       24 
TrapUnit3        1     halt 00000000 00000000                     00000000       --       --      --

General Purpose Registers:
R0-R7:   00000000 0000008f 00000000 00000000 00000000 00000000 00000000 00000000 
R8-R15:  00000000 00000000 00000000 00000000 00000000 00000000 00000000 00000000 
R16-R23: 00000000 00000000 00000000 00000000 00000000 00000000 00000000 00000000 
R24-R31: 00000000 00000000 00000000 00000000 00000000 00000000 00000000 00000000 

Floating Point Registers:
F0-F7:   00000000 40300000 40300000 40300000 40300000 40300000 00000000 00000000 
F8-F15:  00000000 00000000 00000000 00000000 00000000 00000000 00000000 00000000 
F16-F23: 00000000 00000000 00000000 00000000 00000000 00000000 00000000 00000000 
F24-F31: 00000000 00000000 00000000 00000000 00000000 00000000 00000000 00000000 

Memory:
0000: 20010060 98210000 00201032 00401832 00602032 00802832 20010064 44200003 
0020: 44200002 2001008f 44200003 44400002 2001008f 44200003 44600002 2001008f 
0040: 44200003 44800002 2001008f 44200003 44a00002 2001008f 44200003 44000000 
0060: 40300000 0a546865 73652066 6c6f6174 2076616c 75657320 73686f75 6c642062 
0080: 65207468 65207361 6d653a0a 0000000a 00000000 00000000 00000000 00000000 
00a0: 00000000 00000000 00000000 00000000 00000000 00000000 00000000 00000000 *


End of clock cycle  25
----------------------
Trap Unit:
     Name     Busy       Op       Vj       Vk        Qj        Qk        A   Result  X-Start    X-End
TrapUnit3        1     halt 00000000 00000000                     00000000 00000000       25       25 

General Purpose Registers:
R0-R7:   00000000 0000008f 00000000 00000000 00000000 00000000 00000000 00000000 
R8-R15:  00000000 00000000 00000000 00000000 00000000 00000000 00000000 00000000 
R16-R23: 00000000 00000000 00000000 00000000 00000000 00000000 00000000 00000000 
R24-R31: 00000000 00000000 00000000 00000000 00000000 00000000 00000000 00000000 

Floating Point Registers:
F0-F7:   00000000 40300000 40300000 40300000 40300000 40300000 00000000 00000000 
F8-F15:  00000000 00000000 00000000 00000000 00000000 00000000 00000000 00000000 
F16-F23: 00000000 00000000 00000000 00000000 00000000 00000000 00000000 00000000 
F24-F31: 00000000 00000000 00000000 00000000 00000000 00000000 00000000 00000000 

Memory:
0000: 20010060 98210000 00201032 00401832 00602032 00802832 20010064 44200003 
0020: 44200002 2001008f 44200003 44400002 2001008f 44200003 44600002 2001008f 
0040: 44200003 44800002 2001008f 44200003 44a00002 2001008f 44200003 44000000 
0060: 40300000 0a546865 73652066 6c6f6174 2076616c 75657320 73686f75 6c642062 
0080: 65207468 65207361 6d653a0a 0000000a 00000000 00000000 00000000 00000000 
00a0: 00000000 00000000 00000000 00000000 00000000 00000000 00000000 00000000 *

End of clock cycle  26
----------------------
General Purpose Registers:
R0-R7:   00000000 0000008f 00000000 00000000 00000000 00000000 00000000 00000000 
R8-R15:  00000000 00000000 00000000 00000000 00000000 00000000 00000000 00000000 
R16-R23: 00000000 00000000 00000000 00000000 00000000 00000000 00000000 00000000 
R24-R31: 00000000 00000000 00000000 00000000 00000000 00000000 00000000 00000000 

Floating Point Registers:
F0-F7:   00000000 40300000 40300000 40300000 40300000 40300000 00000000 00000000 
F8-F15:  00000000 00000000 00000000 00000000 00000000 00000000 00000000 00000000 
F16-F23: 00000000 00000000 00000000 00000000 00000000 00000000 00000000 00000000 
F24-F31: 00000000 00000000 00000000 00000000 00000000 00000000 00000000 00000000 

Memory:
0000: 20010060 98210000 00201032 00401832 00602032 00802832 20010064 44200003 
0020: 44200002 2001008f 44200003 44400002 2001008f 44200003 44600002 2001008f 
0040: 44200003 44800002 2001008f 44200003 44a00002 2001008f 44200003 44000000 
0060: 40300000 0a546865 73652066 6c6f6174 2076616c 75657320 73686f75 6c642062 
0080: 65207468 65207361 6d653a0a 0000000a 00000000 00000000 00000000 00000000 
00a0: 00000000 00000000 00000000 00000000 00000000 00000000 00000000 00000000 *

