End of clock cycle   0
----------------------
Memory Unit:
     Name     Busy       Op       Vj       Vk        Qj        Qk        A   Result  X-Start    X-End
 MemUnit0        1       lw 00000000 00000000                     00000084       --       --      --

General Purpose Registers:
R0-R7:   00000000 MemUnit0 00000000 00000000 00000000 00000000 00000000 00000000 
R8-R15:  00000000 00000000 00000000 00000000 00000000 00000000 00000000 00000000 
R16-R23: 00000000 00000000 00000000 00000000 00000000 00000000 00000000 00000000 
R24-R31: 00000000 00000000 00000000 00000000 00000000 00000000 00000000 00000000 

Floating Point Registers:
F0-F7:   00000000 00000000 00000000 00000000 00000000 00000000 00000000 00000000 
F8-F15:  00000000 00000000 00000000 00000000 00000000 00000000 00000000 00000000 
F16-F23: 00000000 00000000 00000000 00000000 00000000 00000000 00000000 00000000 
F24-F31: 00000000 00000000 00000000 00000000 00000000 00000000 00000000 00000000 

Memory:
0000: 8c010084 ac010088 8c02008c ac020090 200600f4 20050094 44a00003 20050084 
0020: 8ca50000 44a00001 44c00003 200600f4 200500ac 44a00003 20050088 8ca50000 
0040: 44a00001 44c00003 200600f4 200500c4 44a00003 2005008c 8ca50000 44a00001 
0060: 44c00003 200600f4 200500dc 44a00003 20050090 8ca50000 44a00001 44c00003 
0080: 44000000 000000ab 000000cd 11223344 00000000 0a546865 2076616c 75652069 
00a0: 6e206e75 6d312069 73200000 0a546865 2076616c 75652069 6e206e75 6d322069 
00c0: 73200000 0a546865 2076616c 75652069 6e206e75 6d332069 73200000 0a546865 
00e0: 2076616c 75652069 6e206e75 6d342069 73200000 0a000000 00000000 00000000 
0100: 00000000 00000000 00000000 00000000 00000000 00000000 00000000 00000000 *

End of clock cycle   1
----------------------
Memory Unit:
     Name     Busy       Op       Vj       Vk        Qj        Qk        A   Result  X-Start    X-End
 MemUnit0        1       lw 00000000 00000000                     00000084       --        1       --
 MemUnit1        1       sw 00000000 00000000            MemUnit0 00000088       --       --      --

General Purpose Registers:
R0-R7:   00000000 MemUnit0 00000000 00000000 00000000 00000000 00000000 00000000 
R8-R15:  00000000 00000000 00000000 00000000 00000000 00000000 00000000 00000000 
R16-R23: 00000000 00000000 00000000 00000000 00000000 00000000 00000000 00000000 
R24-R31: 00000000 00000000 00000000 00000000 00000000 00000000 00000000 00000000 

Floating Point Registers:
F0-F7:   00000000 00000000 00000000 00000000 00000000 00000000 00000000 00000000 
F8-F15:  00000000 00000000 00000000 00000000 00000000 00000000 00000000 00000000 
F16-F23: 00000000 00000000 00000000 00000000 00000000 00000000 00000000 00000000 
F24-F31: 00000000 00000000 00000000 00000000 00000000 00000000 00000000 00000000 

Memory:
0000: 8c010084 ac010088 8c02008c ac020090 200600f4 20050094 44a00003 20050084 
0020: 8ca50000 44a00001 44c00003 200600f4 200500ac 44a00003 20050088 8ca50000 
0040: 44a00001 44c00003 200600f4 200500c4 44a00003 2005008c 8ca50000 44a00001 
0060: 44c00003 200600f4 200500dc 44a00003 20050090 8ca50000 44a00001 44c00003 
0080: 44000000 000000ab 000000cd 11223344 00000000 0a546865 2076616c 75652069 
00a0: 6e206e75 6d312069 73200000 0a546865 2076616c 75652069 6e206e75 6d322069 
00c0: 73200000 0a546865 2076616c 75652069 6e206e75 6d332069 73200000 0a546865 
00e0: 2076616c 75652069 6e206e75 6d342069 73200000 0a000000 00000000 00000000 
0100: 00000000 00000000 00000000 00000000 00000000 00000000 00000000 00000000 *

End of clock cycle   2
----------------------
Memory Unit:
     Name     Busy       Op       Vj       Vk        Qj        Qk        A   Result  X-Start    X-End
 MemUnit0        1       lw 00000000 00000000                     00000084 000000ab        1        2 
 MemUnit1        1       sw 00000000 00000000            MemUnit0 00000088       --       --      --
 MemUnit2        1       lw 00000000 00000000                     0000008c       --       --      --

General Purpose Registers:
R0-R7:   00000000 MemUnit0 MemUnit2 00000000 00000000 00000000 00000000 00000000 
R8-R15:  00000000 00000000 00000000 00000000 00000000 00000000 00000000 00000000 
R16-R23: 00000000 00000000 00000000 00000000 00000000 00000000 00000000 00000000 
R24-R31: 00000000 00000000 00000000 00000000 00000000 00000000 00000000 00000000 

Floating Point Registers:
F0-F7:   00000000 00000000 00000000 00000000 00000000 00000000 00000000 00000000 
F8-F15:  00000000 00000000 00000000 00000000 00000000 00000000 00000000 00000000 
F16-F23: 00000000 00000000 00000000 00000000 00000000 00000000 00000000 00000000 
F24-F31: 00000000 00000000 00000000 00000000 00000000 00000000 00000000 00000000 

Memory:
0000: 8c010084 ac010088 8c02008c ac020090 200600f4 20050094 44a00003 20050084 
0020: 8ca50000 44a00001 44c00003 200600f4 200500ac 44a00003 20050088 8ca50000 
0040: 44a00001 44c00003 200600f4 200500c4 44a00003 2005008c 8ca50000 44a00001 
0060: 44c00003 200600f4 200500dc 44a00003 20050090 8ca50000 44a00001 44c00003 
0080: 44000000 000000ab 000000cd 11223344 00000000 0a546865 2076616c 75652069 
00a0: 6e206e75 6d312069 73200000 0a546865 2076616c 75652069 6e206e75 6d322069 
00c0: 73200000 0a546865 2076616c 75652069 6e206e75 6d332069 73200000 0a546865 
00e0: 2076616c 75652069 6e206e75 6d342069 73200000 0a000000 00000000 00000000 
0100: 00000000 00000000 00000000 00000000 00000000 00000000 00000000 00000000 *

End of clock cycle   3
----------------------
Memory Unit:
     Name     Busy       Op       Vj       Vk        Qj        Qk        A   Result  X-Start    X-End
 MemUnit1        1       sw 00000000 000000ab                     00000088       --       --      --
 MemUnit2        1       lw 00000000 00000000                     0000008c       --       --      --
 MemUnit3        1       sw 00000000 00000000            MemUnit2 00000090       --       --      --

General Purpose Registers:
R0-R7:   00000000 000000ab MemUnit2 00000000 00000000 00000000 00000000 00000000 
R8-R15:  00000000 00000000 00000000 00000000 00000000 00000000 00000000 00000000 
R16-R23: 00000000 00000000 00000000 00000000 00000000 00000000 00000000 00000000 
R24-R31: 00000000 00000000 00000000 00000000 00000000 00000000 00000000 00000000 

Floating Point Registers:
F0-F7:   00000000 00000000 00000000 00000000 00000000 00000000 00000000 00000000 
F8-F15:  00000000 00000000 00000000 00000000 00000000 00000000 00000000 00000000 
F16-F23: 00000000 00000000 00000000 00000000 00000000 00000000 00000000 00000000 
F24-F31: 00000000 00000000 00000000 00000000 00000000 00000000 00000000 00000000 

Memory:
0000: 8c010084 ac010088 8c02008c ac020090 200600f4 20050094 44a00003 20050084 
0020: 8ca50000 44a00001 44c00003 200600f4 200500ac 44a00003 20050088 8ca50000 
0040: 44a00001 44c00003 200600f4 200500c4 44a00003 2005008c 8ca50000 44a00001 
0060: 44c00003 200600f4 200500dc 44a00003 20050090 8ca50000 44a00001 44c00003 
0080: 44000000 000000ab 000000cd 11223344 00000000 0a546865 2076616c 75652069 
00a0: 6e206e75 6d312069 73200000 0a546865 2076616c 75652069 6e206e75 6d322069 
00c0: 73200000 0a546865 2076616c 75652069 6e206e75 6d332069 73200000 0a546865 
00e0: 2076616c 75652069 6e206e75 6d342069 73200000 0a000000 00000000 00000000 
0100: 00000000 00000000 00000000 00000000 00000000 00000000 00000000 00000000 *

End of clock cycle   4
----------------------
Integer Unit:
     Name     Busy       Op       Vj       Vk        Qj        Qk        A   Result  X-Start    X-End
 IntUnit0        1     addi 00000000 00000000                     000000f4       --       --      --

Memory Unit:
     Name     Busy       Op       Vj       Vk        Qj        Qk        A   Result  X-Start    X-End
 MemUnit1        1       sw 00000000 000000ab                     00000088       --        4       --
 MemUnit2        1       lw 00000000 00000000                     0000008c       --       --      --
 MemUnit3        1       sw 00000000 00000000            MemUnit2 00000090       --       --      --

General Purpose Registers:
R0-R7:   00000000 000000ab MemUnit2 00000000 00000000 00000000 IntUnit0 00000000 
R8-R15:  00000000 00000000 00000000 00000000 00000000 00000000 00000000 00000000 
R16-R23: 00000000 00000000 00000000 00000000 00000000 00000000 00000000 00000000 
R24-R31: 00000000 00000000 00000000 00000000 00000000 00000000 00000000 00000000 

Floating Point Registers:
F0-F7:   00000000 00000000 00000000 00000000 00000000 00000000 00000000 00000000 
F8-F15:  00000000 00000000 00000000 00000000 00000000 00000000 00000000 00000000 
F16-F23: 00000000 00000000 00000000 00000000 00000000 00000000 00000000 00000000 
F24-F31: 00000000 00000000 00000000 00000000 00000000 00000000 00000000 00000000 

Memory:
0000: 8c010084 ac010088 8c02008c ac020090 200600f4 20050094 44a00003 20050084 
0020: 8ca50000 44a00001 44c00003 200600f4 200500ac 44a00003 20050088 8ca50000 
0040: 44a00001 44c00003 200600f4 200500c4 44a00003 2005008c 8ca50000 44a00001 
0060: 44c00003 200600f4 200500dc 44a00003 20050090 8ca50000 44a00001 44c00003 
0080: 44000000 000000ab 000000cd 11223344 00000000 0a546865 2076616c 75652069 
00a0: 6e206e75 6d312069 73200000 0a546865 2076616c 75652069 6e206e75 6d322069 
00c0: 73200000 0a546865 2076616c 75652069 6e206e75 6d332069 73200000 0a546865 
00e0: 2076616c 75652069 6e206e75 6d342069 73200000 0a000000 00000000 00000000 
0100: 00000000 00000000 00000000 00000000 00000000 00000000 00000000 00000000 *

End of clock cycle   5
----------------------
Integer Unit:
     Name     Busy       Op       Vj       Vk        Qj        Qk        A   Result  X-Start    X-End
 IntUnit0        1     addi 00000000 00000000                     000000f4 000000f4        5        5 
 IntUnit1        1     addi 00000000 00000000                     00000094       --       --      --

Memory Unit:
     Name     Busy       Op       Vj       Vk        Qj        Qk        A   Result  X-Start    X-End
 MemUnit1        1       sw 00000000 000000ab                     00000088 00000000        4        5 
 MemUnit2        1       lw 00000000 00000000                     0000008c       --       --      --
 MemUnit3        1       sw 00000000 00000000            MemUnit2 00000090       --       --      --

General Purpose Registers:
R0-R7:   00000000 000000ab MemUnit2 00000000 00000000 IntUnit1 IntUnit0 00000000 
R8-R15:  00000000 00000000 00000000 00000000 00000000 00000000 00000000 00000000 
R16-R23: 00000000 00000000 00000000 00000000 00000000 00000000 00000000 00000000 
R24-R31: 00000000 00000000 00000000 00000000 00000000 00000000 00000000 00000000 

Floating Point Registers:
F0-F7:   00000000 00000000 00000000 00000000 00000000 00000000 00000000 00000000 
F8-F15:  00000000 00000000 00000000 00000000 00000000 00000000 00000000 00000000 
F16-F23: 00000000 00000000 00000000 00000000 00000000 00000000 00000000 00000000 
F24-F31: 00000000 00000000 00000000 00000000 00000000 00000000 00000000 00000000 

Memory:
0000: 8c010084 ac010088 8c02008c ac020090 200600f4 20050094 44a00003 20050084 
0020: 8ca50000 44a00001 44c00003 200600f4 200500ac 44a00003 20050088 8ca50000 
0040: 44a00001 44c00003 200600f4 200500c4 44a00003 2005008c 8ca50000 44a00001 
0060: 44c00003 200600f4 200500dc 44a00003 20050090 8ca50000 44a00001 44c00003 
0080: 44000000 000000ab 000000cd 11223344 00000000 0a546865 2076616c 75652069 
00a0: 6e206e75 6d312069 73200000 0a546865 2076616c 75652069 6e206e75 6d322069 
00c0: 73200000 0a546865 2076616c 75652069 6e206e75 6d332069 73200000 0a546865 
00e0: 2076616c 75652069 6e206e75 6d342069 73200000 0a000000 00000000 00000000 
0100: 00000000 00000000 00000000 00000000 00000000 00000000 00000000 00000000 *

End of clock cycle   6
----------------------
Integer Unit:
     Name     Busy       Op       Vj       Vk        Qj        Qk        A   Result  X-Start    X-End
 IntUnit1        1     addi 00000000 00000000                     00000094 00000094        6        6 

Trap Unit:
     Name     Busy       Op       Vj       Vk        Qj        Qk        A   Result  X-Start    X-End
TrapUnit0        1  dumpstr 00000000 00000000  IntUnit1           00000000       --       --      --

Memory Unit:
     Name     Busy       Op       Vj       Vk        Qj        Qk        A   Result  X-Start    X-End
 MemUnit2        1       lw 00000000 00000000                     0000008c       --        6       --
 MemUnit3        1       sw 00000000 00000000            MemUnit2 00000090       --       --      --

General Purpose Registers:
R0-R7:   00000000 000000ab MemUnit2 00000000 00000000 IntUnit1 000000f4 00000000 
R8-R15:  00000000 00000000 00000000 00000000 00000000 00000000 00000000 00000000 
R16-R23: 00000000 00000000 00000000 00000000 00000000 00000000 00000000 00000000 
R24-R31: 00000000 00000000 00000000 00000000 00000000 00000000 00000000 00000000 

Floating Point Registers:
F0-F7:   00000000 00000000 00000000 00000000 00000000 00000000 00000000 00000000 
F8-F15:  00000000 00000000 00000000 00000000 00000000 00000000 00000000 00000000 
F16-F23: 00000000 00000000 00000000 00000000 00000000 00000000 00000000 00000000 
F24-F31: 00000000 00000000 00000000 00000000 00000000 00000000 00000000 00000000 

Memory:
0000: 8c010084 ac010088 8c02008c ac020090 200600f4 20050094 44a00003 20050084 
0020: 8ca50000 44a00001 44c00003 200600f4 200500ac 44a00003 20050088 8ca50000 
0040: 44a00001 44c00003 200600f4 200500c4 44a00003 2005008c 8ca50000 44a00001 
0060: 44c00003 200600f4 200500dc 44a00003 20050090 8ca50000 44a00001 44c00003 
0080: 44000000 000000ab 000000ab 11223344 00000000 0a546865 2076616c 75652069 
00a0: 6e206e75 6d312069 73200000 0a546865 2076616c 75652069 6e206e75 6d322069 
00c0: 73200000 0a546865 2076616c 75652069 6e206e75 6d332069 73200000 0a546865 
00e0: 2076616c 75652069 6e206e75 6d342069 73200000 0a000000 00000000 00000000 
0100: 00000000 00000000 00000000 00000000 00000000 00000000 00000000 00000000 *

End of clock cycle   7
----------------------
Integer Unit:
     Name     Busy       Op       Vj       Vk        Qj        Qk        A   Result  X-Start    X-End
 IntUnit0        1     addi 00000000 00000000                     00000084       --       --      --

Trap Unit:
     Name     Busy       Op       Vj       Vk        Qj        Qk        A   Result  X-Start    X-End
TrapUnit0        1  dumpstr 00000094 00000000                     00000000       --       --      --

Memory Unit:
     Name     Busy       Op       Vj       Vk        Qj        Qk        A   Result  X-Start    X-End
 MemUnit2        1       lw 00000000 00000000                     0000008c 11223344        6        7 
 MemUnit3        1       sw 00000000 00000000            MemUnit2 00000090       --       --      --

General Purpose Registers:
R0-R7:   00000000 000000ab MemUnit2 00000000 00000000 IntUnit0 000000f4 00000000 
R8-R15:  00000000 00000000 00000000 00000000 00000000 00000000 00000000 00000000 
R16-R23: 00000000 00000000 00000000 00000000 00000000 00000000 00000000 00000000 
R24-R31: 00000000 00000000 00000000 00000000 00000000 00000000 00000000 00000000 

Floating Point Registers:
F0-F7:   00000000 00000000 00000000 00000000 00000000 00000000 00000000 00000000 
F8-F15:  00000000 00000000 00000000 00000000 00000000 00000000 00000000 00000000 
F16-F23: 00000000 00000000 00000000 00000000 00000000 00000000 00000000 00000000 
F24-F31: 00000000 00000000 00000000 00000000 00000000 00000000 00000000 00000000 

Memory:
0000: 8c010084 ac010088 8c02008c ac020090 200600f4 20050094 44a00003 20050084 
0020: 8ca50000 44a00001 44c00003 200600f4 200500ac 44a00003 20050088 8ca50000 
0040: 44a00001 44c00003 200600f4 200500c4 44a00003 2005008c 8ca50000 44a00001 
0060: 44c00003 200600f4 200500dc 44a00003 20050090 8ca50000 44a00001 44c00003 
0080: 44000000 000000ab 000000ab 11223344 00000000 0a546865 2076616c 75652069 
00a0: 6e206e75 6d312069 73200000 0a546865 2076616c 75652069 6e206e75 6d322069 
00c0: 73200000 0a546865 2076616c 75652069 6e206e75 6d332069 73200000 0a546865 
00e0: 2076616c 75652069 6e206e75 6d342069 73200000 0a000000 00000000 00000000 
0100: 00000000 00000000 00000000 00000000 00000000 00000000 00000000 00000000 *

End of clock cycle   8
----------------------
Integer Unit:
     Name     Busy       Op       Vj       Vk        Qj        Qk        A   Result  X-Start    X-End
 IntUnit0        1     addi 00000000 00000000                     00000084 00000084        8        8 

Trap Unit:
     Name     Busy       Op       Vj       Vk        Qj        Qk        A   Result  X-Start    X-End
TrapUnit0        1  dumpstr 00000094 00000000                     00000000 00000000        8        8 

Memory Unit:
     Name     Busy       Op       Vj       Vk        Qj        Qk        A   Result  X-Start    X-End
 MemUnit3        1       sw 00000000 11223344                     00000090       --       --      --
 MemUnit4        1       lw 00000000 00000000  IntUnit0           00000000       --       --      --

General Purpose Registers:
R0-R7:   00000000 000000ab 11223344 00000000 00000000 MemUnit4 000000f4 00000000 
R8-R15:  00000000 00000000 00000000 00000000 00000000 00000000 00000000 00000000 
R16-R23: 00000000 00000000 00000000 00000000 00000000 00000000 00000000 00000000 
R24-R31: 00000000 00000000 00000000 00000000 00000000 00000000 00000000 00000000 

Floating Point Registers:
F0-F7:   00000000 00000000 00000000 00000000 00000000 00000000 00000000 00000000 
F8-F15:  00000000 00000000 00000000 00000000 00000000 00000000 00000000 00000000 
F16-F23: 00000000 00000000 00000000 00000000 00000000 00000000 00000000 00000000 
F24-F31: 00000000 00000000 00000000 00000000 00000000 00000000 00000000 00000000 

Memory:
0000: 8c010084 ac010088 8c02008c ac020090 200600f4 20050094 44a00003 20050084 
0020: 8ca50000 44a00001 44c00003 200600f4 200500ac 44a00003 20050088 8ca50000 
0040: 44a00001 44c00003 200600f4 200500c4 44a00003 2005008c 8ca50000 44a00001 
0060: 44c00003 200600f4 200500dc 44a00003 20050090 8ca50000 44a00001 44c00003 
0080: 44000000 000000ab 000000ab 11223344 00000000 0a546865 2076616c 75652069 
00a0: 6e206e75 6d312069 73200000 0a546865 2076616c 75652069 6e206e75 6d322069 
00c0: 73200000 0a546865 2076616c 75652069 6e206e75 6d332069 73200000 0a546865 
00e0: 2076616c 75652069 6e206e75 6d342069 73200000 0a000000 00000000 00000000 
0100: 00000000 00000000 00000000 00000000 00000000 00000000 00000000 00000000 *


The value in num1 is End of clock cycle   9
----------------------
Trap Unit:
     Name     Busy       Op       Vj       Vk        Qj        Qk        A   Result  X-Start    X-End
TrapUnit1        1  dumpgpr 00000000 00000000  MemUnit4           00000000       --       --      --

Memory Unit:
     Name     Busy       Op       Vj       Vk        Qj        Qk        A   Result  X-Start    X-End
 MemUnit3        1       sw 00000000 11223344                     00000090       --        9       --
 MemUnit4        1       lw 00000084 00000000                     00000000       --       --      --

General Purpose Registers:
R0-R7:   00000000 000000ab 11223344 00000000 00000000 MemUnit4 000000f4 00000000 
R8-R15:  00000000 00000000 00000000 00000000 00000000 00000000 00000000 00000000 
R16-R23: 00000000 00000000 00000000 00000000 00000000 00000000 00000000 00000000 
R24-R31: 00000000 00000000 00000000 00000000 00000000 00000000 00000000 00000000 

Floating Point Registers:
F0-F7:   00000000 00000000 00000000 00000000 00000000 00000000 00000000 00000000 
F8-F15:  00000000 00000000 00000000 00000000 00000000 00000000 00000000 00000000 
F16-F23: 00000000 00000000 00000000 00000000 00000000 00000000 00000000 00000000 
F24-F31: 00000000 00000000 00000000 00000000 00000000 00000000 00000000 00000000 

Memory:
0000: 8c010084 ac010088 8c02008c ac020090 200600f4 20050094 44a00003 20050084 
0020: 8ca50000 44a00001 44c00003 200600f4 200500ac 44a00003 20050088 8ca50000 
0040: 44a00001 44c00003 200600f4 200500c4 44a00003 2005008c 8ca50000 44a00001 
0060: 44c00003 200600f4 200500dc 44a00003 20050090 8ca50000 44a00001 44c00003 
0080: 44000000 000000ab 000000ab 11223344 00000000 0a546865 2076616c 75652069 
00a0: 6e206e75 6d312069 73200000 0a546865 2076616c 75652069 6e206e75 6d322069 
00c0: 73200000 0a546865 2076616c 75652069 6e206e75 6d332069 73200000 0a546865 
00e0: 2076616c 75652069 6e206e75 6d342069 73200000 0a000000 00000000 00000000 
0100: 00000000 00000000 00000000 00000000 00000000 00000000 00000000 00000000 *

End of clock cycle  10
----------------------
Trap Unit:
     Name     Busy       Op       Vj       Vk        Qj        Qk        A   Result  X-Start    X-End
TrapUnit1        1  dumpgpr 00000000 00000000  MemUnit4           00000000       --       --      --
TrapUnit2        1  dumpstr 000000f4 00000000                     00000000       --       --      --

Memory Unit:
     Name     Busy       Op       Vj       Vk        Qj        Qk        A   Result  X-Start    X-End
 MemUnit3        1       sw 00000000 11223344                     00000090 00000000        9       10 
 MemUnit4        1       lw 00000084 00000000                     00000000       --       --      --

General Purpose Registers:
R0-R7:   00000000 000000ab 11223344 00000000 00000000 MemUnit4 000000f4 00000000 
R8-R15:  00000000 00000000 00000000 00000000 00000000 00000000 00000000 00000000 
R16-R23: 00000000 00000000 00000000 00000000 00000000 00000000 00000000 00000000 
R24-R31: 00000000 00000000 00000000 00000000 00000000 00000000 00000000 00000000 

Floating Point Registers:
F0-F7:   00000000 00000000 00000000 00000000 00000000 00000000 00000000 00000000 
F8-F15:  00000000 00000000 00000000 00000000 00000000 00000000 00000000 00000000 
F16-F23: 00000000 00000000 00000000 00000000 00000000 00000000 00000000 00000000 
F24-F31: 00000000 00000000 00000000 00000000 00000000 00000000 00000000 00000000 

Memory:
0000: 8c010084 ac010088 8c02008c ac020090 200600f4 20050094 44a00003 20050084 
0020: 8ca50000 44a00001 44c00003 200600f4 200500ac 44a00003 20050088 8ca50000 
0040: 44a00001 44c00003 200600f4 200500c4 44a00003 2005008c 8ca50000 44a00001 
0060: 44c00003 200600f4 200500dc 44a00003 20050090 8ca50000 44a00001 44c00003 
0080: 44000000 000000ab 000000ab 11223344 00000000 0a546865 2076616c 75652069 
00a0: 6e206e75 6d312069 73200000 0a546865 2076616c 75652069 6e206e75 6d322069 
00c0: 73200000 0a546865 2076616c 75652069 6e206e75 6d332069 73200000 0a546865 
00e0: 2076616c 75652069 6e206e75 6d342069 73200000 0a000000 00000000 00000000 
0100: 00000000 00000000 00000000 00000000 00000000 00000000 00000000 00000000 *

End of clock cycle  11
----------------------
Integer Unit:
     Name     Busy       Op       Vj       Vk        Qj        Qk        A   Result  X-Start    X-End
 IntUnit0        1     addi 00000000 00000000                     000000f4       --       --      --

Trap Unit:
     Name     Busy       Op       Vj       Vk        Qj        Qk        A   Result  X-Start    X-End
TrapUnit1        1  dumpgpr 00000000 00000000  MemUnit4           00000000       --       --      --
TrapUnit2        1  dumpstr 000000f4 00000000                     00000000       --       --      --

Memory Unit:
     Name     Busy       Op       Vj       Vk        Qj        Qk        A   Result  X-Start    X-End
 MemUnit4        1       lw 00000084 00000000                     00000000       --       11       --

General Purpose Registers:
R0-R7:   00000000 000000ab 11223344 00000000 00000000 MemUnit4 IntUnit0 00000000 
R8-R15:  00000000 00000000 00000000 00000000 00000000 00000000 00000000 00000000 
R16-R23: 00000000 00000000 00000000 00000000 00000000 00000000 00000000 00000000 
R24-R31: 00000000 00000000 00000000 00000000 00000000 00000000 00000000 00000000 

Floating Point Registers:
F0-F7:   00000000 00000000 00000000 00000000 00000000 00000000 00000000 00000000 
F8-F15:  00000000 00000000 00000000 00000000 00000000 00000000 00000000 00000000 
F16-F23: 00000000 00000000 00000000 00000000 00000000 00000000 00000000 00000000 
F24-F31: 00000000 00000000 00000000 00000000 00000000 00000000 00000000 00000000 

Memory:
0000: 8c010084 ac010088 8c02008c ac020090 200600f4 20050094 44a00003 20050084 
0020: 8ca50000 44a00001 44c00003 200600f4 200500ac 44a00003 20050088 8ca50000 
0040: 44a00001 44c00003 200600f4 200500c4 44a00003 2005008c 8ca50000 44a00001 
0060: 44c00003 200600f4 200500dc 44a00003 20050090 8ca50000 44a00001 44c00003 
0080: 44000000 000000ab 000000ab 11223344 11223344 0a546865 2076616c 75652069 
00a0: 6e206e75 6d312069 73200000 0a546865 2076616c 75652069 6e206e75 6d322069 
00c0: 73200000 0a546865 2076616c 75652069 6e206e75 6d332069 73200000 0a546865 
00e0: 2076616c 75652069 6e206e75 6d342069 73200000 0a000000 00000000 00000000 
0100: 00000000 00000000 00000000 00000000 00000000 00000000 00000000 00000000 *

End of clock cycle  12
----------------------
Integer Unit:
     Name     Busy       Op       Vj       Vk        Qj        Qk        A   Result  X-Start    X-End
 IntUnit0        1     addi 00000000 00000000                     000000f4 000000f4       12       12 
 IntUnit1        1     addi 00000000 00000000                     000000ac       --       --      --

Trap Unit:
     Name     Busy       Op       Vj       Vk        Qj        Qk        A   Result  X-Start    X-End
TrapUnit1        1  dumpgpr 00000000 00000000  MemUnit4           00000000       --       --      --
TrapUnit2        1  dumpstr 000000f4 00000000                     00000000       --       --      --

Memory Unit:
     Name     Busy       Op       Vj       Vk        Qj        Qk        A   Result  X-Start    X-End
 MemUnit4        1       lw 00000084 00000000                     00000084 000000ab       11       12 

General Purpose Registers:
R0-R7:   00000000 000000ab 11223344 00000000 00000000 IntUnit1 IntUnit0 00000000 
R8-R15:  00000000 00000000 00000000 00000000 00000000 00000000 00000000 00000000 
R16-R23: 00000000 00000000 00000000 00000000 00000000 00000000 00000000 00000000 
R24-R31: 00000000 00000000 00000000 00000000 00000000 00000000 00000000 00000000 

Floating Point Registers:
F0-F7:   00000000 00000000 00000000 00000000 00000000 00000000 00000000 00000000 
F8-F15:  00000000 00000000 00000000 00000000 00000000 00000000 00000000 00000000 
F16-F23: 00000000 00000000 00000000 00000000 00000000 00000000 00000000 00000000 
F24-F31: 00000000 00000000 00000000 00000000 00000000 00000000 00000000 00000000 

Memory:
0000: 8c010084 ac010088 8c02008c ac020090 200600f4 20050094 44a00003 20050084 
0020: 8ca50000 44a00001 44c00003 200600f4 200500ac 44a00003 20050088 8ca50000 
0040: 44a00001 44c00003 200600f4 200500c4 44a00003 2005008c 8ca50000 44a00001 
0060: 44c00003 200600f4 200500dc 44a00003 20050090 8ca50000 44a00001 44c00003 
0080: 44000000 000000ab 000000ab 11223344 11223344 0a546865 2076616c 75652069 
00a0: 6e206e75 6d312069 73200000 0a546865 2076616c 75652069 6e206e75 6d322069 
00c0: 73200000 0a546865 2076616c 75652069 6e206e75 6d332069 73200000 0a546865 
00e0: 2076616c 75652069 6e206e75 6d342069 73200000 0a000000 00000000 00000000 
0100: 00000000 00000000 00000000 00000000 00000000 00000000 00000000 00000000 *

End of clock cycle  13
----------------------
Integer Unit:
     Name     Busy       Op       Vj       Vk        Qj        Qk        A   Result  X-Start    X-End
 IntUnit0        1     addi 00000000 00000000                     000000f4 000000f4       12       12 
 IntUnit1        1     addi 00000000 00000000                     000000ac 000000ac       13       13 

Trap Unit:
     Name     Busy       Op       Vj       Vk        Qj        Qk        A   Result  X-Start    X-End
TrapUnit1        1  dumpgpr 000000ab 00000000                     00000000       --       --      --
TrapUnit2        1  dumpstr 000000f4 00000000                     00000000       --       --      --
TrapUnit3        1  dumpstr 00000000 00000000  IntUnit1           00000000       --       --      --

General Purpose Registers:
R0-R7:   00000000 000000ab 11223344 00000000 00000000 IntUnit1 IntUnit0 00000000 
R8-R15:  00000000 00000000 00000000 00000000 00000000 00000000 00000000 00000000 
R16-R23: 00000000 00000000 00000000 00000000 00000000 00000000 00000000 00000000 
R24-R31: 00000000 00000000 00000000 00000000 00000000 00000000 00000000 00000000 

Floating Point Registers:
F0-F7:   00000000 00000000 00000000 00000000 00000000 00000000 00000000 00000000 
F8-F15:  00000000 00000000 00000000 00000000 00000000 00000000 00000000 00000000 
F16-F23: 00000000 00000000 00000000 00000000 00000000 00000000 00000000 00000000 
F24-F31: 00000000 00000000 00000000 00000000 00000000 00000000 00000000 00000000 

Memory:
0000: 8c010084 ac010088 8c02008c ac020090 200600f4 20050094 44a00003 20050084 
0020: 8ca50000 44a00001 44c00003 200600f4 200500ac 44a00003 20050088 8ca50000 
0040: 44a00001 44c00003 200600f4 200500c4 44a00003 2005008c 8ca50000 44a00001 
0060: 44c00003 200600f4 200500dc 44a00003 20050090 8ca50000 44a00001 44c00003 
0080: 44000000 000000ab 000000ab 11223344 11223344 0a546865 2076616c 75652069 
00a0: 6e206e75 6d312069 73200000 0a546865 2076616c 75652069 6e206e75 6d322069 
00c0: 73200000 0a546865 2076616c 75652069 6e206e75 6d332069 73200000 0a546865 
00e0: 2076616c 75652069 6e206e75 6d342069 73200000 0a000000 00000000 00000000 
0100: 00000000 00000000 00000000 00000000 00000000 00000000 00000000 00000000 *

End of clock cycle  14
----------------------
Integer Unit:
     Name     Busy       Op       Vj       Vk        Qj        Qk        A   Result  X-Start    X-End
 IntUnit1        1     addi 00000000 00000000                     000000ac 000000ac       13       13 
 IntUnit2        1     addi 00000000 00000000                     00000088       --       --      --

Trap Unit:
     Name     Busy       Op       Vj       Vk        Qj        Qk        A   Result  X-Start    X-End
TrapUnit1        1  dumpgpr 000000ab 00000000                     00000000 00000000       14       14 
TrapUnit2        1  dumpstr 000000f4 00000000                     00000000       --       --      --
TrapUnit3        1  dumpstr 00000000 00000000  IntUnit1           00000000       --       --      --

General Purpose Registers:
R0-R7:   00000000 000000ab 11223344 00000000 00000000 IntUnit2 000000f4 00000000 
R8-R15:  00000000 00000000 00000000 00000000 00000000 00000000 00000000 00000000 
R16-R23: 00000000 00000000 00000000 00000000 00000000 00000000 00000000 00000000 
R24-R31: 00000000 00000000 00000000 00000000 00000000 00000000 00000000 00000000 

Floating Point Registers:
F0-F7:   00000000 00000000 00000000 00000000 00000000 00000000 00000000 00000000 
F8-F15:  00000000 00000000 00000000 00000000 00000000 00000000 00000000 00000000 
F16-F23: 00000000 00000000 00000000 00000000 00000000 00000000 00000000 00000000 
F24-F31: 00000000 00000000 00000000 00000000 00000000 00000000 00000000 00000000 

Memory:
0000: 8c010084 ac010088 8c02008c ac020090 200600f4 20050094 44a00003 20050084 
0020: 8ca50000 44a00001 44c00003 200600f4 200500ac 44a00003 20050088 8ca50000 
0040: 44a00001 44c00003 200600f4 200500c4 44a00003 2005008c 8ca50000 44a00001 
0060: 44c00003 200600f4 200500dc 44a00003 20050090 8ca50000 44a00001 44c00003 
0080: 44000000 000000ab 000000ab 11223344 11223344 0a546865 2076616c 75652069 
00a0: 6e206e75 6d312069 73200000 0a546865 2076616c 75652069 6e206e75 6d322069 
00c0: 73200000 0a546865 2076616c 75652069 6e206e75 6d332069 73200000 0a546865 
00e0: 2076616c 75652069 6e206e75 6d342069 73200000 0a000000 00000000 00000000 
0100: 00000000 00000000 00000000 00000000 00000000 00000000 00000000 00000000 *

171End of clock cycle  15
----------------------
Integer Unit:
     Name     Busy       Op       Vj       Vk        Qj        Qk        A   Result  X-Start    X-End
 IntUnit2        1     addi 00000000 00000000                     00000088 00000088       15       15 

Trap Unit:
     Name     Busy       Op       Vj       Vk        Qj        Qk        A   Result  X-Start    X-End
TrapUnit2        1  dumpstr 000000f4 00000000                     00000000 00000000       15       15 
TrapUnit3        1  dumpstr 000000ac 00000000                     00000000       --       --      --

Memory Unit:
     Name     Busy       Op       Vj       Vk        Qj        Qk        A   Result  X-Start    X-End
 MemUnit5        1       lw 00000000 00000000  IntUnit2           00000000       --       --      --

General Purpose Registers:
R0-R7:   00000000 000000ab 11223344 00000000 00000000 MemUnit5 000000f4 00000000 
R8-R15:  00000000 00000000 00000000 00000000 00000000 00000000 00000000 00000000 
R16-R23: 00000000 00000000 00000000 00000000 00000000 00000000 00000000 00000000 
R24-R31: 00000000 00000000 00000000 00000000 00000000 00000000 00000000 00000000 

Floating Point Registers:
F0-F7:   00000000 00000000 00000000 00000000 00000000 00000000 00000000 00000000 
F8-F15:  00000000 00000000 00000000 00000000 00000000 00000000 00000000 00000000 
F16-F23: 00000000 00000000 00000000 00000000 00000000 00000000 00000000 00000000 
F24-F31: 00000000 00000000 00000000 00000000 00000000 00000000 00000000 00000000 

Memory:
0000: 8c010084 ac010088 8c02008c ac020090 200600f4 20050094 44a00003 20050084 
0020: 8ca50000 44a00001 44c00003 200600f4 200500ac 44a00003 20050088 8ca50000 
0040: 44a00001 44c00003 200600f4 200500c4 44a00003 2005008c 8ca50000 44a00001 
0060: 44c00003 200600f4 200500dc 44a00003 20050090 8ca50000 44a00001 44c00003 
0080: 44000000 000000ab 000000ab 11223344 11223344 0a546865 2076616c 75652069 
00a0: 6e206e75 6d312069 73200000 0a546865 2076616c 75652069 6e206e75 6d322069 
00c0: 73200000 0a546865 2076616c 75652069 6e206e75 6d332069 73200000 0a546865 
00e0: 2076616c 75652069 6e206e75 6d342069 73200000 0a000000 00000000 00000000 
0100: 00000000 00000000 00000000 00000000 00000000 00000000 00000000 00000000 *


End of clock cycle  16
----------------------
Trap Unit:
     Name     Busy       Op       Vj       Vk        Qj        Qk        A   Result  X-Start    X-End
TrapUnit0        1  dumpgpr 00000000 00000000  MemUnit5           00000000       --       --      --
TrapUnit3        1  dumpstr 000000ac 00000000                     00000000 00000000       16       16 

Memory Unit:
     Name     Busy       Op       Vj       Vk        Qj        Qk        A   Result  X-Start    X-End
 MemUnit5        1       lw 00000088 00000000                     00000000       --       --      --

General Purpose Registers:
R0-R7:   00000000 000000ab 11223344 00000000 00000000 MemUnit5 000000f4 00000000 
R8-R15:  00000000 00000000 00000000 00000000 00000000 00000000 00000000 00000000 
R16-R23: 00000000 00000000 00000000 00000000 00000000 00000000 00000000 00000000 
R24-R31: 00000000 00000000 00000000 00000000 00000000 00000000 00000000 00000000 

Floating Point Registers:
F0-F7:   00000000 00000000 00000000 00000000 00000000 00000000 00000000 00000000 
F8-F15:  00000000 00000000 00000000 00000000 00000000 00000000 00000000 00000000 
F16-F23: 00000000 00000000 00000000 00000000 00000000 00000000 00000000 00000000 
F24-F31: 00000000 00000000 00000000 00000000 00000000 00000000 00000000 00000000 

Memory:
0000: 8c010084 ac010088 8c02008c ac020090 200600f4 20050094 44a00003 20050084 
0020: 8ca50000 44a00001 44c00003 200600f4 200500ac 44a00003 20050088 8ca50000 
0040: 44a00001 44c00003 200600f4 200500c4 44a00003 2005008c 8ca50000 44a00001 
0060: 44c00003 200600f4 200500dc 44a00003 20050090 8ca50000 44a00001 44c00003 
0080: 44000000 000000ab 000000ab 11223344 11223344 0a546865 2076616c 75652069 
00a0: 6e206e75 6d312069 73200000 0a546865 2076616c 75652069 6e206e75 6d322069 
00c0: 73200000 0a546865 2076616c 75652069 6e206e75 6d332069 73200000 0a546865 
00e0: 2076616c 75652069 6e206e75 6d342069 73200000 0a000000 00000000 00000000 
0100: 00000000 00000000 00000000 00000000 00000000 00000000 00000000 00000000 *


The value in num2 is End of clock cycle  17
----------------------
Trap Unit:
     Name     Busy       Op       Vj       Vk        Qj        Qk        A   Result  X-Start    X-End
TrapUnit0        1  dumpgpr 00000000 00000000  MemUnit5           00000000       --       --      --
TrapUnit1        1  dumpstr 000000f4 00000000                     00000000       --       --      --

Memory Unit:
     Name     Busy       Op       Vj       Vk        Qj        Qk        A   Result  X-Start    X-End
 MemUnit5        1       lw 00000088 00000000                     00000000       --       17       --

General Purpose Registers:
R0-R7:   00000000 000000ab 11223344 00000000 00000000 MemUnit5 000000f4 00000000 
R8-R15:  00000000 00000000 00000000 00000000 00000000 00000000 00000000 00000000 
R16-R23: 00000000 00000000 00000000 00000000 00000000 00000000 00000000 00000000 
R24-R31: 00000000 00000000 00000000 00000000 00000000 00000000 00000000 00000000 

Floating Point Registers:
F0-F7:   00000000 00000000 00000000 00000000 00000000 00000000 00000000 00000000 
F8-F15:  00000000 00000000 00000000 00000000 00000000 00000000 00000000 00000000 
F16-F23: 00000000 00000000 00000000 00000000 00000000 00000000 00000000 00000000 
F24-F31: 00000000 00000000 00000000 00000000 00000000 00000000 00000000 00000000 

Memory:
0000: 8c010084 ac010088 8c02008c ac020090 200600f4 20050094 44a00003 20050084 
0020: 8ca50000 44a00001 44c00003 200600f4 200500ac 44a00003 20050088 8ca50000 
0040: 44a00001 44c00003 200600f4 200500c4 44a00003 2005008c 8ca50000 44a00001 
0060: 44c00003 200600f4 200500dc 44a00003 20050090 8ca50000 44a00001 44c00003 
0080: 44000000 000000ab 000000ab 11223344 11223344 0a546865 2076616c 75652069 
00a0: 6e206e75 6d312069 73200000 0a546865 2076616c 75652069 6e206e75 6d322069 
00c0: 73200000 0a546865 2076616c 75652069 6e206e75 6d332069 73200000 0a546865 
00e0: 2076616c 75652069 6e206e75 6d342069 73200000 0a000000 00000000 00000000 
0100: 00000000 00000000 00000000 00000000 00000000 00000000 00000000 00000000 *

End of clock cycle  18
----------------------
Integer Unit:
     Name     Busy       Op       Vj       Vk        Qj        Qk        A   Result  X-Start    X-End
 IntUnit0        1     addi 00000000 00000000                     000000f4       --       --      --

Trap Unit:
     Name     Busy       Op       Vj       Vk        Qj        Qk        A   Result  X-Start    X-End
TrapUnit0        1  dumpgpr 00000000 00000000  MemUnit5           00000000       --       --      --
TrapUnit1        1  dumpstr 000000f4 00000000                     00000000       --       --      --

Memory Unit:
     Name     Busy       Op       Vj       Vk        Qj        Qk        A   Result  X-Start    X-End
 MemUnit5        1       lw 00000088 00000000                     00000088 000000ab       17       18 

General Purpose Registers:
R0-R7:   00000000 000000ab 11223344 00000000 00000000 MemUnit5 IntUnit0 00000000 
R8-R15:  00000000 00000000 00000000 00000000 00000000 00000000 00000000 00000000 
R16-R23: 00000000 00000000 00000000 00000000 00000000 00000000 00000000 00000000 
R24-R31: 00000000 00000000 00000000 00000000 00000000 00000000 00000000 00000000 

Floating Point Registers:
F0-F7:   00000000 00000000 00000000 00000000 00000000 00000000 00000000 00000000 
F8-F15:  00000000 00000000 00000000 00000000 00000000 00000000 00000000 00000000 
F16-F23: 00000000 00000000 00000000 00000000 00000000 00000000 00000000 00000000 
F24-F31: 00000000 00000000 00000000 00000000 00000000 00000000 00000000 00000000 

Memory:
0000: 8c010084 ac010088 8c02008c ac020090 200600f4 20050094 44a00003 20050084 
0020: 8ca50000 44a00001 44c00003 200600f4 200500ac 44a00003 20050088 8ca50000 
0040: 44a00001 44c00003 200600f4 200500c4 44a00003 2005008c 8ca50000 44a00001 
0060: 44c00003 200600f4 200500dc 44a00003 20050090 8ca50000 44a00001 44c00003 
0080: 44000000 000000ab 000000ab 11223344 11223344 0a546865 2076616c 75652069 
00a0: 6e206e75 6d312069 73200000 0a546865 2076616c 75652069 6e206e75 6d322069 
00c0: 73200000 0a546865 2076616c 75652069 6e206e75 6d332069 73200000 0a546865 
00e0: 2076616c 75652069 6e206e75 6d342069 73200000 0a000000 00000000 00000000 
0100: 00000000 00000000 00000000 00000000 00000000 00000000 00000000 00000000 *

End of clock cycle  19
----------------------
Integer Unit:
     Name     Busy       Op       Vj       Vk        Qj        Qk        A   Result  X-Start    X-End
 IntUnit0        1     addi 00000000 00000000                     000000f4 000000f4       19       19 
 IntUnit1        1     addi 00000000 00000000                     000000c4       --       --      --

Trap Unit:
     Name     Busy       Op       Vj       Vk        Qj        Qk        A   Result  X-Start    X-End
TrapUnit0        1  dumpgpr 000000ab 00000000                     00000000       --       --      --
TrapUnit1        1  dumpstr 000000f4 00000000                     00000000       --       --      --

General Purpose Registers:
R0-R7:   00000000 000000ab 11223344 00000000 00000000 IntUnit1 IntUnit0 00000000 
R8-R15:  00000000 00000000 00000000 00000000 00000000 00000000 00000000 00000000 
R16-R23: 00000000 00000000 00000000 00000000 00000000 00000000 00000000 00000000 
R24-R31: 00000000 00000000 00000000 00000000 00000000 00000000 00000000 00000000 

Floating Point Registers:
F0-F7:   00000000 00000000 00000000 00000000 00000000 00000000 00000000 00000000 
F8-F15:  00000000 00000000 00000000 00000000 00000000 00000000 00000000 00000000 
F16-F23: 00000000 00000000 00000000 00000000 00000000 00000000 00000000 00000000 
F24-F31: 00000000 00000000 00000000 00000000 00000000 00000000 00000000 00000000 

Memory:
0000: 8c010084 ac010088 8c02008c ac020090 200600f4 20050094 44a00003 20050084 
0020: 8ca50000 44a00001 44c00003 200600f4 200500ac 44a00003 20050088 8ca50000 
0040: 44a00001 44c00003 200600f4 200500c4 44a00003 2005008c 8ca50000 44a00001 
0060: 44c00003 200600f4 200500dc 44a00003 20050090 8ca50000 44a00001 44c00003 
0080: 44000000 000000ab 000000ab 11223344 11223344 0a546865 2076616c 75652069 
00a0: 6e206e75 6d312069 73200000 0a546865 2076616c 75652069 6e206e75 6d322069 
00c0: 73200000 0a546865 2076616c 75652069 6e206e75 6d332069 73200000 0a546865 
00e0: 2076616c 75652069 6e206e75 6d342069 73200000 0a000000 00000000 00000000 
0100: 00000000 00000000 00000000 00000000 00000000 00000000 00000000 00000000 *

End of clock cycle  20
----------------------
Integer Unit:
     Name     Busy       Op       Vj       Vk        Qj        Qk        A   Result  X-Start    X-End
 IntUnit1        1     addi 00000000 00000000                     000000c4 000000c4       20       20 

Trap Unit:
     Name     Busy       Op       Vj       Vk        Qj        Qk        A   Result  X-Start    X-End
TrapUnit0        1  dumpgpr 000000ab 00000000                     00000000 00000000       20       20 
TrapUnit1        1  dumpstr 000000f4 00000000                     00000000       --       --      --
TrapUnit2        1  dumpstr 00000000 00000000  IntUnit1           00000000       --       --      --

General Purpose Registers:
R0-R7:   00000000 000000ab 11223344 00000000 00000000 IntUnit1 000000f4 00000000 
R8-R15:  00000000 00000000 00000000 00000000 00000000 00000000 00000000 00000000 
R16-R23: 00000000 00000000 00000000 00000000 00000000 00000000 00000000 00000000 
R24-R31: 00000000 00000000 00000000 00000000 00000000 00000000 00000000 00000000 

Floating Point Registers:
F0-F7:   00000000 00000000 00000000 00000000 00000000 00000000 00000000 00000000 
F8-F15:  00000000 00000000 00000000 00000000 00000000 00000000 00000000 00000000 
F16-F23: 00000000 00000000 00000000 00000000 00000000 00000000 00000000 00000000 
F24-F31: 00000000 00000000 00000000 00000000 00000000 00000000 00000000 00000000 

Memory:
0000: 8c010084 ac010088 8c02008c ac020090 200600f4 20050094 44a00003 20050084 
0020: 8ca50000 44a00001 44c00003 200600f4 200500ac 44a00003 20050088 8ca50000 
0040: 44a00001 44c00003 200600f4 200500c4 44a00003 2005008c 8ca50000 44a00001 
0060: 44c00003 200600f4 200500dc 44a00003 20050090 8ca50000 44a00001 44c00003 
0080: 44000000 000000ab 000000ab 11223344 11223344 0a546865 2076616c 75652069 
00a0: 6e206e75 6d312069 73200000 0a546865 2076616c 75652069 6e206e75 6d322069 
00c0: 73200000 0a546865 2076616c 75652069 6e206e75 6d332069 73200000 0a546865 
00e0: 2076616c 75652069 6e206e75 6d342069 73200000 0a000000 00000000 00000000 
0100: 00000000 00000000 00000000 00000000 00000000 00000000 00000000 00000000 *

171End of clock cycle  21
----------------------
Integer Unit:
     Name     Busy       Op       Vj       Vk        Qj        Qk        A   Result  X-Start    X-End
 IntUnit0        1     addi 00000000 00000000                     0000008c       --       --      --

Trap Unit:
     Name     Busy       Op       Vj       Vk        Qj        Qk        A   Result  X-Start    X-End
TrapUnit1        1  dumpstr 000000f4 00000000                     00000000 00000000       21       21 
TrapUnit2        1  dumpstr 000000c4 00000000                     00000000       --       --      --

General Purpose Registers:
R0-R7:   00000000 000000ab 11223344 00000000 00000000 IntUnit0 000000f4 00000000 
R8-R15:  00000000 00000000 00000000 00000000 00000000 00000000 00000000 00000000 
R16-R23: 00000000 00000000 00000000 00000000 00000000 00000000 00000000 00000000 
R24-R31: 00000000 00000000 00000000 00000000 00000000 00000000 00000000 00000000 

Floating Point Registers:
F0-F7:   00000000 00000000 00000000 00000000 00000000 00000000 00000000 00000000 
F8-F15:  00000000 00000000 00000000 00000000 00000000 00000000 00000000 00000000 
F16-F23: 00000000 00000000 00000000 00000000 00000000 00000000 00000000 00000000 
F24-F31: 00000000 00000000 00000000 00000000 00000000 00000000 00000000 00000000 

Memory:
0000: 8c010084 ac010088 8c02008c ac020090 200600f4 20050094 44a00003 20050084 
0020: 8ca50000 44a00001 44c00003 200600f4 200500ac 44a00003 20050088 8ca50000 
0040: 44a00001 44c00003 200600f4 200500c4 44a00003 2005008c 8ca50000 44a00001 
0060: 44c00003 200600f4 200500dc 44a00003 20050090 8ca50000 44a00001 44c00003 
0080: 44000000 000000ab 000000ab 11223344 11223344 0a546865 2076616c 75652069 
00a0: 6e206e75 6d312069 73200000 0a546865 2076616c 75652069 6e206e75 6d322069 
00c0: 73200000 0a546865 2076616c 75652069 6e206e75 6d332069 73200000 0a546865 
00e0: 2076616c 75652069 6e206e75 6d342069 73200000 0a000000 00000000 00000000 
0100: 00000000 00000000 00000000 00000000 00000000 00000000 00000000 00000000 *


End of clock cycle  22
----------------------
Integer Unit:
     Name     Busy       Op       Vj       Vk        Qj        Qk        A   Result  X-Start    X-End
 IntUnit0        1     addi 00000000 00000000                     0000008c 0000008c       22       22 

Trap Unit:
     Name     Busy       Op       Vj       Vk        Qj        Qk        A   Result  X-Start    X-End
TrapUnit2        1  dumpstr 000000c4 00000000                     00000000 00000000       22       22 

Memory Unit:
     Name     Busy       Op       Vj       Vk        Qj        Qk        A   Result  X-Start    X-End
 MemUnit6        1       lw 00000000 00000000  IntUnit0           00000000       --       --      --

General Purpose Registers:
R0-R7:   00000000 000000ab 11223344 00000000 00000000 MemUnit6 000000f4 00000000 
R8-R15:  00000000 00000000 00000000 00000000 00000000 00000000 00000000 00000000 
R16-R23: 00000000 00000000 00000000 00000000 00000000 00000000 00000000 00000000 
R24-R31: 00000000 00000000 00000000 00000000 00000000 00000000 00000000 00000000 

Floating Point Registers:
F0-F7:   00000000 00000000 00000000 00000000 00000000 00000000 00000000 00000000 
F8-F15:  00000000 00000000 00000000 00000000 00000000 00000000 00000000 00000000 
F16-F23: 00000000 00000000 00000000 00000000 00000000 00000000 00000000 00000000 
F24-F31: 00000000 00000000 00000000 00000000 00000000 00000000 00000000 00000000 

Memory:
0000: 8c010084 ac010088 8c02008c ac020090 200600f4 20050094 44a00003 20050084 
0020: 8ca50000 44a00001 44c00003 200600f4 200500ac 44a00003 20050088 8ca50000 
0040: 44a00001 44c00003 200600f4 200500c4 44a00003 2005008c 8ca50000 44a00001 
0060: 44c00003 200600f4 200500dc 44a00003 20050090 8ca50000 44a00001 44c00003 
0080: 44000000 000000ab 000000ab 11223344 11223344 0a546865 2076616c 75652069 
00a0: 6e206e75 6d312069 73200000 0a546865 2076616c 75652069 6e206e75 6d322069 
00c0: 73200000 0a546865 2076616c 75652069 6e206e75 6d332069 73200000 0a546865 
00e0: 2076616c 75652069 6e206e75 6d342069 73200000 0a000000 00000000 00000000 
0100: 00000000 00000000 00000000 00000000 00000000 00000000 00000000 00000000 *


The value in num3 is End of clock cycle  23
----------------------
Trap Unit:
     Name     Busy       Op       Vj       Vk        Qj        Qk        A   Result  X-Start    X-End
TrapUnit3        1  dumpgpr 00000000 00000000  MemUnit6           00000000       --       --      --

Memory Unit:
     Name     Busy       Op       Vj       Vk        Qj        Qk        A   Result  X-Start    X-End
 MemUnit6        1       lw 0000008c 00000000                     00000000       --       --      --

General Purpose Registers:
R0-R7:   00000000 000000ab 11223344 00000000 00000000 MemUnit6 000000f4 00000000 
R8-R15:  00000000 00000000 00000000 00000000 00000000 00000000 00000000 00000000 
R16-R23: 00000000 00000000 00000000 00000000 00000000 00000000 00000000 00000000 
R24-R31: 00000000 00000000 00000000 00000000 00000000 00000000 00000000 00000000 

Floating Point Registers:
F0-F7:   00000000 00000000 00000000 00000000 00000000 00000000 00000000 00000000 
F8-F15:  00000000 00000000 00000000 00000000 00000000 00000000 00000000 00000000 
F16-F23: 00000000 00000000 00000000 00000000 00000000 00000000 00000000 00000000 
F24-F31: 00000000 00000000 00000000 00000000 00000000 00000000 00000000 00000000 

Memory:
0000: 8c010084 ac010088 8c02008c ac020090 200600f4 20050094 44a00003 20050084 
0020: 8ca50000 44a00001 44c00003 200600f4 200500ac 44a00003 20050088 8ca50000 
0040: 44a00001 44c00003 200600f4 200500c4 44a00003 2005008c 8ca50000 44a00001 
0060: 44c00003 200600f4 200500dc 44a00003 20050090 8ca50000 44a00001 44c00003 
0080: 44000000 000000ab 000000ab 11223344 11223344 0a546865 2076616c 75652069 
00a0: 6e206e75 6d312069 73200000 0a546865 2076616c 75652069 6e206e75 6d322069 
00c0: 73200000 0a546865 2076616c 75652069 6e206e75 6d332069 73200000 0a546865 
00e0: 2076616c 75652069 6e206e75 6d342069 73200000 0a000000 00000000 00000000 
0100: 00000000 00000000 00000000 00000000 00000000 00000000 00000000 00000000 *

End of clock cycle  24
----------------------
Trap Unit:
     Name     Busy       Op       Vj       Vk        Qj        Qk        A   Result  X-Start    X-End
TrapUnit0        1  dumpstr 000000f4 00000000                     00000000       --       --      --
TrapUnit3        1  dumpgpr 00000000 00000000  MemUnit6           00000000       --       --      --

Memory Unit:
     Name     Busy       Op       Vj       Vk        Qj        Qk        A   Result  X-Start    X-End
 MemUnit6        1       lw 0000008c 00000000                     00000000       --       24       --

General Purpose Registers:
R0-R7:   00000000 000000ab 11223344 00000000 00000000 MemUnit6 000000f4 00000000 
R8-R15:  00000000 00000000 00000000 00000000 00000000 00000000 00000000 00000000 
R16-R23: 00000000 00000000 00000000 00000000 00000000 00000000 00000000 00000000 
R24-R31: 00000000 00000000 00000000 00000000 00000000 00000000 00000000 00000000 

Floating Point Registers:
F0-F7:   00000000 00000000 00000000 00000000 00000000 00000000 00000000 00000000 
F8-F15:  00000000 00000000 00000000 00000000 00000000 00000000 00000000 00000000 
F16-F23: 00000000 00000000 00000000 00000000 00000000 00000000 00000000 00000000 
F24-F31: 00000000 00000000 00000000 00000000 00000000 00000000 00000000 00000000 

Memory:
0000: 8c010084 ac010088 8c02008c ac020090 200600f4 20050094 44a00003 20050084 
0020: 8ca50000 44a00001 44c00003 200600f4 200500ac 44a00003 20050088 8ca50000 
0040: 44a00001 44c00003 200600f4 200500c4 44a00003 2005008c 8ca50000 44a00001 
0060: 44c00003 200600f4 200500dc 44a00003 20050090 8ca50000 44a00001 44c00003 
0080: 44000000 000000ab 000000ab 11223344 11223344 0a546865 2076616c 75652069 
00a0: 6e206e75 6d312069 73200000 0a546865 2076616c 75652069 6e206e75 6d322069 
00c0: 73200000 0a546865 2076616c 75652069 6e206e75 6d332069 73200000 0a546865 
00e0: 2076616c 75652069 6e206e75 6d342069 73200000 0a000000 00000000 00000000 
0100: 00000000 00000000 00000000 00000000 00000000 00000000 00000000 00000000 *

End of clock cycle  25
----------------------
Integer Unit:
     Name     Busy       Op       Vj       Vk        Qj        Qk        A   Result  X-Start    X-End
 IntUnit0        1     addi 00000000 00000000                     000000f4       --       --      --

Trap Unit:
     Name     Busy       Op       Vj       Vk        Qj        Qk        A   Result  X-Start    X-End
TrapUnit0        1  dumpstr 000000f4 00000000                     00000000       --       --      --
TrapUnit3        1  dumpgpr 00000000 00000000  MemUnit6           00000000       --       --      --

Memory Unit:
     Name     Busy       Op       Vj       Vk        Qj        Qk        A   Result  X-Start    X-End
 MemUnit6        1       lw 0000008c 00000000                     0000008c 11223344       24       25 

General Purpose Registers:
R0-R7:   00000000 000000ab 11223344 00000000 00000000 MemUnit6 IntUnit0 00000000 
R8-R15:  00000000 00000000 00000000 00000000 00000000 00000000 00000000 00000000 
R16-R23: 00000000 00000000 00000000 00000000 00000000 00000000 00000000 00000000 
R24-R31: 00000000 00000000 00000000 00000000 00000000 00000000 00000000 00000000 

Floating Point Registers:
F0-F7:   00000000 00000000 00000000 00000000 00000000 00000000 00000000 00000000 
F8-F15:  00000000 00000000 00000000 00000000 00000000 00000000 00000000 00000000 
F16-F23: 00000000 00000000 00000000 00000000 00000000 00000000 00000000 00000000 
F24-F31: 00000000 00000000 00000000 00000000 00000000 00000000 00000000 00000000 

Memory:
0000: 8c010084 ac010088 8c02008c ac020090 200600f4 20050094 44a00003 20050084 
0020: 8ca50000 44a00001 44c00003 200600f4 200500ac 44a00003 20050088 8ca50000 
0040: 44a00001 44c00003 200600f4 200500c4 44a00003 2005008c 8ca50000 44a00001 
0060: 44c00003 200600f4 200500dc 44a00003 20050090 8ca50000 44a00001 44c00003 
0080: 44000000 000000ab 000000ab 11223344 11223344 0a546865 2076616c 75652069 
00a0: 6e206e75 6d312069 73200000 0a546865 2076616c 75652069 6e206e75 6d322069 
00c0: 73200000 0a546865 2076616c 75652069 6e206e75 6d332069 73200000 0a546865 
00e0: 2076616c 75652069 6e206e75 6d342069 73200000 0a000000 00000000 00000000 
0100: 00000000 00000000 00000000 00000000 00000000 00000000 00000000 00000000 *

End of clock cycle  26
----------------------
Integer Unit:
     Name     Busy       Op       Vj       Vk        Qj        Qk        A   Result  X-Start    X-End
 IntUnit0        1     addi 00000000 00000000                     000000f4 000000f4       26       26 
 IntUnit1        1     addi 00000000 00000000                     000000dc       --       --      --

Trap Unit:
     Name     Busy       Op       Vj       Vk        Qj        Qk        A   Result  X-Start    X-End
TrapUnit0        1  dumpstr 000000f4 00000000                     00000000       --       --      --
TrapUnit3        1  dumpgpr 11223344 00000000                     00000000       --       --      --

General Purpose Registers:
R0-R7:   00000000 000000ab 11223344 00000000 00000000 IntUnit1 IntUnit0 00000000 
R8-R15:  00000000 00000000 00000000 00000000 00000000 00000000 00000000 00000000 
R16-R23: 00000000 00000000 00000000 00000000 00000000 00000000 00000000 00000000 
R24-R31: 00000000 00000000 00000000 00000000 00000000 00000000 00000000 00000000 

Floating Point Registers:
F0-F7:   00000000 00000000 00000000 00000000 00000000 00000000 00000000 00000000 
F8-F15:  00000000 00000000 00000000 00000000 00000000 00000000 00000000 00000000 
F16-F23: 00000000 00000000 00000000 00000000 00000000 00000000 00000000 00000000 
F24-F31: 00000000 00000000 00000000 00000000 00000000 00000000 00000000 00000000 

Memory:
0000: 8c010084 ac010088 8c02008c ac020090 200600f4 20050094 44a00003 20050084 
0020: 8ca50000 44a00001 44c00003 200600f4 200500ac 44a00003 20050088 8ca50000 
0040: 44a00001 44c00003 200600f4 200500c4 44a00003 2005008c 8ca50000 44a00001 
0060: 44c00003 200600f4 200500dc 44a00003 20050090 8ca50000 44a00001 44c00003 
0080: 44000000 000000ab 000000ab 11223344 11223344 0a546865 2076616c 75652069 
00a0: 6e206e75 6d312069 73200000 0a546865 2076616c 75652069 6e206e75 6d322069 
00c0: 73200000 0a546865 2076616c 75652069 6e206e75 6d332069 73200000 0a546865 
00e0: 2076616c 75652069 6e206e75 6d342069 73200000 0a000000 00000000 00000000 
0100: 00000000 00000000 00000000 00000000 00000000 00000000 00000000 00000000 *

End of clock cycle  27
----------------------
Integer Unit:
     Name     Busy       Op       Vj       Vk        Qj        Qk        A   Result  X-Start    X-End
 IntUnit1        1     addi 00000000 00000000                     000000dc 000000dc       27       27 

Trap Unit:
     Name     Busy       Op       Vj       Vk        Qj        Qk        A   Result  X-Start    X-End
TrapUnit0        1  dumpstr 000000f4 00000000                     00000000       --       --      --
TrapUnit1        1  dumpstr 00000000 00000000  IntUnit1           00000000       --       --      --
TrapUnit3        1  dumpgpr 11223344 00000000                     00000000 00000000       27       27 

General Purpose Registers:
R0-R7:   00000000 000000ab 11223344 00000000 00000000 IntUnit1 000000f4 00000000 
R8-R15:  00000000 00000000 00000000 00000000 00000000 00000000 00000000 00000000 
R16-R23: 00000000 00000000 00000000 00000000 00000000 00000000 00000000 00000000 
R24-R31: 00000000 00000000 00000000 00000000 00000000 00000000 00000000 00000000 

Floating Point Registers:
F0-F7:   00000000 00000000 00000000 00000000 00000000 00000000 00000000 00000000 
F8-F15:  00000000 00000000 00000000 00000000 00000000 00000000 00000000 00000000 
F16-F23: 00000000 00000000 00000000 00000000 00000000 00000000 00000000 00000000 
F24-F31: 00000000 00000000 00000000 00000000 00000000 00000000 00000000 00000000 

Memory:
0000: 8c010084 ac010088 8c02008c ac020090 200600f4 20050094 44a00003 20050084 
0020: 8ca50000 44a00001 44c00003 200600f4 200500ac 44a00003 20050088 8ca50000 
0040: 44a00001 44c00003 200600f4 200500c4 44a00003 2005008c 8ca50000 44a00001 
0060: 44c00003 200600f4 200500dc 44a00003 20050090 8ca50000 44a00001 44c00003 
0080: 44000000 000000ab 000000ab 11223344 11223344 0a546865 2076616c 75652069 
00a0: 6e206e75 6d312069 73200000 0a546865 2076616c 75652069 6e206e75 6d322069 
00c0: 73200000 0a546865 2076616c 75652069 6e206e75 6d332069 73200000 0a546865 
00e0: 2076616c 75652069 6e206e75 6d342069 73200000 0a000000 00000000 00000000 
0100: 00000000 00000000 00000000 00000000 00000000 00000000 00000000 00000000 *

287454020End of clock cycle  28
----------------------
Integer Unit:
     Name     Busy       Op       Vj       Vk        Qj        Qk        A   Result  X-Start    X-End
 IntUnit0        1     addi 00000000 00000000                     00000090       --       --      --

Trap Unit:
     Name     Busy       Op       Vj       Vk        Qj        Qk        A   Result  X-Start    X-End
TrapUnit0        1  dumpstr 000000f4 00000000                     00000000 00000000       28       28 
TrapUnit1        1  dumpstr 000000dc 00000000                     00000000       --       --      --

General Purpose Registers:
R0-R7:   00000000 000000ab 11223344 00000000 00000000 IntUnit0 000000f4 00000000 
R8-R15:  00000000 00000000 00000000 00000000 00000000 00000000 00000000 00000000 
R16-R23: 00000000 00000000 00000000 00000000 00000000 00000000 00000000 00000000 
R24-R31: 00000000 00000000 00000000 00000000 00000000 00000000 00000000 00000000 

Floating Point Registers:
F0-F7:   00000000 00000000 00000000 00000000 00000000 00000000 00000000 00000000 
F8-F15:  00000000 00000000 00000000 00000000 00000000 00000000 00000000 00000000 
F16-F23: 00000000 00000000 00000000 00000000 00000000 00000000 00000000 00000000 
F24-F31: 00000000 00000000 00000000 00000000 00000000 00000000 00000000 00000000 

Memory:
0000: 8c010084 ac010088 8c02008c ac020090 200600f4 20050094 44a00003 20050084 
0020: 8ca50000 44a00001 44c00003 200600f4 200500ac 44a00003 20050088 8ca50000 
0040: 44a00001 44c00003 200600f4 200500c4 44a00003 2005008c 8ca50000 44a00001 
0060: 44c00003 200600f4 200500dc 44a00003 20050090 8ca50000 44a00001 44c00003 
0080: 44000000 000000ab 000000ab 11223344 11223344 0a546865 2076616c 75652069 
00a0: 6e206e75 6d312069 73200000 0a546865 2076616c 75652069 6e206e75 6d322069 
00c0: 73200000 0a546865 2076616c 75652069 6e206e75 6d332069 73200000 0a546865 
00e0: 2076616c 75652069 6e206e75 6d342069 73200000 0a000000 00000000 00000000 
0100: 00000000 00000000 00000000 00000000 00000000 00000000 00000000 00000000 *


End of clock cycle  29
----------------------
Integer Unit:
     Name     Busy       Op       Vj       Vk        Qj        Qk        A   Result  X-Start    X-End
 IntUnit0        1     addi 00000000 00000000                     00000090 00000090       29       29 

Trap Unit:
     Name     Busy       Op       Vj       Vk        Qj        Qk        A   Result  X-Start    X-End
TrapUnit1        1  dumpstr 000000dc 00000000                     00000000 00000000       29       29 

Memory Unit:
     Name     Busy       Op       Vj       Vk        Qj        Qk        A   Result  X-Start    X-End
 MemUnit7        1       lw 00000000 00000000  IntUnit0           00000000       --       --      --

General Purpose Registers:
R0-R7:   00000000 000000ab 11223344 00000000 00000000 MemUnit7 000000f4 00000000 
R8-R15:  00000000 00000000 00000000 00000000 00000000 00000000 00000000 00000000 
R16-R23: 00000000 00000000 00000000 00000000 00000000 00000000 00000000 00000000 
R24-R31: 00000000 00000000 00000000 00000000 00000000 00000000 00000000 00000000 

Floating Point Registers:
F0-F7:   00000000 00000000 00000000 00000000 00000000 00000000 00000000 00000000 
F8-F15:  00000000 00000000 00000000 00000000 00000000 00000000 00000000 00000000 
F16-F23: 00000000 00000000 00000000 00000000 00000000 00000000 00000000 00000000 
F24-F31: 00000000 00000000 00000000 00000000 00000000 00000000 00000000 00000000 

Memory:
0000: 8c010084 ac010088 8c02008c ac020090 200600f4 20050094 44a00003 20050084 
0020: 8ca50000 44a00001 44c00003 200600f4 200500ac 44a00003 20050088 8ca50000 
0040: 44a00001 44c00003 200600f4 200500c4 44a00003 2005008c 8ca50000 44a00001 
0060: 44c00003 200600f4 200500dc 44a00003 20050090 8ca50000 44a00001 44c00003 
0080: 44000000 000000ab 000000ab 11223344 11223344 0a546865 2076616c 75652069 
00a0: 6e206e75 6d312069 73200000 0a546865 2076616c 75652069 6e206e75 6d322069 
00c0: 73200000 0a546865 2076616c 75652069 6e206e75 6d332069 73200000 0a546865 
00e0: 2076616c 75652069 6e206e75 6d342069 73200000 0a000000 00000000 00000000 
0100: 00000000 00000000 00000000 00000000 00000000 00000000 00000000 00000000 *


The value in num4 is End of clock cycle  30
----------------------
Trap Unit:
     Name     Busy       Op       Vj       Vk        Qj        Qk        A   Result  X-Start    X-End
TrapUnit2        1  dumpgpr 00000000 00000000  MemUnit7           00000000       --       --      --

Memory Unit:
     Name     Busy       Op       Vj       Vk        Qj        Qk        A   Result  X-Start    X-End
 MemUnit7        1       lw 00000090 00000000                     00000000       --       --      --

General Purpose Registers:
R0-R7:   00000000 000000ab 11223344 00000000 00000000 MemUnit7 000000f4 00000000 
R8-R15:  00000000 00000000 00000000 00000000 00000000 00000000 00000000 00000000 
R16-R23: 00000000 00000000 00000000 00000000 00000000 00000000 00000000 00000000 
R24-R31: 00000000 00000000 00000000 00000000 00000000 00000000 00000000 00000000 

Floating Point Registers:
F0-F7:   00000000 00000000 00000000 00000000 00000000 00000000 00000000 00000000 
F8-F15:  00000000 00000000 00000000 00000000 00000000 00000000 00000000 00000000 
F16-F23: 00000000 00000000 00000000 00000000 00000000 00000000 00000000 00000000 
F24-F31: 00000000 00000000 00000000 00000000 00000000 00000000 00000000 00000000 

Memory:
0000: 8c010084 ac010088 8c02008c ac020090 200600f4 20050094 44a00003 20050084 
0020: 8ca50000 44a00001 44c00003 200600f4 200500ac 44a00003 20050088 8ca50000 
0040: 44a00001 44c00003 200600f4 200500c4 44a00003 2005008c 8ca50000 44a00001 
0060: 44c00003 200600f4 200500dc 44a00003 20050090 8ca50000 44a00001 44c00003 
0080: 44000000 000000ab 000000ab 11223344 11223344 0a546865 2076616c 75652069 
00a0: 6e206e75 6d312069 73200000 0a546865 2076616c 75652069 6e206e75 6d322069 
00c0: 73200000 0a546865 2076616c 75652069 6e206e75 6d332069 73200000 0a546865 
00e0: 2076616c 75652069 6e206e75 6d342069 73200000 0a000000 00000000 00000000 
0100: 00000000 00000000 00000000 00000000 00000000 00000000 00000000 00000000 *

End of clock cycle  31
----------------------
Trap Unit:
     Name     Busy       Op       Vj       Vk        Qj        Qk        A   Result  X-Start    X-End
TrapUnit2        1  dumpgpr 00000000 00000000  MemUnit7           00000000       --       --      --
TrapUnit3        1  dumpstr 000000f4 00000000                     00000000       --       --      --

Memory Unit:
     Name     Busy       Op       Vj       Vk        Qj        Qk        A   Result  X-Start    X-End
 MemUnit7        1       lw 00000090 00000000                     00000000       --       31       --

General Purpose Registers:
R0-R7:   00000000 000000ab 11223344 00000000 00000000 MemUnit7 000000f4 00000000 
R8-R15:  00000000 00000000 00000000 00000000 00000000 00000000 00000000 00000000 
R16-R23: 00000000 00000000 00000000 00000000 00000000 00000000 00000000 00000000 
R24-R31: 00000000 00000000 00000000 00000000 00000000 00000000 00000000 00000000 

Floating Point Registers:
F0-F7:   00000000 00000000 00000000 00000000 00000000 00000000 00000000 00000000 
F8-F15:  00000000 00000000 00000000 00000000 00000000 00000000 00000000 00000000 
F16-F23: 00000000 00000000 00000000 00000000 00000000 00000000 00000000 00000000 
F24-F31: 00000000 00000000 00000000 00000000 00000000 00000000 00000000 00000000 

Memory:
0000: 8c010084 ac010088 8c02008c ac020090 200600f4 20050094 44a00003 20050084 
0020: 8ca50000 44a00001 44c00003 200600f4 200500ac 44a00003 20050088 8ca50000 
0040: 44a00001 44c00003 200600f4 200500c4 44a00003 2005008c 8ca50000 44a00001 
0060: 44c00003 200600f4 200500dc 44a00003 20050090 8ca50000 44a00001 44c00003 
0080: 44000000 000000ab 000000ab 11223344 11223344 0a546865 2076616c 75652069 
00a0: 6e206e75 6d312069 73200000 0a546865 2076616c 75652069 6e206e75 6d322069 
00c0: 73200000 0a546865 2076616c 75652069 6e206e75 6d332069 73200000 0a546865 
00e0: 2076616c 75652069 6e206e75 6d342069 73200000 0a000000 00000000 00000000 
0100: 00000000 00000000 00000000 00000000 00000000 00000000 00000000 00000000 *

End of clock cycle  32
----------------------
Trap Unit:
     Name     Busy       Op       Vj       Vk        Qj        Qk        A   Result  X-Start    X-End
TrapUnit0        1     halt 00000000 00000000                     00000000       --       --      --
TrapUnit2        1  dumpgpr 00000000 00000000  MemUnit7           00000000       --       --      --
TrapUnit3        1  dumpstr 000000f4 00000000                     00000000       --       --      --

Memory Unit:
     Name     Busy       Op       Vj       Vk        Qj        Qk        A   Result  X-Start    X-End
 MemUnit7        1       lw 00000090 00000000                     00000090 11223344       31       32 

General Purpose Registers:
R0-R7:   00000000 000000ab 11223344 00000000 00000000 MemUnit7 000000f4 00000000 
R8-R15:  00000000 00000000 00000000 00000000 00000000 00000000 00000000 00000000 
R16-R23: 00000000 00000000 00000000 00000000 00000000 00000000 00000000 00000000 
R24-R31: 00000000 00000000 00000000 00000000 00000000 00000000 00000000 00000000 

Floating Point Registers:
F0-F7:   00000000 00000000 00000000 00000000 00000000 00000000 00000000 00000000 
F8-F15:  00000000 00000000 00000000 00000000 00000000 00000000 00000000 00000000 
F16-F23: 00000000 00000000 00000000 00000000 00000000 00000000 00000000 00000000 
F24-F31: 00000000 00000000 00000000 00000000 00000000 00000000 00000000 00000000 

Memory:
0000: 8c010084 ac010088 8c02008c ac020090 200600f4 20050094 44a00003 20050084 
0020: 8ca50000 44a00001 44c00003 200600f4 200500ac 44a00003 20050088 8ca50000 
0040: 44a00001 44c00003 200600f4 200500c4 44a00003 2005008c 8ca50000 44a00001 
0060: 44c00003 200600f4 200500dc 44a00003 20050090 8ca50000 44a00001 44c00003 
0080: 44000000 000000ab 000000ab 11223344 11223344 0a546865 2076616c 75652069 
00a0: 6e206e75 6d312069 73200000 0a546865 2076616c 75652069 6e206e75 6d322069 
00c0: 73200000 0a546865 2076616c 75652069 6e206e75 6d332069 73200000 0a546865 
00e0: 2076616c 75652069 6e206e75 6d342069 73200000 0a000000 00000000 00000000 
0100: 00000000 00000000 00000000 00000000 00000000 00000000 00000000 00000000 *

End of clock cycle  33
----------------------
Trap Unit:
     Name     Busy       Op       Vj       Vk        Qj        Qk        A   Result  X-Start    X-End
TrapUnit0        1     halt 00000000 00000000                     00000000       --       --      --
TrapUnit2        1  dumpgpr 11223344 00000000                     00000000       --       --      --
TrapUnit3        1  dumpstr 000000f4 00000000                     00000000       --       --      --

General Purpose Registers:
R0-R7:   00000000 000000ab 11223344 00000000 00000000 11223344 000000f4 00000000 
R8-R15:  00000000 00000000 00000000 00000000 00000000 00000000 00000000 00000000 
R16-R23: 00000000 00000000 00000000 00000000 00000000 00000000 00000000 00000000 
R24-R31: 00000000 00000000 00000000 00000000 00000000 00000000 00000000 00000000 

Floating Point Registers:
F0-F7:   00000000 00000000 00000000 00000000 00000000 00000000 00000000 00000000 
F8-F15:  00000000 00000000 00000000 00000000 00000000 00000000 00000000 00000000 
F16-F23: 00000000 00000000 00000000 00000000 00000000 00000000 00000000 00000000 
F24-F31: 00000000 00000000 00000000 00000000 00000000 00000000 00000000 00000000 

Memory:
0000: 8c010084 ac010088 8c02008c ac020090 200600f4 20050094 44a00003 20050084 
0020: 8ca50000 44a00001 44c00003 200600f4 200500ac 44a00003 20050088 8ca50000 
0040: 44a00001 44c00003 200600f4 200500c4 44a00003 2005008c 8ca50000 44a00001 
0060: 44c00003 200600f4 200500dc 44a00003 20050090 8ca50000 44a00001 44c00003 
0080: 44000000 000000ab 000000ab 11223344 11223344 0a546865 2076616c 75652069 
00a0: 6e206e75 6d312069 73200000 0a546865 2076616c 75652069 6e206e75 6d322069 
00c0: 73200000 0a546865 2076616c 75652069 6e206e75 6d332069 73200000 0a546865 
00e0: 2076616c 75652069 6e206e75 6d342069 73200000 0a000000 00000000 00000000 
0100: 00000000 00000000 00000000 00000000 00000000 00000000 00000000 00000000 *

End of clock cycle  34
----------------------
Trap Unit:
     Name     Busy       Op       Vj       Vk        Qj        Qk        A   Result  X-Start    X-End
TrapUnit0        1     halt 00000000 00000000                     00000000       --       --      --
TrapUnit2        1  dumpgpr 11223344 00000000                     00000000 00000000       34       34 
TrapUnit3        1  dumpstr 000000f4 00000000                     00000000       --       --      --

General Purpose Registers:
R0-R7:   00000000 000000ab 11223344 00000000 00000000 11223344 000000f4 00000000 
R8-R15:  00000000 00000000 00000000 00000000 00000000 00000000 00000000 00000000 
R16-R23: 00000000 00000000 00000000 00000000 00000000 00000000 00000000 00000000 
R24-R31: 00000000 00000000 00000000 00000000 00000000 00000000 00000000 00000000 

Floating Point Registers:
F0-F7:   00000000 00000000 00000000 00000000 00000000 00000000 00000000 00000000 
F8-F15:  00000000 00000000 00000000 00000000 00000000 00000000 00000000 00000000 
F16-F23: 00000000 00000000 00000000 00000000 00000000 00000000 00000000 00000000 
F24-F31: 00000000 00000000 00000000 00000000 00000000 00000000 00000000 00000000 

Memory:
0000: 8c010084 ac010088 8c02008c ac020090 200600f4 20050094 44a00003 20050084 
0020: 8ca50000 44a00001 44c00003 200600f4 200500ac 44a00003 20050088 8ca50000 
0040: 44a00001 44c00003 200600f4 200500c4 44a00003 2005008c 8ca50000 44a00001 
0060: 44c00003 200600f4 200500dc 44a00003 20050090 8ca50000 44a00001 44c00003 
0080: 44000000 000000ab 000000ab 11223344 11223344 0a546865 2076616c 75652069 
00a0: 6e206e75 6d312069 73200000 0a546865 2076616c 75652069 6e206e75 6d322069 
00c0: 73200000 0a546865 2076616c 75652069 6e206e75 6d332069 73200000 0a546865 
00e0: 2076616c 75652069 6e206e75 6d342069 73200000 0a000000 00000000 00000000 
0100: 00000000 00000000 00000000 00000000 00000000 00000000 00000000 00000000 *

287454020End of clock cycle  35
----------------------
Trap Unit:
     Name     Busy       Op       Vj       Vk        Qj        Qk        A   Result  X-Start    X-End
TrapUnit0        1     halt 00000000 00000000                     00000000       --       --      --
TrapUnit3        1  dumpstr 000000f4 00000000                     00000000 00000000       35       35 

General Purpose Registers:
R0-R7:   00000000 000000ab 11223344 00000000 00000000 11223344 000000f4 00000000 
R8-R15:  00000000 00000000 00000000 00000000 00000000 00000000 00000000 00000000 
R16-R23: 00000000 00000000 00000000 00000000 00000000 00000000 00000000 00000000 
R24-R31: 00000000 00000000 00000000 00000000 00000000 00000000 00000000 00000000 

Floating Point Registers:
F0-F7:   00000000 00000000 00000000 00000000 00000000 00000000 00000000 00000000 
F8-F15:  00000000 00000000 00000000 00000000 00000000 00000000 00000000 00000000 
F16-F23: 00000000 00000000 00000000 00000000 00000000 00000000 00000000 00000000 
F24-F31: 00000000 00000000 00000000 00000000 00000000 00000000 00000000 00000000 

Memory:
0000: 8c010084 ac010088 8c02008c ac020090 200600f4 20050094 44a00003 20050084 
0020: 8ca50000 44a00001 44c00003 200600f4 200500ac 44a00003 20050088 8ca50000 
0040: 44a00001 44c00003 200600f4 200500c4 44a00003 2005008c 8ca50000 44a00001 
0060: 44c00003 200600f4 200500dc 44a00003 20050090 8ca50000 44a00001 44c00003 
0080: 44000000 000000ab 000000ab 11223344 11223344 0a546865 2076616c 75652069 
00a0: 6e206e75 6d312069 73200000 0a546865 2076616c 75652069 6e206e75 6d322069 
00c0: 73200000 0a546865 2076616c 75652069 6e206e75 6d332069 73200000 0a546865 
00e0: 2076616c 75652069 6e206e75 6d342069 73200000 0a000000 00000000 00000000 
0100: 00000000 00000000 00000000 00000000 00000000 00000000 00000000 00000000 *


End of clock cycle  36
----------------------
Trap Unit:
     Name     Busy       Op       Vj       Vk        Qj        Qk        A   Result  X-Start    X-End
TrapUnit0        1     halt 00000000 00000000                     00000000 00000000       36       36 

General Purpose Registers:
R0-R7:   00000000 000000ab 11223344 00000000 00000000 11223344 000000f4 00000000 
R8-R15:  00000000 00000000 00000000 00000000 00000000 00000000 00000000 00000000 
R16-R23: 00000000 00000000 00000000 00000000 00000000 00000000 00000000 00000000 
R24-R31: 00000000 00000000 00000000 00000000 00000000 00000000 00000000 00000000 

Floating Point Registers:
F0-F7:   00000000 00000000 00000000 00000000 00000000 00000000 00000000 00000000 
F8-F15:  00000000 00000000 00000000 00000000 00000000 00000000 00000000 00000000 
F16-F23: 00000000 00000000 00000000 00000000 00000000 00000000 00000000 00000000 
F24-F31: 00000000 00000000 00000000 00000000 00000000 00000000 00000000 00000000 

Memory:
0000: 8c010084 ac010088 8c02008c ac020090 200600f4 20050094 44a00003 20050084 
0020: 8ca50000 44a00001 44c00003 200600f4 200500ac 44a00003 20050088 8ca50000 
0040: 44a00001 44c00003 200600f4 200500c4 44a00003 2005008c 8ca50000 44a00001 
0060: 44c00003 200600f4 200500dc 44a00003 20050090 8ca50000 44a00001 44c00003 
0080: 44000000 000000ab 000000ab 11223344 11223344 0a546865 2076616c 75652069 
00a0: 6e206e75 6d312069 73200000 0a546865 2076616c 75652069 6e206e75 6d322069 
00c0: 73200000 0a546865 2076616c 75652069 6e206e75 6d332069 73200000 0a546865 
00e0: 2076616c 75652069 6e206e75 6d342069 73200000 0a000000 00000000 00000000 
0100: 00000000 00000000 00000000 00000000 00000000 00000000 00000000 00000000 *

End of clock cycle  37
----------------------
General Purpose Registers:
R0-R7:   00000000 000000ab 11223344 00000000 00000000 11223344 000000f4 00000000 
R8-R15:  00000000 00000000 00000000 00000000 00000000 00000000 00000000 00000000 
R16-R23: 00000000 00000000 00000000 00000000 00000000 00000000 00000000 00000000 
R24-R31: 00000000 00000000 00000000 00000000 00000000 00000000 00000000 00000000 

Floating Point Registers:
F0-F7:   00000000 00000000 00000000 00000000 00000000 00000000 00000000 00000000 
F8-F15:  00000000 00000000 00000000 00000000 00000000 00000000 00000000 00000000 
F16-F23: 00000000 00000000 00000000 00000000 00000000 00000000 00000000 00000000 
F24-F31: 00000000 00000000 00000000 00000000 00000000 00000000 00000000 00000000 

Memory:
0000: 8c010084 ac010088 8c02008c ac020090 200600f4 20050094 44a00003 20050084 
0020: 8ca50000 44a00001 44c00003 200600f4 200500ac 44a00003 20050088 8ca50000 
0040: 44a00001 44c00003 200600f4 200500c4 44a00003 2005008c 8ca50000 44a00001 
0060: 44c00003 200600f4 200500dc 44a00003 20050090 8ca50000 44a00001 44c00003 
0080: 44000000 000000ab 000000ab 11223344 11223344 0a546865 2076616c 75652069 
00a0: 6e206e75 6d312069 73200000 0a546865 2076616c 75652069 6e206e75 6d322069 
00c0: 73200000 0a546865 2076616c 75652069 6e206e75 6d332069 73200000 0a546865 
00e0: 2076616c 75652069 6e206e75 6d342069 73200000 0a000000 00000000 00000000 
0100: 00000000 00000000 00000000 00000000 00000000 00000000 00000000 00000000 *

