End of clock cycle   0
----------------------
Memory Unit:
     Name     Busy       Op       Vj       Vk        Qj        Qk        A   Result  X-Start    X-End
 MemUnit0        1       lf 00000000 00000000                     00000040       --       --      --

General Purpose Registers:
R0-R7:   00000000 00000000 00000000 00000000 00000000 00000000 00000000 00000000 
R8-R15:  00000000 00000000 00000000 00000000 00000000 00000000 00000000 00000000 
R16-R23: 00000000 00000000 00000000 00000000 00000000 00000000 00000000 00000000 
R24-R31: 00000000 00000000 00000000 00000000 00000000 00000000 00000000 00000000 

Floating Point Registers:
F0-F7:   00000000 00000000 MemUnit0 00000000 00000000 00000000 00000000 00000000 
F8-F15:  00000000 00000000 00000000 00000000 00000000 00000000 00000000 00000000 
F16-F23: 00000000 00000000 00000000 00000000 00000000 00000000 00000000 00000000 
F24-F31: 00000000 00000000 00000000 00000000 00000000 00000000 00000000 00000000 

Memory:
0000: 98020040 9801003c b8020044 b8010044 20010048 44200003 9803003c 44600002 
0020: 20010062 44200003 98040044 44800002 20010066 44200003 44000000 c1bb3333 
0040: 3fb33333 00000000 0a546865 73652073 686f756c 64206265 20657175 616c3a20 
0060: 00002c20 20000a00 00000000 00000000 00000000 00000000 00000000 00000000 
0080: 00000000 00000000 00000000 00000000 00000000 00000000 00000000 00000000 *

End of clock cycle   1
----------------------
Memory Unit:
     Name     Busy       Op       Vj       Vk        Qj        Qk        A   Result  X-Start    X-End
 MemUnit0        1       lf 00000000 00000000                     00000040       --        1       --
 MemUnit1        1       lf 00000000 00000000                     0000003c       --       --      --

General Purpose Registers:
R0-R7:   00000000 00000000 00000000 00000000 00000000 00000000 00000000 00000000 
R8-R15:  00000000 00000000 00000000 00000000 00000000 00000000 00000000 00000000 
R16-R23: 00000000 00000000 00000000 00000000 00000000 00000000 00000000 00000000 
R24-R31: 00000000 00000000 00000000 00000000 00000000 00000000 00000000 00000000 

Floating Point Registers:
F0-F7:   00000000 MemUnit1 MemUnit0 00000000 00000000 00000000 00000000 00000000 
F8-F15:  00000000 00000000 00000000 00000000 00000000 00000000 00000000 00000000 
F16-F23: 00000000 00000000 00000000 00000000 00000000 00000000 00000000 00000000 
F24-F31: 00000000 00000000 00000000 00000000 00000000 00000000 00000000 00000000 

Memory:
0000: 98020040 9801003c b8020044 b8010044 20010048 44200003 9803003c 44600002 
0020: 20010062 44200003 98040044 44800002 20010066 44200003 44000000 c1bb3333 
0040: 3fb33333 00000000 0a546865 73652073 686f756c 64206265 20657175 616c3a20 
0060: 00002c20 20000a00 00000000 00000000 00000000 00000000 00000000 00000000 
0080: 00000000 00000000 00000000 00000000 00000000 00000000 00000000 00000000 *

End of clock cycle   2
----------------------
Memory Unit:
     Name     Busy       Op       Vj       Vk        Qj        Qk        A   Result  X-Start    X-End
 MemUnit0        1       lf 00000000 00000000                     00000040 3fb33333        1        2 
 MemUnit1        1       lf 00000000 00000000                     0000003c       --       --      --
 MemUnit2        1       sf 00000000 00000000            MemUnit0 00000044       --       --      --

General Purpose Registers:
R0-R7:   00000000 00000000 00000000 00000000 00000000 00000000 00000000 00000000 
R8-R15:  00000000 00000000 00000000 00000000 00000000 00000000 00000000 00000000 
R16-R23: 00000000 00000000 00000000 00000000 00000000 00000000 00000000 00000000 
R24-R31: 00000000 00000000 00000000 00000000 00000000 00000000 00000000 00000000 

Floating Point Registers:
F0-F7:   00000000 MemUnit1 MemUnit0 00000000 00000000 00000000 00000000 00000000 
F8-F15:  00000000 00000000 00000000 00000000 00000000 00000000 00000000 00000000 
F16-F23: 00000000 00000000 00000000 00000000 00000000 00000000 00000000 00000000 
F24-F31: 00000000 00000000 00000000 00000000 00000000 00000000 00000000 00000000 

Memory:
0000: 98020040 9801003c b8020044 b8010044 20010048 44200003 9803003c 44600002 
0020: 20010062 44200003 98040044 44800002 20010066 44200003 44000000 c1bb3333 
0040: 3fb33333 00000000 0a546865 73652073 686f756c 64206265 20657175 616c3a20 
0060: 00002c20 20000a00 00000000 00000000 00000000 00000000 00000000 00000000 
0080: 00000000 00000000 00000000 00000000 00000000 00000000 00000000 00000000 *

End of clock cycle   3
----------------------
Memory Unit:
     Name     Busy       Op       Vj       Vk        Qj        Qk        A   Result  X-Start    X-End
 MemUnit1        1       lf 00000000 00000000                     0000003c       --        3       --
 MemUnit2        1       sf 00000000 3fb33333                     00000044       --       --      --
 MemUnit3        1       sf 00000000 00000000            MemUnit1 00000044       --       --      --

General Purpose Registers:
R0-R7:   00000000 00000000 00000000 00000000 00000000 00000000 00000000 00000000 
R8-R15:  00000000 00000000 00000000 00000000 00000000 00000000 00000000 00000000 
R16-R23: 00000000 00000000 00000000 00000000 00000000 00000000 00000000 00000000 
R24-R31: 00000000 00000000 00000000 00000000 00000000 00000000 00000000 00000000 

Floating Point Registers:
F0-F7:   00000000 MemUnit1 3fb33333 00000000 00000000 00000000 00000000 00000000 
F8-F15:  00000000 00000000 00000000 00000000 00000000 00000000 00000000 00000000 
F16-F23: 00000000 00000000 00000000 00000000 00000000 00000000 00000000 00000000 
F24-F31: 00000000 00000000 00000000 00000000 00000000 00000000 00000000 00000000 

Memory:
0000: 98020040 9801003c b8020044 b8010044 20010048 44200003 9803003c 44600002 
0020: 20010062 44200003 98040044 44800002 20010066 44200003 44000000 c1bb3333 
0040: 3fb33333 00000000 0a546865 73652073 686f756c 64206265 20657175 616c3a20 
0060: 00002c20 20000a00 00000000 00000000 00000000 00000000 00000000 00000000 
0080: 00000000 00000000 00000000 00000000 00000000 00000000 00000000 00000000 *

End of clock cycle   4
----------------------
Integer Unit:
     Name     Busy       Op       Vj       Vk        Qj        Qk        A   Result  X-Start    X-End
 IntUnit0        1     addi 00000000 00000000                     00000048       --       --      --

Memory Unit:
     Name     Busy       Op       Vj       Vk        Qj        Qk        A   Result  X-Start    X-End
 MemUnit1        1       lf 00000000 00000000                     0000003c c1bb3333        3        4 
 MemUnit2        1       sf 00000000 3fb33333                     00000044       --       --      --
 MemUnit3        1       sf 00000000 00000000            MemUnit1 00000044       --       --      --

General Purpose Registers:
R0-R7:   00000000 IntUnit0 00000000 00000000 00000000 00000000 00000000 00000000 
R8-R15:  00000000 00000000 00000000 00000000 00000000 00000000 00000000 00000000 
R16-R23: 00000000 00000000 00000000 00000000 00000000 00000000 00000000 00000000 
R24-R31: 00000000 00000000 00000000 00000000 00000000 00000000 00000000 00000000 

Floating Point Registers:
F0-F7:   00000000 MemUnit1 3fb33333 00000000 00000000 00000000 00000000 00000000 
F8-F15:  00000000 00000000 00000000 00000000 00000000 00000000 00000000 00000000 
F16-F23: 00000000 00000000 00000000 00000000 00000000 00000000 00000000 00000000 
F24-F31: 00000000 00000000 00000000 00000000 00000000 00000000 00000000 00000000 

Memory:
0000: 98020040 9801003c b8020044 b8010044 20010048 44200003 9803003c 44600002 
0020: 20010062 44200003 98040044 44800002 20010066 44200003 44000000 c1bb3333 
0040: 3fb33333 00000000 0a546865 73652073 686f756c 64206265 20657175 616c3a20 
0060: 00002c20 20000a00 00000000 00000000 00000000 00000000 00000000 00000000 
0080: 00000000 00000000 00000000 00000000 00000000 00000000 00000000 00000000 *

End of clock cycle   5
----------------------
Integer Unit:
     Name     Busy       Op       Vj       Vk        Qj        Qk        A   Result  X-Start    X-End
 IntUnit0        1     addi 00000000 00000000                     00000048 00000048        5        5 

Trap Unit:
     Name     Busy       Op       Vj       Vk        Qj        Qk        A   Result  X-Start    X-End
TrapUnit0        1  dumpstr 00000000 00000000  IntUnit0           00000000       --       --      --

Memory Unit:
     Name     Busy       Op       Vj       Vk        Qj        Qk        A   Result  X-Start    X-End
 MemUnit2        1       sf 00000000 3fb33333                     00000044       --        5       --
 MemUnit3        1       sf 00000000 c1bb3333                     00000044       --       --      --

General Purpose Registers:
R0-R7:   00000000 IntUnit0 00000000 00000000 00000000 00000000 00000000 00000000 
R8-R15:  00000000 00000000 00000000 00000000 00000000 00000000 00000000 00000000 
R16-R23: 00000000 00000000 00000000 00000000 00000000 00000000 00000000 00000000 
R24-R31: 00000000 00000000 00000000 00000000 00000000 00000000 00000000 00000000 

Floating Point Registers:
F0-F7:   00000000 c1bb3333 3fb33333 00000000 00000000 00000000 00000000 00000000 
F8-F15:  00000000 00000000 00000000 00000000 00000000 00000000 00000000 00000000 
F16-F23: 00000000 00000000 00000000 00000000 00000000 00000000 00000000 00000000 
F24-F31: 00000000 00000000 00000000 00000000 00000000 00000000 00000000 00000000 

Memory:
0000: 98020040 9801003c b8020044 b8010044 20010048 44200003 9803003c 44600002 
0020: 20010062 44200003 98040044 44800002 20010066 44200003 44000000 c1bb3333 
0040: 3fb33333 00000000 0a546865 73652073 686f756c 64206265 20657175 616c3a20 
0060: 00002c20 20000a00 00000000 00000000 00000000 00000000 00000000 00000000 
0080: 00000000 00000000 00000000 00000000 00000000 00000000 00000000 00000000 *

End of clock cycle   6
----------------------
Trap Unit:
     Name     Busy       Op       Vj       Vk        Qj        Qk        A   Result  X-Start    X-End
TrapUnit0        1  dumpstr 00000048 00000000                     00000000       --       --      --

Memory Unit:
     Name     Busy       Op       Vj       Vk        Qj        Qk        A   Result  X-Start    X-End
 MemUnit2        1       sf 00000000 3fb33333                     00000044 00000000        5        6 
 MemUnit3        1       sf 00000000 c1bb3333                     00000044       --       --      --
 MemUnit4        1       lf 00000000 00000000                     0000003c       --       --      --

General Purpose Registers:
R0-R7:   00000000 00000048 00000000 00000000 00000000 00000000 00000000 00000000 
R8-R15:  00000000 00000000 00000000 00000000 00000000 00000000 00000000 00000000 
R16-R23: 00000000 00000000 00000000 00000000 00000000 00000000 00000000 00000000 
R24-R31: 00000000 00000000 00000000 00000000 00000000 00000000 00000000 00000000 

Floating Point Registers:
F0-F7:   00000000 c1bb3333 3fb33333 MemUnit4 00000000 00000000 00000000 00000000 
F8-F15:  00000000 00000000 00000000 00000000 00000000 00000000 00000000 00000000 
F16-F23: 00000000 00000000 00000000 00000000 00000000 00000000 00000000 00000000 
F24-F31: 00000000 00000000 00000000 00000000 00000000 00000000 00000000 00000000 

Memory:
0000: 98020040 9801003c b8020044 b8010044 20010048 44200003 9803003c 44600002 
0020: 20010062 44200003 98040044 44800002 20010066 44200003 44000000 c1bb3333 
0040: 3fb33333 00000000 0a546865 73652073 686f756c 64206265 20657175 616c3a20 
0060: 00002c20 20000a00 00000000 00000000 00000000 00000000 00000000 00000000 
0080: 00000000 00000000 00000000 00000000 00000000 00000000 00000000 00000000 *

End of clock cycle   7
----------------------
Trap Unit:
     Name     Busy       Op       Vj       Vk        Qj        Qk        A   Result  X-Start    X-End
TrapUnit0        1  dumpstr 00000048 00000000                     00000000 00000000        7        7 
TrapUnit1        1  dumpfpr 00000000 00000000  MemUnit4           00000000       --       --      --

Memory Unit:
     Name     Busy       Op       Vj       Vk        Qj        Qk        A   Result  X-Start    X-End
 MemUnit3        1       sf 00000000 c1bb3333                     00000044       --        7       --
 MemUnit4        1       lf 00000000 00000000                     0000003c       --       --      --

General Purpose Registers:
R0-R7:   00000000 00000048 00000000 00000000 00000000 00000000 00000000 00000000 
R8-R15:  00000000 00000000 00000000 00000000 00000000 00000000 00000000 00000000 
R16-R23: 00000000 00000000 00000000 00000000 00000000 00000000 00000000 00000000 
R24-R31: 00000000 00000000 00000000 00000000 00000000 00000000 00000000 00000000 

Floating Point Registers:
F0-F7:   00000000 c1bb3333 3fb33333 MemUnit4 00000000 00000000 00000000 00000000 
F8-F15:  00000000 00000000 00000000 00000000 00000000 00000000 00000000 00000000 
F16-F23: 00000000 00000000 00000000 00000000 00000000 00000000 00000000 00000000 
F24-F31: 00000000 00000000 00000000 00000000 00000000 00000000 00000000 00000000 

Memory:
0000: 98020040 9801003c b8020044 b8010044 20010048 44200003 9803003c 44600002 
0020: 20010062 44200003 98040044 44800002 20010066 44200003 44000000 c1bb3333 
0040: 3fb33333 3fb33333 0a546865 73652073 686f756c 64206265 20657175 616c3a20 
0060: 00002c20 20000a00 00000000 00000000 00000000 00000000 00000000 00000000 
0080: 00000000 00000000 00000000 00000000 00000000 00000000 00000000 00000000 *


These should be equal: End of clock cycle   8
----------------------
Integer Unit:
     Name     Busy       Op       Vj       Vk        Qj        Qk        A   Result  X-Start    X-End
 IntUnit0        1     addi 00000000 00000000                     00000062       --       --      --

Trap Unit:
     Name     Busy       Op       Vj       Vk        Qj        Qk        A   Result  X-Start    X-End
TrapUnit1        1  dumpfpr 00000000 00000000  MemUnit4           00000000       --       --      --

Memory Unit:
     Name     Busy       Op       Vj       Vk        Qj        Qk        A   Result  X-Start    X-End
 MemUnit3        1       sf 00000000 c1bb3333                     00000044 00000000        7        8 
 MemUnit4        1       lf 00000000 00000000                     0000003c       --       --      --

General Purpose Registers:
R0-R7:   00000000 IntUnit0 00000000 00000000 00000000 00000000 00000000 00000000 
R8-R15:  00000000 00000000 00000000 00000000 00000000 00000000 00000000 00000000 
R16-R23: 00000000 00000000 00000000 00000000 00000000 00000000 00000000 00000000 
R24-R31: 00000000 00000000 00000000 00000000 00000000 00000000 00000000 00000000 

Floating Point Registers:
F0-F7:   00000000 c1bb3333 3fb33333 MemUnit4 00000000 00000000 00000000 00000000 
F8-F15:  00000000 00000000 00000000 00000000 00000000 00000000 00000000 00000000 
F16-F23: 00000000 00000000 00000000 00000000 00000000 00000000 00000000 00000000 
F24-F31: 00000000 00000000 00000000 00000000 00000000 00000000 00000000 00000000 

Memory:
0000: 98020040 9801003c b8020044 b8010044 20010048 44200003 9803003c 44600002 
0020: 20010062 44200003 98040044 44800002 20010066 44200003 44000000 c1bb3333 
0040: 3fb33333 3fb33333 0a546865 73652073 686f756c 64206265 20657175 616c3a20 
0060: 00002c20 20000a00 00000000 00000000 00000000 00000000 00000000 00000000 
0080: 00000000 00000000 00000000 00000000 00000000 00000000 00000000 00000000 *

End of clock cycle   9
----------------------
Integer Unit:
     Name     Busy       Op       Vj       Vk        Qj        Qk        A   Result  X-Start    X-End
 IntUnit0        1     addi 00000000 00000000                     00000062 00000062        9        9 

Trap Unit:
     Name     Busy       Op       Vj       Vk        Qj        Qk        A   Result  X-Start    X-End
TrapUnit1        1  dumpfpr 00000000 00000000  MemUnit4           00000000       --       --      --
TrapUnit2        1  dumpstr 00000000 00000000  IntUnit0           00000000       --       --      --

Memory Unit:
     Name     Busy       Op       Vj       Vk        Qj        Qk        A   Result  X-Start    X-End
 MemUnit4        1       lf 00000000 00000000                     0000003c       --        9       --

General Purpose Registers:
R0-R7:   00000000 IntUnit0 00000000 00000000 00000000 00000000 00000000 00000000 
R8-R15:  00000000 00000000 00000000 00000000 00000000 00000000 00000000 00000000 
R16-R23: 00000000 00000000 00000000 00000000 00000000 00000000 00000000 00000000 
R24-R31: 00000000 00000000 00000000 00000000 00000000 00000000 00000000 00000000 

Floating Point Registers:
F0-F7:   00000000 c1bb3333 3fb33333 MemUnit4 00000000 00000000 00000000 00000000 
F8-F15:  00000000 00000000 00000000 00000000 00000000 00000000 00000000 00000000 
F16-F23: 00000000 00000000 00000000 00000000 00000000 00000000 00000000 00000000 
F24-F31: 00000000 00000000 00000000 00000000 00000000 00000000 00000000 00000000 

Memory:
0000: 98020040 9801003c b8020044 b8010044 20010048 44200003 9803003c 44600002 
0020: 20010062 44200003 98040044 44800002 20010066 44200003 44000000 c1bb3333 
0040: 3fb33333 c1bb3333 0a546865 73652073 686f756c 64206265 20657175 616c3a20 
0060: 00002c20 20000a00 00000000 00000000 00000000 00000000 00000000 00000000 
0080: 00000000 00000000 00000000 00000000 00000000 00000000 00000000 00000000 *

End of clock cycle  10
----------------------
Trap Unit:
     Name     Busy       Op       Vj       Vk        Qj        Qk        A   Result  X-Start    X-End
TrapUnit1        1  dumpfpr 00000000 00000000  MemUnit4           00000000       --       --      --
TrapUnit2        1  dumpstr 00000062 00000000                     00000000       --       --      --

Memory Unit:
     Name     Busy       Op       Vj       Vk        Qj        Qk        A   Result  X-Start    X-End
 MemUnit4        1       lf 00000000 00000000                     0000003c c1bb3333        9       10 
 MemUnit5        1       lf 00000000 00000000                     00000044       --       --      --

General Purpose Registers:
R0-R7:   00000000 00000062 00000000 00000000 00000000 00000000 00000000 00000000 
R8-R15:  00000000 00000000 00000000 00000000 00000000 00000000 00000000 00000000 
R16-R23: 00000000 00000000 00000000 00000000 00000000 00000000 00000000 00000000 
R24-R31: 00000000 00000000 00000000 00000000 00000000 00000000 00000000 00000000 

Floating Point Registers:
F0-F7:   00000000 c1bb3333 3fb33333 MemUnit4 MemUnit5 00000000 00000000 00000000 
F8-F15:  00000000 00000000 00000000 00000000 00000000 00000000 00000000 00000000 
F16-F23: 00000000 00000000 00000000 00000000 00000000 00000000 00000000 00000000 
F24-F31: 00000000 00000000 00000000 00000000 00000000 00000000 00000000 00000000 

Memory:
0000: 98020040 9801003c b8020044 b8010044 20010048 44200003 9803003c 44600002 
0020: 20010062 44200003 98040044 44800002 20010066 44200003 44000000 c1bb3333 
0040: 3fb33333 c1bb3333 0a546865 73652073 686f756c 64206265 20657175 616c3a20 
0060: 00002c20 20000a00 00000000 00000000 00000000 00000000 00000000 00000000 
0080: 00000000 00000000 00000000 00000000 00000000 00000000 00000000 00000000 *

End of clock cycle  11
----------------------
Trap Unit:
     Name     Busy       Op       Vj       Vk        Qj        Qk        A   Result  X-Start    X-End
TrapUnit1        1  dumpfpr c1bb3333 00000000                     00000000       --       --      --
TrapUnit2        1  dumpstr 00000062 00000000                     00000000       --       --      --
TrapUnit3        1  dumpfpr 00000000 00000000  MemUnit5           00000000       --       --      --

Memory Unit:
     Name     Busy       Op       Vj       Vk        Qj        Qk        A   Result  X-Start    X-End
 MemUnit5        1       lf 00000000 00000000                     00000044       --       11       --

General Purpose Registers:
R0-R7:   00000000 00000062 00000000 00000000 00000000 00000000 00000000 00000000 
R8-R15:  00000000 00000000 00000000 00000000 00000000 00000000 00000000 00000000 
R16-R23: 00000000 00000000 00000000 00000000 00000000 00000000 00000000 00000000 
R24-R31: 00000000 00000000 00000000 00000000 00000000 00000000 00000000 00000000 

Floating Point Registers:
F0-F7:   00000000 c1bb3333 3fb33333 c1bb3333 MemUnit5 00000000 00000000 00000000 
F8-F15:  00000000 00000000 00000000 00000000 00000000 00000000 00000000 00000000 
F16-F23: 00000000 00000000 00000000 00000000 00000000 00000000 00000000 00000000 
F24-F31: 00000000 00000000 00000000 00000000 00000000 00000000 00000000 00000000 

Memory:
0000: 98020040 9801003c b8020044 b8010044 20010048 44200003 9803003c 44600002 
0020: 20010062 44200003 98040044 44800002 20010066 44200003 44000000 c1bb3333 
0040: 3fb33333 c1bb3333 0a546865 73652073 686f756c 64206265 20657175 616c3a20 
0060: 00002c20 20000a00 00000000 00000000 00000000 00000000 00000000 00000000 
0080: 00000000 00000000 00000000 00000000 00000000 00000000 00000000 00000000 *

End of clock cycle  12
----------------------
Integer Unit:
     Name     Busy       Op       Vj       Vk        Qj        Qk        A   Result  X-Start    X-End
 IntUnit0        1     addi 00000000 00000000                     00000066       --       --      --

Trap Unit:
     Name     Busy       Op       Vj       Vk        Qj        Qk        A   Result  X-Start    X-End
TrapUnit1        1  dumpfpr c1bb3333 00000000                     00000000 00000000       12       12 
TrapUnit2        1  dumpstr 00000062 00000000                     00000000       --       --      --
TrapUnit3        1  dumpfpr 00000000 00000000  MemUnit5           00000000       --       --      --

Memory Unit:
     Name     Busy       Op       Vj       Vk        Qj        Qk        A   Result  X-Start    X-End
 MemUnit5        1       lf 00000000 00000000                     00000044 c1bb3333       11       12 

General Purpose Registers:
R0-R7:   00000000 IntUnit0 00000000 00000000 00000000 00000000 00000000 00000000 
R8-R15:  00000000 00000000 00000000 00000000 00000000 00000000 00000000 00000000 
R16-R23: 00000000 00000000 00000000 00000000 00000000 00000000 00000000 00000000 
R24-R31: 00000000 00000000 00000000 00000000 00000000 00000000 00000000 00000000 

Floating Point Registers:
F0-F7:   00000000 c1bb3333 3fb33333 c1bb3333 MemUnit5 00000000 00000000 00000000 
F8-F15:  00000000 00000000 00000000 00000000 00000000 00000000 00000000 00000000 
F16-F23: 00000000 00000000 00000000 00000000 00000000 00000000 00000000 00000000 
F24-F31: 00000000 00000000 00000000 00000000 00000000 00000000 00000000 00000000 

Memory:
0000: 98020040 9801003c b8020044 b8010044 20010048 44200003 9803003c 44600002 
0020: 20010062 44200003 98040044 44800002 20010066 44200003 44000000 c1bb3333 
0040: 3fb33333 c1bb3333 0a546865 73652073 686f756c 64206265 20657175 616c3a20 
0060: 00002c20 20000a00 00000000 00000000 00000000 00000000 00000000 00000000 
0080: 00000000 00000000 00000000 00000000 00000000 00000000 00000000 00000000 *

-23.4End of clock cycle  13
----------------------
Integer Unit:
     Name     Busy       Op       Vj       Vk        Qj        Qk        A   Result  X-Start    X-End
 IntUnit0        1     addi 00000000 00000000                     00000066 00000066       13       13 

Trap Unit:
     Name     Busy       Op       Vj       Vk        Qj        Qk        A   Result  X-Start    X-End
TrapUnit0        1  dumpstr 00000000 00000000  IntUnit0           00000000       --       --      --
TrapUnit2        1  dumpstr 00000062 00000000                     00000000 00000000       13       13 
TrapUnit3        1  dumpfpr c1bb3333 00000000                     00000000       --       --      --

General Purpose Registers:
R0-R7:   00000000 IntUnit0 00000000 00000000 00000000 00000000 00000000 00000000 
R8-R15:  00000000 00000000 00000000 00000000 00000000 00000000 00000000 00000000 
R16-R23: 00000000 00000000 00000000 00000000 00000000 00000000 00000000 00000000 
R24-R31: 00000000 00000000 00000000 00000000 00000000 00000000 00000000 00000000 

Floating Point Registers:
F0-F7:   00000000 c1bb3333 3fb33333 c1bb3333 c1bb3333 00000000 00000000 00000000 
F8-F15:  00000000 00000000 00000000 00000000 00000000 00000000 00000000 00000000 
F16-F23: 00000000 00000000 00000000 00000000 00000000 00000000 00000000 00000000 
F24-F31: 00000000 00000000 00000000 00000000 00000000 00000000 00000000 00000000 

Memory:
0000: 98020040 9801003c b8020044 b8010044 20010048 44200003 9803003c 44600002 
0020: 20010062 44200003 98040044 44800002 20010066 44200003 44000000 c1bb3333 
0040: 3fb33333 c1bb3333 0a546865 73652073 686f756c 64206265 20657175 616c3a20 
0060: 00002c20 20000a00 00000000 00000000 00000000 00000000 00000000 00000000 
0080: 00000000 00000000 00000000 00000000 00000000 00000000 00000000 00000000 *

,  End of clock cycle  14
----------------------
Trap Unit:
     Name     Busy       Op       Vj       Vk        Qj        Qk        A   Result  X-Start    X-End
TrapUnit0        1  dumpstr 00000066 00000000                     00000000       --       --      --
TrapUnit1        1     halt 00000000 00000000                     00000000       --       --      --
TrapUnit3        1  dumpfpr c1bb3333 00000000                     00000000 00000000       14       14 

General Purpose Registers:
R0-R7:   00000000 00000066 00000000 00000000 00000000 00000000 00000000 00000000 
R8-R15:  00000000 00000000 00000000 00000000 00000000 00000000 00000000 00000000 
R16-R23: 00000000 00000000 00000000 00000000 00000000 00000000 00000000 00000000 
R24-R31: 00000000 00000000 00000000 00000000 00000000 00000000 00000000 00000000 

Floating Point Registers:
F0-F7:   00000000 c1bb3333 3fb33333 c1bb3333 c1bb3333 00000000 00000000 00000000 
F8-F15:  00000000 00000000 00000000 00000000 00000000 00000000 00000000 00000000 
F16-F23: 00000000 00000000 00000000 00000000 00000000 00000000 00000000 00000000 
F24-F31: 00000000 00000000 00000000 00000000 00000000 00000000 00000000 00000000 

Memory:
0000: 98020040 9801003c b8020044 b8010044 20010048 44200003 9803003c 44600002 
0020: 20010062 44200003 98040044 44800002 20010066 44200003 44000000 c1bb3333 
0040: 3fb33333 c1bb3333 0a546865 73652073 686f756c 64206265 20657175 616c3a20 
0060: 00002c20 20000a00 00000000 00000000 00000000 00000000 00000000 00000000 
0080: 00000000 00000000 00000000 00000000 00000000 00000000 00000000 00000000 *

-23.4End of clock cycle  15
----------------------
Trap Unit:
     Name     Busy       Op       Vj       Vk        Qj        Qk        A   Result  X-Start    X-End
TrapUnit0        1  dumpstr 00000066 00000000                     00000000 00000000       15       15 
TrapUnit1        1     halt 00000000 00000000                     00000000       --       --      --

General Purpose Registers:
R0-R7:   00000000 00000066 00000000 00000000 00000000 00000000 00000000 00000000 
R8-R15:  00000000 00000000 00000000 00000000 00000000 00000000 00000000 00000000 
R16-R23: 00000000 00000000 00000000 00000000 00000000 00000000 00000000 00000000 
R24-R31: 00000000 00000000 00000000 00000000 00000000 00000000 00000000 00000000 

Floating Point Registers:
F0-F7:   00000000 c1bb3333 3fb33333 c1bb3333 c1bb3333 00000000 00000000 00000000 
F8-F15:  00000000 00000000 00000000 00000000 00000000 00000000 00000000 00000000 
F16-F23: 00000000 00000000 00000000 00000000 00000000 00000000 00000000 00000000 
F24-F31: 00000000 00000000 00000000 00000000 00000000 00000000 00000000 00000000 

Memory:
0000: 98020040 9801003c b8020044 b8010044 20010048 44200003 9803003c 44600002 
0020: 20010062 44200003 98040044 44800002 20010066 44200003 44000000 c1bb3333 
0040: 3fb33333 c1bb3333 0a546865 73652073 686f756c 64206265 20657175 616c3a20 
0060: 00002c20 20000a00 00000000 00000000 00000000 00000000 00000000 00000000 
0080: 00000000 00000000 00000000 00000000 00000000 00000000 00000000 00000000 *


End of clock cycle  16
----------------------
Trap Unit:
     Name     Busy       Op       Vj       Vk        Qj        Qk        A   Result  X-Start    X-End
TrapUnit1        1     halt 00000000 00000000                     00000000 00000000       16       16 

General Purpose Registers:
R0-R7:   00000000 00000066 00000000 00000000 00000000 00000000 00000000 00000000 
R8-R15:  00000000 00000000 00000000 00000000 00000000 00000000 00000000 00000000 
R16-R23: 00000000 00000000 00000000 00000000 00000000 00000000 00000000 00000000 
R24-R31: 00000000 00000000 00000000 00000000 00000000 00000000 00000000 00000000 

Floating Point Registers:
F0-F7:   00000000 c1bb3333 3fb33333 c1bb3333 c1bb3333 00000000 00000000 00000000 
F8-F15:  00000000 00000000 00000000 00000000 00000000 00000000 00000000 00000000 
F16-F23: 00000000 00000000 00000000 00000000 00000000 00000000 00000000 00000000 
F24-F31: 00000000 00000000 00000000 00000000 00000000 00000000 00000000 00000000 

Memory:
0000: 98020040 9801003c b8020044 b8010044 20010048 44200003 9803003c 44600002 
0020: 20010062 44200003 98040044 44800002 20010066 44200003 44000000 c1bb3333 
0040: 3fb33333 c1bb3333 0a546865 73652073 686f756c 64206265 20657175 616c3a20 
0060: 00002c20 20000a00 00000000 00000000 00000000 00000000 00000000 00000000 
0080: 00000000 00000000 00000000 00000000 00000000 00000000 00000000 00000000 *

End of clock cycle  17
----------------------
General Purpose Registers:
R0-R7:   00000000 00000066 00000000 00000000 00000000 00000000 00000000 00000000 
R8-R15:  00000000 00000000 00000000 00000000 00000000 00000000 00000000 00000000 
R16-R23: 00000000 00000000 00000000 00000000 00000000 00000000 00000000 00000000 
R24-R31: 00000000 00000000 00000000 00000000 00000000 00000000 00000000 00000000 

Floating Point Registers:
F0-F7:   00000000 c1bb3333 3fb33333 c1bb3333 c1bb3333 00000000 00000000 00000000 
F8-F15:  00000000 00000000 00000000 00000000 00000000 00000000 00000000 00000000 
F16-F23: 00000000 00000000 00000000 00000000 00000000 00000000 00000000 00000000 
F24-F31: 00000000 00000000 00000000 00000000 00000000 00000000 00000000 00000000 

Memory:
0000: 98020040 9801003c b8020044 b8010044 20010048 44200003 9803003c 44600002 
0020: 20010062 44200003 98040044 44800002 20010066 44200003 44000000 c1bb3333 
0040: 3fb33333 c1bb3333 0a546865 73652073 686f756c 64206265 20657175 616c3a20 
0060: 00002c20 20000a00 00000000 00000000 00000000 00000000 00000000 00000000 
0080: 00000000 00000000 00000000 00000000 00000000 00000000 00000000 00000000 *

